dataset:
  name: active_matter
  num_frames: 8
  num_frames_per_patch: 2
  num_chans: 11
  resolution: 224
  offset: 1
  gap_frames: 0
model:
  dims:
  - 16
  - 32
  - 64
  - 128
  - 128
  num_res_blocks:
  - 3
  - 3
  - 3
  - 9
  - 3
  name: cnn
  objective: jepa
  use_channel_stem: false
  use_temporal_mixer: false
  predictor_scale_factor: 2
  predictor_depth: 1
ft:
  num_epochs: 100
  lr: 0.001
  batch_size: 32
  report_every: 100
  save_every: 10
  head_type: linear
  embeddings_dir: ./embeddings/A0
  task: regression
  use_attentive_pooling: false
  lr_scheduler: cosine
  lr_scheduler_warmup_epochs: 2
  min_lr: 0
  weight_decay: 0.01
  noise_std: 0.0
  run_name: A0-linear-178042
  distributed: false
train:
  num_epochs: 5
  batch_size: 4
  report_every: 50
  save_every: 1
  include_labels: false
  sim_coeff: 2
  std_coeff: 40
  cov_coeff: 2
  predict_n_steps: false
  lr_scheduler: cosine
  lr_scheduler_warmup_epochs: 2
  min_lr: 1.0e-06
  lr: 0.001
  weight_decay: 0.05
  noise_std: 1.0
  run_name: A1_gap_only
  distributed: true
out_path: ./checkpoints
cache_path: ./dataset_cache
trained_model_path: checkpoints/active_matter-8frames-cnn-jepa-A0-gap0-177696_2026-04-29_09-33-37/ConvEncoder_49.pth
dry_run: false
seed: 42

dataset:
  name: active_matter
  num_frames: 8
  num_frames_per_patch: 2
  num_chans: 11
  resolution: 224
  offset: 1
  gap_frames: 0
model:
  dims:
  - 16
  - 32
  - 64
  - 128
  - 128
  num_res_blocks:
  - 3
  - 3
  - 3
  - 9
  - 3
  name: cnn
  objective: jepa
  use_channel_stem: false
  use_temporal_mixer: false
  predictor_scale_factor: 2
  predictor_depth: 1
ft:
  num_epochs: 100
  lr: 0.001
  batch_size: 32
  report_every: 100
  save_every: 10
  head_type: linear
  embeddings_dir: ./embeddings/A0
  task: regression
  use_attentive_pooling: false
  lr_scheduler: cosine
  lr_scheduler_warmup_epochs: 2
  min_lr: 0
  weight_decay: 0.01
  noise_std: 0.0
  run_name: A0-linear-178042
  distributed: false
train:
  num_epochs: 5
  batch_size: 4
  report_every: 50
  save_every: 1
  include_labels: false
  sim_coeff: 2
  std_coeff: 40
  cov_coeff: 2
  predict_n_steps: false
  lr_scheduler: cosine
  lr_scheduler_warmup_epochs: 2
  min_lr: 1.0e-06
  lr: 0.001
  weight_decay: 0.05
  noise_std: 1.0
  run_name: A1_gap_only
  distributed: true
out_path: ./checkpoints
cache_path: ./dataset_cache
trained_model_path: checkpoints/active_matter-8frames-cnn-jepa-A0-gap0-177696_2026-04-29_09-33-37/ConvEncoder_49.pth
dry_run: false
seed: 42

total number of block pairs in train dataset: 175
populating rank from args: 0
no embeddings found at embeddings/A0/active_matter-8frames--jepa-regression_randominit-seed42_embeddings_train.h5, calculating
total number of block pairs in train dataset: 175
no pretrained model path provided, randomly initializing encoder
Initial memory usage: 850.6 MB
num train embeddings: 160, size of each embedding: (128, 14, 14)
saving val embeddings to embeddings/A0/active_matter-8frames--jepa-regression_randominit-seed42_embeddings_val.h5
total number of block pairs in train dataset: 175
no pretrained model path provided, randomly initializing encoder
num val embeddings: 24, size of each embedding: (128, 14, 14)
finished saving embeddings
loading embeddings from embeddings/A0/active_matter-8frames--jepa-regression_randominit-seed42_embeddings_train.h5
using gradient accumulation with 8 steps
using cosine scheduler with max_lr 0.001, min_lr 0, warmup_steps 0, total_updates 75
starting to train w/ 6 batches per device
pred shape: torch.Size([32, 2])
label: tensor([[-1.4184, -0.3876],
        [-0.7092,  0.3876],
        [-1.4184, -1.5504],
        [-1.4184, -1.1628],
        [-0.7092, -0.3876],
        [-1.4184,  1.1628],
        [ 0.0000,  0.7752],
        [ 0.0000,  0.0000],
        [-0.7092,  1.1628],
        [-1.4184,  1.5504],
        [ 0.0000,  1.1628],
        [ 0.0000,  0.0000],
        [-0.7092,  1.5504],
        [ 0.0000,  0.0000],
        [ 0.7092, -1.1628],
        [ 0.0000,  0.0000],
        [ 0.7092,  0.0000],
        [-0.7092, -1.5504],
        [ 0.0000,  1.5504],
        [ 1.4184,  0.3876],
        [ 0.0000,  1.5504],
        [-0.7092, -0.3876],
        [-1.4184, -1.5504],
        [-1.4184, -0.3876],
        [ 1.4184,  0.7752],
        [-1.4184,  0.3876],
        [-1.4184, -0.7752],
        [ 1.4184,  1.5504],
        [ 0.7092,  1.1628],
        [ 0.7092,  1.1628],
        [-1.4184,  1.5504],
        [ 0.7092, -0.7752]])
train batch 0 pred: tensor([[-0.3407,  0.1904],
        [-0.3618,  0.2166],
        [-0.3070,  0.2028],
        [-0.3288,  0.1454],
        [-0.3385,  0.2322]], device='cuda:0', grad_fn=<SliceBackward0>)
train batch 0 label: tensor([[-1.4184, -0.3876],
        [-0.7092,  0.3876],
        [-1.4184, -1.5504],
        [-1.4184, -1.1628],
        [-0.7092, -0.3876]])
batch 0 loss: 0.9469107985496521
step 0
Loaded 1 validation batches, batch size 32
val batch 0 pred: tensor([[ 0.0339,  0.2744],
        [ 0.0515,  0.2432],
        [-0.0379,  0.2157],
        [ 0.0220,  0.2728],
        [ 0.0645,  0.2634]], device='cuda:0')
val batch 0 label: tensor([[ 0.7092, -0.3876],
        [ 1.4184,  1.1628],
        [-1.4184,  1.1628],
        [ 1.4184,  0.0000],
        [-0.7092, -1.5504]])
Epoch 0 val loss: 0.8528832197189331
train batch 0 pred: tensor([[-0.3297,  0.2757],
        [-0.2717,  0.4124],
        [-0.3255,  0.3004],
        [-0.3105,  0.2740],
        [-0.2856,  0.3582]], device='cuda:0', grad_fn=<SliceBackward0>)
train batch 0 label: tensor([[-0.7092, -1.1628],
        [ 1.4184, -1.1628],
        [ 0.0000,  0.0000],
        [ 0.0000,  1.1628],
        [ 1.4184,  1.5504]])
batch 0 loss: 0.8956924676895142
step 0
Loaded 1 validation batches, batch size 32
val batch 0 pred: tensor([[ 0.0354,  0.2734],
        [ 0.0537,  0.2418],
        [-0.0382,  0.2164],
        [ 0.0237,  0.2717],
        [ 0.0671,  0.2616]], device='cuda:0')
val batch 0 label: tensor([[ 0.7092, -0.3876],
        [ 1.4184,  1.1628],
        [-1.4184,  1.1628],
        [ 1.4184,  0.0000],
        [-0.7092, -1.5504]])
Epoch 1 val loss: 0.8515771627426147
train batch 0 pred: tensor([[-0.3171,  0.3010],
        [-0.2950,  0.2443],
        [-0.2583,  0.3256],
        [-0.3068,  0.2894],
        [-0.2973,  0.2419]], device='cuda:0', grad_fn=<SliceBackward0>)
train batch 0 label: tensor([[ 1.4184, -0.7752],
        [ 0.0000, -0.3876],
        [ 1.4184, -1.1628],
        [-0.7092,  0.7752],
        [ 0.0000, -1.1628]])
batch 0 loss: 1.030008316040039
step 0
Loaded 1 validation batches, batch size 32
val batch 0 pred: tensor([[ 0.0372,  0.2722],
        [ 0.0563,  0.2401],
        [-0.0385,  0.2172],
        [ 0.0258,  0.2705],
        [ 0.0703,  0.2595]], device='cuda:0')
val batch 0 label: tensor([[ 0.7092, -0.3876],
        [ 1.4184,  1.1628],
        [-1.4184,  1.1628],
        [ 1.4184,  0.0000],
        [-0.7092, -1.5504]])
Epoch 2 val loss: 0.850049614906311
train batch 0 pred: tensor([[-0.2474,  0.2943],
        [-0.2278,  0.2492],
        [-0.2190,  0.2267],
        [-0.1892,  0.3440],
        [-0.0449,  0.0739]], device='cuda:0', grad_fn=<SliceBackward0>)
train batch 0 label: tensor([[ 0.7092, -1.5504],
        [ 1.4184,  0.7752],
        [-1.4184,  1.5504],
        [ 1.4184, -1.1628],
        [ 0.0000,  0.0000]])
batch 0 loss: 1.038923740386963
step 0
Loaded 1 validation batches, batch size 32
val batch 0 pred: tensor([[ 0.0390,  0.2713],
        [ 0.0589,  0.2386],
        [-0.0388,  0.2184],
        [ 0.0278,  0.2696],
        [ 0.0734,  0.2575]], device='cuda:0')
val batch 0 label: tensor([[ 0.7092, -0.3876],
        [ 1.4184,  1.1628],
        [-1.4184,  1.1628],
        [ 1.4184,  0.0000],
        [-0.7092, -1.5504]])
Epoch 3 val loss: 0.8485368490219116
train batch 0 pred: tensor([[-0.2196,  0.2013],
        [-0.1862,  0.1984],
        [-0.2027,  0.1101],
        [-0.0440,  0.0730],
        [-0.2006,  0.1652]], device='cuda:0', grad_fn=<SliceBackward0>)
train batch 0 label: tensor([[-1.4184, -0.3876],
        [-1.4184,  0.3876],
        [-1.4184, -1.1628],
        [ 0.0000,  0.0000],
        [ 0.0000,  1.1628]])
batch 0 loss: 0.9505094885826111
step 0
Loaded 1 validation batches, batch size 32
val batch 0 pred: tensor([[ 0.0406,  0.2703],
        [ 0.0613,  0.2369],
        [-0.0392,  0.2194],
        [ 0.0297,  0.2685],
        [ 0.0762,  0.2552]], device='cuda:0')
val batch 0 label: tensor([[ 0.7092, -0.3876],
        [ 1.4184,  1.1628],
        [-1.4184,  1.1628],
        [ 1.4184,  0.0000],
        [-0.7092, -1.5504]])
Epoch 4 val loss: 0.847005307674408
train batch 0 pred: tensor([[-0.1877,  0.1572],
        [-0.1412,  0.1099],
        [-0.1872,  0.1449],
        [-0.1769,  0.1631],
        [-0.0431,  0.0721]], device='cuda:0', grad_fn=<SliceBackward0>)
train batch 0 label: tensor([[-0.7092, -0.7752],
        [ 0.7092, -1.1628],
        [-1.4184,  0.7752],
        [-0.7092, -0.3876],
        [ 0.0000,  0.0000]])
batch 0 loss: 0.8637241721153259
step 0
Loaded 1 validation batches, batch size 32
val batch 0 pred: tensor([[ 0.0421,  0.2694],
        [ 0.0635,  0.2353],
        [-0.0397,  0.2204],
        [ 0.0314,  0.2675],
        [ 0.0790,  0.2532]], device='cuda:0')
val batch 0 label: tensor([[ 0.7092, -0.3876],
        [ 1.4184,  1.1628],
        [-1.4184,  1.1628],
        [ 1.4184,  0.0000],
        [-0.7092, -1.5504]])
Epoch 5 val loss: 0.845568835735321
train batch 0 pred: tensor([[-0.2041,  0.0950],
        [-0.1058,  0.1497],
        [-0.1337,  0.1485],
        [-0.1279,  0.1153],
        [-0.1515,  0.1481]], device='cuda:0', grad_fn=<SliceBackward0>)
train batch 0 label: tensor([[ 0.7092, -1.5504],
        [ 1.4184, -1.5504],
        [ 0.0000,  1.1628],
        [ 1.4184,  1.5504],
        [-1.4184, -0.7752]])
batch 0 loss: 1.005936622619629
step 0
Loaded 1 validation batches, batch size 32
val batch 0 pred: tensor([[ 0.0436,  0.2689],
        [ 0.0658,  0.2342],
        [-0.0402,  0.2217],
        [ 0.0332,  0.2669],
        [ 0.0818,  0.2517]], device='cuda:0')
val batch 0 label: tensor([[ 0.7092, -0.3876],
        [ 1.4184,  1.1628],
        [-1.4184,  1.1628],
        [ 1.4184,  0.0000],
        [-0.7092, -1.5504]])
Epoch 6 val loss: 0.8443028330802917
train batch 0 pred: tensor([[-0.0720,  0.0754],
        [-0.0482,  0.1092],
        [-0.0854,  0.0728],
        [-0.0601,  0.1109],
        [-0.1089,  0.0472]], device='cuda:0', grad_fn=<SliceBackward0>)
train batch 0 label: tensor([[ 0.0000,  1.5504],
        [ 0.0000,  1.5504],
        [ 0.0000,  0.0000],
        [ 0.7092,  0.7752],
        [-1.4184,  0.0000]])
batch 0 loss: 1.010788917541504
step 0
Loaded 1 validation batches, batch size 32
val batch 0 pred: tensor([[ 0.0451,  0.2689],
        [ 0.0680,  0.2336],
        [-0.0407,  0.2231],
        [ 0.0348,  0.2669],
        [ 0.0844,  0.2508]], device='cuda:0')
val batch 0 label: tensor([[ 0.7092, -0.3876],
        [ 1.4184,  1.1628],
        [-1.4184,  1.1628],
        [ 1.4184,  0.0000],
        [-0.7092, -1.5504]])
Epoch 7 val loss: 0.8432484865188599
train batch 0 pred: tensor([[-0.0420,  0.0424],
        [-0.0463,  0.0469],
        [-0.0474, -0.0425],
        [-0.0090,  0.0681],
        [-0.0785, -0.0079]], device='cuda:0', grad_fn=<SliceBackward0>)
train batch 0 label: tensor([[ 1.4184,  1.5504],
        [ 0.7092,  1.1628],
        [-1.4184, -1.5504],
        [-1.4184, -1.5504],
        [-1.4184, -1.1628]])
batch 0 loss: 1.0886120796203613
step 0
Loaded 1 validation batches, batch size 32
val batch 0 pred: tensor([[ 0.0464,  0.2690],
        [ 0.0700,  0.2332],
        [-0.0411,  0.2246],
        [ 0.0364,  0.2670],
        [ 0.0868,  0.2502]], device='cuda:0')
val batch 0 label: tensor([[ 0.7092, -0.3876],
        [ 1.4184,  1.1628],
        [-1.4184,  1.1628],
        [ 1.4184,  0.0000],
        [-0.7092, -1.5504]])
Epoch 8 val loss: 0.8423159122467041
train batch 0 pred: tensor([[-0.0335,  0.0184],
        [-0.0400,  0.0690],
        [ 0.0291,  0.0124],
        [-0.0310,  0.0048],
        [-0.0472,  0.0287]], device='cuda:0', grad_fn=<SliceBackward0>)
train batch 0 label: tensor([[-0.7092,  0.7752],
        [ 0.0000,  0.0000],
        [ 1.4184,  0.7752],
        [-0.7092, -0.3876],
        [ 0.0000, -1.5504]])
batch 0 loss: 0.905732274055481
step 0
Loaded 1 validation batches, batch size 32
val batch 0 pred: tensor([[ 0.0478,  0.2693],
        [ 0.0719,  0.2330],
        [-0.0414,  0.2260],
        [ 0.0379,  0.2672],
        [ 0.0893,  0.2497]], device='cuda:0')
val batch 0 label: tensor([[ 0.7092, -0.3876],
        [ 1.4184,  1.1628],
        [-1.4184,  1.1628],
        [ 1.4184,  0.0000],
        [-0.7092, -1.5504]])
Epoch 9 val loss: 0.8414930105209351
pred shape: torch.Size([32, 2])
label: tensor([[ 1.4184, -1.1628],
        [-1.4184, -0.3876],
        [ 0.7092, -1.1628],
        [-1.4184, -0.7752],
        [-0.7092,  1.1628],
        [ 0.7092,  1.5504],
        [ 0.0000,  0.0000],
        [-1.4184,  0.0000],
        [ 0.7092,  0.0000],
        [ 0.0000,  0.0000],
        [-0.7092, -0.3876],
        [-1.4184,  0.0000],
        [-1.4184,  0.0000],
        [-0.7092, -0.7752],
        [-1.4184,  0.7752],
        [-1.4184, -1.5504],
        [ 0.0000,  0.3876],
        [ 0.7092,  1.5504],
        [ 0.0000,  0.0000],
        [ 0.0000, -1.1628],
        [ 0.0000,  0.0000],
        [ 0.7092,  0.0000],
        [ 0.7092, -0.7752],
        [-1.4184,  0.3876],
        [-1.4184, -1.5504],
        [ 0.7092,  0.3876],
        [-0.7092, -1.1628],
        [ 0.0000,  0.0000],
        [-1.4184, -1.1628],
        [ 1.4184, -0.3876],
        [ 0.0000,  0.7752],
        [ 1.4184,  0.7752]])
train batch 0 pred: tensor([[ 0.1255,  0.0584],
        [ 0.0157,  0.0032],
        [ 0.0155,  0.0020],
        [ 0.0161,  0.0182],
        [ 0.0273, -0.0335]], device='cuda:0', grad_fn=<SliceBackward0>)
train batch 0 label: tensor([[ 1.4184, -1.1628],
        [-1.4184, -0.3876],
        [ 0.7092, -1.1628],
        [-1.4184, -0.7752],
        [-0.7092,  1.1628]])
batch 0 loss: 0.8214210867881775
step 0
Loaded 1 validation batches, batch size 32
val batch 0 pred: tensor([[ 0.0490,  0.2699],
        [ 0.0735,  0.2331],
        [-0.0418,  0.2276],
        [ 0.0392,  0.2678],
        [ 0.0913,  0.2497]], device='cuda:0')
val batch 0 label: tensor([[ 0.7092, -0.3876],
        [ 1.4184,  1.1628],
        [-1.4184,  1.1628],
        [ 1.4184,  0.0000],
        [-0.7092, -1.5504]])
Epoch 10 val loss: 0.8408874273300171
train batch 0 pred: tensor([[ 0.0244, -0.1012],
        [ 0.0905, -0.0077],
        [ 0.0425, -0.0089],
        [ 0.1224,  0.0116],
        [ 0.0720, -0.0315]], device='cuda:0', grad_fn=<SliceBackward0>)
train batch 0 label: tensor([[-1.4184, -1.5504],
        [ 0.0000,  0.7752],
        [ 0.0000,  1.1628],
        [ 1.4184,  1.1628],
        [ 1.4184,  0.7752]])
batch 0 loss: 0.8852761387825012
step 0
Loaded 1 validation batches, batch size 32
val batch 0 pred: tensor([[ 0.0502,  0.2709],
        [ 0.0751,  0.2338],
        [-0.0420,  0.2289],
        [ 0.0406,  0.2689],
        [ 0.0933,  0.2504]], device='cuda:0')
val batch 0 label: tensor([[ 0.7092, -0.3876],
        [ 1.4184,  1.1628],
        [-1.4184,  1.1628],
        [ 1.4184,  0.0000],
        [-0.7092, -1.5504]])
Epoch 11 val loss: 0.8405770659446716
train batch 0 pred: tensor([[ 0.0348, -0.0310],
        [ 0.0340, -0.0221],
        [ 0.0357, -0.0603],
        [ 0.0179, -0.0309],
        [ 0.1030, -0.0858]], device='cuda:0', grad_fn=<SliceBackward0>)
train batch 0 label: tensor([[ 0.0000, -1.5504],
        [-0.7092, -0.7752],
        [-1.4184,  0.0000],
        [-1.4184,  0.7752],
        [ 0.7092, -1.1628]])
batch 0 loss: 0.7223633527755737
step 0
Loaded 1 validation batches, batch size 32
val batch 0 pred: tensor([[ 0.0514,  0.2721],
        [ 0.0766,  0.2348],
        [-0.0422,  0.2304],
        [ 0.0418,  0.2701],
        [ 0.0952,  0.2514]], device='cuda:0')
val batch 0 label: tensor([[ 0.7092, -0.3876],
        [ 1.4184,  1.1628],
        [-1.4184,  1.1628],
        [ 1.4184,  0.0000],
        [-0.7092, -1.5504]])
Epoch 12 val loss: 0.8403931856155396
train batch 0 pred: tensor([[-0.0383,  0.0673],
        [ 0.0785, -0.0150],
        [ 0.0896, -0.0385],
        [ 0.0521, -0.0655],
        [ 0.0869, -0.0742]], device='cuda:0', grad_fn=<SliceBackward0>)
train batch 0 label: tensor([[ 0.0000,  0.0000],
        [-0.7092,  0.7752],
        [-1.4184, -0.3876],
        [ 0.0000,  1.5504],
        [ 0.7092, -0.7752]])
batch 0 loss: 0.8248071670532227
step 0
Loaded 1 validation batches, batch size 32
val batch 0 pred: tensor([[ 0.0524,  0.2738],
        [ 0.0779,  0.2363],
        [-0.0423,  0.2319],
        [ 0.0429,  0.2718],
        [ 0.0968,  0.2531]], device='cuda:0')
val batch 0 label: tensor([[ 0.7092, -0.3876],
        [ 1.4184,  1.1628],
        [-1.4184,  1.1628],
        [ 1.4184,  0.0000],
        [-0.7092, -1.5504]])
Epoch 13 val loss: 0.8404941558837891
train batch 0 pred: tensor([[ 0.0744, -0.0681],
        [ 0.2052, -0.0578],
        [ 0.0561, -0.0521],
        [ 0.0646, -0.0156],
        [ 0.2113, -0.0377]], device='cuda:0', grad_fn=<SliceBackward0>)
train batch 0 label: tensor([[ 0.0000,  1.5504],
        [ 0.7092, -1.5504],
        [-1.4184,  0.7752],
        [-1.4184, -1.1628],
        [ 1.4184, -1.1628]])
batch 0 loss: 1.0297627449035645
step 0
Loaded 1 validation batches, batch size 32
val batch 0 pred: tensor([[ 0.0533,  0.2756],
        [ 0.0788,  0.2380],
        [-0.0423,  0.2334],
        [ 0.0439,  0.2737],
        [ 0.0981,  0.2549]], device='cuda:0')
val batch 0 label: tensor([[ 0.7092, -0.3876],
        [ 1.4184,  1.1628],
        [-1.4184,  1.1628],
        [ 1.4184,  0.0000],
        [-0.7092, -1.5504]])
Epoch 14 val loss: 0.84073805809021
train batch 0 pred: tensor([[ 0.2348, -0.0462],
        [ 0.2005, -0.0386],
        [ 0.2330, -0.0617],
        [ 0.1461, -0.0493],
        [ 0.0414, -0.0722]], device='cuda:0', grad_fn=<SliceBackward0>)
train batch 0 label: tensor([[ 1.4184,  1.5504],
        [ 1.4184,  0.3876],
        [-0.7092, -1.5504],
        [ 0.7092, -1.1628],
        [-1.4184,  1.1628]])
batch 0 loss: 0.9080888032913208
step 0
Loaded 1 validation batches, batch size 32
val batch 0 pred: tensor([[ 0.0542,  0.2776],
        [ 0.0797,  0.2399],
        [-0.0423,  0.2349],
        [ 0.0447,  0.2757],
        [ 0.0992,  0.2570]], device='cuda:0')
val batch 0 label: tensor([[ 0.7092, -0.3876],
        [ 1.4184,  1.1628],
        [-1.4184,  1.1628],
        [ 1.4184,  0.0000],
        [-0.7092, -1.5504]])
Epoch 15 val loss: 0.8411363959312439
train batch 0 pred: tensor([[ 0.1044, -0.0669],
        [ 0.1633, -0.0499],
        [ 0.0662, -0.0252],
        [ 0.0816, -0.0507],
        [ 0.2505, -0.0567]], device='cuda:0', grad_fn=<SliceBackward0>)
train batch 0 label: tensor([[ 0.0000,  1.5504],
        [ 0.7092,  0.0000],
        [-0.7092, -1.5504],
        [-1.4184,  0.7752],
        [ 0.7092, -1.5504]])
batch 0 loss: 0.9490728378295898
step 0
Loaded 1 validation batches, batch size 32
val batch 0 pred: tensor([[ 0.0549,  0.2797],
        [ 0.0803,  0.2420],
        [-0.0421,  0.2365],
        [ 0.0454,  0.2780],
        [ 0.1001,  0.2594]], device='cuda:0')
val batch 0 label: tensor([[ 0.7092, -0.3876],
        [ 1.4184,  1.1628],
        [-1.4184,  1.1628],
        [ 1.4184,  0.0000],
        [-0.7092, -1.5504]])
Epoch 16 val loss: 0.8416745066642761
train batch 0 pred: tensor([[ 0.0828, -0.0027],
        [ 0.1276,  0.0119],
        [ 0.1127, -0.0488],
        [ 0.1604, -0.0696],
        [ 0.2084, -0.0499]], device='cuda:0', grad_fn=<SliceBackward0>)
train batch 0 label: tensor([[-1.4184, -0.3876],
        [-0.7092,  0.0000],
        [-1.4184,  0.7752],
        [ 0.0000,  1.1628],
        [ 0.7092, -0.7752]])
batch 0 loss: 0.8435870409011841
step 0
Loaded 1 validation batches, batch size 32
val batch 0 pred: tensor([[ 0.0557,  0.2820],
        [ 0.0808,  0.2443],
        [-0.0419,  0.2382],
        [ 0.0461,  0.2804],
        [ 0.1009,  0.2620]], device='cuda:0')
val batch 0 label: tensor([[ 0.7092, -0.3876],
        [ 1.4184,  1.1628],
        [-1.4184,  1.1628],
        [ 1.4184,  0.0000],
        [-0.7092, -1.5504]])
Epoch 17 val loss: 0.8423222899436951
train batch 0 pred: tensor([[ 0.2167, -0.0366],
        [ 0.1754, -0.0281],
        [ 0.0826,  0.0174],
        [ 0.1531, -0.0543],
        [ 0.2370, -0.0518]], device='cuda:0', grad_fn=<SliceBackward0>)
train batch 0 label: tensor([[ 1.4184,  0.7752],
        [-1.4184,  1.5504],
        [-1.4184, -0.7752],
        [-1.4184,  0.3876],
        [ 0.7092,  0.0000]])
batch 0 loss: 0.93905109167099
step 0
Loaded 1 validation batches, batch size 32
val batch 0 pred: tensor([[ 0.0563,  0.2845],
        [ 0.0812,  0.2468],
        [-0.0416,  0.2398],
        [ 0.0466,  0.2829],
        [ 0.1015,  0.2648]], device='cuda:0')
val batch 0 label: tensor([[ 0.7092, -0.3876],
        [ 1.4184,  1.1628],
        [-1.4184,  1.1628],
        [ 1.4184,  0.0000],
        [-0.7092, -1.5504]])
Epoch 18 val loss: 0.8430889844894409
train batch 0 pred: tensor([[ 0.2499, -0.0342],
        [-0.0391,  0.0677],
        [ 0.2333, -0.0311],
        [ 0.2305, -0.0376],
        [ 0.1632, -0.0091]], device='cuda:0', grad_fn=<SliceBackward0>)
train batch 0 label: tensor([[ 1.4184,  1.1628],
        [ 0.0000,  0.0000],
        [ 0.7092,  1.5504],
        [ 1.4184,  1.1628],
        [-1.4184,  1.5504]])
batch 0 loss: 1.0617369413375854
step 0
Loaded 1 validation batches, batch size 32
val batch 0 pred: tensor([[ 0.0570,  0.2871],
        [ 0.0815,  0.2495],
        [-0.0413,  0.2414],
        [ 0.0472,  0.2856],
        [ 0.1021,  0.2678]], device='cuda:0')
val batch 0 label: tensor([[ 0.7092, -0.3876],
        [ 1.4184,  1.1628],
        [-1.4184,  1.1628],
        [ 1.4184,  0.0000],
        [-0.7092, -1.5504]])
Epoch 19 val loss: 0.843963623046875
pred shape: torch.Size([32, 2])
label: tensor([[ 0.7092, -1.1628],
        [-1.4184, -1.1628],
        [ 0.7092,  0.0000],
        [ 1.4184,  0.7752],
        [ 1.4184,  1.5504],
        [ 0.0000,  0.0000],
        [ 0.7092, -1.1628],
        [-1.4184,  0.3876],
        [ 0.0000,  0.0000],
        [ 1.4184, -0.3876],
        [ 0.0000,  1.1628],
        [ 1.4184,  1.1628],
        [ 0.0000,  0.0000],
        [ 0.7092,  1.5504],
        [-0.7092, -0.7752],
        [-1.4184, -0.7752],
        [ 0.0000,  0.7752],
        [-1.4184, -0.3876],
        [-0.7092, -1.5504],
        [ 0.0000,  1.1628],
        [ 1.4184, -0.7752],
        [ 0.0000,  0.3876],
        [ 0.7092,  1.1628],
        [ 0.7092,  0.0000],
        [ 0.0000,  0.0000],
        [-1.4184, -1.1628],
        [-0.7092,  0.7752],
        [ 1.4184,  0.7752],
        [ 0.0000, -1.1628],
        [ 0.0000,  1.5504],
        [ 0.0000, -1.1628],
        [ 1.4184,  1.5504]])
train batch 0 pred: tensor([[ 0.1874, -0.0525],
        [ 0.0901, -0.0160],
        [ 0.2127, -0.0363],
        [ 0.2437, -0.0303],
        [ 0.2222,  0.0024]], device='cuda:0', grad_fn=<SliceBackward0>)
train batch 0 label: tensor([[ 0.7092, -1.1628],
        [-1.4184, -1.1628],
        [ 0.7092,  0.0000],
        [ 1.4184,  0.7752],
        [ 1.4184,  1.5504]])
batch 0 loss: 0.870468258857727
step 0
Loaded 1 validation batches, batch size 32
val batch 0 pred: tensor([[ 0.0576,  0.2896],
        [ 0.0817,  0.2521],
        [-0.0409,  0.2430],
        [ 0.0476,  0.2882],
        [ 0.1024,  0.2708]], device='cuda:0')
val batch 0 label: tensor([[ 0.7092, -0.3876],
        [ 1.4184,  1.1628],
        [-1.4184,  1.1628],
        [ 1.4184,  0.0000],
        [-0.7092, -1.5504]])
Epoch 20 val loss: 0.8448485136032104
train batch 0 pred: tensor([[-0.0400,  0.0681],
        [ 0.1483, -0.0671],
        [ 0.2680,  0.0034],
        [ 0.1435, -0.0060],
        [ 0.1879, -0.0146]], device='cuda:0', grad_fn=<SliceBackward0>)
train batch 0 label: tensor([[ 0.0000,  0.0000],
        [-0.7092, -1.5504],
        [ 1.4184,  0.3876],
        [-0.7092,  1.5504],
        [ 0.7092,  1.1628]])
batch 0 loss: 1.004636287689209
step 0
Loaded 1 validation batches, batch size 32
val batch 0 pred: tensor([[ 0.0581,  0.2921],
        [ 0.0818,  0.2546],
        [-0.0405,  0.2447],
        [ 0.0480,  0.2908],
        [ 0.1026,  0.2736]], device='cuda:0')
val batch 0 label: tensor([[ 0.7092, -0.3876],
        [ 1.4184,  1.1628],
        [-1.4184,  1.1628],
        [ 1.4184,  0.0000],
        [-0.7092, -1.5504]])
Epoch 21 val loss: 0.8457140922546387
train batch 0 pred: tensor([[0.0960, 0.0097],
        [0.0996, 0.0078],
        [0.2178, 0.0173],
        [0.2447, 0.0052],
        [0.1626, 0.0221]], device='cuda:0', grad_fn=<SliceBackward0>)
train batch 0 label: tensor([[-0.7092, -0.7752],
        [-1.4184,  0.0000],
        [ 1.4184,  0.7752],
        [ 0.7092,  1.1628],
        [-1.4184,  1.5504]])
batch 0 loss: 1.174440860748291
step 0
Loaded 1 validation batches, batch size 32
val batch 0 pred: tensor([[ 0.0586,  0.2945],
        [ 0.0819,  0.2571],
        [-0.0401,  0.2462],
        [ 0.0484,  0.2933],
        [ 0.1029,  0.2764]], device='cuda:0')
val batch 0 label: tensor([[ 0.7092, -0.3876],
        [ 1.4184,  1.1628],
        [-1.4184,  1.1628],
        [ 1.4184,  0.0000],
        [-0.7092, -1.5504]])
Epoch 22 val loss: 0.8466195464134216
train batch 0 pred: tensor([[ 0.0581, -0.0634],
        [-0.0410,  0.0686],
        [-0.0410,  0.0686],
        [ 0.2130,  0.0126],
        [ 0.2404,  0.0173]], device='cuda:0', grad_fn=<SliceBackward0>)
train batch 0 label: tensor([[-1.4184, -1.1628],
        [ 0.0000,  0.0000],
        [ 0.0000,  0.0000],
        [ 0.0000, -1.5504],
        [ 0.7092,  1.1628]])
batch 0 loss: 0.9286940097808838
step 0
Loaded 1 validation batches, batch size 32
val batch 0 pred: tensor([[ 0.0590,  0.2969],
        [ 0.0817,  0.2595],
        [-0.0396,  0.2479],
        [ 0.0486,  0.2957],
        [ 0.1028,  0.2791]], device='cuda:0')
val batch 0 label: tensor([[ 0.7092, -0.3876],
        [ 1.4184,  1.1628],
        [-1.4184,  1.1628],
        [ 1.4184,  0.0000],
        [-0.7092, -1.5504]])
Epoch 23 val loss: 0.8475174903869629
train batch 0 pred: tensor([[ 0.0575,  0.0757],
        [ 0.1194, -0.0109],
        [-0.0416,  0.0687],
        [ 0.1431, -0.0027],
        [ 0.1356,  0.0125]], device='cuda:0', grad_fn=<SliceBackward0>)
train batch 0 label: tensor([[-1.4184,  0.0000],
        [-1.4184,  0.3876],
        [ 0.0000,  0.0000],
        [-1.4184,  0.3876],
        [-1.4184,  1.5504]])
batch 0 loss: 1.1154799461364746
step 0
Loaded 1 validation batches, batch size 32
val batch 0 pred: tensor([[ 0.0593,  0.2991],
        [ 0.0816,  0.2618],
        [-0.0392,  0.2493],
        [ 0.0488,  0.2980],
        [ 0.1028,  0.2816]], device='cuda:0')
val batch 0 label: tensor([[ 0.7092, -0.3876],
        [ 1.4184,  1.1628],
        [-1.4184,  1.1628],
        [ 1.4184,  0.0000],
        [-0.7092, -1.5504]])
Epoch 24 val loss: 0.8483969569206238
train batch 0 pred: tensor([[ 0.1468,  0.0084],
        [ 0.0927, -0.0534],
        [ 0.0632,  0.0630],
        [-0.0422,  0.0689],
        [ 0.2035,  0.0258]], device='cuda:0', grad_fn=<SliceBackward0>)
train batch 0 label: tensor([[ 0.0000,  1.1628],
        [-1.4184, -1.5504],
        [-1.4184, -0.3876],
        [ 0.0000,  0.0000],
        [ 0.7092,  0.7752]])
batch 0 loss: 1.0034359693527222
step 0
Loaded 1 validation batches, batch size 32
val batch 0 pred: tensor([[ 0.0598,  0.3015],
        [ 0.0816,  0.2643],
        [-0.0386,  0.2510],
        [ 0.0492,  0.3006],
        [ 0.1029,  0.2844]], device='cuda:0')
val batch 0 label: tensor([[ 0.7092, -0.3876],
        [ 1.4184,  1.1628],
        [-1.4184,  1.1628],
        [ 1.4184,  0.0000],
        [-0.7092, -1.5504]])
Epoch 25 val loss: 0.8493067026138306
train batch 0 pred: tensor([[0.0694, 0.0406],
        [0.1092, 0.0927],
        [0.2421, 0.0540],
        [0.1477, 0.0542],
        [0.2961, 0.0850]], device='cuda:0', grad_fn=<SliceBackward0>)
train batch 0 label: tensor([[-0.7092, -0.7752],
        [-0.7092,  0.0000],
        [ 1.4184, -1.1628],
        [ 0.0000,  0.7752],
        [ 1.4184, -1.1628]])
batch 0 loss: 0.9781754612922668
step 0
Loaded 1 validation batches, batch size 32
val batch 0 pred: tensor([[ 0.0603,  0.3036],
        [ 0.0815,  0.2664],
        [-0.0381,  0.2526],
        [ 0.0494,  0.3028],
        [ 0.1029,  0.2867]], device='cuda:0')
val batch 0 label: tensor([[ 0.7092, -0.3876],
        [ 1.4184,  1.1628],
        [-1.4184,  1.1628],
        [ 1.4184,  0.0000],
        [-0.7092, -1.5504]])
Epoch 26 val loss: 0.8501095175743103
train batch 0 pred: tensor([[ 0.2397,  0.0635],
        [ 0.1418,  0.0510],
        [ 0.0904,  0.0443],
        [-0.0434,  0.0692],
        [ 0.2828,  0.0951]], device='cuda:0', grad_fn=<SliceBackward0>)
train batch 0 label: tensor([[-0.7092, -1.5504],
        [-1.4184,  1.5504],
        [-0.7092, -0.7752],
        [ 0.0000,  0.0000],
        [ 1.4184, -1.1628]])
batch 0 loss: 0.9852916598320007
step 0
Loaded 1 validation batches, batch size 32
val batch 0 pred: tensor([[ 0.0607,  0.3056],
        [ 0.0814,  0.2684],
        [-0.0376,  0.2540],
        [ 0.0497,  0.3048],
        [ 0.1029,  0.2889]], device='cuda:0')
val batch 0 label: tensor([[ 0.7092, -0.3876],
        [ 1.4184,  1.1628],
        [-1.4184,  1.1628],
        [ 1.4184,  0.0000],
        [-0.7092, -1.5504]])
Epoch 27 val loss: 0.8508566617965698
train batch 0 pred: tensor([[0.1638, 0.0333],
        [0.1525, 0.0473],
        [0.1177, 0.0445],
        [0.1643, 0.0385],
        [0.1948, 0.0628]], device='cuda:0', grad_fn=<SliceBackward0>)
train batch 0 label: tensor([[ 1.4184, -1.1628],
        [ 0.0000,  0.3876],
        [-0.7092,  0.0000],
        [ 0.7092,  0.0000],
        [ 1.4184, -0.7752]])
batch 0 loss: 0.8599766492843628
step 0
Loaded 1 validation batches, batch size 32
val batch 0 pred: tensor([[ 0.0611,  0.3075],
        [ 0.0813,  0.2703],
        [-0.0371,  0.2555],
        [ 0.0499,  0.3068],
        [ 0.1029,  0.2910]], device='cuda:0')
val batch 0 label: tensor([[ 0.7092, -0.3876],
        [ 1.4184,  1.1628],
        [-1.4184,  1.1628],
        [ 1.4184,  0.0000],
        [-0.7092, -1.5504]])
Epoch 28 val loss: 0.8515923023223877
train batch 0 pred: tensor([[ 0.2173,  0.0827],
        [-0.0445,  0.0693],
        [-0.0445,  0.0693],
        [ 0.1283,  0.0619],
        [ 0.2730,  0.0983]], device='cuda:0', grad_fn=<SliceBackward0>)
train batch 0 label: tensor([[ 1.4184, -1.1628],
        [ 0.0000,  0.0000],
        [ 0.0000,  0.0000],
        [ 0.7092,  0.0000],
        [ 1.4184, -1.1628]])
batch 0 loss: 0.9612303972244263
step 0
Loaded 1 validation batches, batch size 32
val batch 0 pred: tensor([[ 0.0614,  0.3093],
        [ 0.0812,  0.2722],
        [-0.0367,  0.2570],
        [ 0.0501,  0.3087],
        [ 0.1029,  0.2931]], device='cuda:0')
val batch 0 label: tensor([[ 0.7092, -0.3876],
        [ 1.4184,  1.1628],
        [-1.4184,  1.1628],
        [ 1.4184,  0.0000],
        [-0.7092, -1.5504]])
Epoch 29 val loss: 0.8522886037826538
pred shape: torch.Size([32, 2])
label: tensor([[-1.4184, -0.7752],
        [ 0.0000,  0.0000],
        [-0.7092, -0.7752],
        [-1.4184, -1.1628],
        [-0.7092,  0.3876],
        [-1.4184,  0.0000],
        [ 0.0000, -1.1628],
        [ 0.7092,  1.5504],
        [ 1.4184, -1.1628],
        [-0.7092,  0.0000],
        [-0.7092, -1.5504],
        [-1.4184,  0.0000],
        [ 0.0000,  0.0000],
        [ 0.7092,  0.0000],
        [ 1.4184, -1.5504],
        [ 0.0000, -0.7752],
        [ 1.4184,  1.5504],
        [ 0.7092,  1.5504],
        [ 0.0000,  1.5504],
        [-1.4184,  0.7752],
        [-1.4184, -0.7752],
        [-1.4184,  1.1628],
        [ 1.4184, -1.1628],
        [ 0.0000,  1.1628],
        [ 0.7092, -1.5504],
        [ 0.7092, -1.1628],
        [ 0.7092, -0.7752],
        [ 0.0000,  0.0000],
        [ 0.7092, -1.5504],
        [-1.4184, -1.1628],
        [ 0.0000,  0.0000],
        [-1.4184, -0.7752]])
train batch 0 pred: tensor([[ 0.0033, -0.0003],
        [-0.0450,  0.0693],
        [ 0.0691,  0.0537],
        [ 0.0409,  0.0688],
        [ 0.0567,  0.0144]], device='cuda:0', grad_fn=<SliceBackward0>)
train batch 0 label: tensor([[-1.4184, -0.7752],
        [ 0.0000,  0.0000],
        [-0.7092, -0.7752],
        [-1.4184, -1.1628],
        [-0.7092,  0.3876]])
batch 0 loss: 1.021071434020996
step 0
Loaded 1 validation batches, batch size 32
val batch 0 pred: tensor([[ 0.0618,  0.3110],
        [ 0.0810,  0.2737],
        [-0.0362,  0.2584],
        [ 0.0503,  0.3104],
        [ 0.1028,  0.2948]], device='cuda:0')
val batch 0 label: tensor([[ 0.7092, -0.3876],
        [ 1.4184,  1.1628],
        [-1.4184,  1.1628],
        [ 1.4184,  0.0000],
        [-0.7092, -1.5504]])
Epoch 30 val loss: 0.8528756499290466
train batch 0 pred: tensor([[ 0.1807,  0.0789],
        [ 0.0735,  0.0280],
        [ 0.1025, -0.0132],
        [ 0.1488,  0.0782],
        [-0.0456,  0.0693]], device='cuda:0', grad_fn=<SliceBackward0>)
train batch 0 label: tensor([[ 1.4184, -0.3876],
        [-0.7092, -1.1628],
        [-0.7092, -0.3876],
        [ 1.4184,  0.7752],
        [ 0.0000,  0.0000]])
batch 0 loss: 0.8588912487030029
step 0
Loaded 1 validation batches, batch size 32
val batch 0 pred: tensor([[ 0.0622,  0.3126],
        [ 0.0810,  0.2753],
        [-0.0358,  0.2597],
        [ 0.0506,  0.3121],
        [ 0.1029,  0.2965]], device='cuda:0')
val batch 0 label: tensor([[ 0.7092, -0.3876],
        [ 1.4184,  1.1628],
        [-1.4184,  1.1628],
        [ 1.4184,  0.0000],
        [-0.7092, -1.5504]])
Epoch 31 val loss: 0.8534464240074158
train batch 0 pred: tensor([[0.0533, 0.0465],
        [0.0749, 0.0554],
        [0.0674, 0.1100],
        [0.0917, 0.0599],
        [0.1932, 0.0726]], device='cuda:0', grad_fn=<SliceBackward0>)
train batch 0 label: tensor([[-1.4184,  1.1628],
        [-0.7092,  1.5504],
        [-0.7092,  0.0000],
        [ 0.0000,  0.0000],
        [ 1.4184, -1.1628]])
batch 0 loss: 0.8310152292251587
step 0
Loaded 1 validation batches, batch size 32
val batch 0 pred: tensor([[ 0.0626,  0.3142],
        [ 0.0810,  0.2768],
        [-0.0354,  0.2610],
        [ 0.0509,  0.3137],
        [ 0.1030,  0.2981]], device='cuda:0')
val batch 0 label: tensor([[ 0.7092, -0.3876],
        [ 1.4184,  1.1628],
        [-1.4184,  1.1628],
        [ 1.4184,  0.0000],
        [-0.7092, -1.5504]])
Epoch 32 val loss: 0.8540019989013672
train batch 0 pred: tensor([[-0.0465,  0.0693],
        [ 0.0937,  0.0619],
        [ 0.1277,  0.0473],
        [-0.0465,  0.0693],
        [ 0.1522,  0.0234]], device='cuda:0', grad_fn=<SliceBackward0>)
train batch 0 label: tensor([[ 0.0000,  0.0000],
        [-0.7092,  1.5504],
        [ 0.7092,  0.0000],
        [ 0.0000,  0.0000],
        [ 0.7092, -0.7752]])
batch 0 loss: 0.7853912115097046
step 0
Loaded 1 validation batches, batch size 32
val batch 0 pred: tensor([[ 0.0631,  0.3157],
        [ 0.0810,  0.2783],
        [-0.0350,  0.2623],
        [ 0.0512,  0.3153],
        [ 0.1031,  0.2998]], device='cuda:0')
val batch 0 label: tensor([[ 0.7092, -0.3876],
        [ 1.4184,  1.1628],
        [-1.4184,  1.1628],
        [ 1.4184,  0.0000],
        [-0.7092, -1.5504]])
Epoch 33 val loss: 0.8545498251914978
train batch 0 pred: tensor([[0.0327, 0.0272],
        [0.1057, 0.0659],
        [0.0894, 0.0768],
        [0.1563, 0.0583],
        [0.1407, 0.0576]], device='cuda:0', grad_fn=<SliceBackward0>)
train batch 0 label: tensor([[-1.4184,  0.3876],
        [ 1.4184,  0.3876],
        [-1.4184,  1.5504],
        [ 0.7092,  0.0000],
        [ 0.7092,  0.0000]])
batch 0 loss: 0.8975001573562622
step 0
Loaded 1 validation batches, batch size 32
val batch 0 pred: tensor([[ 0.0635,  0.3172],
        [ 0.0811,  0.2798],
        [-0.0345,  0.2636],
        [ 0.0516,  0.3169],
        [ 0.1033,  0.3014]], device='cuda:0')
val batch 0 label: tensor([[ 0.7092, -0.3876],
        [ 1.4184,  1.1628],
        [-1.4184,  1.1628],
        [ 1.4184,  0.0000],
        [-0.7092, -1.5504]])
Epoch 34 val loss: 0.8550852537155151
train batch 0 pred: tensor([[0.0651, 0.0478],
        [0.1350, 0.0589],
        [0.0767, 0.0383],
        [0.1794, 0.0819],
        [0.0891, 0.0898]], device='cuda:0', grad_fn=<SliceBackward0>)
train batch 0 label: tensor([[-1.4184,  1.5504],
        [ 0.7092,  0.0000],
        [ 0.0000,  1.1628],
        [ 0.7092, -1.5504],
        [ 0.0000,  1.1628]])
batch 0 loss: 1.0378057956695557
step 0
Loaded 1 validation batches, batch size 32
val batch 0 pred: tensor([[ 0.0640,  0.3186],
        [ 0.0811,  0.2811],
        [-0.0341,  0.2647],
        [ 0.0518,  0.3183],
        [ 0.1034,  0.3029]], device='cuda:0')
val batch 0 label: tensor([[ 0.7092, -0.3876],
        [ 1.4184,  1.1628],
        [-1.4184,  1.1628],
        [ 1.4184,  0.0000],
        [-0.7092, -1.5504]])
Epoch 35 val loss: 0.855593204498291
train batch 0 pred: tensor([[0.1164, 0.0962],
        [0.1729, 0.0844],
        [0.1452, 0.0434],
        [0.0786, 0.0788],
        [0.1501, 0.0617]], device='cuda:0', grad_fn=<SliceBackward0>)
train batch 0 label: tensor([[ 1.4184, -0.3876],
        [-0.7092, -1.5504],
        [ 0.0000, -1.1628],
        [-1.4184,  1.5504],
        [ 0.7092,  1.1628]])
batch 0 loss: 1.031498670578003
step 0
Loaded 1 validation batches, batch size 32
val batch 0 pred: tensor([[ 0.0644,  0.3199],
        [ 0.0811,  0.2823],
        [-0.0337,  0.2658],
        [ 0.0522,  0.3197],
        [ 0.1036,  0.3042]], device='cuda:0')
val batch 0 label: tensor([[ 0.7092, -0.3876],
        [ 1.4184,  1.1628],
        [-1.4184,  1.1628],
        [ 1.4184,  0.0000],
        [-0.7092, -1.5504]])
Epoch 36 val loss: 0.8560380935668945
train batch 0 pred: tensor([[ 0.0106,  0.0153],
        [ 0.1682,  0.0869],
        [-0.0025,  0.0638],
        [-0.0483,  0.0693],
        [ 0.0780,  0.0706]], device='cuda:0', grad_fn=<SliceBackward0>)
train batch 0 label: tensor([[-1.4184, -0.3876],
        [ 0.7092, -1.5504],
        [-0.7092, -1.1628],
        [ 0.0000,  0.0000],
        [ 0.7092,  0.0000]])
batch 0 loss: 0.8171044588088989
step 0
Loaded 1 validation batches, batch size 32
val batch 0 pred: tensor([[ 0.0649,  0.3213],
        [ 0.0812,  0.2835],
        [-0.0333,  0.2669],
        [ 0.0525,  0.3210],
        [ 0.1038,  0.3055]], device='cuda:0')
val batch 0 label: tensor([[ 0.7092, -0.3876],
        [ 1.4184,  1.1628],
        [-1.4184,  1.1628],
        [ 1.4184,  0.0000],
        [-0.7092, -1.5504]])
Epoch 37 val loss: 0.8564836382865906
train batch 0 pred: tensor([[ 0.0601,  0.0651],
        [-0.0486,  0.0693],
        [ 0.1641,  0.0873],
        [ 0.1363,  0.0433],
        [-0.0023,  0.0445]], device='cuda:0', grad_fn=<SliceBackward0>)
train batch 0 label: tensor([[ 0.0000,  0.0000],
        [ 0.0000,  0.0000],
        [ 0.7092, -1.5504],
        [ 0.0000, -1.1628],
        [-1.4184,  0.7752]])
batch 0 loss: 0.8029912710189819
step 0
Loaded 1 validation batches, batch size 32
val batch 0 pred: tensor([[ 0.0653,  0.3224],
        [ 0.0813,  0.2846],
        [-0.0329,  0.2680],
        [ 0.0528,  0.3223],
        [ 0.1040,  0.3067]], device='cuda:0')
val batch 0 label: tensor([[ 0.7092, -0.3876],
        [ 1.4184,  1.1628],
        [-1.4184,  1.1628],
        [ 1.4184,  0.0000],
        [-0.7092, -1.5504]])
Epoch 38 val loss: 0.8568622469902039
train batch 0 pred: tensor([[0.0905, 0.0550],
        [0.0923, 0.0470],
        [0.1594, 0.0794],
        [0.0901, 0.0283],
        [0.1493, 0.0783]], device='cuda:0', grad_fn=<SliceBackward0>)
train batch 0 label: tensor([[ 1.4184,  1.5504],
        [ 1.4184, -1.1628],
        [ 1.4184,  1.5504],
        [ 0.7092, -1.1628],
        [ 1.4184,  0.3876]])
batch 0 loss: 0.9269325733184814
step 0
Loaded 1 validation batches, batch size 32
val batch 0 pred: tensor([[ 0.0657,  0.3236],
        [ 0.0814,  0.2857],
        [-0.0326,  0.2690],
        [ 0.0531,  0.3235],
        [ 0.1042,  0.3079]], device='cuda:0')
val batch 0 label: tensor([[ 0.7092, -0.3876],
        [ 1.4184,  1.1628],
        [-1.4184,  1.1628],
        [ 1.4184,  0.0000],
        [-0.7092, -1.5504]])
Epoch 39 val loss: 0.8572429418563843
pred shape: torch.Size([32, 2])
label: tensor([[ 0.0000,  0.3876],
        [-0.7092,  1.1628],
        [-1.4184, -0.3876],
        [ 1.4184, -0.3876],
        [ 1.4184,  1.1628],
        [ 0.0000,  1.5504],
        [ 0.0000, -0.7752],
        [-1.4184, -0.3876],
        [ 0.0000,  0.0000],
        [-0.7092, -1.5504],
        [ 0.7092, -0.7752],
        [ 0.7092,  1.1628],
        [ 0.0000,  0.7752],
        [-1.4184,  1.5504],
        [ 1.4184,  0.0000],
        [ 1.4184, -1.5504],
        [ 0.7092, -0.7752],
        [ 0.0000,  1.5504],
        [ 1.4184,  1.5504],
        [-1.4184,  0.7752],
        [ 0.0000,  0.3876],
        [ 1.4184,  1.1628],
        [ 0.0000, -1.1628],
        [ 0.7092, -0.7752],
        [ 0.0000,  0.0000],
        [ 0.0000, -1.5504],
        [ 0.7092, -0.3876],
        [ 0.0000,  1.1628],
        [ 1.4184,  0.7752],
        [-1.4184,  0.7752],
        [ 0.0000, -0.3876],
        [ 1.4184,  0.7752]])
train batch 0 pred: tensor([[0.0844, 0.0579],
        [0.0583, 0.0672],
        [0.0416, 0.0628],
        [0.1360, 0.0842],
        [0.1137, 0.0568]], device='cuda:0', grad_fn=<SliceBackward0>)
train batch 0 label: tensor([[ 0.0000,  0.3876],
        [-0.7092,  1.1628],
        [-1.4184, -0.3876],
        [ 1.4184, -0.3876],
        [ 1.4184,  1.1628]])
batch 0 loss: 0.8966603875160217
step 0
Loaded 1 validation batches, batch size 32
val batch 0 pred: tensor([[ 0.0662,  0.3247],
        [ 0.0816,  0.2867],
        [-0.0323,  0.2700],
        [ 0.0535,  0.3246],
        [ 0.1045,  0.3090]], device='cuda:0')
val batch 0 label: tensor([[ 0.7092, -0.3876],
        [ 1.4184,  1.1628],
        [-1.4184,  1.1628],
        [ 1.4184,  0.0000],
        [-0.7092, -1.5504]])
Epoch 40 val loss: 0.8575813174247742
train batch 0 pred: tensor([[ 0.1556,  0.0833],
        [-0.0496,  0.0692],
        [-0.0496,  0.0692],
        [ 0.0867,  0.0451],
        [ 0.0519,  0.0625]], device='cuda:0', grad_fn=<SliceBackward0>)
train batch 0 label: tensor([[-1.4184, -1.5504],
        [ 0.0000,  0.0000],
        [ 0.0000,  0.0000],
        [ 1.4184, -1.1628],
        [ 0.0000,  0.0000]])
batch 0 loss: 0.8767715692520142
step 0
Loaded 1 validation batches, batch size 32
val batch 0 pred: tensor([[ 0.0666,  0.3257],
        [ 0.0817,  0.2875],
        [-0.0320,  0.2709],
        [ 0.0538,  0.3256],
        [ 0.1047,  0.3099]], device='cuda:0')
val batch 0 label: tensor([[ 0.7092, -0.3876],
        [ 1.4184,  1.1628],
        [-1.4184,  1.1628],
        [ 1.4184,  0.0000],
        [-0.7092, -1.5504]])
Epoch 41 val loss: 0.8578621745109558
train batch 0 pred: tensor([[0.0384, 0.0686],
        [0.0722, 0.0611],
        [0.1201, 0.0566],
        [0.0286, 0.0464],
        [0.1072, 0.0744]], device='cuda:0', grad_fn=<SliceBackward0>)
train batch 0 label: tensor([[-0.7092,  0.0000],
        [ 0.0000,  0.3876],
        [ 1.4184,  0.0000],
        [ 0.0000, -1.1628],
        [ 1.4184, -0.3876]])
batch 0 loss: 0.8441062569618225
step 0
Loaded 1 validation batches, batch size 32
val batch 0 pred: tensor([[ 0.0670,  0.3266],
        [ 0.0818,  0.2884],
        [-0.0317,  0.2718],
        [ 0.0541,  0.3266],
        [ 0.1049,  0.3108]], device='cuda:0')
val batch 0 label: tensor([[ 0.7092, -0.3876],
        [ 1.4184,  1.1628],
        [-1.4184,  1.1628],
        [ 1.4184,  0.0000],
        [-0.7092, -1.5504]])
Epoch 42 val loss: 0.8581293821334839
train batch 0 pred: tensor([[-0.0497, -0.0377],
        [ 0.0391,  0.0418],
        [ 0.1223,  0.0810],
        [ 0.0198,  0.0136],
        [ 0.1167,  0.0765]], device='cuda:0', grad_fn=<SliceBackward0>)
train batch 0 label: tensor([[-1.4184, -1.1628],
        [-1.4184,  1.5504],
        [ 1.4184,  0.3876],
        [-1.4184,  0.3876],
        [ 0.7092,  0.7752]])
batch 0 loss: 0.9705793261528015
step 0
Loaded 1 validation batches, batch size 32
val batch 0 pred: tensor([[ 0.0673,  0.3275],
        [ 0.0819,  0.2892],
        [-0.0315,  0.2727],
        [ 0.0544,  0.3275],
        [ 0.1051,  0.3117]], device='cuda:0')
val batch 0 label: tensor([[ 0.7092, -0.3876],
        [ 1.4184,  1.1628],
        [-1.4184,  1.1628],
        [ 1.4184,  0.0000],
        [-0.7092, -1.5504]])
Epoch 43 val loss: 0.8584097623825073
train batch 0 pred: tensor([[0.0876, 0.0562],
        [0.0680, 0.0422],
        [0.1075, 0.0573],
        [0.0857, 0.0519],
        [0.0790, 0.0376]], device='cuda:0', grad_fn=<SliceBackward0>)
train batch 0 label: tensor([[-0.7092, -0.3876],
        [ 0.7092,  0.7752],
        [ 1.4184,  0.0000],
        [ 0.0000, -1.5504],
        [ 1.4184, -1.1628]])
batch 0 loss: 0.9879792928695679
step 0
Loaded 1 validation batches, batch size 32
val batch 0 pred: tensor([[ 0.0677,  0.3283],
        [ 0.0821,  0.2898],
        [-0.0312,  0.2734],
        [ 0.0547,  0.3283],
        [ 0.1054,  0.3124]], device='cuda:0')
val batch 0 label: tensor([[ 0.7092, -0.3876],
        [ 1.4184,  1.1628],
        [-1.4184,  1.1628],
        [ 1.4184,  0.0000],
        [-0.7092, -1.5504]])
Epoch 44 val loss: 0.8586101531982422
train batch 0 pred: tensor([[ 0.0353,  0.0637],
        [ 0.1829,  0.0753],
        [-0.0099,  0.0053],
        [ 0.1020,  0.0675],
        [-0.0508,  0.0689]], device='cuda:0', grad_fn=<SliceBackward0>)
train batch 0 label: tensor([[ 0.0000,  1.1628],
        [ 1.4184,  0.3876],
        [-1.4184, -0.3876],
        [ 1.4184, -0.7752],
        [ 0.0000,  0.0000]])
batch 0 loss: 0.8877004384994507
step 0
Loaded 1 validation batches, batch size 32
val batch 0 pred: tensor([[ 0.0681,  0.3290],
        [ 0.0822,  0.2904],
        [-0.0310,  0.2742],
        [ 0.0550,  0.3290],
        [ 0.1056,  0.3130]], device='cuda:0')
val batch 0 label: tensor([[ 0.7092, -0.3876],
        [ 1.4184,  1.1628],
        [-1.4184,  1.1628],
        [ 1.4184,  0.0000],
        [-0.7092, -1.5504]])
Epoch 45 val loss: 0.858788013458252
train batch 0 pred: tensor([[ 0.1249,  0.0681],
        [ 0.1023,  0.0382],
        [ 0.0489,  0.0544],
        [-0.0431,  0.0186],
        [ 0.1117,  0.0603]], device='cuda:0', grad_fn=<SliceBackward0>)
train batch 0 label: tensor([[ 1.4184, -0.3876],
        [ 1.4184,  1.1628],
        [ 0.0000,  1.1628],
        [-1.4184, -1.1628],
        [ 1.4184, -0.7752]])
batch 0 loss: 0.8663978576660156
step 0
Loaded 1 validation batches, batch size 32
val batch 0 pred: tensor([[ 0.0685,  0.3297],
        [ 0.0823,  0.2910],
        [-0.0307,  0.2748],
        [ 0.0552,  0.3297],
        [ 0.1059,  0.3136]], device='cuda:0')
val batch 0 label: tensor([[ 0.7092, -0.3876],
        [ 1.4184,  1.1628],
        [-1.4184,  1.1628],
        [ 1.4184,  0.0000],
        [-0.7092, -1.5504]])
Epoch 46 val loss: 0.8589503169059753
train batch 0 pred: tensor([[-0.0512,  0.0688],
        [ 0.0784,  0.0130],
        [ 0.0309,  0.0842],
        [-0.0205,  0.0269],
        [ 0.0465,  0.0505]], device='cuda:0', grad_fn=<SliceBackward0>)
train batch 0 label: tensor([[ 0.0000,  0.0000],
        [ 0.0000,  0.3876],
        [-1.4184,  0.3876],
        [-1.4184,  0.7752],
        [-0.7092,  1.1628]])
batch 0 loss: 0.9116501808166504
step 0
Loaded 1 validation batches, batch size 32
val batch 0 pred: tensor([[ 0.0688,  0.3303],
        [ 0.0825,  0.2915],
        [-0.0305,  0.2755],
        [ 0.0555,  0.3303],
        [ 0.1061,  0.3142]], device='cuda:0')
val batch 0 label: tensor([[ 0.7092, -0.3876],
        [ 1.4184,  1.1628],
        [-1.4184,  1.1628],
        [ 1.4184,  0.0000],
        [-0.7092, -1.5504]])
Epoch 47 val loss: 0.8591017723083496
train batch 0 pred: tensor([[0.1057, 0.0370],
        [0.0233, 0.0291],
        [0.0919, 0.0597],
        [0.1024, 0.0002],
        [0.0997, 0.0200]], device='cuda:0', grad_fn=<SliceBackward0>)
train batch 0 label: tensor([[ 0.7092,  0.7752],
        [ 0.0000, -1.1628],
        [ 1.4184,  0.7752],
        [ 0.7092, -0.7752],
        [ 0.7092,  1.1628]])
batch 0 loss: 0.9214728474617004
step 0
Loaded 1 validation batches, batch size 32
val batch 0 pred: tensor([[ 0.0691,  0.3309],
        [ 0.0826,  0.2920],
        [-0.0303,  0.2761],
        [ 0.0558,  0.3309],
        [ 0.1063,  0.3147]], device='cuda:0')
val batch 0 label: tensor([[ 0.7092, -0.3876],
        [ 1.4184,  1.1628],
        [-1.4184,  1.1628],
        [ 1.4184,  0.0000],
        [-0.7092, -1.5504]])
Epoch 48 val loss: 0.8592411875724792
train batch 0 pred: tensor([[ 0.1241,  0.0331],
        [-0.0623, -0.0078],
        [ 0.0471,  0.0455],
        [ 0.0265,  0.0317],
        [ 0.0320,  0.0512]], device='cuda:0', grad_fn=<SliceBackward0>)
train batch 0 label: tensor([[ 0.7092,  1.1628],
        [-1.4184,  1.1628],
        [ 0.0000,  1.1628],
        [-0.7092,  0.7752],
        [ 0.0000,  1.1628]])
batch 0 loss: 1.0016846656799316
step 0
Loaded 1 validation batches, batch size 32
val batch 0 pred: tensor([[ 0.0694,  0.3314],
        [ 0.0828,  0.2924],
        [-0.0302,  0.2767],
        [ 0.0560,  0.3315],
        [ 0.1065,  0.3152]], device='cuda:0')
val batch 0 label: tensor([[ 0.7092, -0.3876],
        [ 1.4184,  1.1628],
        [-1.4184,  1.1628],
        [ 1.4184,  0.0000],
        [-0.7092, -1.5504]])
Epoch 49 val loss: 0.859386146068573
pred shape: torch.Size([32, 2])
label: tensor([[ 0.7092,  1.1628],
        [ 0.0000,  0.0000],
        [-1.4184, -0.3876],
        [ 1.4184, -1.1628],
        [-0.7092, -0.7752],
        [-1.4184,  1.1628],
        [ 1.4184, -0.3876],
        [-1.4184, -0.7752],
        [ 0.7092, -1.1628],
        [ 0.0000,  0.0000],
        [ 1.4184, -1.5504],
        [-0.7092, -0.3876],
        [ 0.7092,  1.5504],
        [-1.4184, -1.5504],
        [ 0.0000, -1.5504],
        [ 1.4184,  1.5504],
        [ 0.0000,  0.0000],
        [-0.7092, -1.1628],
        [-0.7092, -1.5504],
        [ 0.0000,  0.3876],
        [-1.4184,  1.1628],
        [ 0.7092, -0.7752],
        [ 0.0000,  0.3876],
        [ 0.0000,  0.0000],
        [-1.4184, -1.5504],
        [-1.4184, -1.1628],
        [ 0.0000,  0.0000],
        [-1.4184,  0.0000],
        [ 0.0000,  0.0000],
        [ 0.0000,  1.1628],
        [ 0.0000, -1.1628],
        [-1.4184,  0.3876]])
train batch 0 pred: tensor([[ 0.0535,  0.0265],
        [-0.0518,  0.0685],
        [-0.0450,  0.0647],
        [ 0.1392,  0.0434],
        [ 0.0091,  0.0324]], device='cuda:0', grad_fn=<SliceBackward0>)
train batch 0 label: tensor([[ 0.7092,  1.1628],
        [ 0.0000,  0.0000],
        [-1.4184, -0.3876],
        [ 1.4184, -1.1628],
        [-0.7092, -0.7752]])
batch 0 loss: 0.9323558807373047
step 0
Loaded 1 validation batches, batch size 32
val batch 0 pred: tensor([[ 0.0697,  0.3319],
        [ 0.0829,  0.2928],
        [-0.0300,  0.2772],
        [ 0.0562,  0.3320],
        [ 0.1067,  0.3156]], device='cuda:0')
val batch 0 label: tensor([[ 0.7092, -0.3876],
        [ 1.4184,  1.1628],
        [-1.4184,  1.1628],
        [ 1.4184,  0.0000],
        [-0.7092, -1.5504]])
Epoch 50 val loss: 0.8594969511032104
train batch 0 pred: tensor([[ 0.0722,  0.0015],
        [ 0.0996,  0.0678],
        [ 0.0552,  0.0796],
        [ 0.0798,  0.0236],
        [-0.0492,  0.0067]], device='cuda:0', grad_fn=<SliceBackward0>)
train batch 0 label: tensor([[ 0.7092, -1.1628],
        [ 1.4184,  1.5504],
        [ 0.0000,  0.0000],
        [ 0.7092, -0.3876],
        [-1.4184, -1.1628]])
batch 0 loss: 0.9649126529693604
step 0
Loaded 1 validation batches, batch size 32
val batch 0 pred: tensor([[ 0.0699,  0.3324],
        [ 0.0830,  0.2933],
        [-0.0299,  0.2778],
        [ 0.0564,  0.3325],
        [ 0.1069,  0.3161]], device='cuda:0')
val batch 0 label: tensor([[ 0.7092, -0.3876],
        [ 1.4184,  1.1628],
        [-1.4184,  1.1628],
        [ 1.4184,  0.0000],
        [-0.7092, -1.5504]])
Epoch 51 val loss: 0.8596216440200806
train batch 0 pred: tensor([[ 0.0071,  0.0230],
        [ 0.1460,  0.0485],
        [ 0.0908,  0.0411],
        [ 0.0724, -0.0006],
        [ 0.1115,  0.0427]], device='cuda:0', grad_fn=<SliceBackward0>)
train batch 0 label: tensor([[-1.4184,  0.7752],
        [-1.4184, -1.5504],
        [ 1.4184,  0.7752],
        [ 0.7092, -1.1628],
        [ 0.7092, -0.7752]])
batch 0 loss: 0.9027855396270752
step 0
Loaded 1 validation batches, batch size 32
val batch 0 pred: tensor([[ 0.0702,  0.3329],
        [ 0.0831,  0.2937],
        [-0.0298,  0.2783],
        [ 0.0566,  0.3330],
        [ 0.1071,  0.3166]], device='cuda:0')
val batch 0 label: tensor([[ 0.7092, -0.3876],
        [ 1.4184,  1.1628],
        [-1.4184,  1.1628],
        [ 1.4184,  0.0000],
        [-0.7092, -1.5504]])
Epoch 52 val loss: 0.8597526550292969
train batch 0 pred: tensor([[ 0.1174,  0.0531],
        [ 0.0346,  0.0249],
        [-0.0287, -0.0025],
        [ 0.0891,  0.0615],
        [ 0.1442,  0.0496]], device='cuda:0', grad_fn=<SliceBackward0>)
train batch 0 label: tensor([[ 1.4184,  0.3876],
        [-1.4184, -0.7752],
        [-1.4184, -1.5504],
        [ 1.4184, -0.3876],
        [ 1.4184, -1.1628]])
batch 0 loss: 1.0489180088043213
step 0
Loaded 1 validation batches, batch size 32
val batch 0 pred: tensor([[ 0.0704,  0.3334],
        [ 0.0832,  0.2941],
        [-0.0297,  0.2787],
        [ 0.0568,  0.3335],
        [ 0.1073,  0.3170]], device='cuda:0')
val batch 0 label: tensor([[ 0.7092, -0.3876],
        [ 1.4184,  1.1628],
        [-1.4184,  1.1628],
        [ 1.4184,  0.0000],
        [-0.7092, -1.5504]])
Epoch 53 val loss: 0.8598577380180359
train batch 0 pred: tensor([[ 0.0320,  0.0409],
        [-0.0108, -0.0159],
        [ 0.0269, -0.0275],
        [ 0.0561,  0.0140],
        [ 0.0590,  0.0353]], device='cuda:0', grad_fn=<SliceBackward0>)
train batch 0 label: tensor([[ 0.0000,  1.1628],
        [-0.7092,  0.3876],
        [-0.7092, -1.5504],
        [ 0.7092,  0.0000],
        [ 0.0000,  0.7752]])
batch 0 loss: 0.753717303276062
step 0
Loaded 1 validation batches, batch size 32
val batch 0 pred: tensor([[ 0.0706,  0.3338],
        [ 0.0833,  0.2944],
        [-0.0296,  0.2791],
        [ 0.0569,  0.3339],
        [ 0.1074,  0.3174]], device='cuda:0')
val batch 0 label: tensor([[ 0.7092, -0.3876],
        [ 1.4184,  1.1628],
        [-1.4184,  1.1628],
        [ 1.4184,  0.0000],
        [-0.7092, -1.5504]])
Epoch 54 val loss: 0.8599666357040405
train batch 0 pred: tensor([[ 0.1148,  0.0112],
        [ 0.0903,  0.0585],
        [ 0.0646,  0.0171],
        [-0.0225,  0.0111],
        [ 0.1032,  0.0206]], device='cuda:0', grad_fn=<SliceBackward0>)
train batch 0 label: tensor([[ 0.7092,  0.7752],
        [ 1.4184, -0.3876],
        [ 0.0000,  1.5504],
        [-1.4184,  0.7752],
        [ 0.7092,  0.0000]])
batch 0 loss: 0.769739031791687
step 0
Loaded 1 validation batches, batch size 32
val batch 0 pred: tensor([[ 0.0707,  0.3342],
        [ 0.0834,  0.2948],
        [-0.0295,  0.2795],
        [ 0.0571,  0.3343],
        [ 0.1076,  0.3178]], device='cuda:0')
val batch 0 label: tensor([[ 0.7092, -0.3876],
        [ 1.4184,  1.1628],
        [-1.4184,  1.1628],
        [ 1.4184,  0.0000],
        [-0.7092, -1.5504]])
Epoch 55 val loss: 0.8600809574127197
train batch 0 pred: tensor([[ 0.0273, -0.0289],
        [-0.0526,  0.0683],
        [ 0.0649,  0.0126],
        [-0.0144, -0.0146],
        [ 0.0571,  0.0122]], device='cuda:0', grad_fn=<SliceBackward0>)
train batch 0 label: tensor([[-0.7092, -1.5504],
        [ 0.0000,  0.0000],
        [ 0.7092,  0.7752],
        [-1.4184, -0.3876],
        [ 0.7092,  0.0000]])
batch 0 loss: 0.6157262921333313
step 0
Loaded 1 validation batches, batch size 32
val batch 0 pred: tensor([[ 0.0709,  0.3346],
        [ 0.0835,  0.2951],
        [-0.0294,  0.2798],
        [ 0.0572,  0.3347],
        [ 0.1077,  0.3181]], device='cuda:0')
val batch 0 label: tensor([[ 0.7092, -0.3876],
        [ 1.4184,  1.1628],
        [-1.4184,  1.1628],
        [ 1.4184,  0.0000],
        [-0.7092, -1.5504]])
Epoch 56 val loss: 0.8601746559143066
train batch 0 pred: tensor([[ 0.0571,  0.0717],
        [-0.0545, -0.0325],
        [-0.0285,  0.0203],
        [ 0.0224, -0.0283],
        [ 0.0462,  0.0327]], device='cuda:0', grad_fn=<SliceBackward0>)
train batch 0 label: tensor([[ 0.0000,  0.0000],
        [-1.4184, -0.7752],
        [-0.7092, -0.7752],
        [-1.4184, -1.1628],
        [-0.7092,  1.1628]])
batch 0 loss: 0.8656331300735474
step 0
Loaded 1 validation batches, batch size 32
val batch 0 pred: tensor([[ 0.0710,  0.3349],
        [ 0.0835,  0.2954],
        [-0.0294,  0.2801],
        [ 0.0573,  0.3350],
        [ 0.1078,  0.3184]], device='cuda:0')
val batch 0 label: tensor([[ 0.7092, -0.3876],
        [ 1.4184,  1.1628],
        [-1.4184,  1.1628],
        [ 1.4184,  0.0000],
        [-0.7092, -1.5504]])
Epoch 57 val loss: 0.8602744340896606
train batch 0 pred: tensor([[ 0.0841,  0.0175],
        [ 0.0865,  0.0220],
        [ 0.0226, -0.0287],
        [ 0.0659,  0.0110],
        [ 0.0599,  0.0539]], device='cuda:0', grad_fn=<SliceBackward0>)
train batch 0 label: tensor([[ 0.0000, -1.5504],
        [ 0.0000, -0.7752],
        [-1.4184, -1.1628],
        [ 0.7092,  0.7752],
        [ 0.0000,  1.1628]])
batch 0 loss: 0.902713418006897
step 0
Loaded 1 validation batches, batch size 32
val batch 0 pred: tensor([[ 0.0712,  0.3352],
        [ 0.0836,  0.2957],
        [-0.0293,  0.2804],
        [ 0.0574,  0.3354],
        [ 0.1079,  0.3188]], device='cuda:0')
val batch 0 label: tensor([[ 0.7092, -0.3876],
        [ 1.4184,  1.1628],
        [-1.4184,  1.1628],
        [ 1.4184,  0.0000],
        [-0.7092, -1.5504]])
Epoch 58 val loss: 0.8603625297546387
train batch 0 pred: tensor([[-0.0323,  0.0019],
        [ 0.1166,  0.0191],
        [ 0.0133, -0.0147],
        [-0.0528,  0.0682],
        [-0.0550,  0.0784]], device='cuda:0', grad_fn=<SliceBackward0>)
train batch 0 label: tensor([[-1.4184, -0.3876],
        [ 1.4184,  0.0000],
        [-1.4184,  0.3876],
        [ 0.0000,  0.0000],
        [-1.4184,  0.0000]])
batch 0 loss: 1.0009419918060303
step 0
Loaded 1 validation batches, batch size 32
val batch 0 pred: tensor([[ 0.0713,  0.3355],
        [ 0.0837,  0.2960],
        [-0.0293,  0.2807],
        [ 0.0575,  0.3356],
        [ 0.1080,  0.3190]], device='cuda:0')
val batch 0 label: tensor([[ 0.7092, -0.3876],
        [ 1.4184,  1.1628],
        [-1.4184,  1.1628],
        [ 1.4184,  0.0000],
        [-0.7092, -1.5504]])
Epoch 59 val loss: 0.8604357242584229
pred shape: torch.Size([32, 2])
label: tensor([[ 1.4184, -0.3876],
        [ 0.7092, -1.1628],
        [ 0.0000,  0.0000],
        [-0.7092,  0.0000],
        [ 1.4184,  0.3876],
        [-1.4184,  0.3876],
        [ 0.0000, -1.1628],
        [-0.7092, -1.5504],
        [-1.4184, -1.1628],
        [ 0.0000,  0.3876],
        [-0.7092, -1.1628],
        [ 0.0000,  0.0000],
        [ 1.4184, -0.3876],
        [ 0.7092,  1.5504],
        [ 0.7092, -0.7752],
        [ 0.7092,  1.5504],
        [-1.4184,  0.3876],
        [-1.4184, -0.7752],
        [ 0.0000,  1.5504],
        [-0.7092,  1.1628],
        [-1.4184,  0.0000],
        [ 0.0000,  0.7752],
        [ 0.0000,  0.3876],
        [-1.4184,  1.5504],
        [ 0.7092, -0.7752],
        [ 0.0000, -1.1628],
        [ 0.0000,  1.1628],
        [-1.4184, -1.5504],
        [ 1.4184,  0.0000],
        [ 0.0000,  1.1628],
        [-0.7092, -0.3876],
        [ 1.4184,  1.5504]])
train batch 0 pred: tensor([[ 0.1032,  0.0368],
        [ 0.0485,  0.0388],
        [-0.0529,  0.0682],
        [ 0.0447,  0.0241],
        [ 0.1890,  0.0434]], device='cuda:0', grad_fn=<SliceBackward0>)
train batch 0 label: tensor([[ 1.4184, -0.3876],
        [ 0.7092, -1.1628],
        [ 0.0000,  0.0000],
        [-0.7092,  0.0000],
        [ 1.4184,  0.3876]])
batch 0 loss: 0.8972621560096741
step 0
Loaded 1 validation batches, batch size 32
val batch 0 pred: tensor([[ 0.0714,  0.3358],
        [ 0.0838,  0.2962],
        [-0.0292,  0.2809],
        [ 0.0576,  0.3359],
        [ 0.1081,  0.3193]], device='cuda:0')
val batch 0 label: tensor([[ 0.7092, -0.3876],
        [ 1.4184,  1.1628],
        [-1.4184,  1.1628],
        [ 1.4184,  0.0000],
        [-0.7092, -1.5504]])
Epoch 60 val loss: 0.8605048656463623
train batch 0 pred: tensor([[-0.0311,  0.0014],
        [-0.0529,  0.0682],
        [-0.0107, -0.0140],
        [ 0.0635,  0.0310],
        [ 0.0071,  0.0433]], device='cuda:0', grad_fn=<SliceBackward0>)
train batch 0 label: tensor([[-1.4184, -0.3876],
        [ 0.0000,  0.0000],
        [-1.4184,  1.5504],
        [ 0.0000,  0.7752],
        [-0.7092, -0.7752]])
batch 0 loss: 0.8871800899505615
step 0
Loaded 1 validation batches, batch size 32
val batch 0 pred: tensor([[ 0.0715,  0.3360],
        [ 0.0838,  0.2964],
        [-0.0292,  0.2811],
        [ 0.0577,  0.3361],
        [ 0.1083,  0.3195]], device='cuda:0')
val batch 0 label: tensor([[ 0.7092, -0.3876],
        [ 1.4184,  1.1628],
        [-1.4184,  1.1628],
        [ 1.4184,  0.0000],
        [-0.7092, -1.5504]])
Epoch 61 val loss: 0.8605639338493347
train batch 0 pred: tensor([[0.0864, 0.0078],
        [0.0389, 0.0170],
        [0.0452, 0.0053],
        [0.0858, 0.0462],
        [0.0631, 0.0529]], device='cuda:0', grad_fn=<SliceBackward0>)
train batch 0 label: tensor([[ 0.7092,  0.0000],
        [-1.4184, -0.7752],
        [ 0.0000, -0.3876],
        [ 0.0000,  0.7752],
        [ 0.0000,  1.1628]])
batch 0 loss: 0.8610217571258545
step 0
Loaded 1 validation batches, batch size 32
val batch 0 pred: tensor([[ 0.0716,  0.3362],
        [ 0.0839,  0.2966],
        [-0.0292,  0.2813],
        [ 0.0578,  0.3364],
        [ 0.1083,  0.3197]], device='cuda:0')
val batch 0 label: tensor([[ 0.7092, -0.3876],
        [ 1.4184,  1.1628],
        [-1.4184,  1.1628],
        [ 1.4184,  0.0000],
        [-0.7092, -1.5504]])
Epoch 62 val loss: 0.86062091588974
train batch 0 pred: tensor([[-0.0073, -0.0203],
        [ 0.0777, -0.0072],
        [ 0.1608,  0.0663],
        [ 0.0304, -0.0306],
        [ 0.0619,  0.0097]], device='cuda:0', grad_fn=<SliceBackward0>)
train batch 0 label: tensor([[-0.7092,  0.3876],
        [ 0.7092, -1.1628],
        [ 1.4184,  1.1628],
        [-0.7092, -1.5504],
        [ 0.7092,  0.0000]])
batch 0 loss: 0.9364089965820312
step 0
Loaded 1 validation batches, batch size 32
val batch 0 pred: tensor([[ 0.0717,  0.3364],
        [ 0.0840,  0.2968],
        [-0.0292,  0.2814],
        [ 0.0579,  0.3365],
        [ 0.1084,  0.3199]], device='cuda:0')
val batch 0 label: tensor([[ 0.7092, -0.3876],
        [ 1.4184,  1.1628],
        [-1.4184,  1.1628],
        [ 1.4184,  0.0000],
        [-0.7092, -1.5504]])
Epoch 63 val loss: 0.8606632947921753
train batch 0 pred: tensor([[-0.0588, -0.0643],
        [-0.0530,  0.0682],
        [-0.0237,  0.0516],
        [ 0.1079,  0.0231],
        [ 0.0770,  0.0348]], device='cuda:0', grad_fn=<SliceBackward0>)
train batch 0 label: tensor([[-1.4184, -1.1628],
        [ 0.0000,  0.0000],
        [-1.4184,  0.0000],
        [ 0.7092,  1.5504],
        [ 0.7092,  0.3876]])
batch 0 loss: 0.9118964672088623
step 0
Loaded 1 validation batches, batch size 32
val batch 0 pred: tensor([[ 0.0718,  0.3365],
        [ 0.0840,  0.2969],
        [-0.0291,  0.2815],
        [ 0.0579,  0.3367],
        [ 0.1085,  0.3201]], device='cuda:0')
val batch 0 label: tensor([[ 0.7092, -0.3876],
        [ 1.4184,  1.1628],
        [-1.4184,  1.1628],
        [ 1.4184,  0.0000],
        [-0.7092, -1.5504]])
Epoch 64 val loss: 0.8607053756713867
train batch 0 pred: tensor([[-0.0199,  0.0294],
        [-0.0511, -0.0342],
        [-0.0531,  0.0682],
        [-0.0107, -0.0167],
        [ 0.1168,  0.0102]], device='cuda:0', grad_fn=<SliceBackward0>)
train batch 0 label: tensor([[-0.7092, -1.1628],
        [-1.4184, -0.7752],
        [ 0.0000,  0.0000],
        [-1.4184, -0.3876],
        [ 0.7092,  1.5504]])
batch 0 loss: 0.9136818051338196
step 0
Loaded 1 validation batches, batch size 32
val batch 0 pred: tensor([[ 0.0718,  0.3366],
        [ 0.0840,  0.2970],
        [-0.0291,  0.2816],
        [ 0.0580,  0.3368],
        [ 0.1085,  0.3202]], device='cuda:0')
val batch 0 label: tensor([[ 0.7092, -0.3876],
        [ 1.4184,  1.1628],
        [-1.4184,  1.1628],
        [ 1.4184,  0.0000],
        [-0.7092, -1.5504]])
Epoch 65 val loss: 0.8607407808303833
train batch 0 pred: tensor([[-0.0604, -0.0218],
        [ 0.0706,  0.0498],
        [-0.0531,  0.0682],
        [ 0.0454, -0.0172],
        [-0.0358,  0.0594]], device='cuda:0', grad_fn=<SliceBackward0>)
train batch 0 label: tensor([[-1.4184,  1.1628],
        [ 0.0000,  1.1628],
        [ 0.0000,  0.0000],
        [ 0.0000, -1.1628],
        [-1.4184, -0.7752]])
batch 0 loss: 0.9917094707489014
step 0
Loaded 1 validation batches, batch size 32
val batch 0 pred: tensor([[ 0.0719,  0.3367],
        [ 0.0841,  0.2971],
        [-0.0291,  0.2817],
        [ 0.0580,  0.3369],
        [ 0.1086,  0.3203]], device='cuda:0')
val batch 0 label: tensor([[ 0.7092, -0.3876],
        [ 1.4184,  1.1628],
        [-1.4184,  1.1628],
        [ 1.4184,  0.0000],
        [-0.7092, -1.5504]])
Epoch 66 val loss: 0.8607677817344666
train batch 0 pred: tensor([[-0.0191, -0.0009],
        [ 0.0887,  0.0134],
        [ 0.1535,  0.0325],
        [ 0.0682,  0.0272],
        [ 0.1153,  0.0188]], device='cuda:0', grad_fn=<SliceBackward0>)
train batch 0 label: tensor([[ 0.0000, -1.5504],
        [ 0.7092, -0.3876],
        [ 1.4184, -1.5504],
        [ 0.0000,  0.3876],
        [ 0.7092,  0.7752]])
batch 0 loss: 0.9320125579833984
step 0
Loaded 1 validation batches, batch size 32
val batch 0 pred: tensor([[ 0.0719,  0.3368],
        [ 0.0841,  0.2972],
        [-0.0291,  0.2818],
        [ 0.0580,  0.3370],
        [ 0.1086,  0.3204]], device='cuda:0')
val batch 0 label: tensor([[ 0.7092, -0.3876],
        [ 1.4184,  1.1628],
        [-1.4184,  1.1628],
        [ 1.4184,  0.0000],
        [-0.7092, -1.5504]])
Epoch 67 val loss: 0.8607925176620483
train batch 0 pred: tensor([[ 0.0498,  0.0358],
        [ 0.1279,  0.0242],
        [ 0.0889,  0.0134],
        [ 0.0445,  0.0290],
        [-0.0310,  0.0074]], device='cuda:0', grad_fn=<SliceBackward0>)
train batch 0 label: tensor([[ 0.0000, -0.3876],
        [ 1.4184,  1.1628],
        [ 0.7092, -0.3876],
        [-1.4184,  1.5504],
        [-1.4184,  0.7752]])
batch 0 loss: 0.935565173625946
step 0
Loaded 1 validation batches, batch size 32
val batch 0 pred: tensor([[ 0.0719,  0.3369],
        [ 0.0841,  0.2973],
        [-0.0291,  0.2818],
        [ 0.0581,  0.3371],
        [ 0.1087,  0.3205]], device='cuda:0')
val batch 0 label: tensor([[ 0.7092, -0.3876],
        [ 1.4184,  1.1628],
        [-1.4184,  1.1628],
        [ 1.4184,  0.0000],
        [-0.7092, -1.5504]])
Epoch 68 val loss: 0.8608129024505615
train batch 0 pred: tensor([[ 0.1577,  0.0395],
        [ 0.0604,  0.0318],
        [ 0.1578,  0.0404],
        [-0.0265,  0.0094],
        [-0.0505, -0.0341]], device='cuda:0', grad_fn=<SliceBackward0>)
train batch 0 label: tensor([[-1.4184, -1.5504],
        [ 0.7092,  0.0000],
        [ 0.7092, -1.5504],
        [-1.4184, -0.7752],
        [-1.4184, -0.7752]])
batch 0 loss: 0.9047662019729614
step 0
Loaded 1 validation batches, batch size 32
val batch 0 pred: tensor([[ 0.0720,  0.3369],
        [ 0.0841,  0.2973],
        [-0.0291,  0.2819],
        [ 0.0581,  0.3371],
        [ 0.1087,  0.3205]], device='cuda:0')
val batch 0 label: tensor([[ 0.7092, -0.3876],
        [ 1.4184,  1.1628],
        [-1.4184,  1.1628],
        [ 1.4184,  0.0000],
        [-0.7092, -1.5504]])
Epoch 69 val loss: 0.8608270883560181
pred shape: torch.Size([32, 2])
label: tensor([[-0.7092,  0.0000],
        [ 0.7092,  1.5504],
        [-0.7092,  1.1628],
        [-0.7092,  0.0000],
        [-0.7092,  1.5504],
        [ 0.0000,  1.1628],
        [-0.7092, -0.7752],
        [ 0.0000,  0.0000],
        [ 0.7092, -1.1628],
        [ 0.0000, -1.1628],
        [-1.4184,  0.0000],
        [-0.7092,  1.1628],
        [-1.4184,  0.7752],
        [-1.4184,  0.3876],
        [-1.4184, -0.7752],
        [ 0.7092,  0.0000],
        [ 0.7092,  0.3876],
        [-1.4184, -0.7752],
        [-1.4184,  1.1628],
        [ 0.0000, -0.3876],
        [ 0.0000, -0.7752],
        [ 1.4184, -1.1628],
        [-0.7092, -0.3876],
        [-0.7092, -0.3876],
        [-1.4184, -1.1628],
        [-1.4184,  1.5504],
        [-1.4184,  0.7752],
        [-0.7092, -1.5504],
        [ 0.0000, -1.5504],
        [ 0.0000,  1.1628],
        [ 0.0000,  0.0000],
        [ 0.0000,  0.0000]])
train batch 0 pred: tensor([[0.0480, 0.0242],
        [0.1146, 0.0398],
        [0.0545, 0.0504],
        [0.0353, 0.0297],
        [0.0308, 0.0632]], device='cuda:0', grad_fn=<SliceBackward0>)
train batch 0 label: tensor([[-0.7092,  0.0000],
        [ 0.7092,  1.5504],
        [-0.7092,  1.1628],
        [-0.7092,  0.0000],
        [-0.7092,  1.5504]])
batch 0 loss: 0.8422853350639343
step 0
Loaded 1 validation batches, batch size 32
val batch 0 pred: tensor([[ 0.0720,  0.3370],
        [ 0.0841,  0.2974],
        [-0.0291,  0.2819],
        [ 0.0581,  0.3371],
        [ 0.1087,  0.3205]], device='cuda:0')
val batch 0 label: tensor([[ 0.7092, -0.3876],
        [ 1.4184,  1.1628],
        [-1.4184,  1.1628],
        [ 1.4184,  0.0000],
        [-0.7092, -1.5504]])
Epoch 70 val loss: 0.8608378171920776
train batch 0 pred: tensor([[ 0.1092,  0.0402],
        [-0.0524,  0.0781],
        [-0.0061, -0.0061],
        [-0.0042,  0.0298],
        [ 0.0714,  0.0501]], device='cuda:0', grad_fn=<SliceBackward0>)
train batch 0 label: tensor([[ 0.7092, -0.7752],
        [-1.4184,  0.0000],
        [-1.4184,  0.3876],
        [-0.7092,  1.1628],
        [ 0.0000,  1.1628]])
batch 0 loss: 0.8120213747024536
step 0
Loaded 1 validation batches, batch size 32
val batch 0 pred: tensor([[ 0.0720,  0.3370],
        [ 0.0841,  0.2974],
        [-0.0290,  0.2819],
        [ 0.0581,  0.3372],
        [ 0.1087,  0.3206]], device='cuda:0')
val batch 0 label: tensor([[ 0.7092, -0.3876],
        [ 1.4184,  1.1628],
        [-1.4184,  1.1628],
        [ 1.4184,  0.0000],
        [-0.7092, -1.5504]])
Epoch 71 val loss: 0.8608443140983582
train batch 0 pred: tensor([[-0.0504, -0.0340],
        [ 0.0986,  0.0558],
        [ 0.1217,  0.0085],
        [ 0.0462, -0.0169],
        [ 0.1201,  0.0421]], device='cuda:0', grad_fn=<SliceBackward0>)
train batch 0 label: tensor([[-1.4184, -0.7752],
        [ 1.4184, -0.3876],
        [ 0.7092,  0.7752],
        [ 0.0000, -1.1628],
        [ 0.7092,  0.7752]])
batch 0 loss: 0.9313458204269409
step 0
Loaded 1 validation batches, batch size 32
val batch 0 pred: tensor([[ 0.0720,  0.3370],
        [ 0.0841,  0.2974],
        [-0.0290,  0.2819],
        [ 0.0581,  0.3372],
        [ 0.1087,  0.3206]], device='cuda:0')
val batch 0 label: tensor([[ 0.7092, -0.3876],
        [ 1.4184,  1.1628],
        [-1.4184,  1.1628],
        [ 1.4184,  0.0000],
        [-0.7092, -1.5504]])
Epoch 72 val loss: 0.8608479499816895
train batch 0 pred: tensor([[ 0.1523,  0.0134],
        [ 0.0259, -0.0293],
        [ 0.1584,  0.0401],
        [ 0.0309, -0.0058],
        [ 0.1384,  0.0504]], device='cuda:0', grad_fn=<SliceBackward0>)
train batch 0 label: tensor([[ 0.7092, -1.5504],
        [-1.4184, -1.1628],
        [ 1.4184, -1.5504],
        [-0.7092, -1.1628],
        [ 1.4184, -0.3876]])
batch 0 loss: 1.042382001876831
step 0
Loaded 1 validation batches, batch size 32
val batch 0 pred: tensor([[ 0.0720,  0.3370],
        [ 0.0841,  0.2974],
        [-0.0290,  0.2819],
        [ 0.0581,  0.3372],
        [ 0.1087,  0.3206]], device='cuda:0')
val batch 0 label: tensor([[ 0.7092, -0.3876],
        [ 1.4184,  1.1628],
        [-1.4184,  1.1628],
        [ 1.4184,  0.0000],
        [-0.7092, -1.5504]])
Epoch 73 val loss: 0.8608497381210327
train batch 0 pred: tensor([[-0.0297, -0.0479],
        [ 0.2090,  0.0442],
        [ 0.0893,  0.0081],
        [ 0.0336,  0.0109],
        [ 0.0709,  0.0141]], device='cuda:0', grad_fn=<SliceBackward0>)
train batch 0 label: tensor([[-1.4184, -1.1628],
        [ 1.4184, -1.1628],
        [ 0.7092,  0.0000],
        [ 0.0000, -1.1628],
        [ 0.0000,  1.5504]])
batch 0 loss: 0.9433082938194275
step 0
Loaded 1 validation batches, batch size 32
val batch 0 pred: tensor([[ 0.0720,  0.3370],
        [ 0.0841,  0.2974],
        [-0.0290,  0.2819],
        [ 0.0581,  0.3372],
        [ 0.1087,  0.3206]], device='cuda:0')
val batch 0 label: tensor([[ 0.7092, -0.3876],
        [ 1.4184,  1.1628],
        [-1.4184,  1.1628],
        [ 1.4184,  0.0000],
        [-0.7092, -1.5504]])
Epoch 74 val loss: 0.8608500957489014
train batch 0 pred: tensor([[0.0785, 0.0353],
        [0.0814, 0.0062],
        [0.1017, 0.0484],
        [0.0330, 0.0180],
        [0.0336, 0.0109]], device='cuda:0', grad_fn=<SliceBackward0>)
train batch 0 label: tensor([[ 0.7092,  0.3876],
        [ 1.4184, -1.1628],
        [ 1.4184,  1.1628],
        [-0.7092,  0.7752],
        [ 0.0000, -1.1628]])
batch 0 loss: 0.8483117818832397
step 0
Loaded 1 validation batches, batch size 32
val batch 0 pred: tensor([[ 0.0720,  0.3370],
        [ 0.0841,  0.2974],
        [-0.0290,  0.2819],
        [ 0.0581,  0.3372],
        [ 0.1087,  0.3206]], device='cuda:0')
val batch 0 label: tensor([[ 0.7092, -0.3876],
        [ 1.4184,  1.1628],
        [-1.4184,  1.1628],
        [ 1.4184,  0.0000],
        [-0.7092, -1.5504]])
Epoch 75 val loss: 0.8608500957489014
train batch 0 pred: tensor([[ 0.1198,  0.0147],
        [ 0.1178,  0.0106],
        [ 0.0459,  0.0025],
        [ 0.0607,  0.0319],
        [-0.0599, -0.0216]], device='cuda:0', grad_fn=<SliceBackward0>)
train batch 0 label: tensor([[ 1.4184,  0.7752],
        [ 0.7092,  1.5504],
        [ 0.0000,  1.1628],
        [ 0.7092,  0.0000],
        [-1.4184,  1.1628]])
batch 0 loss: 0.8190181255340576
step 0
Loaded 1 validation batches, batch size 32
val batch 0 pred: tensor([[ 0.0720,  0.3370],
        [ 0.0841,  0.2974],
        [-0.0290,  0.2819],
        [ 0.0581,  0.3372],
        [ 0.1087,  0.3206]], device='cuda:0')
val batch 0 label: tensor([[ 0.7092, -0.3876],
        [ 1.4184,  1.1628],
        [-1.4184,  1.1628],
        [ 1.4184,  0.0000],
        [-0.7092, -1.5504]])
Epoch 76 val loss: 0.8608500957489014
train batch 0 pred: tensor([[-0.0353,  0.0596],
        [ 0.1635,  0.0666],
        [ 0.0259, -0.0293],
        [-0.0191,  0.0297],
        [-0.0532,  0.0682]], device='cuda:0', grad_fn=<SliceBackward0>)
train batch 0 label: tensor([[-1.4184, -0.7752],
        [ 1.4184,  1.1628],
        [-1.4184, -1.1628],
        [-0.7092, -1.1628],
        [ 0.0000,  0.0000]])
batch 0 loss: 1.1236135959625244
step 0
Loaded 1 validation batches, batch size 32
val batch 0 pred: tensor([[ 0.0720,  0.3370],
        [ 0.0841,  0.2974],
        [-0.0290,  0.2819],
        [ 0.0581,  0.3372],
        [ 0.1087,  0.3206]], device='cuda:0')
val batch 0 label: tensor([[ 0.7092, -0.3876],
        [ 1.4184,  1.1628],
        [-1.4184,  1.1628],
        [ 1.4184,  0.0000],
        [-0.7092, -1.5504]])
Epoch 77 val loss: 0.8608500957489014
train batch 0 pred: tensor([[ 0.0100,  0.0435],
        [ 0.0599,  0.0328],
        [ 0.1074,  0.0027],
        [ 0.1278, -0.0061],
        [ 0.0332,  0.0274]], device='cuda:0', grad_fn=<SliceBackward0>)
train batch 0 label: tensor([[-0.7092, -0.7752],
        [-1.4184,  1.5504],
        [ 0.7092,  1.1628],
        [ 0.0000, -1.1628],
        [-0.7092,  1.5504]])
batch 0 loss: 0.9744230508804321
step 0
Loaded 1 validation batches, batch size 32
val batch 0 pred: tensor([[ 0.0720,  0.3370],
        [ 0.0841,  0.2974],
        [-0.0290,  0.2819],
        [ 0.0581,  0.3372],
        [ 0.1087,  0.3206]], device='cuda:0')
val batch 0 label: tensor([[ 0.7092, -0.3876],
        [ 1.4184,  1.1628],
        [-1.4184,  1.1628],
        [ 1.4184,  0.0000],
        [-0.7092, -1.5504]])
Epoch 78 val loss: 0.8608500957489014
train batch 0 pred: tensor([[ 0.0311,  0.0291],
        [-0.0226,  0.0520],
        [ 0.1227,  0.0187],
        [-0.0532,  0.0682],
        [ 0.1272,  0.0467]], device='cuda:0', grad_fn=<SliceBackward0>)
train batch 0 label: tensor([[-1.4184, -0.3876],
        [-1.4184,  0.0000],
        [ 1.4184,  0.0000],
        [ 0.0000,  0.0000],
        [ 1.4184,  0.3876]])
batch 0 loss: 0.9559876918792725
step 0
Loaded 1 validation batches, batch size 32
val batch 0 pred: tensor([[ 0.0720,  0.3370],
        [ 0.0841,  0.2974],
        [-0.0290,  0.2819],
        [ 0.0581,  0.3372],
        [ 0.1087,  0.3206]], device='cuda:0')
val batch 0 label: tensor([[ 0.7092, -0.3876],
        [ 1.4184,  1.1628],
        [-1.4184,  1.1628],
        [ 1.4184,  0.0000],
        [-0.7092, -1.5504]])
Epoch 79 val loss: 0.8608500957489014
pred shape: torch.Size([32, 2])
label: tensor([[-1.4184, -0.7752],
        [-0.7092,  0.3876],
        [ 1.4184,  1.1628],
        [-1.4184, -1.1628],
        [-0.7092, -1.5504],
        [ 1.4184,  0.7752],
        [ 0.0000,  0.0000],
        [-0.7092, -0.3876],
        [ 0.0000,  0.0000],
        [-1.4184, -1.5504],
        [-1.4184, -0.7752],
        [ 0.7092, -1.5504],
        [ 1.4184,  0.3876],
        [-1.4184, -1.1628],
        [ 0.0000,  0.0000],
        [-0.7092,  1.1628],
        [ 0.7092, -0.7752],
        [ 0.0000,  0.3876],
        [ 0.0000, -1.1628],
        [ 1.4184,  1.1628],
        [ 0.0000,  1.5504],
        [ 0.0000,  0.0000],
        [-0.7092,  0.7752],
        [-1.4184,  1.5504],
        [ 0.7092,  0.0000],
        [ 0.7092,  1.1628],
        [ 0.0000,  0.0000],
        [-1.4184,  1.5504],
        [-1.4184,  0.3876],
        [-0.7092, -1.1628],
        [-1.4184, -0.3876],
        [ 1.4184,  0.3876]])
train batch 0 pred: tensor([[ 0.0414,  0.0168],
        [-0.0056, -0.0200],
        [ 0.1017,  0.0484],
        [ 0.0259, -0.0293],
        [ 0.0364, -0.0100]], device='cuda:0', grad_fn=<SliceBackward0>)
train batch 0 label: tensor([[-1.4184, -0.7752],
        [-0.7092,  0.3876],
        [ 1.4184,  1.1628],
        [-1.4184, -1.1628],
        [-0.7092, -1.5504]])
batch 0 loss: 0.9367024302482605
step 0
Loaded 1 validation batches, batch size 32
val batch 0 pred: tensor([[ 0.0720,  0.3370],
        [ 0.0841,  0.2974],
        [-0.0290,  0.2819],
        [ 0.0581,  0.3372],
        [ 0.1087,  0.3206]], device='cuda:0')
val batch 0 label: tensor([[ 0.7092, -0.3876],
        [ 1.4184,  1.1628],
        [-1.4184,  1.1628],
        [ 1.4184,  0.0000],
        [-0.7092, -1.5504]])
Epoch 80 val loss: 0.8608500957489014
train batch 0 pred: tensor([[ 0.0528,  0.0389],
        [-0.0123,  0.0305],
        [ 0.1258,  0.0204],
        [ 0.1178,  0.0649],
        [ 0.0687,  0.0276]], device='cuda:0', grad_fn=<SliceBackward0>)
train batch 0 label: tensor([[ 0.7092, -1.1628],
        [-1.4184,  0.0000],
        [ 0.7092,  0.0000],
        [ 0.7092, -0.3876],
        [ 0.0000,  0.3876]])
batch 0 loss: 0.8876572847366333
step 0
Loaded 1 validation batches, batch size 32
val batch 0 pred: tensor([[ 0.0720,  0.3370],
        [ 0.0841,  0.2974],
        [-0.0290,  0.2819],
        [ 0.0581,  0.3372],
        [ 0.1087,  0.3206]], device='cuda:0')
val batch 0 label: tensor([[ 0.7092, -0.3876],
        [ 1.4184,  1.1628],
        [-1.4184,  1.1628],
        [ 1.4184,  0.0000],
        [-0.7092, -1.5504]])
Epoch 81 val loss: 0.8608500957489014
train batch 0 pred: tensor([[ 0.0986,  0.0558],
        [-0.0209,  0.0358],
        [ 0.1094,  0.0235],
        [ 0.0310,  0.0633],
        [ 0.1635,  0.0666]], device='cuda:0', grad_fn=<SliceBackward0>)
train batch 0 label: tensor([[ 1.4184, -0.3876],
        [-1.4184, -1.1628],
        [ 0.7092,  1.5504],
        [-0.7092,  1.5504],
        [ 1.4184,  1.1628]])
batch 0 loss: 0.94414883852005
step 0
Loaded 1 validation batches, batch size 32
val batch 0 pred: tensor([[ 0.0720,  0.3370],
        [ 0.0841,  0.2974],
        [-0.0290,  0.2819],
        [ 0.0581,  0.3372],
        [ 0.1087,  0.3206]], device='cuda:0')
val batch 0 label: tensor([[ 0.7092, -0.3876],
        [ 1.4184,  1.1628],
        [-1.4184,  1.1628],
        [ 1.4184,  0.0000],
        [-0.7092, -1.5504]])
Epoch 82 val loss: 0.8608500957489014
train batch 0 pred: tensor([[-0.0209,  0.0358],
        [ 0.0570, -0.0013],
        [ 0.0687,  0.0276],
        [ 0.1018,  0.0093],
        [-0.0254, -0.0079]], device='cuda:0', grad_fn=<SliceBackward0>)
train batch 0 label: tensor([[-1.4184, -1.1628],
        [ 0.7092, -1.1628],
        [ 0.0000,  0.3876],
        [ 1.4184,  1.5504],
        [-1.4184, -1.5504]])
batch 0 loss: 1.0666577816009521
step 0
Loaded 1 validation batches, batch size 32
val batch 0 pred: tensor([[ 0.0720,  0.3370],
        [ 0.0841,  0.2974],
        [-0.0290,  0.2819],
        [ 0.0581,  0.3372],
        [ 0.1087,  0.3206]], device='cuda:0')
val batch 0 label: tensor([[ 0.7092, -0.3876],
        [ 1.4184,  1.1628],
        [-1.4184,  1.1628],
        [ 1.4184,  0.0000],
        [-0.7092, -1.5504]])
Epoch 83 val loss: 0.8608500957489014
train batch 0 pred: tensor([[ 0.0354,  0.0297],
        [-0.0286,  0.0016],
        [-0.0532,  0.0682],
        [ 0.1161,  0.0191],
        [ 0.0448,  0.0293]], device='cuda:0', grad_fn=<SliceBackward0>)
train batch 0 label: tensor([[-0.7092,  0.0000],
        [-1.4184, -0.3876],
        [ 0.0000,  0.0000],
        [ 0.7092,  0.7752],
        [-1.4184,  1.5504]])
batch 0 loss: 0.8630012273788452
step 0
Loaded 1 validation batches, batch size 32
val batch 0 pred: tensor([[ 0.0720,  0.3370],
        [ 0.0841,  0.2974],
        [-0.0290,  0.2819],
        [ 0.0581,  0.3372],
        [ 0.1087,  0.3206]], device='cuda:0')
val batch 0 label: tensor([[ 0.7092, -0.3876],
        [ 1.4184,  1.1628],
        [-1.4184,  1.1628],
        [ 1.4184,  0.0000],
        [-0.7092, -1.5504]])
Epoch 84 val loss: 0.8608500957489014
train batch 0 pred: tensor([[ 0.0462, -0.0169],
        [ 0.0709,  0.0141],
        [ 0.1588,  0.0190],
        [ 0.1147,  0.0399],
        [ 0.1153,  0.0460]], device='cuda:0', grad_fn=<SliceBackward0>)
train batch 0 label: tensor([[ 0.0000, -1.1628],
        [ 0.0000,  1.5504],
        [ 1.4184, -1.5504],
        [ 0.7092,  1.5504],
        [ 1.4184,  0.7752]])
batch 0 loss: 0.8775634765625
step 0
Loaded 1 validation batches, batch size 32
val batch 0 pred: tensor([[ 0.0720,  0.3370],
        [ 0.0841,  0.2974],
        [-0.0290,  0.2819],
        [ 0.0581,  0.3372],
        [ 0.1087,  0.3206]], device='cuda:0')
val batch 0 label: tensor([[ 0.7092, -0.3876],
        [ 1.4184,  1.1628],
        [-1.4184,  1.1628],
        [ 1.4184,  0.0000],
        [-0.7092, -1.5504]])
Epoch 85 val loss: 0.8608500957489014
train batch 0 pred: tensor([[ 0.0063,  0.0153],
        [ 0.0832,  0.0059],
        [ 0.1227,  0.0187],
        [ 0.0654, -0.0018],
        [-0.0532,  0.0682]], device='cuda:0', grad_fn=<SliceBackward0>)
train batch 0 label: tensor([[-1.4184,  1.1628],
        [ 0.7092, -0.7752],
        [ 1.4184,  0.0000],
        [-0.7092,  1.1628],
        [ 0.0000,  0.0000]])
batch 0 loss: 0.9763917922973633
step 0
Loaded 1 validation batches, batch size 32
val batch 0 pred: tensor([[ 0.0720,  0.3370],
        [ 0.0841,  0.2974],
        [-0.0290,  0.2819],
        [ 0.0581,  0.3372],
        [ 0.1087,  0.3206]], device='cuda:0')
val batch 0 label: tensor([[ 0.7092, -0.3876],
        [ 1.4184,  1.1628],
        [-1.4184,  1.1628],
        [ 1.4184,  0.0000],
        [-0.7092, -1.5504]])
Epoch 86 val loss: 0.8608500957489014
train batch 0 pred: tensor([[0.0785, 0.0353],
        [0.0540, 0.0258],
        [0.0141, 0.0211],
        [0.0511, 0.0035],
        [0.0144, 0.0488]], device='cuda:0', grad_fn=<SliceBackward0>)
train batch 0 label: tensor([[ 0.7092,  0.3876],
        [-1.4184,  0.3876],
        [-0.7092, -0.7752],
        [-1.4184,  0.3876],
        [-0.7092,  0.7752]])
batch 0 loss: 0.9953448176383972
step 0
Loaded 1 validation batches, batch size 32
val batch 0 pred: tensor([[ 0.0720,  0.3370],
        [ 0.0841,  0.2974],
        [-0.0290,  0.2819],
        [ 0.0581,  0.3372],
        [ 0.1087,  0.3206]], device='cuda:0')
val batch 0 label: tensor([[ 0.7092, -0.3876],
        [ 1.4184,  1.1628],
        [-1.4184,  1.1628],
        [ 1.4184,  0.0000],
        [-0.7092, -1.5504]])
Epoch 87 val loss: 0.8608500957489014
train batch 0 pred: tensor([[ 0.1074,  0.0027],
        [ 0.0157,  0.0245],
        [ 0.0144,  0.0488],
        [-0.0523,  0.0782],
        [ 0.1380,  0.0248]], device='cuda:0', grad_fn=<SliceBackward0>)
train batch 0 label: tensor([[ 0.7092,  1.1628],
        [-1.4184,  0.0000],
        [-0.7092,  0.7752],
        [-1.4184,  0.0000],
        [ 0.7092,  1.5504]])
batch 0 loss: 0.9605031609535217
step 0
Loaded 1 validation batches, batch size 32
val batch 0 pred: tensor([[ 0.0720,  0.3370],
        [ 0.0841,  0.2974],
        [-0.0290,  0.2819],
        [ 0.0581,  0.3372],
        [ 0.1087,  0.3206]], device='cuda:0')
val batch 0 label: tensor([[ 0.7092, -0.3876],
        [ 1.4184,  1.1628],
        [-1.4184,  1.1628],
        [ 1.4184,  0.0000],
        [-0.7092, -1.5504]])
Epoch 88 val loss: 0.8608500957489014
train batch 0 pred: tensor([[-0.0056, -0.0200],
        [-0.0532,  0.0682],
        [-0.0532,  0.0682],
        [-0.0532,  0.0682],
        [ 0.0687,  0.0276]], device='cuda:0', grad_fn=<SliceBackward0>)
train batch 0 label: tensor([[-0.7092,  0.3876],
        [ 0.0000,  0.0000],
        [ 0.0000,  0.0000],
        [ 0.0000,  0.0000],
        [ 0.0000,  0.3876]])
batch 0 loss: 0.9558475017547607
step 0
Loaded 1 validation batches, batch size 32
val batch 0 pred: tensor([[ 0.0720,  0.3370],
        [ 0.0841,  0.2974],
        [-0.0290,  0.2819],
        [ 0.0581,  0.3372],
        [ 0.1087,  0.3206]], device='cuda:0')
val batch 0 label: tensor([[ 0.7092, -0.3876],
        [ 1.4184,  1.1628],
        [-1.4184,  1.1628],
        [ 1.4184,  0.0000],
        [-0.7092, -1.5504]])
Epoch 89 val loss: 0.8608500957489014
pred shape: torch.Size([32, 2])
label: tensor([[ 0.0000,  0.0000],
        [-1.4184,  0.3876],
        [ 0.0000,  0.0000],
        [ 0.7092,  0.3876],
        [-0.7092,  1.1628],
        [-0.7092, -0.7752],
        [-0.7092, -1.1628],
        [ 1.4184,  1.5504],
        [ 0.0000,  0.0000],
        [ 0.0000, -0.7752],
        [ 0.7092, -0.7752],
        [ 0.7092,  0.7752],
        [-0.7092, -0.7752],
        [ 1.4184,  1.5504],
        [-1.4184,  0.7752],
        [-1.4184, -1.1628],
        [-0.7092,  1.5504],
        [ 1.4184, -1.1628],
        [ 1.4184,  0.0000],
        [-0.7092,  0.7752],
        [-1.4184,  1.1628],
        [ 1.4184, -0.3876],
        [-1.4184, -0.7752],
        [ 0.7092,  0.0000],
        [-1.4184,  0.7752],
        [ 0.7092, -1.1628],
        [ 0.0000,  0.0000],
        [ 0.0000,  0.3876],
        [ 1.4184,  1.1628],
        [-1.4184, -1.5504],
        [-1.4184, -1.1628],
        [-1.4184,  1.5504]])
train batch 0 pred: tensor([[-0.0532,  0.0682],
        [ 0.0173, -0.0153],
        [-0.0532,  0.0682],
        [ 0.0785,  0.0353],
        [-0.0041,  0.0298]], device='cuda:0', grad_fn=<SliceBackward0>)
train batch 0 label: tensor([[ 0.0000,  0.0000],
        [-1.4184,  0.3876],
        [ 0.0000,  0.0000],
        [ 0.7092,  0.3876],
        [-0.7092,  1.1628]])
batch 0 loss: 0.977142333984375
step 0
Loaded 1 validation batches, batch size 32
val batch 0 pred: tensor([[ 0.0720,  0.3370],
        [ 0.0841,  0.2974],
        [-0.0290,  0.2819],
        [ 0.0581,  0.3372],
        [ 0.1087,  0.3206]], device='cuda:0')
val batch 0 label: tensor([[ 0.7092, -0.3876],
        [ 1.4184,  1.1628],
        [-1.4184,  1.1628],
        [ 1.4184,  0.0000],
        [-0.7092, -1.5504]])
Epoch 90 val loss: 0.8608500957489014
train batch 0 pred: tensor([[-0.0431,  0.0540],
        [ 0.0383,  0.0075],
        [-0.0494, -0.0023],
        [-0.0532,  0.0682],
        [ 0.0141,  0.0211]], device='cuda:0', grad_fn=<SliceBackward0>)
train batch 0 label: tensor([[-1.4184, -0.3876],
        [ 0.7092, -1.5504],
        [-1.4184, -1.1628],
        [ 0.0000,  0.0000],
        [-0.7092, -0.7752]])
batch 0 loss: 0.9688045978546143
step 0
Loaded 1 validation batches, batch size 32
val batch 0 pred: tensor([[ 0.0720,  0.3370],
        [ 0.0841,  0.2974],
        [-0.0290,  0.2819],
        [ 0.0581,  0.3372],
        [ 0.1087,  0.3206]], device='cuda:0')
val batch 0 label: tensor([[ 0.7092, -0.3876],
        [ 1.4184,  1.1628],
        [-1.4184,  1.1628],
        [ 1.4184,  0.0000],
        [-0.7092, -1.5504]])
Epoch 91 val loss: 0.8608500957489014
train batch 0 pred: tensor([[ 0.0261,  0.0067],
        [ 0.0311,  0.0291],
        [ 0.0797, -0.0067],
        [ 0.0642,  0.0101],
        [-0.0254, -0.0079]], device='cuda:0', grad_fn=<SliceBackward0>)
train batch 0 label: tensor([[-0.7092, -0.3876],
        [-1.4184, -0.3876],
        [ 0.7092, -1.1628],
        [ 0.7092,  0.0000],
        [-1.4184, -1.5504]])
batch 0 loss: 0.9729824066162109
step 0
Loaded 1 validation batches, batch size 32
val batch 0 pred: tensor([[ 0.0720,  0.3370],
        [ 0.0841,  0.2974],
        [-0.0290,  0.2819],
        [ 0.0581,  0.3372],
        [ 0.1087,  0.3206]], device='cuda:0')
val batch 0 label: tensor([[ 0.7092, -0.3876],
        [ 1.4184,  1.1628],
        [-1.4184,  1.1628],
        [ 1.4184,  0.0000],
        [-0.7092, -1.5504]])
Epoch 92 val loss: 0.8608500957489014
train batch 0 pred: tensor([[0.1380, 0.0248],
        [0.0349, 0.0690],
        [0.0525, 0.0265],
        [0.1635, 0.0666],
        [0.0607, 0.0319]], device='cuda:0', grad_fn=<SliceBackward0>)
train batch 0 label: tensor([[ 0.7092,  1.5504],
        [-1.4184,  0.3876],
        [-0.7092,  1.5504],
        [ 1.4184,  1.1628],
        [ 0.7092,  0.0000]])
batch 0 loss: 1.1154377460479736
step 0
Loaded 1 validation batches, batch size 32
val batch 0 pred: tensor([[ 0.0720,  0.3370],
        [ 0.0841,  0.2974],
        [-0.0290,  0.2819],
        [ 0.0581,  0.3372],
        [ 0.1087,  0.3206]], device='cuda:0')
val batch 0 label: tensor([[ 0.7092, -0.3876],
        [ 1.4184,  1.1628],
        [-1.4184,  1.1628],
        [ 1.4184,  0.0000],
        [-0.7092, -1.5504]])
Epoch 93 val loss: 0.8608500957489014
train batch 0 pred: tensor([[0.0336, 0.0109],
        [0.1416, 0.0345],
        [0.1351, 0.0063],
        [0.0607, 0.0319],
        [0.0448, 0.0293]], device='cuda:0', grad_fn=<SliceBackward0>)
train batch 0 label: tensor([[ 0.0000, -1.1628],
        [ 1.4184,  0.3876],
        [ 1.4184,  1.5504],
        [ 0.7092,  0.0000],
        [-1.4184,  1.5504]])
batch 0 loss: 0.9889244437217712
step 0
Loaded 1 validation batches, batch size 32
val batch 0 pred: tensor([[ 0.0720,  0.3370],
        [ 0.0841,  0.2974],
        [-0.0290,  0.2819],
        [ 0.0581,  0.3372],
        [ 0.1087,  0.3206]], device='cuda:0')
val batch 0 label: tensor([[ 0.7092, -0.3876],
        [ 1.4184,  1.1628],
        [-1.4184,  1.1628],
        [ 1.4184,  0.0000],
        [-0.7092, -1.5504]])
Epoch 94 val loss: 0.8608500957489014
train batch 0 pred: tensor([[0.1272, 0.0467],
        [0.0814, 0.0062],
        [0.1093, 0.0403],
        [0.1017, 0.0484],
        [0.0553, 0.0320]], device='cuda:0', grad_fn=<SliceBackward0>)
train batch 0 label: tensor([[ 1.4184,  0.3876],
        [ 1.4184, -1.1628],
        [ 0.7092, -0.7752],
        [ 1.4184,  1.1628],
        [ 0.0000,  1.1628]])
batch 0 loss: 0.8962417840957642
step 0
Loaded 1 validation batches, batch size 32
val batch 0 pred: tensor([[ 0.0720,  0.3370],
        [ 0.0841,  0.2974],
        [-0.0290,  0.2819],
        [ 0.0581,  0.3372],
        [ 0.1087,  0.3206]], device='cuda:0')
val batch 0 label: tensor([[ 0.7092, -0.3876],
        [ 1.4184,  1.1628],
        [-1.4184,  1.1628],
        [ 1.4184,  0.0000],
        [-0.7092, -1.5504]])
Epoch 95 val loss: 0.8608500957489014
train batch 0 pred: tensor([[-0.0254, -0.0079],
        [ 0.0319, -0.0302],
        [ 0.0528,  0.0389],
        [ 0.1094,  0.0235],
        [ 0.0934,  0.0368]], device='cuda:0', grad_fn=<SliceBackward0>)
train batch 0 label: tensor([[-1.4184, -1.5504],
        [-0.7092, -1.5504],
        [ 0.7092, -1.1628],
        [ 0.7092,  1.5504],
        [ 0.7092,  0.3876]])
batch 0 loss: 0.8877485990524292
step 0
Loaded 1 validation batches, batch size 32
val batch 0 pred: tensor([[ 0.0720,  0.3370],
        [ 0.0841,  0.2974],
        [-0.0290,  0.2819],
        [ 0.0581,  0.3372],
        [ 0.1087,  0.3206]], device='cuda:0')
val batch 0 label: tensor([[ 0.7092, -0.3876],
        [ 1.4184,  1.1628],
        [-1.4184,  1.1628],
        [ 1.4184,  0.0000],
        [-0.7092, -1.5504]])
Epoch 96 val loss: 0.8608500957489014
train batch 0 pred: tensor([[ 0.0383,  0.0075],
        [-0.0012,  0.0368],
        [ 0.1217,  0.0085],
        [ 0.0607,  0.0131],
        [ 0.0502,  0.0360]], device='cuda:0', grad_fn=<SliceBackward0>)
train batch 0 label: tensor([[ 0.7092, -1.5504],
        [-0.7092, -0.3876],
        [ 0.7092,  0.7752],
        [ 0.7092,  1.1628],
        [ 0.0000, -0.3876]])
batch 0 loss: 0.9264093637466431
step 0
Loaded 1 validation batches, batch size 32
val batch 0 pred: tensor([[ 0.0720,  0.3370],
        [ 0.0841,  0.2974],
        [-0.0290,  0.2819],
        [ 0.0581,  0.3372],
        [ 0.1087,  0.3206]], device='cuda:0')
val batch 0 label: tensor([[ 0.7092, -0.3876],
        [ 1.4184,  1.1628],
        [-1.4184,  1.1628],
        [ 1.4184,  0.0000],
        [-0.7092, -1.5504]])
Epoch 97 val loss: 0.8608500957489014
train batch 0 pred: tensor([[ 0.0354,  0.0297],
        [ 0.1416,  0.0345],
        [-0.0100, -0.0163],
        [ 0.1635,  0.0666],
        [ 0.1111,  0.0586]], device='cuda:0', grad_fn=<SliceBackward0>)
train batch 0 label: tensor([[-0.7092,  0.0000],
        [ 1.4184,  0.3876],
        [-1.4184, -0.3876],
        [ 1.4184,  1.1628],
        [ 1.4184,  1.5504]])
batch 0 loss: 0.9475480318069458
step 0
Loaded 1 validation batches, batch size 32
val batch 0 pred: tensor([[ 0.0720,  0.3370],
        [ 0.0841,  0.2974],
        [-0.0290,  0.2819],
        [ 0.0581,  0.3372],
        [ 0.1087,  0.3206]], device='cuda:0')
val batch 0 label: tensor([[ 0.7092, -0.3876],
        [ 1.4184,  1.1628],
        [-1.4184,  1.1628],
        [ 1.4184,  0.0000],
        [-0.7092, -1.5504]])
Epoch 98 val loss: 0.8608500957489014
train batch 0 pred: tensor([[ 0.1138,  0.0411],
        [ 0.0157,  0.0245],
        [ 0.0599,  0.0328],
        [ 0.1081, -0.0195],
        [-0.0012,  0.0368]], device='cuda:0', grad_fn=<SliceBackward0>)
train batch 0 label: tensor([[ 1.4184, -0.7752],
        [-1.4184,  0.0000],
        [-1.4184,  1.5504],
        [ 0.7092, -0.7752],
        [-0.7092, -0.3876]])
batch 0 loss: 0.8847223520278931
step 0
Loaded 1 validation batches, batch size 32
val batch 0 pred: tensor([[ 0.0720,  0.3370],
        [ 0.0841,  0.2974],
        [-0.0290,  0.2819],
        [ 0.0581,  0.3372],
        [ 0.1087,  0.3206]], device='cuda:0')
val batch 0 label: tensor([[ 0.7092, -0.3876],
        [ 1.4184,  1.1628],
        [-1.4184,  1.1628],
        [ 1.4184,  0.0000],
        [-0.7092, -1.5504]])
Epoch 99 val loss: 0.8608500957489014
all checkpoints saved to checkpoints/A0-linear-178042_2026-04-29_14-12-59
[1;34mwandb[0m: 
[1;34mwandb[0m: 🚀 View run [33mA0-linear-178042[0m at: [34mhttps://wandb.ai/aditirai2020-new-york-university/physics-jepa/runs/gbc1wb7m[0m
[1;34mwandb[0m: Find logs at: [1;35mwandb/run-20260429_141204-gbc1wb7m/logs[0m
