/scratch/ml9542/miniconda3/envs/active_matter/lib/python3.10/site-packages/timm/models/layers/__init__.py:49: FutureWarning: Importing from timm.models.layers is deprecated, please import via timm.layers
  warnings.warn(f"Importing from {__name__} is deprecated, please import via timm.layers", FutureWarning)
/scratch/ml9542/miniconda3/envs/active_matter/lib/python3.10/site-packages/timm/models/registry.py:4: FutureWarning: Importing from timm.models.registry is deprecated, please import via timm.models
  warnings.warn(f"Importing from {__name__} is deprecated, please import via timm.models", FutureWarning)
/scratch/ml9542/active-matter-representation/physics_jepa/videomae.py:303: UserWarning: Overwriting vit_small_patch16_224 in registry with physics_jepa.videomae.vit_small_patch16_224. This is because the name being registered conflicts with an existing name. Please check if this is not expected.
  def vit_small_patch16_224(pretrained=False, **kwargs):
/scratch/ml9542/active-matter-representation/physics_jepa/videomae.py:312: UserWarning: Overwriting vit_base_patch16_224 in registry with physics_jepa.videomae.vit_base_patch16_224. This is because the name being registered conflicts with an existing name. Please check if this is not expected.
  def vit_base_patch16_224(pretrained=False, **kwargs):
/scratch/ml9542/active-matter-representation/physics_jepa/videomae.py:321: UserWarning: Overwriting vit_base_patch16_384 in registry with physics_jepa.videomae.vit_base_patch16_384. This is because the name being registered conflicts with an existing name. Please check if this is not expected.
  def vit_base_patch16_384(pretrained=False, **kwargs):
/scratch/ml9542/active-matter-representation/physics_jepa/videomae.py:330: UserWarning: Overwriting vit_large_patch16_224 in registry with physics_jepa.videomae.vit_large_patch16_224. This is because the name being registered conflicts with an existing name. Please check if this is not expected.
  def vit_large_patch16_224(pretrained=False, **kwargs):
/scratch/ml9542/active-matter-representation/physics_jepa/videomae.py:339: UserWarning: Overwriting vit_large_patch16_384 in registry with physics_jepa.videomae.vit_large_patch16_384. This is because the name being registered conflicts with an existing name. Please check if this is not expected.
  def vit_large_patch16_384(pretrained=False, **kwargs):
Traceback (most recent call last):
  File "/scratch/ml9542/miniconda3/envs/active_matter/lib/python3.10/runpy.py", line 196, in _run_module_as_main
    return _run_code(code, main_globals, None,
  File "/scratch/ml9542/miniconda3/envs/active_matter/lib/python3.10/runpy.py", line 86, in _run_code
    exec(code, run_globals)
  File "/scratch/ml9542/active-matter-representation/physics_jepa/finetune.py", line 19, in <module>
    cfg = compose(args.config, args.overrides)
  File "/scratch/ml9542/active-matter-representation/physics_jepa/utils/hydra.py", line 35, in compose
    cfg = hydra.compose(config_name=config_name, overrides=overrides)
  File "/scratch/ml9542/miniconda3/envs/active_matter/lib/python3.10/site-packages/hydra/compose.py", line 38, in compose
    cfg = gh.hydra.compose_config(
  File "/scratch/ml9542/miniconda3/envs/active_matter/lib/python3.10/site-packages/hydra/_internal/hydra.py", line 594, in compose_config
    cfg = self.config_loader.load_configuration(
  File "/scratch/ml9542/miniconda3/envs/active_matter/lib/python3.10/site-packages/hydra/_internal/config_loader_impl.py", line 142, in load_configuration
    return self._load_configuration_impl(
  File "/scratch/ml9542/miniconda3/envs/active_matter/lib/python3.10/site-packages/hydra/_internal/config_loader_impl.py", line 244, in _load_configuration_impl
    parsed_overrides, caching_repo = self._parse_overrides_and_create_caching_repo(
  File "/scratch/ml9542/miniconda3/envs/active_matter/lib/python3.10/site-packages/hydra/_internal/config_loader_impl.py", line 228, in _parse_overrides_and_create_caching_repo
    parsed_overrides = parser.parse_overrides(overrides=overrides)
  File "/scratch/ml9542/miniconda3/envs/active_matter/lib/python3.10/site-packages/hydra/core/override_parser/overrides_parser.py", line 96, in parse_overrides
    raise OverrideParseException(
hydra.errors.OverrideParseException: Error parsing override '+trained_model_path'
missing EQUAL at '<EOF>'
See https://hydra.cc/docs/1.2/advanced/override_grammar/basic for details
