dataset:
  name: active_matter
  num_frames: 8
  num_frames_per_patch: 2
  num_chans: 11
  resolution: 224
  offset: 1
  gap_frames: 8
model:
  dims:
  - 16
  - 32
  - 64
  - 128
  - 128
  num_res_blocks:
  - 3
  - 3
  - 3
  - 9
  - 3
  name: cnn
  objective: jepa
  use_channel_stem: true
  use_temporal_mixer: true
  predictor_scale_factor: 2
  predictor_depth: 1
ft:
  num_epochs: 100
  lr: 0.001
  batch_size: 16
  report_every: 100
  save_every: 10
  head_type: linear
  embeddings_dir: ./embeddings/A123_no_pred
  task: regression
  use_attentive_pooling: false
  lr_scheduler: cosine
  lr_scheduler_warmup_epochs: 2
  min_lr: 0
  weight_decay: 0.01
  noise_std: 0.0
  run_name: A123-no-pred-linear-178655
  distributed: false
train:
  run_name: eval-upgraded
  num_epochs: 5
  batch_size: 4
  report_every: 100
  save_every: 2
  include_labels: false
  sim_coeff: 2
  std_coeff: 40
  cov_coeff: 2
  predict_n_steps: false
  lr_scheduler: cosine
  lr_scheduler_warmup_epochs: 2
  min_lr: 1.0e-06
  lr: 0.001
  weight_decay: 0.05
  noise_std: 1.0
  distributed: false
out_path: ./checkpoints/upgraded-linear-probe
cache_path: ./dataset_cache
dry_run: false
seed: 42

dataset:
  name: active_matter
  num_frames: 8
  num_frames_per_patch: 2
  num_chans: 11
  resolution: 224
  offset: 1
  gap_frames: 8
model:
  dims:
  - 16
  - 32
  - 64
  - 128
  - 128
  num_res_blocks:
  - 3
  - 3
  - 3
  - 9
  - 3
  name: cnn
  objective: jepa
  use_channel_stem: true
  use_temporal_mixer: true
  predictor_scale_factor: 2
  predictor_depth: 1
ft:
  num_epochs: 100
  lr: 0.001
  batch_size: 16
  report_every: 100
  save_every: 10
  head_type: linear
  embeddings_dir: ./embeddings/A123_no_pred
  task: regression
  use_attentive_pooling: false
  lr_scheduler: cosine
  lr_scheduler_warmup_epochs: 2
  min_lr: 0
  weight_decay: 0.01
  noise_std: 0.0
  run_name: A123-no-pred-linear-178655
  distributed: false
train:
  run_name: eval-upgraded
  num_epochs: 5
  batch_size: 4
  report_every: 100
  save_every: 2
  include_labels: false
  sim_coeff: 2
  std_coeff: 40
  cov_coeff: 2
  predict_n_steps: false
  lr_scheduler: cosine
  lr_scheduler_warmup_epochs: 2
  min_lr: 1.0e-06
  lr: 0.001
  weight_decay: 0.05
  noise_std: 1.0
  distributed: false
out_path: ./checkpoints/upgraded-linear-probe
cache_path: ./dataset_cache
dry_run: false
seed: 42

total number of block pairs in train dataset: 175
populating rank from args: 0
no embeddings found at embeddings/A123_no_pred/active_matter-8frames-cnn-jepa-A123-no-pred-e50-bs8-178582_2026-04-29_19-24-23_ConvEncoder_49.pth_embeddings_train.h5, calculating
total number of block pairs in train dataset: 175
loading state dict from /scratch/ml9542/active-matter-representation/checkpoints/active_matter-8frames-cnn-jepa-A123-no-pred-e50-bs8-178582_2026-04-29_19-24-23/ConvEncoder_49.pth
Initial memory usage: 856.8 MB
num train embeddings: 160, size of each embedding: (128, 14, 14)
saving val embeddings to embeddings/A123_no_pred/active_matter-8frames-cnn-jepa-A123-no-pred-e50-bs8-178582_2026-04-29_19-24-23_ConvEncoder_49.pth_embeddings_val.h5
total number of block pairs in train dataset: 175
loading state dict from /scratch/ml9542/active-matter-representation/checkpoints/active_matter-8frames-cnn-jepa-A123-no-pred-e50-bs8-178582_2026-04-29_19-24-23/ConvEncoder_49.pth
num val embeddings: 24, size of each embedding: (128, 14, 14)
finished saving embeddings
loading embeddings from embeddings/A123_no_pred/active_matter-8frames-cnn-jepa-A123-no-pred-e50-bs8-178582_2026-04-29_19-24-23_ConvEncoder_49.pth_embeddings_train.h5
using gradient accumulation with 16 steps
using cosine scheduler with max_lr 0.001, min_lr 0, warmup_steps 0, total_updates 69
starting to train w/ 11 batches per device
pred shape: torch.Size([16, 2])
label: tensor([[ 0.7092, -0.7752],
        [-1.4184,  0.3876],
        [-1.4184,  0.3876],
        [-0.7092, -0.7752],
        [-0.7092, -1.5504],
        [ 0.7092, -1.1628],
        [ 0.0000,  0.0000],
        [-1.4184, -0.3876],
        [ 0.0000,  1.5504],
        [-1.4184,  0.0000],
        [ 1.4184,  0.7752],
        [-1.4184, -0.7752],
        [ 0.0000,  0.0000],
        [ 0.7092,  1.5504],
        [ 1.4184, -0.3876],
        [-1.4184,  0.3876]])
train batch 0 pred: tensor([[ 0.0458, -0.1393],
        [ 0.0834, -0.1403],
        [ 0.0672, -0.1204],
        [ 0.0610, -0.1490],
        [ 0.0461, -0.0314]], device='cuda:0', grad_fn=<SliceBackward0>)
train batch 0 label: tensor([[ 0.7092, -0.7752],
        [-1.4184,  0.3876],
        [-1.4184,  0.3876],
        [-0.7092, -0.7752],
        [-0.7092, -1.5504]])
batch 0 loss: 0.9844710230827332
step 0
Loaded 2 validation batches, batch size 16
val batch 0 pred: tensor([[-0.1233, -0.1769],
        [-0.0670, -0.2019],
        [ 0.0179, -0.1610],
        [-0.0902, -0.0843],
        [ 0.0042, -0.0910]], device='cuda:0')
val batch 0 label: tensor([[-0.7092, -0.7752],
        [ 1.4184,  0.0000],
        [ 1.4184,  1.1628],
        [ 0.7092, -0.3876],
        [-0.7092,  0.3876]])
Epoch 0 val loss: 0.8165385723114014
train batch 0 pred: tensor([[-0.1302, -0.0413],
        [ 0.0399, -0.1058],
        [ 0.0652, -0.0004],
        [ 0.0518, -0.1094],
        [ 0.0019, -0.1341]], device='cuda:0', grad_fn=<SliceBackward0>)
train batch 0 label: tensor([[ 0.7092, -1.5504],
        [-1.4184,  0.0000],
        [ 1.4184, -1.1628],
        [-1.4184,  0.3876],
        [ 1.4184,  0.0000]])
batch 0 loss: 0.8592597246170044
step 0
Loaded 2 validation batches, batch size 16
val batch 0 pred: tensor([[-0.1191, -0.1860],
        [-0.0675, -0.2033],
        [ 0.0161, -0.1593],
        [-0.0847, -0.0924],
        [ 0.0033, -0.0940]], device='cuda:0')
val batch 0 label: tensor([[-0.7092, -0.7752],
        [ 1.4184,  0.0000],
        [ 1.4184,  1.1628],
        [ 0.7092, -0.3876],
        [-0.7092,  0.3876]])
Epoch 1 val loss: 0.8125244379043579
train batch 0 pred: tensor([[ 0.0845, -0.1030],
        [-0.0709, -0.2055],
        [ 0.0310, -0.1145],
        [ 0.0427, -0.1045],
        [ 0.0283, -0.0254]], device='cuda:0', grad_fn=<SliceBackward0>)
train batch 0 label: tensor([[ 0.7092, -0.3876],
        [-0.7092, -0.3876],
        [-1.4184,  0.0000],
        [ 0.7092,  0.0000],
        [-0.7092, -1.5504]])
batch 0 loss: 0.7068048715591431
step 0
Loaded 2 validation batches, batch size 16
val batch 0 pred: tensor([[-0.1142, -0.1887],
        [-0.0662, -0.2002],
        [ 0.0160, -0.1534],
        [-0.0784, -0.0940],
        [ 0.0029, -0.0923]], device='cuda:0')
val batch 0 label: tensor([[-0.7092, -0.7752],
        [ 1.4184,  0.0000],
        [ 1.4184,  1.1628],
        [ 0.7092, -0.3876],
        [-0.7092,  0.3876]])
Epoch 2 val loss: 0.8085594177246094
train batch 0 pred: tensor([[ 0.0264, -0.0077],
        [ 0.0264, -0.0077],
        [ 0.0630, -0.1143],
        [-0.0745, -0.2006],
        [ 0.1004, -0.1060]], device='cuda:0', grad_fn=<SliceBackward0>)
train batch 0 label: tensor([[ 0.0000,  0.0000],
        [ 0.0000,  0.0000],
        [ 0.7092,  1.1628],
        [-0.7092, -1.5504],
        [ 1.4184,  0.7752]])
batch 0 loss: 0.7561949491500854
step 0
Loaded 2 validation batches, batch size 16
val batch 0 pred: tensor([[-0.1101, -0.1942],
        [-0.0658, -0.1992],
        [ 0.0150, -0.1489],
        [-0.0728, -0.0979],
        [ 0.0017, -0.0923]], device='cuda:0')
val batch 0 label: tensor([[-0.7092, -0.7752],
        [ 1.4184,  0.0000],
        [ 1.4184,  1.1628],
        [ 0.7092, -0.3876],
        [-0.7092,  0.3876]])
Epoch 3 val loss: 0.8047595024108887
train batch 0 pred: tensor([[ 0.0562, -0.1114],
        [-0.0110, -0.0767],
        [ 0.0779, -0.1291],
        [ 0.0450, -0.0595],
        [ 0.0216, -0.0873]], device='cuda:0', grad_fn=<SliceBackward0>)
train batch 0 label: tensor([[-0.7092,  1.5504],
        [-0.7092, -1.5504],
        [ 0.7092, -1.5504],
        [ 0.7092, -1.5504],
        [ 0.0000, -0.3876]])
batch 0 loss: 0.9873828887939453
step 0
Loaded 2 validation batches, batch size 16
val batch 0 pred: tensor([[-0.1040, -0.2028],
        [-0.0641, -0.2012],
        [ 0.0150, -0.1474],
        [-0.0654, -0.1051],
        [ 0.0018, -0.0947]], device='cuda:0')
val batch 0 label: tensor([[-0.7092, -0.7752],
        [ 1.4184,  0.0000],
        [ 1.4184,  1.1628],
        [ 0.7092, -0.3876],
        [-0.7092,  0.3876]])
Epoch 4 val loss: 0.8002504110336304
train batch 0 pred: tensor([[-0.0009, -0.0960],
        [ 0.0694, -0.0709],
        [ 0.0647, -0.0586],
        [ 0.0245, -0.0059],
        [ 0.0463, -0.0865]], device='cuda:0', grad_fn=<SliceBackward0>)
train batch 0 label: tensor([[ 0.7092, -0.3876],
        [ 0.0000,  0.0000],
        [ 1.4184,  1.5504],
        [ 0.0000,  0.0000],
        [ 1.4184,  0.7752]])
batch 0 loss: 0.8714315891265869
step 0
Loaded 2 validation batches, batch size 16
val batch 0 pred: tensor([[-0.0970, -0.2080],
        [-0.0611, -0.2002],
        [ 0.0162, -0.1432],
        [-0.0573, -0.1091],
        [ 0.0026, -0.0946]], device='cuda:0')
val batch 0 label: tensor([[-0.7092, -0.7752],
        [ 1.4184,  0.0000],
        [ 1.4184,  1.1628],
        [ 0.7092, -0.3876],
        [-0.7092,  0.3876]])
Epoch 5 val loss: 0.7956518530845642
train batch 0 pred: tensor([[ 0.0229, -0.0809],
        [ 0.0108, -0.0816],
        [ 0.0473, -0.0784],
        [ 0.0045, -0.0687],
        [ 0.0561, -0.0675]], device='cuda:0', grad_fn=<SliceBackward0>)
train batch 0 label: tensor([[-1.4184,  0.3876],
        [-1.4184, -1.1628],
        [ 1.4184,  0.7752],
        [-1.4184,  1.5504],
        [ 0.7092,  1.5504]])
batch 0 loss: 1.399483561515808
step 0
Loaded 2 validation batches, batch size 16
val batch 0 pred: tensor([[-0.0913, -0.2157],
        [-0.0592, -0.2011],
        [ 0.0165, -0.1404],
        [-0.0502, -0.1153],
        [ 0.0025, -0.0961]], device='cuda:0')
val batch 0 label: tensor([[-0.7092, -0.7752],
        [ 1.4184,  0.0000],
        [ 1.4184,  1.1628],
        [ 0.7092, -0.3876],
        [-0.7092,  0.3876]])
Epoch 6 val loss: 0.791333019733429
train batch 0 pred: tensor([[ 0.0110, -0.0744],
        [-0.0342, -0.1310],
        [ 0.0057, -0.0216],
        [ 0.0307, -0.0615],
        [ 0.0267, -0.0797]], device='cuda:0', grad_fn=<SliceBackward0>)
train batch 0 label: tensor([[ 0.0000,  0.0000],
        [ 0.7092, -1.5504],
        [-1.4184, -1.5504],
        [ 0.0000, -0.7752],
        [-0.7092,  1.1628]])
batch 0 loss: 0.7926763296127319
step 0
Loaded 2 validation batches, batch size 16
val batch 0 pred: tensor([[-0.0831, -0.2266],
        [-0.0554, -0.2047],
        [ 0.0184, -0.1402],
        [-0.0409, -0.1248],
        [ 0.0042, -0.1001]], device='cuda:0')
val batch 0 label: tensor([[-0.7092, -0.7752],
        [ 1.4184,  0.0000],
        [ 1.4184,  1.1628],
        [ 0.7092, -0.3876],
        [-0.7092,  0.3876]])
Epoch 7 val loss: 0.7866307497024536
train batch 0 pred: tensor([[ 0.0290, -0.0970],
        [ 0.0467, -0.0441],
        [ 0.0523, -0.0509],
        [ 0.0317, -0.0119],
        [-0.0223, -0.0578]], device='cuda:0', grad_fn=<SliceBackward0>)
train batch 0 label: tensor([[ 0.7092, -1.1628],
        [ 1.4184, -0.3876],
        [ 0.7092,  1.5504],
        [ 0.0000, -1.5504],
        [ 1.4184, -1.5504]])
batch 0 loss: 0.9715334177017212
step 0
Loaded 2 validation batches, batch size 16
val batch 0 pred: tensor([[-0.0734, -0.2370],
        [-0.0498, -0.2081],
        [ 0.0220, -0.1397],
        [-0.0302, -0.1337],
        [ 0.0071, -0.1038]], device='cuda:0')
val batch 0 label: tensor([[-0.7092, -0.7752],
        [ 1.4184,  0.0000],
        [ 1.4184,  1.1628],
        [ 0.7092, -0.3876],
        [-0.7092,  0.3876]])
Epoch 8 val loss: 0.7816531658172607
train batch 0 pred: tensor([[-0.0024, -0.1524],
        [-0.0175, -0.0943],
        [-0.0269, -0.0217],
        [ 0.0077, -0.0426],
        [ 0.0356, -0.0373]], device='cuda:0', grad_fn=<SliceBackward0>)
train batch 0 label: tensor([[ 0.7092, -1.5504],
        [ 0.0000,  0.7752],
        [-1.4184,  0.0000],
        [-0.7092, -1.1628],
        [ 0.0000,  1.5504]])
batch 0 loss: 0.8375975489616394
step 0
Loaded 2 validation batches, batch size 16
val batch 0 pred: tensor([[-0.0653, -0.2470],
        [-0.0455, -0.2113],
        [ 0.0244, -0.1392],
        [-0.0209, -0.1421],
        [ 0.0089, -0.1072]], device='cuda:0')
val batch 0 label: tensor([[-0.7092, -0.7752],
        [ 1.4184,  0.0000],
        [ 1.4184,  1.1628],
        [ 0.7092, -0.3876],
        [-0.7092,  0.3876]])
Epoch 9 val loss: 0.7772554755210876
pred shape: torch.Size([16, 2])
label: tensor([[-1.4184, -1.5504],
        [-1.4184,  0.0000],
        [ 0.0000, -0.7752],
        [-1.4184, -1.5504],
        [ 0.0000,  0.3876],
        [ 0.7092,  1.5504],
        [ 0.7092, -1.1628],
        [-0.7092,  0.7752],
        [-0.7092,  1.5504],
        [-1.4184, -1.1628],
        [ 0.0000, -1.5504],
        [-1.4184,  0.0000],
        [-0.7092,  1.1628],
        [ 0.0000, -0.3876],
        [-0.7092, -0.7752],
        [-1.4184, -0.3876]])
train batch 0 pred: tensor([[-0.0156,  0.0002],
        [-0.0272, -0.0360],
        [-0.0103, -0.0452],
        [-0.0221, -0.1953],
        [ 0.0292, -0.0346]], device='cuda:0', grad_fn=<SliceBackward0>)
train batch 0 label: tensor([[-1.4184, -1.5504],
        [-1.4184,  0.0000],
        [ 0.0000, -0.7752],
        [-1.4184, -1.5504],
        [ 0.0000,  0.3876]])
batch 0 loss: 1.0218716859817505
step 0
Loaded 2 validation batches, batch size 16
val batch 0 pred: tensor([[-0.0596, -0.2598],
        [-0.0434, -0.2172],
        [ 0.0248, -0.1411],
        [-0.0139, -0.1534],
        [ 0.0089, -0.1130]], device='cuda:0')
val batch 0 label: tensor([[-0.7092, -0.7752],
        [ 1.4184,  0.0000],
        [ 1.4184,  1.1628],
        [ 0.7092, -0.3876],
        [-0.7092,  0.3876]])
Epoch 10 val loss: 0.7735159397125244
train batch 0 pred: tensor([[ 0.0550, -0.0533],
        [-0.0376, -0.0182],
        [ 0.0362, -0.0925],
        [ 0.0567, -0.0555],
        [-0.0096, -0.0055]], device='cuda:0', grad_fn=<SliceBackward0>)
train batch 0 label: tensor([[ 1.4184,  0.7752],
        [-0.7092, -0.7752],
        [ 0.7092,  0.3876],
        [ 1.4184,  1.5504],
        [-0.7092, -1.1628]])
batch 0 loss: 0.9971064329147339
step 0
Loaded 2 validation batches, batch size 16
val batch 0 pred: tensor([[-0.0522, -0.2727],
        [-0.0395, -0.2231],
        [ 0.0270, -0.1429],
        [-0.0053, -0.1647],
        [ 0.0103, -0.1188]], device='cuda:0')
val batch 0 label: tensor([[-0.7092, -0.7752],
        [ 1.4184,  0.0000],
        [ 1.4184,  1.1628],
        [ 0.7092, -0.3876],
        [-0.7092,  0.3876]])
Epoch 11 val loss: 0.769611656665802
train batch 0 pred: tensor([[ 0.0481, -0.0413],
        [-0.0278, -0.0062],
        [ 0.0854, -0.0323],
        [-0.0313, -0.0054],
        [ 0.0475, -0.0403]], device='cuda:0', grad_fn=<SliceBackward0>)
train batch 0 label: tensor([[ 1.4184, -0.3876],
        [-1.4184, -0.3876],
        [ 1.4184,  1.5504],
        [-1.4184,  0.7752],
        [ 0.7092,  1.1628]])
batch 0 loss: 1.2110130786895752
step 0
Loaded 2 validation batches, batch size 16
val batch 0 pred: tensor([[-0.0441, -0.2851],
        [-0.0349, -0.2289],
        [ 0.0298, -0.1448],
        [ 0.0038, -0.1757],
        [ 0.0122, -0.1244]], device='cuda:0')
val batch 0 label: tensor([[-0.7092, -0.7752],
        [ 1.4184,  0.0000],
        [ 1.4184,  1.1628],
        [ 0.7092, -0.3876],
        [-0.7092,  0.3876]])
Epoch 12 val loss: 0.7656240463256836
train batch 0 pred: tensor([[-0.0115, -0.0371],
        [-0.0189, -0.0120],
        [ 0.0190,  0.0049],
        [ 0.0067, -0.0649],
        [ 0.0189, -0.0170]], device='cuda:0', grad_fn=<SliceBackward0>)
train batch 0 label: tensor([[-0.7092,  0.0000],
        [-0.7092, -1.1628],
        [ 0.0000, -1.5504],
        [ 1.4184,  0.0000],
        [-0.7092, -1.1628]])
batch 0 loss: 0.9540385603904724
step 0
Loaded 2 validation batches, batch size 16
val batch 0 pred: tensor([[-0.0365, -0.3001],
        [-0.0305, -0.2371],
        [ 0.0325, -0.1490],
        [ 0.0125, -0.1892],
        [ 0.0140, -0.1323]], device='cuda:0')
val batch 0 label: tensor([[-0.7092, -0.7752],
        [ 1.4184,  0.0000],
        [ 1.4184,  1.1628],
        [ 0.7092, -0.3876],
        [-0.7092,  0.3876]])
Epoch 13 val loss: 0.7621487379074097
train batch 0 pred: tensor([[-0.0611, -0.0694],
        [-0.0562,  0.0142],
        [-0.0522, -0.0045],
        [ 0.0401, -0.0698],
        [ 0.0113, -0.0711]], device='cuda:0', grad_fn=<SliceBackward0>)
train batch 0 label: tensor([[-1.4184, -0.7752],
        [-1.4184, -1.1628],
        [-0.7092, -0.7752],
        [ 1.4184,  1.1628],
        [-0.7092, -0.3876]])
batch 0 loss: 0.9318400025367737
step 0
Loaded 2 validation batches, batch size 16
val batch 0 pred: tensor([[-0.0294, -0.3139],
        [-0.0269, -0.2445],
        [ 0.0345, -0.1526],
        [ 0.0207, -0.2016],
        [ 0.0152, -0.1392]], device='cuda:0')
val batch 0 label: tensor([[-0.7092, -0.7752],
        [ 1.4184,  0.0000],
        [ 1.4184,  1.1628],
        [ 0.7092, -0.3876],
        [-0.7092,  0.3876]])
Epoch 14 val loss: 0.7588944435119629
train batch 0 pred: tensor([[ 0.0006, -0.0296],
        [-0.0261, -0.0328],
        [ 0.0382, -0.0369],
        [-0.0094, -0.0331],
        [-0.0480, -0.2742]], device='cuda:0', grad_fn=<SliceBackward0>)
train batch 0 label: tensor([[ 0.0000,  0.3876],
        [-0.7092,  0.7752],
        [ 0.7092,  1.5504],
        [-0.7092,  0.0000],
        [-0.7092, -0.3876]])
batch 0 loss: 1.0153825283050537
step 0
Loaded 2 validation batches, batch size 16
val batch 0 pred: tensor([[-0.0222, -0.3266],
        [-0.0227, -0.2511],
        [ 0.0370, -0.1553],
        [ 0.0291, -0.2127],
        [ 0.0167, -0.1452]], device='cuda:0')
val batch 0 label: tensor([[-0.7092, -0.7752],
        [ 1.4184,  0.0000],
        [ 1.4184,  1.1628],
        [ 0.7092, -0.3876],
        [-0.7092,  0.3876]])
Epoch 15 val loss: 0.7557032108306885
train batch 0 pred: tensor([[-0.0098, -0.0303],
        [ 0.0095,  0.0063],
        [ 0.0296,  0.0307],
        [ 0.0046,  0.0433],
        [ 0.0149,  0.0016]], device='cuda:0', grad_fn=<SliceBackward0>)
train batch 0 label: tensor([[ 0.0000,  0.0000],
        [ 0.7092,  1.1628],
        [ 1.4184,  0.0000],
        [ 0.7092, -1.5504],
        [ 0.0000,  0.0000]])
batch 0 loss: 0.8344053030014038
step 0
Loaded 2 validation batches, batch size 16
val batch 0 pred: tensor([[-0.0141, -0.3409],
        [-0.0175, -0.2590],
        [ 0.0406, -0.1595],
        [ 0.0382, -0.2258],
        [ 0.0190, -0.1528]], device='cuda:0')
val batch 0 label: tensor([[-0.7092, -0.7752],
        [ 1.4184,  0.0000],
        [ 1.4184,  1.1628],
        [ 0.7092, -0.3876],
        [-0.7092,  0.3876]])
Epoch 16 val loss: 0.7526059746742249
train batch 0 pred: tensor([[ 0.0320, -0.0124],
        [-0.0580, -0.0329],
        [ 0.0325, -0.0287],
        [ 0.0156, -0.0155],
        [-0.0799, -0.0416]], device='cuda:0', grad_fn=<SliceBackward0>)
train batch 0 label: tensor([[ 0.0000,  1.1628],
        [-0.7092,  0.7752],
        [ 0.7092,  0.7752],
        [ 0.0000,  1.1628],
        [-1.4184, -1.1628]])
batch 0 loss: 0.8066112995147705
step 0
Loaded 2 validation batches, batch size 16
val batch 0 pred: tensor([[-0.0072, -0.3557],
        [-0.0136, -0.2674],
        [ 0.0429, -0.1642],
        [ 0.0461, -0.2392],
        [ 0.0204, -0.1607]], device='cuda:0')
val batch 0 label: tensor([[-0.7092, -0.7752],
        [ 1.4184,  0.0000],
        [ 1.4184,  1.1628],
        [ 0.7092, -0.3876],
        [-0.7092,  0.3876]])
Epoch 17 val loss: 0.7499896287918091
train batch 0 pred: tensor([[-0.0601,  0.0205],
        [-0.0859, -0.2513],
        [ 0.0652, -0.0559],
        [-0.0165, -0.0228],
        [-0.0554, -0.0040]], device='cuda:0', grad_fn=<SliceBackward0>)
train batch 0 label: tensor([[-1.4184,  0.7752],
        [-0.7092, -1.5504],
        [ 1.4184, -1.1628],
        [-0.7092,  0.0000],
        [-1.4184,  1.1628]])
batch 0 loss: 0.9756383299827576
step 0
Loaded 2 validation batches, batch size 16
val batch 0 pred: tensor([[-2.7342e-04, -3.7129e-01],
        [-9.3533e-03, -2.7691e-01],
        [ 4.5555e-02, -1.6977e-01],
        [ 5.4009e-02, -2.5332e-01],
        [ 2.1885e-02, -1.6943e-01]], device='cuda:0')
val batch 0 label: tensor([[-0.7092, -0.7752],
        [ 1.4184,  0.0000],
        [ 1.4184,  1.1628],
        [ 0.7092, -0.3876],
        [-0.7092,  0.3876]])
Epoch 18 val loss: 0.7477608919143677
train batch 0 pred: tensor([[-0.0085,  0.0279],
        [ 0.0443, -0.0207],
        [ 0.0304, -0.0241],
        [ 0.0244, -0.0362],
        [ 0.0127,  0.0027]], device='cuda:0', grad_fn=<SliceBackward0>)
train batch 0 label: tensor([[ 0.0000, -1.1628],
        [ 0.7092,  0.0000],
        [ 0.7092,  0.7752],
        [ 0.7092, -0.3876],
        [ 0.0000,  0.0000]])
batch 0 loss: 0.8064670562744141
step 0
Loaded 2 validation batches, batch size 16
val batch 0 pred: tensor([[ 0.0071, -0.3854],
        [-0.0047, -0.2850],
        [ 0.0487, -0.1743],
        [ 0.0623, -0.2663],
        [ 0.0238, -0.1771]], device='cuda:0')
val batch 0 label: tensor([[-0.7092, -0.7752],
        [ 1.4184,  0.0000],
        [ 1.4184,  1.1628],
        [ 0.7092, -0.3876],
        [-0.7092,  0.3876]])
Epoch 19 val loss: 0.745426595211029
pred shape: torch.Size([16, 2])
label: tensor([[-0.7092, -0.7752],
        [ 0.0000,  0.3876],
        [-1.4184, -0.3876],
        [-1.4184,  0.7752],
        [ 1.4184,  0.7752],
        [-1.4184,  0.0000],
        [-0.7092, -0.3876],
        [ 0.7092,  0.7752],
        [ 0.7092,  0.0000],
        [ 0.0000, -0.7752],
        [-1.4184, -0.7752],
        [ 0.0000,  0.0000],
        [-0.7092, -0.7752],
        [ 1.4184,  0.3876],
        [-1.4184,  0.3876],
        [ 0.0000,  0.0000]])
train batch 0 pred: tensor([[-0.0741, -0.0778],
        [-0.0036, -0.0175],
        [-0.0572, -0.0123],
        [-0.0245, -0.0522],
        [ 0.0222, -0.0390]], device='cuda:0', grad_fn=<SliceBackward0>)
train batch 0 label: tensor([[-0.7092, -0.7752],
        [ 0.0000,  0.3876],
        [-1.4184, -0.3876],
        [-1.4184,  0.7752],
        [ 1.4184,  0.7752]])
batch 0 loss: 0.6352832317352295
step 0
Loaded 2 validation batches, batch size 16
val batch 0 pred: tensor([[ 0.0132, -0.3992],
        [-0.0010, -0.2929],
        [ 0.0509, -0.1788],
        [ 0.0695, -0.2788],
        [ 0.0249, -0.1847]], device='cuda:0')
val batch 0 label: tensor([[-0.7092, -0.7752],
        [ 1.4184,  0.0000],
        [ 1.4184,  1.1628],
        [ 0.7092, -0.3876],
        [-0.7092,  0.3876]])
Epoch 20 val loss: 0.7434780597686768
train batch 0 pred: tensor([[-0.0598,  0.0199],
        [ 0.1383, -0.0928],
        [-0.0582,  0.0255],
        [ 0.0483, -0.0159],
        [-0.0870,  0.0175]], device='cuda:0', grad_fn=<SliceBackward0>)
train batch 0 label: tensor([[-0.7092, -1.1628],
        [ 1.4184,  1.1628],
        [-0.7092, -1.1628],
        [ 0.7092,  1.1628],
        [-1.4184,  0.0000]])
batch 0 loss: 0.8451154828071594
step 0
Loaded 2 validation batches, batch size 16
val batch 0 pred: tensor([[ 0.0195, -0.4128],
        [ 0.0028, -0.3011],
        [ 0.0534, -0.1836],
        [ 0.0769, -0.2913],
        [ 0.0263, -0.1923]], device='cuda:0')
val batch 0 label: tensor([[-0.7092, -0.7752],
        [ 1.4184,  0.0000],
        [ 1.4184,  1.1628],
        [ 0.7092, -0.3876],
        [-0.7092,  0.3876]])
Epoch 21 val loss: 0.7417572736740112
train batch 0 pred: tensor([[ 0.0586, -0.0701],
        [-0.0881,  0.0327],
        [ 0.0783, -0.0610],
        [-0.0068,  0.0440],
        [-0.0534, -0.0025]], device='cuda:0', grad_fn=<SliceBackward0>)
train batch 0 label: tensor([[ 0.7092, -1.1628],
        [-1.4184, -1.5504],
        [ 1.4184, -1.1628],
        [-0.7092, -1.5504],
        [ 0.0000, -1.1628]])
batch 0 loss: 1.09806489944458
step 0
Loaded 2 validation batches, batch size 16
val batch 0 pred: tensor([[ 0.0257, -0.4263],
        [ 0.0066, -0.3090],
        [ 0.0559, -0.1883],
        [ 0.0841, -0.3037],
        [ 0.0276, -0.1999]], device='cuda:0')
val batch 0 label: tensor([[-0.7092, -0.7752],
        [ 1.4184,  0.0000],
        [ 1.4184,  1.1628],
        [ 0.7092, -0.3876],
        [-0.7092,  0.3876]])
Epoch 22 val loss: 0.7401728630065918
train batch 0 pred: tensor([[ 0.0707,  0.0005],
        [ 0.0630, -0.0691],
        [-0.0555, -0.0026],
        [-0.0818,  0.0158],
        [ 0.0543, -0.0394]], device='cuda:0', grad_fn=<SliceBackward0>)
train batch 0 label: tensor([[ 0.7092,  1.1628],
        [ 1.4184,  0.7752],
        [ 0.0000, -1.1628],
        [-1.4184,  0.0000],
        [ 0.0000,  1.1628]])
batch 0 loss: 0.7909289598464966
step 0
Loaded 2 validation batches, batch size 16
val batch 0 pred: tensor([[ 0.0324, -0.4395],
        [ 0.0111, -0.3169],
        [ 0.0590, -0.1931],
        [ 0.0917, -0.3158],
        [ 0.0295, -0.2073]], device='cuda:0')
val batch 0 label: tensor([[-0.7092, -0.7752],
        [ 1.4184,  0.0000],
        [ 1.4184,  1.1628],
        [ 0.7092, -0.3876],
        [-0.7092,  0.3876]])
Epoch 23 val loss: 0.7387345433235168
train batch 0 pred: tensor([[-0.0535,  0.0261],
        [ 0.0328, -0.0391],
        [ 0.1511, -0.1081],
        [-0.0770, -0.0260],
        [-0.0853,  0.0270]], device='cuda:0', grad_fn=<SliceBackward0>)
train batch 0 label: tensor([[-0.7092,  0.7752],
        [ 1.4184,  0.7752],
        [ 1.4184,  1.1628],
        [-0.7092,  0.7752],
        [-1.4184, -0.3876]])
batch 0 loss: 0.6679034233093262
step 0
Loaded 2 validation batches, batch size 16
val batch 0 pred: tensor([[ 0.0383, -0.4516],
        [ 0.0149, -0.3240],
        [ 0.0616, -0.1972],
        [ 0.0985, -0.3270],
        [ 0.0308, -0.2140]], device='cuda:0')
val batch 0 label: tensor([[-0.7092, -0.7752],
        [ 1.4184,  0.0000],
        [ 1.4184,  1.1628],
        [ 0.7092, -0.3876],
        [-0.7092,  0.3876]])
Epoch 24 val loss: 0.7374081611633301
train batch 0 pred: tensor([[-0.0633,  0.0131],
        [ 0.0393, -0.0037],
        [ 0.0305,  0.0091],
        [ 0.1511, -0.4047],
        [-0.0433, -0.0542]], device='cuda:0', grad_fn=<SliceBackward0>)
train batch 0 label: tensor([[-1.4184,  0.3876],
        [ 0.7092,  1.1628],
        [ 0.7092,  0.0000],
        [-1.4184, -1.5504],
        [-1.4184, -0.7752]])
batch 0 loss: 0.9523090124130249
step 0
Loaded 2 validation batches, batch size 16
val batch 0 pred: tensor([[ 0.0433, -0.4641],
        [ 0.0179, -0.3314],
        [ 0.0636, -0.2017],
        [ 0.1044, -0.3386],
        [ 0.0315, -0.2211]], device='cuda:0')
val batch 0 label: tensor([[-0.7092, -0.7752],
        [ 1.4184,  0.0000],
        [ 1.4184,  1.1628],
        [ 0.7092, -0.3876],
        [-0.7092,  0.3876]])
Epoch 25 val loss: 0.736429750919342
train batch 0 pred: tensor([[ 0.0138, -0.1075],
        [ 0.0275, -0.0357],
        [ 0.0468,  0.0091],
        [ 0.0855,  0.0376],
        [ 0.0282, -0.0132]], device='cuda:0', grad_fn=<SliceBackward0>)
train batch 0 label: tensor([[ 0.0000, -0.7752],
        [ 0.7092, -0.3876],
        [ 0.7092,  0.0000],
        [ 1.4184,  0.7752],
        [ 0.7092,  0.7752]])
batch 0 loss: 0.7416973114013672
step 0
Loaded 2 validation batches, batch size 16
val batch 0 pred: tensor([[ 0.0484, -0.4756],
        [ 0.0213, -0.3382],
        [ 0.0659, -0.2057],
        [ 0.1105, -0.3492],
        [ 0.0325, -0.2276]], device='cuda:0')
val batch 0 label: tensor([[-0.7092, -0.7752],
        [ 1.4184,  0.0000],
        [ 1.4184,  1.1628],
        [ 0.7092, -0.3876],
        [-0.7092,  0.3876]])
Epoch 26 val loss: 0.7354369163513184
train batch 0 pred: tensor([[-0.0823,  0.0305],
        [ 0.2835, -0.3584],
        [-0.0039,  0.0067],
        [-0.0960,  0.0296],
        [ 0.0722, -0.0053]], device='cuda:0', grad_fn=<SliceBackward0>)
train batch 0 label: tensor([[-0.7092, -1.1628],
        [ 0.7092, -1.5504],
        [ 0.0000,  0.3876],
        [-1.4184, -0.3876],
        [ 0.7092,  1.5504]])
batch 0 loss: 0.6726652383804321
step 0
Loaded 2 validation batches, batch size 16
val batch 0 pred: tensor([[ 0.0544, -0.4874],
        [ 0.0257, -0.3453],
        [ 0.0690, -0.2101],
        [ 0.1172, -0.3601],
        [ 0.0342, -0.2344]], device='cuda:0')
val batch 0 label: tensor([[-0.7092, -0.7752],
        [ 1.4184,  0.0000],
        [ 1.4184,  1.1628],
        [ 0.7092, -0.3876],
        [-0.7092,  0.3876]])
Epoch 27 val loss: 0.7345882654190063
train batch 0 pred: tensor([[ 0.0534,  0.0059],
        [-0.0363,  0.0610],
        [-0.0639,  0.0079],
        [-0.1135,  0.0332],
        [-0.0290,  0.0175]], device='cuda:0', grad_fn=<SliceBackward0>)
train batch 0 label: tensor([[ 1.4184, -1.1628],
        [-0.7092,  1.1628],
        [-1.4184,  1.5504],
        [-1.4184, -1.5504],
        [ 0.0000, -0.3876]])
batch 0 loss: 0.920709490776062
step 0
Loaded 2 validation batches, batch size 16
val batch 0 pred: tensor([[ 0.0594, -0.4978],
        [ 0.0292, -0.3514],
        [ 0.0715, -0.2136],
        [ 0.1231, -0.3698],
        [ 0.0353, -0.2402]], device='cuda:0')
val batch 0 label: tensor([[-0.7092, -0.7752],
        [ 1.4184,  0.0000],
        [ 1.4184,  1.1628],
        [ 0.7092, -0.3876],
        [-0.7092,  0.3876]])
Epoch 28 val loss: 0.7337981462478638
train batch 0 pred: tensor([[ 0.0256, -0.0441],
        [-0.1169,  0.0331],
        [ 0.0141, -0.0008],
        [ 0.0885, -0.0861],
        [-0.1168,  0.0724]], device='cuda:0', grad_fn=<SliceBackward0>)
train batch 0 label: tensor([[-0.7092, -1.5504],
        [-1.4184, -1.5504],
        [ 0.7092,  0.7752],
        [ 1.4184,  0.7752],
        [-1.4184, -1.5504]])
batch 0 loss: 0.9937235116958618
step 0
Loaded 2 validation batches, batch size 16
val batch 0 pred: tensor([[ 0.0636, -0.5080],
        [ 0.0317, -0.3575],
        [ 0.0731, -0.2174],
        [ 0.1280, -0.3793],
        [ 0.0358, -0.2461]], device='cuda:0')
val batch 0 label: tensor([[-0.7092, -0.7752],
        [ 1.4184,  0.0000],
        [ 1.4184,  1.1628],
        [ 0.7092, -0.3876],
        [-0.7092,  0.3876]])
Epoch 29 val loss: 0.7332882881164551
pred shape: torch.Size([16, 2])
label: tensor([[ 0.0000,  1.1628],
        [ 0.7092, -1.5504],
        [ 0.0000,  0.7752],
        [ 0.7092,  1.1628],
        [ 0.0000, -0.3876],
        [ 1.4184, -1.1628],
        [ 0.0000, -1.1628],
        [ 0.7092, -0.7752],
        [ 0.7092, -1.5504],
        [-1.4184,  0.7752],
        [ 1.4184, -1.1628],
        [ 1.4184, -1.1628],
        [ 0.7092,  0.7752],
        [-1.4184, -1.1628],
        [ 0.0000,  0.7752],
        [-1.4184, -1.5504]])
train batch 0 pred: tensor([[ 0.0204,  0.0536],
        [-0.0119,  0.0821],
        [-0.0567, -0.0554],
        [-0.0172,  0.0483],
        [-0.0304,  0.0192]], device='cuda:0', grad_fn=<SliceBackward0>)
train batch 0 label: tensor([[ 0.0000,  1.1628],
        [ 0.7092, -1.5504],
        [ 0.0000,  0.7752],
        [ 0.7092,  1.1628],
        [ 0.0000, -0.3876]])
batch 0 loss: 1.0285413265228271
step 0
Loaded 2 validation batches, batch size 16
val batch 0 pred: tensor([[ 0.0682, -0.5182],
        [ 0.0350, -0.3637],
        [ 0.0755, -0.2213],
        [ 0.1335, -0.3889],
        [ 0.0368, -0.2520]], device='cuda:0')
val batch 0 label: tensor([[-0.7092, -0.7752],
        [ 1.4184,  0.0000],
        [ 1.4184,  1.1628],
        [ 0.7092, -0.3876],
        [-0.7092,  0.3876]])
Epoch 30 val loss: 0.7328462600708008
train batch 0 pred: tensor([[-0.0772, -0.0296],
        [-0.0461,  0.0297],
        [ 0.0568, -0.0478],
        [ 0.0687,  0.0173],
        [ 0.1083, -0.0395]], device='cuda:0', grad_fn=<SliceBackward0>)
train batch 0 label: tensor([[-1.4184,  0.3876],
        [-0.7092,  0.3876],
        [ 1.4184, -1.1628],
        [ 0.7092, -0.3876],
        [ 1.4184, -0.3876]])
batch 0 loss: 0.9561135768890381
step 0
Loaded 2 validation batches, batch size 16
val batch 0 pred: tensor([[ 0.0721, -0.5276],
        [ 0.0376, -0.3694],
        [ 0.0772, -0.2248],
        [ 0.1381, -0.3977],
        [ 0.0373, -0.2574]], device='cuda:0')
val batch 0 label: tensor([[-0.7092, -0.7752],
        [ 1.4184,  0.0000],
        [ 1.4184,  1.1628],
        [ 0.7092, -0.3876],
        [-0.7092,  0.3876]])
Epoch 31 val loss: 0.7324775457382202
train batch 0 pred: tensor([[-0.0578, -0.0563],
        [ 0.0597, -0.0874],
        [ 0.0367,  0.0087],
        [ 0.0335, -0.0414],
        [-0.0583,  0.0084]], device='cuda:0', grad_fn=<SliceBackward0>)
train batch 0 label: tensor([[ 0.0000,  0.7752],
        [ 0.7092,  0.0000],
        [ 0.7092,  0.0000],
        [ 0.7092,  1.5504],
        [-1.4184, -0.7752]])
batch 0 loss: 0.861051619052887
step 0
Loaded 2 validation batches, batch size 16
val batch 0 pred: tensor([[ 0.0766, -0.5356],
        [ 0.0409, -0.3737],
        [ 0.0796, -0.2271],
        [ 0.1433, -0.4051],
        [ 0.0385, -0.2617]], device='cuda:0')
val batch 0 label: tensor([[-0.7092, -0.7752],
        [ 1.4184,  0.0000],
        [ 1.4184,  1.1628],
        [ 0.7092, -0.3876],
        [-0.7092,  0.3876]])
Epoch 32 val loss: 0.7318731546401978
train batch 0 pred: tensor([[-0.0463,  0.0748],
        [-0.0251,  0.0644],
        [-0.1400, -0.0423],
        [ 0.1310, -0.0897],
        [ 0.0048,  0.0053]], device='cuda:0', grad_fn=<SliceBackward0>)
train batch 0 label: tensor([[-0.7092,  1.1628],
        [ 0.0000,  1.5504],
        [-1.4184, -1.1628],
        [ 1.4184, -0.3876],
        [ 0.0000,  0.0000]])
batch 0 loss: 0.8468396663665771
step 0
Loaded 2 validation batches, batch size 16
val batch 0 pred: tensor([[ 0.0800, -0.5443],
        [ 0.0431, -0.3789],
        [ 0.0811, -0.2304],
        [ 0.1475, -0.4134],
        [ 0.0388, -0.2668]], device='cuda:0')
val batch 0 label: tensor([[-0.7092, -0.7752],
        [ 1.4184,  0.0000],
        [ 1.4184,  1.1628],
        [ 0.7092, -0.3876],
        [-0.7092,  0.3876]])
Epoch 33 val loss: 0.7316794395446777
train batch 0 pred: tensor([[-0.0518,  0.0167],
        [-0.0391, -0.0068],
        [ 0.1549, -0.1237],
        [ 0.1058, -0.0991],
        [ 0.0848, -0.0883]], device='cuda:0', grad_fn=<SliceBackward0>)
train batch 0 label: tensor([[ 0.0000,  1.1628],
        [-0.7092,  0.0000],
        [ 1.4184, -0.3876],
        [ 1.4184,  0.7752],
        [ 0.7092, -1.1628]])
batch 0 loss: 0.6964356303215027
step 0
Loaded 2 validation batches, batch size 16
val batch 0 pred: tensor([[ 0.0834, -0.5518],
        [ 0.0455, -0.3831],
        [ 0.0828, -0.2328],
        [ 0.1516, -0.4204],
        [ 0.0393, -0.2710]], device='cuda:0')
val batch 0 label: tensor([[-0.7092, -0.7752],
        [ 1.4184,  0.0000],
        [ 1.4184,  1.1628],
        [ 0.7092, -0.3876],
        [-0.7092,  0.3876]])
Epoch 34 val loss: 0.7313573360443115
train batch 0 pred: tensor([[-0.0501,  0.0791],
        [-0.0184,  0.0565],
        [-0.0082, -0.4384],
        [-0.0248, -0.0283],
        [-0.0091,  0.0160]], device='cuda:0', grad_fn=<SliceBackward0>)
train batch 0 label: tensor([[-0.7092,  1.1628],
        [ 0.0000, -0.7752],
        [-0.7092, -0.3876],
        [-1.4184, -1.5504],
        [ 0.0000,  1.1628]])
batch 0 loss: 0.828685462474823
step 0
Loaded 2 validation batches, batch size 16
val batch 0 pred: tensor([[ 0.0863, -0.5588],
        [ 0.0474, -0.3872],
        [ 0.0840, -0.2352],
        [ 0.1552, -0.4269],
        [ 0.0395, -0.2749]], device='cuda:0')
val batch 0 label: tensor([[-0.7092, -0.7752],
        [ 1.4184,  0.0000],
        [ 1.4184,  1.1628],
        [ 0.7092, -0.3876],
        [-0.7092,  0.3876]])
Epoch 35 val loss: 0.7311592102050781
train batch 0 pred: tensor([[ 0.2354, -0.5171],
        [-0.0118,  0.0554],
        [-0.0099, -0.0303],
        [-0.1479, -0.0442],
        [ 0.1864, -0.1545]], device='cuda:0', grad_fn=<SliceBackward0>)
train batch 0 label: tensor([[-1.4184, -1.5504],
        [ 0.0000, -1.1628],
        [ 0.0000,  1.5504],
        [-1.4184, -1.1628],
        [ 1.4184, -0.7752]])
batch 0 loss: 0.9962207078933716
step 0
Loaded 2 validation batches, batch size 16
val batch 0 pred: tensor([[ 0.0890, -0.5655],
        [ 0.0493, -0.3911],
        [ 0.0854, -0.2375],
        [ 0.1585, -0.4332],
        [ 0.0397, -0.2786]], device='cuda:0')
val batch 0 label: tensor([[-0.7092, -0.7752],
        [ 1.4184,  0.0000],
        [ 1.4184,  1.1628],
        [ 0.7092, -0.3876],
        [-0.7092,  0.3876]])
Epoch 36 val loss: 0.7309948205947876
train batch 0 pred: tensor([[ 0.0081,  0.1174],
        [ 0.0638, -0.0502],
        [-0.0904, -0.0133],
        [-0.0101, -0.0583],
        [ 0.3874, -0.4674]], device='cuda:0', grad_fn=<SliceBackward0>)
train batch 0 label: tensor([[ 1.4184,  0.0000],
        [ 1.4184, -1.1628],
        [-0.7092, -0.3876],
        [-0.7092,  0.0000],
        [ 0.7092, -1.5504]])
batch 0 loss: 0.8562582731246948
step 0
Loaded 2 validation batches, batch size 16
val batch 0 pred: tensor([[ 0.0924, -0.5719],
        [ 0.0519, -0.3947],
        [ 0.0873, -0.2395],
        [ 0.1624, -0.4390],
        [ 0.0405, -0.2821]], device='cuda:0')
val batch 0 label: tensor([[-0.7092, -0.7752],
        [ 1.4184,  0.0000],
        [ 1.4184,  1.1628],
        [ 0.7092, -0.3876],
        [-0.7092,  0.3876]])
Epoch 37 val loss: 0.7307549715042114
train batch 0 pred: tensor([[ 0.0114, -0.0269],
        [-0.0838, -0.0412],
        [ 0.0115, -0.0251],
        [-0.1529,  0.0242],
        [ 0.1727, -0.0784]], device='cuda:0', grad_fn=<SliceBackward0>)
train batch 0 label: tensor([[-0.7092, -1.1628],
        [-1.4184,  0.3876],
        [ 0.7092,  1.5504],
        [-1.4184,  0.0000],
        [ 1.4184,  1.5504]])
batch 0 loss: 1.00469970703125
step 0
Loaded 2 validation batches, batch size 16
val batch 0 pred: tensor([[ 0.0948, -0.5767],
        [ 0.0536, -0.3971],
        [ 0.0884, -0.2405],
        [ 0.1655, -0.4435],
        [ 0.0406, -0.2846]], device='cuda:0')
val batch 0 label: tensor([[-0.7092, -0.7752],
        [ 1.4184,  0.0000],
        [ 1.4184,  1.1628],
        [ 0.7092, -0.3876],
        [-0.7092,  0.3876]])
Epoch 38 val loss: 0.7303591966629028
train batch 0 pred: tensor([[-0.0832,  0.0501],
        [ 0.1497, -0.5749],
        [ 0.0671, -0.0440],
        [ 0.0025,  0.0059],
        [-0.0139,  0.0541]], device='cuda:0', grad_fn=<SliceBackward0>)
train batch 0 label: tensor([[-0.7092,  1.5504],
        [ 1.4184, -1.1628],
        [ 1.4184,  0.7752],
        [ 0.0000,  0.0000],
        [ 1.4184,  1.1628]])
batch 0 loss: 0.9133572578430176
step 0
Loaded 2 validation batches, batch size 16
val batch 0 pred: tensor([[ 0.0978, -0.5815],
        [ 0.0559, -0.3995],
        [ 0.0902, -0.2416],
        [ 0.1689, -0.4480],
        [ 0.0413, -0.2870]], device='cuda:0')
val batch 0 label: tensor([[-0.7092, -0.7752],
        [ 1.4184,  0.0000],
        [ 1.4184,  1.1628],
        [ 0.7092, -0.3876],
        [-0.7092,  0.3876]])
Epoch 39 val loss: 0.7299714088439941
pred shape: torch.Size([16, 2])
label: tensor([[-1.4184, -1.1628],
        [ 0.0000,  1.1628],
        [ 0.7092, -1.5504],
        [ 0.0000,  1.1628],
        [ 0.0000,  0.0000],
        [-0.7092, -1.5504],
        [ 0.0000,  0.0000],
        [ 0.7092,  0.0000],
        [ 0.0000,  0.0000],
        [ 0.0000, -1.1628],
        [-0.7092, -1.1628],
        [ 0.7092,  0.7752],
        [ 0.7092,  1.1628],
        [ 1.4184, -0.3876],
        [ 1.4184,  0.3876],
        [ 0.7092, -0.7752]])
train batch 0 pred: tensor([[-0.0849,  0.0848],
        [ 0.0348, -0.0260],
        [ 0.3315, -0.5191],
        [ 0.0160,  0.0664],
        [ 0.0022,  0.0060]], device='cuda:0', grad_fn=<SliceBackward0>)
train batch 0 label: tensor([[-1.4184, -1.1628],
        [ 0.0000,  1.1628],
        [ 0.7092, -1.5504],
        [ 0.0000,  1.1628],
        [ 0.0000,  0.0000]])
batch 0 loss: 0.6177696585655212
step 0
Loaded 2 validation batches, batch size 16
val batch 0 pred: tensor([[ 0.1000, -0.5866],
        [ 0.0576, -0.4023],
        [ 0.0914, -0.2432],
        [ 0.1717, -0.4527],
        [ 0.0415, -0.2898]], device='cuda:0')
val batch 0 label: tensor([[-0.7092, -0.7752],
        [ 1.4184,  0.0000],
        [ 1.4184,  1.1628],
        [ 0.7092, -0.3876],
        [-0.7092,  0.3876]])
Epoch 40 val loss: 0.729905366897583
train batch 0 pred: tensor([[ 0.0158,  0.0675],
        [-0.0976, -0.0256],
        [ 0.0642,  0.0124],
        [-0.0935, -0.0017],
        [ 0.0019,  0.0060]], device='cuda:0', grad_fn=<SliceBackward0>)
train batch 0 label: tensor([[ 0.0000,  1.1628],
        [-1.4184, -1.1628],
        [ 0.7092,  0.0000],
        [-1.4184,  0.3876],
        [ 0.0000,  0.0000]])
batch 0 loss: 0.8734060525894165
step 0
Loaded 2 validation batches, batch size 16
val batch 0 pred: tensor([[ 0.1019, -0.5909],
        [ 0.0588, -0.4046],
        [ 0.0921, -0.2444],
        [ 0.1741, -0.4568],
        [ 0.0415, -0.2922]], device='cuda:0')
val batch 0 label: tensor([[-0.7092, -0.7752],
        [ 1.4184,  0.0000],
        [ 1.4184,  1.1628],
        [ 0.7092, -0.3876],
        [-0.7092,  0.3876]])
Epoch 41 val loss: 0.7297509908676147
train batch 0 pred: tensor([[-0.0094, -0.0272],
        [-0.0802,  0.0263],
        [-0.0626, -0.0552],
        [ 0.4210, -0.4846],
        [-0.0246, -0.0106]], device='cuda:0', grad_fn=<SliceBackward0>)
train batch 0 label: tensor([[ 0.0000,  1.5504],
        [-1.4184,  0.7752],
        [ 0.0000,  0.7752],
        [ 1.4184, -1.5504],
        [-0.7092, -1.1628]])
batch 0 loss: 0.758870005607605
step 0
Loaded 2 validation batches, batch size 16
val batch 0 pred: tensor([[ 0.1034, -0.5947],
        [ 0.0598, -0.4065],
        [ 0.0928, -0.2453],
        [ 0.1760, -0.4604],
        [ 0.0413, -0.2941]], device='cuda:0')
val batch 0 label: tensor([[-0.7092, -0.7752],
        [ 1.4184,  0.0000],
        [ 1.4184,  1.1628],
        [ 0.7092, -0.3876],
        [-0.7092,  0.3876]])
Epoch 42 val loss: 0.7295303344726562
train batch 0 pred: tensor([[ 0.1072, -0.0839],
        [ 0.1271, -0.1102],
        [ 0.0111, -0.0282],
        [ 0.0757, -0.0954],
        [-0.0614, -0.0985]], device='cuda:0', grad_fn=<SliceBackward0>)
train batch 0 label: tensor([[ 0.7092, -0.7752],
        [ 1.4184,  0.7752],
        [-0.7092, -1.1628],
        [ 0.7092,  0.0000],
        [-1.4184, -0.7752]])
batch 0 loss: 0.9330630302429199
step 0
Loaded 2 validation batches, batch size 16
val batch 0 pred: tensor([[ 0.1051, -0.5981],
        [ 0.0611, -0.4083],
        [ 0.0937, -0.2461],
        [ 0.1782, -0.4635],
        [ 0.0413, -0.2959]], device='cuda:0')
val batch 0 label: tensor([[-0.7092, -0.7752],
        [ 1.4184,  0.0000],
        [ 1.4184,  1.1628],
        [ 0.7092, -0.3876],
        [-0.7092,  0.3876]])
Epoch 43 val loss: 0.7293552160263062
train batch 0 pred: tensor([[ 0.0697, -0.0488],
        [-0.0812, -0.0445],
        [ 0.1911, -0.1089],
        [-0.1143,  0.0519],
        [-0.0145,  0.0257]], device='cuda:0', grad_fn=<SliceBackward0>)
train batch 0 label: tensor([[ 1.4184, -1.1628],
        [-1.4184,  0.0000],
        [ 1.4184, -0.7752],
        [ 0.0000, -0.3876],
        [ 0.0000,  1.1628]])
batch 0 loss: 0.7841379642486572
step 0
Loaded 2 validation batches, batch size 16
val batch 0 pred: tensor([[ 0.1066, -0.6015],
        [ 0.0623, -0.4101],
        [ 0.0945, -0.2471],
        [ 0.1801, -0.4667],
        [ 0.0414, -0.2977]], device='cuda:0')
val batch 0 label: tensor([[-0.7092, -0.7752],
        [ 1.4184,  0.0000],
        [ 1.4184,  1.1628],
        [ 0.7092, -0.3876],
        [-0.7092,  0.3876]])
Epoch 44 val loss: 0.7292386293411255
train batch 0 pred: tensor([[-0.1490,  0.0770],
        [-0.1154,  0.0525],
        [ 0.0408, -0.0454],
        [ 0.0772, -0.0052],
        [ 0.0009,  0.0063]], device='cuda:0', grad_fn=<SliceBackward0>)
train batch 0 label: tensor([[-1.4184, -1.5504],
        [ 0.0000, -0.3876],
        [ 0.7092,  1.5504],
        [ 0.7092,  1.5504],
        [ 0.0000,  0.0000]])
batch 0 loss: 0.908592164516449
step 0
Loaded 2 validation batches, batch size 16
val batch 0 pred: tensor([[ 0.1081, -0.6041],
        [ 0.0633, -0.4112],
        [ 0.0953, -0.2474],
        [ 0.1820, -0.4691],
        [ 0.0415, -0.2989]], device='cuda:0')
val batch 0 label: tensor([[-0.7092, -0.7752],
        [ 1.4184,  0.0000],
        [ 1.4184,  1.1628],
        [ 0.7092, -0.3876],
        [-0.7092,  0.3876]])
Epoch 45 val loss: 0.7289761900901794
train batch 0 pred: tensor([[-0.1098,  0.0157],
        [-0.0158,  0.0162],
        [ 0.1856, -0.1364],
        [-0.1501,  0.0774],
        [ 0.0520, -0.0010]], device='cuda:0', grad_fn=<SliceBackward0>)
train batch 0 label: tensor([[-0.7092, -0.3876],
        [ 0.0000,  0.3876],
        [ 1.4184, -0.3876],
        [-1.4184, -1.5504],
        [ 0.7092,  1.1628]])
batch 0 loss: 0.8995183706283569
step 0
Loaded 2 validation batches, batch size 16
val batch 0 pred: tensor([[ 0.1093, -0.6064],
        [ 0.0641, -0.4123],
        [ 0.0958, -0.2478],
        [ 0.1836, -0.4713],
        [ 0.0414, -0.3000]], device='cuda:0')
val batch 0 label: tensor([[-0.7092, -0.7752],
        [ 1.4184,  0.0000],
        [ 1.4184,  1.1628],
        [ 0.7092, -0.3876],
        [-0.7092,  0.3876]])
Epoch 46 val loss: 0.7287577390670776
train batch 0 pred: tensor([[ 0.0675,  0.0151],
        [-0.1512,  0.0479],
        [ 0.0005,  0.0065],
        [-0.0477,  0.0019],
        [-0.0950,  0.0345]], device='cuda:0', grad_fn=<SliceBackward0>)
train batch 0 label: tensor([[ 0.7092,  0.0000],
        [-1.4184,  0.0000],
        [ 0.0000,  0.0000],
        [-0.7092,  0.0000],
        [-1.4184, -1.1628]])
batch 0 loss: 0.8531173467636108
step 0
Loaded 2 validation batches, batch size 16
val batch 0 pred: tensor([[ 0.1102, -0.6090],
        [ 0.0647, -0.4136],
        [ 0.0961, -0.2485],
        [ 0.1848, -0.4737],
        [ 0.0411, -0.3014]], device='cuda:0')
val batch 0 label: tensor([[-0.7092, -0.7752],
        [ 1.4184,  0.0000],
        [ 1.4184,  1.1628],
        [ 0.7092, -0.3876],
        [-0.7092,  0.3876]])
Epoch 47 val loss: 0.7286639213562012
train batch 0 pred: tensor([[ 0.0003,  0.0065],
        [ 0.0071,  0.1374],
        [ 0.0003,  0.0065],
        [ 0.0339, -0.0398],
        [ 0.2085, -0.1724]], device='cuda:0', grad_fn=<SliceBackward0>)
train batch 0 label: tensor([[0.0000, 0.0000],
        [1.4184, 0.0000],
        [0.0000, 0.0000],
        [0.7092, 0.7752],
        [1.4184, 1.1628]])
batch 0 loss: 0.9044029116630554
step 0
Loaded 2 validation batches, batch size 16
val batch 0 pred: tensor([[ 0.1112, -0.6108],
        [ 0.0654, -0.4143],
        [ 0.0966, -0.2487],
        [ 0.1861, -0.4754],
        [ 0.0411, -0.3022]], device='cuda:0')
val batch 0 label: tensor([[-0.7092, -0.7752],
        [ 1.4184,  0.0000],
        [ 1.4184,  1.1628],
        [ 0.7092, -0.3876],
        [-0.7092,  0.3876]])
Epoch 48 val loss: 0.7284473776817322
train batch 0 pred: tensor([[-0.0352, -0.0658],
        [ 0.1102, -0.0461],
        [-0.0428,  0.0566],
        [-0.0780,  0.0114],
        [-0.1316, -0.0184]], device='cuda:0', grad_fn=<SliceBackward0>)
train batch 0 label: tensor([[-1.4184,  0.7752],
        [ 1.4184, -0.3876],
        [ 0.0000, -0.3876],
        [-1.4184, -0.7752],
        [-1.4184, -0.7752]])
batch 0 loss: 1.01981782913208
step 0
Loaded 2 validation batches, batch size 16
val batch 0 pred: tensor([[ 0.1121, -0.6129],
        [ 0.0660, -0.4155],
        [ 0.0971, -0.2492],
        [ 0.1872, -0.4774],
        [ 0.0409, -0.3033]], device='cuda:0')
val batch 0 label: tensor([[-0.7092, -0.7752],
        [ 1.4184,  0.0000],
        [ 1.4184,  1.1628],
        [ 0.7092, -0.3876],
        [-0.7092,  0.3876]])
Epoch 49 val loss: 0.7283708453178406
pred shape: torch.Size([16, 2])
label: tensor([[-0.7092,  1.5504],
        [-0.7092,  0.0000],
        [ 1.4184, -1.1628],
        [-1.4184,  0.0000],
        [ 0.0000,  1.1628],
        [-0.7092, -1.1628],
        [ 1.4184,  1.1628],
        [ 1.4184, -0.7752],
        [-1.4184,  0.7752],
        [-0.7092, -1.1628],
        [ 0.7092, -1.5504],
        [ 0.7092,  0.3876],
        [ 1.4184,  0.7752],
        [ 1.4184,  0.7752],
        [ 0.7092, -0.7752],
        [ 0.7092,  0.0000]])
train batch 0 pred: tensor([[-0.0311, -0.0135],
        [-0.0491,  0.0033],
        [ 0.1796, -0.6013],
        [-0.1714,  0.0250],
        [-0.0651,  0.0285]], device='cuda:0', grad_fn=<SliceBackward0>)
train batch 0 label: tensor([[-0.7092,  1.5504],
        [-0.7092,  0.0000],
        [ 1.4184, -1.1628],
        [-1.4184,  0.0000],
        [ 0.0000,  1.1628]])
batch 0 loss: 0.8448601961135864
step 0
Loaded 2 validation batches, batch size 16
val batch 0 pred: tensor([[ 0.1131, -0.6147],
        [ 0.0669, -0.4163],
        [ 0.0977, -0.2496],
        [ 0.1885, -0.4791],
        [ 0.0411, -0.3042]], device='cuda:0')
val batch 0 label: tensor([[-0.7092, -0.7752],
        [ 1.4184,  0.0000],
        [ 1.4184,  1.1628],
        [ 0.7092, -0.3876],
        [-0.7092,  0.3876]])
Epoch 50 val loss: 0.7282421588897705
train batch 0 pred: tensor([[-0.0749, -0.0004],
        [-0.1136,  0.0169],
        [ 0.0802, -0.0412],
        [-0.0002,  0.0067],
        [-0.0271,  0.0265]], device='cuda:0', grad_fn=<SliceBackward0>)
train batch 0 label: tensor([[-1.4184,  0.3876],
        [-0.7092, -0.3876],
        [ 1.4184,  0.7752],
        [ 0.0000,  0.0000],
        [-0.7092,  1.5504]])
batch 0 loss: 0.7550920248031616
step 0
Loaded 2 validation batches, batch size 16
val batch 0 pred: tensor([[ 0.1138, -0.6162],
        [ 0.0673, -0.4170],
        [ 0.0980, -0.2498],
        [ 0.1895, -0.4805],
        [ 0.0409, -0.3049]], device='cuda:0')
val batch 0 label: tensor([[-0.7092, -0.7752],
        [ 1.4184,  0.0000],
        [ 1.4184,  1.1628],
        [ 0.7092, -0.3876],
        [-0.7092,  0.3876]])
Epoch 51 val loss: 0.7281296253204346
train batch 0 pred: tensor([[-0.1087, -0.0221],
        [-0.0003,  0.0067],
        [-0.0026, -0.0111],
        [-0.1252,  0.0434],
        [ 0.1413, -0.0890]], device='cuda:0', grad_fn=<SliceBackward0>)
train batch 0 label: tensor([[-1.4184, -1.1628],
        [ 0.0000,  0.0000],
        [ 0.0000, -0.7752],
        [-0.7092, -1.1628],
        [ 1.4184, -1.1628]])
batch 0 loss: 0.8436992168426514
step 0
Loaded 2 validation batches, batch size 16
val batch 0 pred: tensor([[ 0.1143, -0.6178],
        [ 0.0677, -0.4178],
        [ 0.0982, -0.2503],
        [ 0.1902, -0.4820],
        [ 0.0408, -0.3058]], device='cuda:0')
val batch 0 label: tensor([[-0.7092, -0.7752],
        [ 1.4184,  0.0000],
        [ 1.4184,  1.1628],
        [ 0.7092, -0.3876],
        [-0.7092,  0.3876]])
Epoch 52 val loss: 0.728100597858429
train batch 0 pred: tensor([[ 0.1419, -0.0893],
        [-0.2154,  0.2269],
        [-0.0377,  0.0331],
        [-0.0004,  0.0067],
        [-0.0193,  0.0674]], device='cuda:0', grad_fn=<SliceBackward0>)
train batch 0 label: tensor([[ 1.4184, -1.1628],
        [ 0.7092, -1.5504],
        [ 0.0000, -0.3876],
        [ 0.0000,  0.0000],
        [ 0.0000, -1.1628]])
batch 0 loss: 0.9454354047775269
step 0
Loaded 2 validation batches, batch size 16
val batch 0 pred: tensor([[ 0.1148, -0.6192],
        [ 0.0681, -0.4185],
        [ 0.0985, -0.2506],
        [ 0.1909, -0.4833],
        [ 0.0407, -0.3065]], device='cuda:0')
val batch 0 label: tensor([[-0.7092, -0.7752],
        [ 1.4184,  0.0000],
        [ 1.4184,  1.1628],
        [ 0.7092, -0.3876],
        [-0.7092,  0.3876]])
Epoch 53 val loss: 0.7280493378639221
train batch 0 pred: tensor([[-0.1333, -0.0068],
        [ 0.0369,  0.0593],
        [-0.0005,  0.0068],
        [-0.0808, -0.0160],
        [-0.0005,  0.0068]], device='cuda:0', grad_fn=<SliceBackward0>)
train batch 0 label: tensor([[-1.4184, -0.3876],
        [ 0.7092,  0.3876],
        [ 0.0000,  0.0000],
        [ 0.0000, -1.1628],
        [ 0.0000,  0.0000]])
batch 0 loss: 0.6398550868034363
step 0
Loaded 2 validation batches, batch size 16
val batch 0 pred: tensor([[ 0.1153, -0.6202],
        [ 0.0684, -0.4190],
        [ 0.0987, -0.2508],
        [ 0.1915, -0.4843],
        [ 0.0406, -0.3070]], device='cuda:0')
val batch 0 label: tensor([[-0.7092, -0.7752],
        [ 1.4184,  0.0000],
        [ 1.4184,  1.1628],
        [ 0.7092, -0.3876],
        [-0.7092,  0.3876]])
Epoch 54 val loss: 0.7279758453369141
train batch 0 pred: tensor([[-0.0123,  0.0714],
        [ 0.1387, -0.1061],
        [ 0.1542, -0.0029],
        [ 0.1048, -0.1174],
        [-0.1487,  0.0375]], device='cuda:0', grad_fn=<SliceBackward0>)
train batch 0 label: tensor([[ 1.4184,  1.1628],
        [ 1.4184,  1.1628],
        [ 1.4184, -0.3876],
        [ 0.7092, -0.7752],
        [-0.7092, -0.3876]])
batch 0 loss: 0.8847285509109497
step 0
Loaded 2 validation batches, batch size 16
val batch 0 pred: tensor([[ 0.1157, -0.6212],
        [ 0.0687, -0.4195],
        [ 0.0990, -0.2510],
        [ 0.1921, -0.4853],
        [ 0.0406, -0.3076]], device='cuda:0')
val batch 0 label: tensor([[-0.7092, -0.7752],
        [ 1.4184,  0.0000],
        [ 1.4184,  1.1628],
        [ 0.7092, -0.3876],
        [-0.7092,  0.3876]])
Epoch 55 val loss: 0.7279291152954102
train batch 0 pred: tensor([[-0.0905, -0.1209],
        [ 0.4095, -0.2008],
        [-0.1421,  0.0291],
        [ 0.0533,  0.0013],
        [ 0.0772,  0.0157]], device='cuda:0', grad_fn=<SliceBackward0>)
train batch 0 label: tensor([[-0.7092, -0.7752],
        [ 1.4184, -1.1628],
        [-0.7092, -0.7752],
        [ 0.7092,  1.1628],
        [ 1.4184, -1.1628]])
batch 0 loss: 0.7690020203590393
step 0
Loaded 2 validation batches, batch size 16
val batch 0 pred: tensor([[ 0.1161, -0.6221],
        [ 0.0690, -0.4199],
        [ 0.0992, -0.2512],
        [ 0.1927, -0.4862],
        [ 0.0405, -0.3080]], device='cuda:0')
val batch 0 label: tensor([[-0.7092, -0.7752],
        [ 1.4184,  0.0000],
        [ 1.4184,  1.1628],
        [ 0.7092, -0.3876],
        [-0.7092,  0.3876]])
Epoch 56 val loss: 0.7278896570205688
train batch 0 pred: tensor([[ 0.1135, -0.0462],
        [ 0.4103, -0.2014],
        [ 0.0103, -0.0298],
        [ 0.0570, -0.0333],
        [-0.1326,  0.0362]], device='cuda:0', grad_fn=<SliceBackward0>)
train batch 0 label: tensor([[ 1.4184, -0.3876],
        [ 1.4184, -1.1628],
        [-0.7092, -1.1628],
        [ 0.0000, -1.5504],
        [-1.4184,  1.5504]])
batch 0 loss: 0.9955343008041382
step 0
Loaded 2 validation batches, batch size 16
val batch 0 pred: tensor([[ 0.1164, -0.6228],
        [ 0.0692, -0.4202],
        [ 0.0993, -0.2513],
        [ 0.1931, -0.4868],
        [ 0.0405, -0.3084]], device='cuda:0')
val batch 0 label: tensor([[-0.7092, -0.7752],
        [ 1.4184,  0.0000],
        [ 1.4184,  1.1628],
        [ 0.7092, -0.3876],
        [-0.7092,  0.3876]])
Epoch 57 val loss: 0.7278316020965576
train batch 0 pred: tensor([[-0.1022,  0.0356],
        [-0.0582,  0.0283],
        [-0.0087, -0.0654],
        [-0.0446,  0.0601],
        [-0.0396,  0.0913]], device='cuda:0', grad_fn=<SliceBackward0>)
train batch 0 label: tensor([[-1.4184, -1.1628],
        [-0.7092,  1.1628],
        [-0.7092,  0.0000],
        [ 0.0000, -1.1628],
        [ 0.0000,  1.5504]])
batch 0 loss: 0.920620858669281
step 0
Loaded 2 validation batches, batch size 16
val batch 0 pred: tensor([[ 0.1166, -0.6233],
        [ 0.0694, -0.4203],
        [ 0.0994, -0.2513],
        [ 0.1934, -0.4873],
        [ 0.0404, -0.3086]], device='cuda:0')
val batch 0 label: tensor([[-0.7092, -0.7752],
        [ 1.4184,  0.0000],
        [ 1.4184,  1.1628],
        [ 0.7092, -0.3876],
        [-0.7092,  0.3876]])
Epoch 58 val loss: 0.7277668714523315
train batch 0 pred: tensor([[-0.0009,  0.0068],
        [ 0.1237, -0.0480],
        [ 0.0148, -0.1060],
        [-0.1353, -0.0067],
        [-0.2188,  0.2304]], device='cuda:0', grad_fn=<SliceBackward0>)
train batch 0 label: tensor([[ 0.0000,  0.0000],
        [ 1.4184,  0.3876],
        [ 0.0000, -1.5504],
        [-1.4184, -0.3876],
        [ 0.7092, -1.5504]])
batch 0 loss: 0.96224045753479
step 0
Loaded 2 validation batches, batch size 16
val batch 0 pred: tensor([[ 0.1169, -0.6237],
        [ 0.0696, -0.4205],
        [ 0.0995, -0.2514],
        [ 0.1937, -0.4876],
        [ 0.0404, -0.3087]], device='cuda:0')
val batch 0 label: tensor([[-0.7092, -0.7752],
        [ 1.4184,  0.0000],
        [ 1.4184,  1.1628],
        [ 0.7092, -0.3876],
        [-0.7092,  0.3876]])
Epoch 59 val loss: 0.7277179956436157
pred shape: torch.Size([16, 2])
label: tensor([[-1.4184, -1.5504],
        [ 0.7092,  0.7752],
        [ 0.0000, -1.5504],
        [ 1.4184,  1.1628],
        [ 1.4184,  1.5504],
        [-1.4184, -1.5504],
        [ 0.0000,  0.0000],
        [-0.7092, -1.1628],
        [ 0.7092, -1.1628],
        [ 0.0000,  0.0000],
        [-1.4184, -0.3876],
        [-1.4184,  0.7752],
        [-1.4184,  0.0000],
        [ 1.4184, -1.1628],
        [-1.4184,  0.0000],
        [ 0.0000,  0.0000]])
train batch 0 pred: tensor([[ 0.2958, -0.5843],
        [ 0.0658, -0.0432],
        [ 0.0572, -0.0335],
        [ 0.2207, -0.0883],
        [ 0.1973, -0.0945]], device='cuda:0', grad_fn=<SliceBackward0>)
train batch 0 label: tensor([[-1.4184, -1.5504],
        [ 0.7092,  0.7752],
        [ 0.0000, -1.5504],
        [ 1.4184,  1.1628],
        [ 1.4184,  1.5504]])
batch 0 loss: 0.9739687442779541
step 0
Loaded 2 validation batches, batch size 16
val batch 0 pred: tensor([[ 0.1170, -0.6241],
        [ 0.0697, -0.4207],
        [ 0.0996, -0.2515],
        [ 0.1939, -0.4880],
        [ 0.0403, -0.3089]], device='cuda:0')
val batch 0 label: tensor([[-0.7092, -0.7752],
        [ 1.4184,  0.0000],
        [ 1.4184,  1.1628],
        [ 0.7092, -0.3876],
        [-0.7092,  0.3876]])
Epoch 60 val loss: 0.7276995182037354
train batch 0 pred: tensor([[ 0.0331, -0.1756],
        [ 0.0114,  0.0798],
        [-0.0704,  0.1118],
        [-0.0818, -0.0165],
        [-0.0010,  0.0069]], device='cuda:0', grad_fn=<SliceBackward0>)
train batch 0 label: tensor([[ 0.0000, -0.7752],
        [ 0.0000,  1.1628],
        [-0.7092,  1.1628],
        [ 0.0000, -1.1628],
        [ 0.0000,  0.0000]])
batch 0 loss: 0.581078827381134
step 0
Loaded 2 validation batches, batch size 16
val batch 0 pred: tensor([[ 0.1172, -0.6244],
        [ 0.0698, -0.4208],
        [ 0.0997, -0.2515],
        [ 0.1941, -0.4883],
        [ 0.0403, -0.3091]], device='cuda:0')
val batch 0 label: tensor([[-0.7092, -0.7752],
        [ 1.4184,  0.0000],
        [ 1.4184,  1.1628],
        [ 0.7092, -0.3876],
        [-0.7092,  0.3876]])
Epoch 61 val loss: 0.7276699542999268
train batch 0 pred: tensor([[-0.1178, -0.0465],
        [-0.0587,  0.0290],
        [ 0.0345, -0.0257],
        [-0.0808,  0.0949],
        [ 0.0537,  0.0019]], device='cuda:0', grad_fn=<SliceBackward0>)
train batch 0 label: tensor([[-0.7092, -1.5504],
        [-0.7092,  1.1628],
        [ 0.0000,  1.1628],
        [ 0.0000,  1.5504],
        [ 0.7092,  1.1628]])
batch 0 loss: 0.7531734704971313
step 0
Loaded 2 validation batches, batch size 16
val batch 0 pred: tensor([[ 0.1173, -0.6246],
        [ 0.0699, -0.4209],
        [ 0.0998, -0.2515],
        [ 0.1943, -0.4885],
        [ 0.0403, -0.3092]], device='cuda:0')
val batch 0 label: tensor([[-0.7092, -0.7752],
        [ 1.4184,  0.0000],
        [ 1.4184,  1.1628],
        [ 0.7092, -0.3876],
        [-0.7092,  0.3876]])
Epoch 62 val loss: 0.7276443243026733
train batch 0 pred: tensor([[-0.0313,  0.0759],
        [-0.0991,  0.0562],
        [ 0.1054, -0.1172],
        [ 0.1978, -0.0944],
        [-0.0330, -0.0122]], device='cuda:0', grad_fn=<SliceBackward0>)
train batch 0 label: tensor([[ 0.7092,  1.1628],
        [-0.7092,  1.1628],
        [ 0.7092, -0.7752],
        [ 1.4184,  1.5504],
        [-0.7092,  1.5504]])
batch 0 loss: 1.1296000480651855
step 0
Loaded 2 validation batches, batch size 16
val batch 0 pred: tensor([[ 0.1174, -0.6247],
        [ 0.0700, -0.4210],
        [ 0.0998, -0.2515],
        [ 0.1944, -0.4886],
        [ 0.0403, -0.3092]], device='cuda:0')
val batch 0 label: tensor([[-0.7092, -0.7752],
        [ 1.4184,  0.0000],
        [ 1.4184,  1.1628],
        [ 0.7092, -0.3876],
        [-0.7092,  0.3876]])
Epoch 63 val loss: 0.7276204824447632
train batch 0 pred: tensor([[-0.1383,  0.0576],
        [-0.0010,  0.0069],
        [ 0.1000, -0.1158],
        [ 0.0782,  0.0165],
        [-0.0144, -0.0767]], device='cuda:0', grad_fn=<SliceBackward0>)
train batch 0 label: tensor([[-1.4184,  0.7752],
        [ 0.0000,  0.0000],
        [ 0.7092,  0.3876],
        [ 1.4184, -1.1628],
        [-0.7092, -0.3876]])
batch 0 loss: 0.5151791572570801
step 0
Loaded 2 validation batches, batch size 16
val batch 0 pred: tensor([[ 0.1174, -0.6248],
        [ 0.0700, -0.4210],
        [ 0.0998, -0.2515],
        [ 0.1944, -0.4887],
        [ 0.0403, -0.3093]], device='cuda:0')
val batch 0 label: tensor([[-0.7092, -0.7752],
        [ 1.4184,  0.0000],
        [ 1.4184,  1.1628],
        [ 0.7092, -0.3876],
        [-0.7092,  0.3876]])
Epoch 64 val loss: 0.7276103496551514
train batch 0 pred: tensor([[-0.1036, -0.0908],
        [-0.1617, -0.0629],
        [ 0.0715, -0.0026],
        [-0.0810,  0.0952],
        [ 0.1040, -0.0916]], device='cuda:0', grad_fn=<SliceBackward0>)
train batch 0 label: tensor([[-1.4184, -0.7752],
        [-1.4184,  0.3876],
        [ 1.4184, -1.5504],
        [ 0.0000,  1.5504],
        [ 0.7092, -1.1628]])
batch 0 loss: 1.0852527618408203
step 0
Loaded 2 validation batches, batch size 16
val batch 0 pred: tensor([[ 0.1174, -0.6249],
        [ 0.0700, -0.4210],
        [ 0.0998, -0.2515],
        [ 0.1945, -0.4888],
        [ 0.0403, -0.3093]], device='cuda:0')
val batch 0 label: tensor([[-0.7092, -0.7752],
        [ 1.4184,  0.0000],
        [ 1.4184,  1.1628],
        [ 0.7092, -0.3876],
        [-0.7092,  0.3876]])
Epoch 65 val loss: 0.7276026010513306
train batch 0 pred: tensor([[ 0.3809, -0.5676],
        [-0.2199,  0.2317],
        [ 0.0125,  0.0131],
        [-0.0010,  0.0069],
        [ 0.1559, -0.0022]], device='cuda:0', grad_fn=<SliceBackward0>)
train batch 0 label: tensor([[ 0.7092, -1.5504],
        [ 0.7092, -1.5504],
        [ 0.7092,  0.7752],
        [ 0.0000,  0.0000],
        [ 1.4184, -0.3876]])
batch 0 loss: 0.7807213664054871
step 0
Loaded 2 validation batches, batch size 16
val batch 0 pred: tensor([[ 0.1175, -0.6249],
        [ 0.0700, -0.4211],
        [ 0.0998, -0.2516],
        [ 0.1945, -0.4888],
        [ 0.0403, -0.3093]], device='cuda:0')
val batch 0 label: tensor([[-0.7092, -0.7752],
        [ 1.4184,  0.0000],
        [ 1.4184,  1.1628],
        [ 0.7092, -0.3876],
        [-0.7092,  0.3876]])
Epoch 66 val loss: 0.7276000380516052
train batch 0 pred: tensor([[-0.0857,  0.1105],
        [ 0.0356, -0.0388],
        [ 0.1055, -0.1171],
        [ 0.3809, -0.5677],
        [-0.0549,  0.1194]], device='cuda:0', grad_fn=<SliceBackward0>)
train batch 0 label: tensor([[-1.4184,  1.1628],
        [ 0.7092,  0.7752],
        [ 0.7092, -0.7752],
        [ 0.7092, -1.5504],
        [ 0.0000,  0.0000]])
batch 0 loss: 0.7920084595680237
step 0
Loaded 2 validation batches, batch size 16
val batch 0 pred: tensor([[ 0.1175, -0.6250],
        [ 0.0700, -0.4211],
        [ 0.0998, -0.2516],
        [ 0.1945, -0.4888],
        [ 0.0403, -0.3093]], device='cuda:0')
val batch 0 label: tensor([[-0.7092, -0.7752],
        [ 1.4184,  0.0000],
        [ 1.4184,  1.1628],
        [ 0.7092, -0.3876],
        [-0.7092,  0.3876]])
Epoch 67 val loss: 0.7275985479354858
train batch 0 pred: tensor([[ 0.4739, -0.5439],
        [ 0.1979, -0.1394],
        [ 0.4724, -0.5321],
        [-0.0033, -0.0105],
        [-0.0828,  0.0127]], device='cuda:0', grad_fn=<SliceBackward0>)
train batch 0 label: tensor([[ 0.7092, -1.5504],
        [ 1.4184, -0.3876],
        [ 1.4184, -1.5504],
        [ 0.0000, -0.7752],
        [-1.4184, -0.7752]])
batch 0 loss: 0.8677647113800049
step 0
Loaded 2 validation batches, batch size 16
val batch 0 pred: tensor([[ 0.1175, -0.6250],
        [ 0.0700, -0.4211],
        [ 0.0999, -0.2516],
        [ 0.1945, -0.4888],
        [ 0.0403, -0.3093]], device='cuda:0')
val batch 0 label: tensor([[-0.7092, -0.7752],
        [ 1.4184,  0.0000],
        [ 1.4184,  1.1628],
        [ 0.7092, -0.3876],
        [-0.7092,  0.3876]])
Epoch 68 val loss: 0.7275984883308411
train batch 0 pred: tensor([[ 0.1901, -0.6095],
        [-0.1470,  0.0089],
        [-0.0941,  0.0564],
        [ 0.1411, -0.1063],
        [ 0.1405, -0.0476]], device='cuda:0', grad_fn=<SliceBackward0>)
train batch 0 label: tensor([[ 1.4184, -1.1628],
        [-1.4184, -0.3876],
        [-0.7092,  0.7752],
        [ 1.4184,  1.1628],
        [ 1.4184, -0.3876]])
batch 0 loss: 0.8988062143325806
step 0
Loaded 2 validation batches, batch size 16
val batch 0 pred: tensor([[ 0.1175, -0.6250],
        [ 0.0700, -0.4211],
        [ 0.0999, -0.2516],
        [ 0.1945, -0.4888],
        [ 0.0403, -0.3093]], device='cuda:0')
val batch 0 label: tensor([[-0.7092, -0.7752],
        [ 1.4184,  0.0000],
        [ 1.4184,  1.1628],
        [ 0.7092, -0.3876],
        [-0.7092,  0.3876]])
Epoch 69 val loss: 0.7275984883308411
pred shape: torch.Size([16, 2])
label: tensor([[ 0.7092,  1.1628],
        [ 0.7092, -0.7752],
        [ 0.7092, -1.1628],
        [ 0.7092,  1.5504],
        [ 0.7092, -1.1628],
        [-1.4184, -1.1628],
        [ 1.4184, -1.1628],
        [ 0.7092,  0.7752],
        [ 0.0000,  0.0000],
        [-0.7092,  1.5504],
        [ 1.4184, -0.3876],
        [ 1.4184,  1.5504],
        [ 0.0000,  1.5504],
        [ 1.4184, -1.5504],
        [-0.7092, -0.3876],
        [-1.4184,  0.3876]])
train batch 0 pred: tensor([[ 0.0892, -0.0015],
        [ 0.0487, -0.0392],
        [ 0.0175, -0.0771],
        [ 0.0144, -0.0187],
        [ 0.0805,  0.0067]], device='cuda:0', grad_fn=<SliceBackward0>)
train batch 0 label: tensor([[ 0.7092,  1.1628],
        [ 0.7092, -0.7752],
        [ 0.7092, -1.1628],
        [ 0.7092,  1.5504],
        [ 0.7092, -1.1628]])
batch 0 loss: 1.052088975906372
step 0
Loaded 2 validation batches, batch size 16
val batch 0 pred: tensor([[ 0.1175, -0.6250],
        [ 0.0700, -0.4211],
        [ 0.0999, -0.2516],
        [ 0.1945, -0.4888],
        [ 0.0403, -0.3093]], device='cuda:0')
val batch 0 label: tensor([[-0.7092, -0.7752],
        [ 1.4184,  0.0000],
        [ 1.4184,  1.1628],
        [ 0.7092, -0.3876],
        [-0.7092,  0.3876]])
Epoch 70 val loss: 0.7275984883308411
train batch 0 pred: tensor([[-0.1288,  0.0442],
        [-0.1033,  0.0359],
        [-0.0828,  0.0127],
        [-0.0891,  0.0168],
        [-0.0010,  0.0069]], device='cuda:0', grad_fn=<SliceBackward0>)
train batch 0 label: tensor([[-0.7092, -1.1628],
        [-1.4184, -1.1628],
        [-1.4184, -0.7752],
        [-1.4184,  1.5504],
        [ 0.0000,  0.0000]])
batch 0 loss: 0.8030928373336792
step 0
Loaded 2 validation batches, batch size 16
val batch 0 pred: tensor([[ 0.1175, -0.6250],
        [ 0.0700, -0.4211],
        [ 0.0999, -0.2516],
        [ 0.1945, -0.4888],
        [ 0.0403, -0.3093]], device='cuda:0')
val batch 0 label: tensor([[-0.7092, -0.7752],
        [ 1.4184,  0.0000],
        [ 1.4184,  1.1628],
        [ 0.7092, -0.3876],
        [-0.7092,  0.3876]])
Epoch 71 val loss: 0.7275984883308411
train batch 0 pred: tensor([[ 0.0101, -0.0298],
        [-0.1811,  0.0526],
        [-0.0567,  0.0373],
        [ 0.0430, -0.0448],
        [-0.0514,  0.0059]], device='cuda:0', grad_fn=<SliceBackward0>)
train batch 0 label: tensor([[-0.7092, -1.1628],
        [-1.4184, -1.1628],
        [-1.4184,  1.5504],
        [ 0.7092,  1.5504],
        [-0.7092,  0.0000]])
batch 0 loss: 1.1349143981933594
step 0
Loaded 2 validation batches, batch size 16
val batch 0 pred: tensor([[ 0.1175, -0.6250],
        [ 0.0700, -0.4211],
        [ 0.0999, -0.2516],
        [ 0.1945, -0.4888],
        [ 0.0403, -0.3093]], device='cuda:0')
val batch 0 label: tensor([[-0.7092, -0.7752],
        [ 1.4184,  0.0000],
        [ 1.4184,  1.1628],
        [ 0.7092, -0.3876],
        [-0.7092,  0.3876]])
Epoch 72 val loss: 0.7275984883308411
train batch 0 pred: tensor([[ 0.0306,  0.0076],
        [ 0.0789, -0.0964],
        [ 0.1040, -0.0915],
        [ 0.0460, -0.0398],
        [ 0.1000, -0.1158]], device='cuda:0', grad_fn=<SliceBackward0>)
train batch 0 label: tensor([[ 0.7092,  0.7752],
        [ 1.4184,  0.0000],
        [ 0.7092, -1.1628],
        [ 0.7092, -0.7752],
        [ 0.7092,  0.3876]])
batch 0 loss: 0.8777437210083008
step 0
Loaded 2 validation batches, batch size 16
val batch 0 pred: tensor([[ 0.1175, -0.6250],
        [ 0.0700, -0.4211],
        [ 0.0999, -0.2516],
        [ 0.1945, -0.4888],
        [ 0.0403, -0.3093]], device='cuda:0')
val batch 0 label: tensor([[-0.7092, -0.7752],
        [ 1.4184,  0.0000],
        [ 1.4184,  1.1628],
        [ 0.7092, -0.3876],
        [-0.7092,  0.3876]])
Epoch 73 val loss: 0.7275984883308411
train batch 0 pred: tensor([[-0.1025,  0.0964],
        [-0.0010,  0.0069],
        [-0.0177,  0.1026],
        [-0.0385,  0.0348],
        [-0.0120,  0.0738]], device='cuda:0', grad_fn=<SliceBackward0>)
train batch 0 label: tensor([[-1.4184, -1.1628],
        [ 0.0000,  0.0000],
        [ 0.7092, -1.5504],
        [ 0.0000, -0.3876],
        [ 1.4184,  1.1628]])
batch 0 loss: 0.7276265621185303
step 0
Loaded 2 validation batches, batch size 16
val batch 0 pred: tensor([[ 0.1175, -0.6250],
        [ 0.0700, -0.4211],
        [ 0.0999, -0.2516],
        [ 0.1945, -0.4888],
        [ 0.0403, -0.3093]], device='cuda:0')
val batch 0 label: tensor([[-0.7092, -0.7752],
        [ 1.4184,  0.0000],
        [ 1.4184,  1.1628],
        [ 0.7092, -0.3876],
        [-0.7092,  0.3876]])
Epoch 74 val loss: 0.7275984883308411
train batch 0 pred: tensor([[ 0.1686, -0.0959],
        [-0.0301, -0.0105],
        [ 0.0745, -0.0459],
        [ 0.1144, -0.0459],
        [-0.1363, -0.0066]], device='cuda:0', grad_fn=<SliceBackward0>)
train batch 0 label: tensor([[ 1.4184, -0.3876],
        [ 0.0000,  0.0000],
        [ 1.4184, -1.1628],
        [ 1.4184, -0.3876],
        [-1.4184, -0.3876]])
batch 0 loss: 0.8263213634490967
step 0
Loaded 2 validation batches, batch size 16
val batch 0 pred: tensor([[ 0.1175, -0.6250],
        [ 0.0700, -0.4211],
        [ 0.0999, -0.2516],
        [ 0.1945, -0.4888],
        [ 0.0403, -0.3093]], device='cuda:0')
val batch 0 label: tensor([[-0.7092, -0.7752],
        [ 1.4184,  0.0000],
        [ 1.4184,  1.1628],
        [ 0.7092, -0.3876],
        [-0.7092,  0.3876]])
Epoch 75 val loss: 0.7275984883308411
train batch 0 pred: tensor([[-0.0195,  0.0206],
        [-0.0010,  0.0069],
        [ 0.1406, -0.0742],
        [-0.0010,  0.0069],
        [ 0.1405, -0.0476]], device='cuda:0', grad_fn=<SliceBackward0>)
train batch 0 label: tensor([[ 0.0000,  0.3876],
        [ 0.0000,  0.0000],
        [ 1.4184,  0.7752],
        [ 0.0000,  0.0000],
        [ 1.4184, -0.3876]])
batch 0 loss: 0.8736119270324707
step 0
Loaded 2 validation batches, batch size 16
val batch 0 pred: tensor([[ 0.1175, -0.6250],
        [ 0.0700, -0.4211],
        [ 0.0999, -0.2516],
        [ 0.1945, -0.4888],
        [ 0.0403, -0.3093]], device='cuda:0')
val batch 0 label: tensor([[-0.7092, -0.7752],
        [ 1.4184,  0.0000],
        [ 1.4184,  1.1628],
        [ 0.7092, -0.3876],
        [-0.7092,  0.3876]])
Epoch 76 val loss: 0.7275984883308411
train batch 0 pred: tensor([[-0.0177,  0.1026],
        [-0.0204,  0.0690],
        [-0.0195,  0.0206],
        [ 0.0175, -0.0771],
        [ 0.0306, -0.0935]], device='cuda:0', grad_fn=<SliceBackward0>)
train batch 0 label: tensor([[ 0.7092, -1.5504],
        [ 0.0000, -1.1628],
        [ 0.0000,  0.3876],
        [ 0.7092, -1.1628],
        [-0.7092, -1.5504]])
batch 0 loss: 0.994208574295044
step 0
Loaded 2 validation batches, batch size 16
val batch 0 pred: tensor([[ 0.1175, -0.6250],
        [ 0.0700, -0.4211],
        [ 0.0999, -0.2516],
        [ 0.1945, -0.4888],
        [ 0.0403, -0.3093]], device='cuda:0')
val batch 0 label: tensor([[-0.7092, -0.7752],
        [ 1.4184,  0.0000],
        [ 1.4184,  1.1628],
        [ 0.7092, -0.3876],
        [-0.7092,  0.3876]])
Epoch 77 val loss: 0.7275984883308411
train batch 0 pred: tensor([[ 0.0782,  0.0166],
        [-0.1037, -0.0908],
        [-0.1025,  0.0964],
        [-0.0567,  0.0373],
        [-0.0033, -0.0105]], device='cuda:0', grad_fn=<SliceBackward0>)
train batch 0 label: tensor([[ 1.4184, -1.1628],
        [-1.4184, -0.7752],
        [-1.4184, -1.1628],
        [-1.4184,  1.5504],
        [ 0.0000, -0.7752]])
batch 0 loss: 1.0880591869354248
step 0
Loaded 2 validation batches, batch size 16
val batch 0 pred: tensor([[ 0.1175, -0.6250],
        [ 0.0700, -0.4211],
        [ 0.0999, -0.2516],
        [ 0.1945, -0.4888],
        [ 0.0403, -0.3093]], device='cuda:0')
val batch 0 label: tensor([[-0.7092, -0.7752],
        [ 1.4184,  0.0000],
        [ 1.4184,  1.1628],
        [ 0.7092, -0.3876],
        [-0.7092,  0.3876]])
Epoch 78 val loss: 0.7275984883308411
train batch 0 pred: tensor([[-0.0010,  0.0069],
        [ 0.1686, -0.0959],
        [ 0.0999, -0.0222],
        [-0.0926,  0.0319],
        [-0.1363, -0.0066]], device='cuda:0', grad_fn=<SliceBackward0>)
train batch 0 label: tensor([[ 0.0000,  0.0000],
        [ 1.4184, -0.3876],
        [ 1.4184,  0.3876],
        [-1.4184,  0.7752],
        [-1.4184, -0.3876]])
batch 0 loss: 0.8997871279716492
step 0
Loaded 2 validation batches, batch size 16
val batch 0 pred: tensor([[ 0.1175, -0.6250],
        [ 0.0700, -0.4211],
        [ 0.0999, -0.2516],
        [ 0.1945, -0.4888],
        [ 0.0403, -0.3093]], device='cuda:0')
val batch 0 label: tensor([[-0.7092, -0.7752],
        [ 1.4184,  0.0000],
        [ 1.4184,  1.1628],
        [ 0.7092, -0.3876],
        [-0.7092,  0.3876]])
Epoch 79 val loss: 0.7275984883308411
pred shape: torch.Size([16, 2])
label: tensor([[ 0.0000,  1.1628],
        [ 1.4184, -0.3876],
        [ 0.0000, -0.7752],
        [-0.7092, -0.3876],
        [ 0.7092, -1.5504],
        [-0.7092,  0.0000],
        [ 0.0000, -1.5504],
        [ 1.4184,  0.3876],
        [ 0.7092, -0.7752],
        [ 0.0000, -0.3876],
        [ 0.0000,  0.0000],
        [ 0.0000, -0.3876],
        [-1.4184, -1.5504],
        [-1.4184, -0.3876],
        [-0.7092, -0.7752],
        [-1.4184,  1.1628]])
train batch 0 pred: tensor([[-0.0192,  0.0344],
        [ 0.1559, -0.0022],
        [-0.0033, -0.0105],
        [-0.0010, -0.4872],
        [-0.2200,  0.2317]], device='cuda:0', grad_fn=<SliceBackward0>)
train batch 0 label: tensor([[ 0.0000,  1.1628],
        [ 1.4184, -0.3876],
        [ 0.0000, -0.7752],
        [-0.7092, -0.3876],
        [ 0.7092, -1.5504]])
batch 0 loss: 0.7471202611923218
step 0
Loaded 2 validation batches, batch size 16
val batch 0 pred: tensor([[ 0.1175, -0.6250],
        [ 0.0700, -0.4211],
        [ 0.0999, -0.2516],
        [ 0.1945, -0.4888],
        [ 0.0403, -0.3093]], device='cuda:0')
val batch 0 label: tensor([[-0.7092, -0.7752],
        [ 1.4184,  0.0000],
        [ 1.4184,  1.1628],
        [ 0.7092, -0.3876],
        [-0.7092,  0.3876]])
Epoch 80 val loss: 0.7275984883308411
train batch 0 pred: tensor([[ 0.0805,  0.0067],
        [-0.0774,  0.0002],
        [-0.1510,  0.0387],
        [-0.0010,  0.0069],
        [ 0.0822,  0.0020]], device='cuda:0', grad_fn=<SliceBackward0>)
train batch 0 label: tensor([[ 0.7092, -1.1628],
        [-0.7092,  0.7752],
        [-0.7092, -0.3876],
        [ 0.0000,  0.0000],
        [ 0.7092,  1.5504]])
batch 0 loss: 0.8556026220321655
step 0
Loaded 2 validation batches, batch size 16
val batch 0 pred: tensor([[ 0.1175, -0.6250],
        [ 0.0700, -0.4211],
        [ 0.0999, -0.2516],
        [ 0.1945, -0.4888],
        [ 0.0403, -0.3093]], device='cuda:0')
val batch 0 label: tensor([[-0.7092, -0.7752],
        [ 1.4184,  0.0000],
        [ 1.4184,  1.1628],
        [ 0.7092, -0.3876],
        [-0.7092,  0.3876]])
Epoch 81 val loss: 0.7275984883308411
train batch 0 pred: tensor([[-0.0368, -0.0361],
        [ 0.2076, -0.1109],
        [-0.1171,  0.0176],
        [-0.0514,  0.0059],
        [-0.0010,  0.0069]], device='cuda:0', grad_fn=<SliceBackward0>)
train batch 0 label: tensor([[ 0.0000,  0.7752],
        [ 1.4184, -0.7752],
        [-0.7092, -0.3876],
        [-0.7092,  0.0000],
        [ 0.0000,  0.0000]])
batch 0 loss: 0.7568902373313904
step 0
Loaded 2 validation batches, batch size 16
val batch 0 pred: tensor([[ 0.1175, -0.6250],
        [ 0.0700, -0.4211],
        [ 0.0999, -0.2516],
        [ 0.1945, -0.4888],
        [ 0.0403, -0.3093]], device='cuda:0')
val batch 0 label: tensor([[-0.7092, -0.7752],
        [ 1.4184,  0.0000],
        [ 1.4184,  1.1628],
        [ 0.7092, -0.3876],
        [-0.7092,  0.3876]])
Epoch 82 val loss: 0.7275984883308411
train batch 0 pred: tensor([[-0.0491,  0.0540],
        [-0.0385,  0.0348],
        [-0.1776,  0.0249],
        [-0.0177,  0.1026],
        [ 0.1040, -0.0915]], device='cuda:0', grad_fn=<SliceBackward0>)
train batch 0 label: tensor([[ 0.0000,  0.3876],
        [ 0.0000, -0.3876],
        [-1.4184,  0.0000],
        [ 0.7092, -1.5504],
        [ 0.7092, -1.1628]])
batch 0 loss: 0.78094083070755
step 0
Loaded 2 validation batches, batch size 16
val batch 0 pred: tensor([[ 0.1175, -0.6250],
        [ 0.0700, -0.4211],
        [ 0.0999, -0.2516],
        [ 0.1945, -0.4888],
        [ 0.0403, -0.3093]], device='cuda:0')
val batch 0 label: tensor([[-0.7092, -0.7752],
        [ 1.4184,  0.0000],
        [ 1.4184,  1.1628],
        [ 0.7092, -0.3876],
        [-0.7092,  0.3876]])
Epoch 83 val loss: 0.7275984883308411
train batch 0 pred: tensor([[-0.1594,  0.0784],
        [-0.0882, -0.0454],
        [-0.0491,  0.0540],
        [-0.0101, -0.0215],
        [-0.1438,  0.0296]], device='cuda:0', grad_fn=<SliceBackward0>)
train batch 0 label: tensor([[-1.4184, -1.5504],
        [-1.4184,  0.0000],
        [ 0.0000,  0.3876],
        [ 0.0000,  1.5504],
        [-0.7092, -0.7752]])
batch 0 loss: 0.8828091025352478
step 0
Loaded 2 validation batches, batch size 16
val batch 0 pred: tensor([[ 0.1175, -0.6250],
        [ 0.0700, -0.4211],
        [ 0.0999, -0.2516],
        [ 0.1945, -0.4888],
        [ 0.0403, -0.3093]], device='cuda:0')
val batch 0 label: tensor([[-0.7092, -0.7752],
        [ 1.4184,  0.0000],
        [ 1.4184,  1.1628],
        [ 0.7092, -0.3876],
        [-0.7092,  0.3876]])
Epoch 84 val loss: 0.7275984883308411
train batch 0 pred: tensor([[-0.1171,  0.0176],
        [ 0.0460, -0.0398],
        [-0.0010,  0.0069],
        [-0.0010,  0.0069],
        [ 0.2076, -0.1109]], device='cuda:0', grad_fn=<SliceBackward0>)
train batch 0 label: tensor([[-0.7092, -0.3876],
        [ 0.7092, -0.7752],
        [ 0.0000,  0.0000],
        [ 0.0000,  0.0000],
        [ 1.4184, -0.7752]])
batch 0 loss: 0.8396276235580444
step 0
Loaded 2 validation batches, batch size 16
val batch 0 pred: tensor([[ 0.1175, -0.6250],
        [ 0.0700, -0.4211],
        [ 0.0999, -0.2516],
        [ 0.1945, -0.4888],
        [ 0.0403, -0.3093]], device='cuda:0')
val batch 0 label: tensor([[-0.7092, -0.7752],
        [ 1.4184,  0.0000],
        [ 1.4184,  1.1628],
        [ 0.7092, -0.3876],
        [-0.7092,  0.3876]])
Epoch 85 val loss: 0.7275984883308411
train batch 0 pred: tensor([[-0.0588,  0.0293],
        [-0.0368, -0.0361],
        [ 0.0356, -0.0388],
        [-0.1123, -0.0211],
        [ 0.0911,  0.0105]], device='cuda:0', grad_fn=<SliceBackward0>)
train batch 0 label: tensor([[-0.7092,  1.1628],
        [ 0.0000,  0.7752],
        [ 0.7092,  0.7752],
        [-1.4184, -1.1628],
        [ 0.7092,  0.3876]])
batch 0 loss: 0.7752700448036194
step 0
Loaded 2 validation batches, batch size 16
val batch 0 pred: tensor([[ 0.1175, -0.6250],
        [ 0.0700, -0.4211],
        [ 0.0999, -0.2516],
        [ 0.1945, -0.4888],
        [ 0.0403, -0.3093]], device='cuda:0')
val batch 0 label: tensor([[-0.7092, -0.7752],
        [ 1.4184,  0.0000],
        [ 1.4184,  1.1628],
        [ 0.7092, -0.3876],
        [-0.7092,  0.3876]])
Epoch 86 val loss: 0.7275984883308411
train batch 0 pred: tensor([[-0.0828,  0.0127],
        [-0.1288,  0.0442],
        [-0.1470,  0.0089],
        [-0.0451,  0.0608],
        [-0.0399,  0.0852]], device='cuda:0', grad_fn=<SliceBackward0>)
train batch 0 label: tensor([[-1.4184, -0.7752],
        [-0.7092, -1.1628],
        [-1.4184, -0.3876],
        [ 0.0000, -1.1628],
        [-0.7092, -1.5504]])
batch 0 loss: 0.8268460035324097
step 0
Loaded 2 validation batches, batch size 16
val batch 0 pred: tensor([[ 0.1175, -0.6250],
        [ 0.0700, -0.4211],
        [ 0.0999, -0.2516],
        [ 0.1945, -0.4888],
        [ 0.0403, -0.3093]], device='cuda:0')
val batch 0 label: tensor([[-0.7092, -0.7752],
        [ 1.4184,  0.0000],
        [ 1.4184,  1.1628],
        [ 0.7092, -0.3876],
        [-0.7092,  0.3876]])
Epoch 87 val loss: 0.7275984883308411
train batch 0 pred: tensor([[ 0.0478,  0.0149],
        [ 0.0745, -0.0459],
        [-0.0468,  0.0581],
        [-0.0010,  0.0069],
        [-0.0780,  0.0012]], device='cuda:0', grad_fn=<SliceBackward0>)
train batch 0 label: tensor([[ 0.7092,  0.0000],
        [ 1.4184, -1.1628],
        [ 0.0000, -0.3876],
        [ 0.0000,  0.0000],
        [-1.4184,  0.3876]])
batch 0 loss: 0.7129055857658386
step 0
Loaded 2 validation batches, batch size 16
val batch 0 pred: tensor([[ 0.1175, -0.6250],
        [ 0.0700, -0.4211],
        [ 0.0999, -0.2516],
        [ 0.1945, -0.4888],
        [ 0.0403, -0.3093]], device='cuda:0')
val batch 0 label: tensor([[-0.7092, -0.7752],
        [ 1.4184,  0.0000],
        [ 1.4184,  1.1628],
        [ 0.7092, -0.3876],
        [-0.7092,  0.3876]])
Epoch 88 val loss: 0.7275984883308411
train batch 0 pred: tensor([[ 0.0356, -0.0388],
        [-0.0451,  0.0608],
        [-0.0297, -0.0077],
        [ 0.0537,  0.0021],
        [-0.0010,  0.0069]], device='cuda:0', grad_fn=<SliceBackward0>)
train batch 0 label: tensor([[ 0.7092,  0.7752],
        [ 0.0000, -1.1628],
        [-0.7092, -1.1628],
        [ 0.7092,  1.1628],
        [ 0.0000,  0.0000]])
batch 0 loss: 0.8773560523986816
step 0
Loaded 2 validation batches, batch size 16
val batch 0 pred: tensor([[ 0.1175, -0.6250],
        [ 0.0700, -0.4211],
        [ 0.0999, -0.2516],
        [ 0.1945, -0.4888],
        [ 0.0403, -0.3093]], device='cuda:0')
val batch 0 label: tensor([[-0.7092, -0.7752],
        [ 1.4184,  0.0000],
        [ 1.4184,  1.1628],
        [ 0.7092, -0.3876],
        [-0.7092,  0.3876]])
Epoch 89 val loss: 0.7275984883308411
pred shape: torch.Size([16, 2])
label: tensor([[ 1.4184, -1.5504],
        [-1.4184,  0.3876],
        [-1.4184,  0.0000],
        [ 1.4184,  0.0000],
        [-1.4184,  1.5504],
        [ 0.0000,  1.5504],
        [-0.7092, -1.1628],
        [ 0.7092,  0.3876],
        [ 0.7092,  0.7752],
        [ 1.4184,  0.3876],
        [-1.4184,  0.7752],
        [-0.7092,  1.5504],
        [ 0.7092, -1.5504],
        [ 0.7092, -1.1628],
        [-0.7092,  1.1628],
        [-1.4184,  0.0000]])
train batch 0 pred: tensor([[ 0.0716, -0.0025],
        [-0.1618, -0.0629],
        [-0.0882, -0.0454],
        [ 0.0789, -0.0964],
        [-0.0567,  0.0373]], device='cuda:0', grad_fn=<SliceBackward0>)
train batch 0 label: tensor([[ 1.4184, -1.5504],
        [-1.4184,  0.3876],
        [-1.4184,  0.0000],
        [ 1.4184,  0.0000],
        [-1.4184,  1.5504]])
batch 0 loss: 1.0956058502197266
step 0
Loaded 2 validation batches, batch size 16
val batch 0 pred: tensor([[ 0.1175, -0.6250],
        [ 0.0700, -0.4211],
        [ 0.0999, -0.2516],
        [ 0.1945, -0.4888],
        [ 0.0403, -0.3093]], device='cuda:0')
val batch 0 label: tensor([[-0.7092, -0.7752],
        [ 1.4184,  0.0000],
        [ 1.4184,  1.1628],
        [ 0.7092, -0.3876],
        [-0.7092,  0.3876]])
Epoch 90 val loss: 0.7275984883308411
train batch 0 pred: tensor([[-0.0690, -0.1090],
        [ 0.0113,  0.0802],
        [-0.0588,  0.0293],
        [ 0.0125,  0.0131],
        [-0.0010,  0.0069]], device='cuda:0', grad_fn=<SliceBackward0>)
train batch 0 label: tensor([[-1.4184, -0.7752],
        [ 0.0000,  1.1628],
        [-0.7092,  1.1628],
        [ 0.7092,  0.7752],
        [ 0.0000,  0.0000]])
batch 0 loss: 0.5808388590812683
step 0
Loaded 2 validation batches, batch size 16
val batch 0 pred: tensor([[ 0.1175, -0.6250],
        [ 0.0700, -0.4211],
        [ 0.0999, -0.2516],
        [ 0.1945, -0.4888],
        [ 0.0403, -0.3093]], device='cuda:0')
val batch 0 label: tensor([[-0.7092, -0.7752],
        [ 1.4184,  0.0000],
        [ 1.4184,  1.1628],
        [ 0.7092, -0.3876],
        [-0.7092,  0.3876]])
Epoch 91 val loss: 0.7275984883308411
train batch 0 pred: tensor([[-0.0010,  0.0069],
        [ 0.1450, -0.0898],
        [ 0.0356, -0.0388],
        [ 0.1243, -0.0478],
        [-0.1103,  0.0059]], device='cuda:0', grad_fn=<SliceBackward0>)
train batch 0 label: tensor([[ 0.0000,  0.0000],
        [ 1.4184, -1.1628],
        [ 0.7092,  0.7752],
        [ 1.4184,  0.3876],
        [-1.4184,  0.3876]])
batch 0 loss: 0.8593496680259705
step 0
Loaded 2 validation batches, batch size 16
val batch 0 pred: tensor([[ 0.1175, -0.6250],
        [ 0.0700, -0.4211],
        [ 0.0999, -0.2516],
        [ 0.1945, -0.4888],
        [ 0.0403, -0.3093]], device='cuda:0')
val batch 0 label: tensor([[-0.7092, -0.7752],
        [ 1.4184,  0.0000],
        [ 1.4184,  1.1628],
        [ 0.7092, -0.3876],
        [-0.7092,  0.3876]])
Epoch 92 val loss: 0.7275984883308411
train batch 0 pred: tensor([[-0.0330, -0.0121],
        [-0.0780,  0.0012],
        [ 0.0101, -0.0298],
        [-0.0672, -0.0519],
        [-0.0010,  0.0069]], device='cuda:0', grad_fn=<SliceBackward0>)
train batch 0 label: tensor([[-0.7092,  1.5504],
        [-1.4184,  0.3876],
        [-0.7092, -1.1628],
        [ 0.0000,  0.7752],
        [ 0.0000,  0.0000]])
batch 0 loss: 0.7177744507789612
step 0
Loaded 2 validation batches, batch size 16
val batch 0 pred: tensor([[ 0.1175, -0.6250],
        [ 0.0700, -0.4211],
        [ 0.0999, -0.2516],
        [ 0.1945, -0.4888],
        [ 0.0403, -0.3093]], device='cuda:0')
val batch 0 label: tensor([[-0.7092, -0.7752],
        [ 1.4184,  0.0000],
        [ 1.4184,  1.1628],
        [ 0.7092, -0.3876],
        [-0.7092,  0.3876]])
Epoch 93 val loss: 0.7275984883308411
train batch 0 pred: tensor([[ 0.0892, -0.0015],
        [ 0.0370,  0.0611],
        [-0.1713,  0.0274],
        [-0.2200,  0.2317],
        [-0.1255,  0.0585]], device='cuda:0', grad_fn=<SliceBackward0>)
train batch 0 label: tensor([[ 0.7092,  1.1628],
        [ 0.7092,  0.3876],
        [-1.4184, -1.5504],
        [ 0.7092, -1.5504],
        [-1.4184,  0.7752]])
batch 0 loss: 0.8833011984825134
step 0
Loaded 2 validation batches, batch size 16
val batch 0 pred: tensor([[ 0.1175, -0.6250],
        [ 0.0700, -0.4211],
        [ 0.0999, -0.2516],
        [ 0.1945, -0.4888],
        [ 0.0403, -0.3093]], device='cuda:0')
val batch 0 label: tensor([[-0.7092, -0.7752],
        [ 1.4184,  0.0000],
        [ 1.4184,  1.1628],
        [ 0.7092, -0.3876],
        [-0.7092,  0.3876]])
Epoch 94 val loss: 0.7275984883308411
train batch 0 pred: tensor([[-0.0451,  0.0608],
        [ 0.0910, -0.0022],
        [-0.0588,  0.0293],
        [-0.0514,  0.0059],
        [-0.1171,  0.0176]], device='cuda:0', grad_fn=<SliceBackward0>)
train batch 0 label: tensor([[ 0.0000, -1.1628],
        [ 0.7092,  1.5504],
        [-0.7092,  1.1628],
        [-0.7092,  0.0000],
        [-0.7092, -0.3876]])
batch 0 loss: 0.7923555374145508
step 0
Loaded 2 validation batches, batch size 16
val batch 0 pred: tensor([[ 0.1175, -0.6250],
        [ 0.0700, -0.4211],
        [ 0.0999, -0.2516],
        [ 0.1945, -0.4888],
        [ 0.0403, -0.3093]], device='cuda:0')
val batch 0 label: tensor([[-0.7092, -0.7752],
        [ 1.4184,  0.0000],
        [ 1.4184,  1.1628],
        [ 0.7092, -0.3876],
        [-0.7092,  0.3876]])
Epoch 95 val loss: 0.7275984883308411
train batch 0 pred: tensor([[-0.1181,  0.0042],
        [ 0.1559, -0.0022],
        [-0.0468,  0.0581],
        [-0.0010,  0.0069],
        [-0.0680,  0.0312]], device='cuda:0', grad_fn=<SliceBackward0>)
train batch 0 label: tensor([[-1.4184,  1.1628],
        [ 1.4184, -0.3876],
        [ 0.0000, -0.3876],
        [ 0.0000,  0.0000],
        [ 0.0000,  1.1628]])
batch 0 loss: 0.858051061630249
step 0
Loaded 2 validation batches, batch size 16
val batch 0 pred: tensor([[ 0.1175, -0.6250],
        [ 0.0700, -0.4211],
        [ 0.0999, -0.2516],
        [ 0.1945, -0.4888],
        [ 0.0403, -0.3093]], device='cuda:0')
val batch 0 label: tensor([[-0.7092, -0.7752],
        [ 1.4184,  0.0000],
        [ 1.4184,  1.1628],
        [ 0.7092, -0.3876],
        [-0.7092,  0.3876]])
Epoch 96 val loss: 0.7275984883308411
train batch 0 pred: tensor([[-0.0366, -0.0659],
        [-0.1259,  0.0304],
        [ 0.1055, -0.1171],
        [ 0.0709,  0.0178],
        [-0.1341,  0.0372]], device='cuda:0', grad_fn=<SliceBackward0>)
train batch 0 label: tensor([[-1.4184,  0.7752],
        [-0.7092, -1.1628],
        [ 0.7092, -0.7752],
        [ 0.7092,  0.0000],
        [-1.4184,  1.5504]])
batch 0 loss: 0.9220355749130249
step 0
Loaded 2 validation batches, batch size 16
val batch 0 pred: tensor([[ 0.1175, -0.6250],
        [ 0.0700, -0.4211],
        [ 0.0999, -0.2516],
        [ 0.1945, -0.4888],
        [ 0.0403, -0.3093]], device='cuda:0')
val batch 0 label: tensor([[-0.7092, -0.7752],
        [ 1.4184,  0.0000],
        [ 1.4184,  1.1628],
        [ 0.7092, -0.3876],
        [-0.7092,  0.3876]])
Epoch 97 val loss: 0.7275984883308411
train batch 0 pred: tensor([[ 0.3810, -0.5677],
        [-0.0101, -0.0215],
        [ 0.0716, -0.0025],
        [-0.0680,  0.0312],
        [-0.0857,  0.1105]], device='cuda:0', grad_fn=<SliceBackward0>)
train batch 0 label: tensor([[ 0.7092, -1.5504],
        [ 0.0000,  1.5504],
        [ 1.4184, -1.5504],
        [ 0.0000,  1.1628],
        [-1.4184,  1.1628]])
batch 0 loss: 1.0465953350067139
step 0
Loaded 2 validation batches, batch size 16
val batch 0 pred: tensor([[ 0.1175, -0.6250],
        [ 0.0700, -0.4211],
        [ 0.0999, -0.2516],
        [ 0.1945, -0.4888],
        [ 0.0403, -0.3093]], device='cuda:0')
val batch 0 label: tensor([[-0.7092, -0.7752],
        [ 1.4184,  0.0000],
        [ 1.4184,  1.1628],
        [ 0.7092, -0.3876],
        [-0.7092,  0.3876]])
Epoch 98 val loss: 0.7275984883308411
train batch 0 pred: tensor([[ 0.0745, -0.0459],
        [ 0.0406, -0.0377],
        [-0.0145, -0.0767],
        [ 0.0071,  0.1459],
        [-0.1597,  0.0514]], device='cuda:0', grad_fn=<SliceBackward0>)
train batch 0 label: tensor([[ 1.4184, -1.1628],
        [ 0.7092, -0.3876],
        [-0.7092, -0.3876],
        [ 1.4184,  0.0000],
        [-1.4184,  0.0000]])
batch 0 loss: 0.812894344329834
step 0
Loaded 2 validation batches, batch size 16
val batch 0 pred: tensor([[ 0.1175, -0.6250],
        [ 0.0700, -0.4211],
        [ 0.0999, -0.2516],
        [ 0.1945, -0.4888],
        [ 0.0403, -0.3093]], device='cuda:0')
val batch 0 label: tensor([[-0.7092, -0.7752],
        [ 1.4184,  0.0000],
        [ 1.4184,  1.1628],
        [ 0.7092, -0.3876],
        [-0.7092,  0.3876]])
Epoch 99 val loss: 0.7275984883308411
all checkpoints saved to checkpoints/upgraded-linear-probe/A123-no-pred-linear-178655_2026-04-29_20-14-52
[1;34mwandb[0m: 
[1;34mwandb[0m: 🚀 View run [33mA123-no-pred-linear-178655[0m at: [34mhttps://wandb.ai/aditirai2020-new-york-university/physics-jepa/runs/u9yjpdal[0m
[1;34mwandb[0m: Find logs at: [1;35mwandb/run-20260429_201404-u9yjpdal/logs[0m
