dataset:
  name: active_matter
  num_frames: 8
  num_frames_per_patch: 2
  num_chans: 11
  resolution: 224
  offset: 1
  gap_frames: 0
model:
  dims:
  - 16
  - 32
  - 64
  - 128
  - 128
  num_res_blocks:
  - 3
  - 3
  - 3
  - 9
  - 3
  name: cnn
  objective: jepa
  use_channel_stem: true
  use_temporal_mixer: true
  predictor_scale_factor: 3
  predictor_depth: 2
ft:
  num_epochs: 100
  lr: 0.001
  batch_size: 16
  report_every: 100
  save_every: 10
  head_type: linear
  embeddings_dir: ./embeddings/A234_no_gap
  task: regression
  use_attentive_pooling: false
  lr_scheduler: cosine
  lr_scheduler_warmup_epochs: 2
  min_lr: 0
  weight_decay: 0.01
  noise_std: 0.0
  run_name: A234-no-gap-linear-178560
  distributed: false
train:
  run_name: eval-upgraded
  num_epochs: 5
  batch_size: 4
  report_every: 100
  save_every: 2
  include_labels: false
  sim_coeff: 2
  std_coeff: 40
  cov_coeff: 2
  predict_n_steps: false
  lr_scheduler: cosine
  lr_scheduler_warmup_epochs: 2
  min_lr: 1.0e-06
  lr: 0.001
  weight_decay: 0.05
  noise_std: 1.0
  distributed: false
out_path: ./checkpoints/upgraded-linear-probe
cache_path: ./dataset_cache
dry_run: false
seed: 42

dataset:
  name: active_matter
  num_frames: 8
  num_frames_per_patch: 2
  num_chans: 11
  resolution: 224
  offset: 1
  gap_frames: 0
model:
  dims:
  - 16
  - 32
  - 64
  - 128
  - 128
  num_res_blocks:
  - 3
  - 3
  - 3
  - 9
  - 3
  name: cnn
  objective: jepa
  use_channel_stem: true
  use_temporal_mixer: true
  predictor_scale_factor: 3
  predictor_depth: 2
ft:
  num_epochs: 100
  lr: 0.001
  batch_size: 16
  report_every: 100
  save_every: 10
  head_type: linear
  embeddings_dir: ./embeddings/A234_no_gap
  task: regression
  use_attentive_pooling: false
  lr_scheduler: cosine
  lr_scheduler_warmup_epochs: 2
  min_lr: 0
  weight_decay: 0.01
  noise_std: 0.0
  run_name: A234-no-gap-linear-178560
  distributed: false
train:
  run_name: eval-upgraded
  num_epochs: 5
  batch_size: 4
  report_every: 100
  save_every: 2
  include_labels: false
  sim_coeff: 2
  std_coeff: 40
  cov_coeff: 2
  predict_n_steps: false
  lr_scheduler: cosine
  lr_scheduler_warmup_epochs: 2
  min_lr: 1.0e-06
  lr: 0.001
  weight_decay: 0.05
  noise_std: 1.0
  distributed: false
out_path: ./checkpoints/upgraded-linear-probe
cache_path: ./dataset_cache
dry_run: false
seed: 42

total number of block pairs in train dataset: 175
populating rank from args: 0
no embeddings found at embeddings/A234_no_gap/YOUR_FOLDER_NAME_ConvEncoder_49.pth_embeddings_train.h5, calculating
total number of block pairs in train dataset: 175
loading state dict from /scratch/ml9542/active-matter-representation/checkpoints/YOUR_FOLDER_NAME/ConvEncoder_49.pth
[1;34mwandb[0m: 
[1;34mwandb[0m: 🚀 View run [33mA234-no-gap-linear-178560[0m at: [34mhttps://wandb.ai/aditirai2020-new-york-university/physics-jepa/runs/og8w1m9t[0m
[1;34mwandb[0m: Find logs at: [1;35mwandb/run-20260429_190631-og8w1m9t/logs[0m
