dataset:
  name: active_matter
  num_frames: 16
  num_frames_per_patch: 2
  num_chans: 11
  resolution: 224
  offset: 1
  gap_frames: 8
model:
  dims:
  - 32
  - 64
  - 128
  - 256
  - 256
  num_res_blocks:
  - 3
  - 3
  - 3
  - 9
  - 3
  name: cnn
  objective: jepa
  use_channel_stem: true
  use_temporal_mixer: true
  predictor_scale_factor: 3
  predictor_depth: 2
  preserve_temporal: false
ft:
  num_epochs: 100
  lr: 0.001
  batch_size: 32
  report_every: 100
  save_every: 10
  head_type: linear
  embeddings_dir: ./embeddings
  task: regression
  lr_scheduler: cosine
  lr_scheduler_warmup_epochs: 2
  min_lr: 0
  weight_decay: 0.01
  noise_std: 1.0
  run_name: upgraded-jepa-FT
  distributed: false
train:
  start_epoch: 0
  num_epochs: 30
  batch_size: 2
  report_every: 100
  save_every: 2
  include_labels: false
  sim_coeff: 10
  std_coeff: 25
  cov_coeff: 1
  predict_n_steps: false
  lr_scheduler: cosine
  lr_scheduler_warmup_epochs: 2
  min_lr: 1.0e-06
  lr: 0.001
  weight_decay: 0.05
  noise_std: 1.0
  run_name: ablation-no-temporal-seed
  distributed: true
  target_global_batch_size: 8
out_path: ./checkpoints/ablation-no-temporal-seed
cache_path: ./dataset_cache
seed: 0
dry_run: false

dataset:
  name: active_matter
  num_frames: 16
  num_frames_per_patch: 2
  num_chans: 11
  resolution: 224
  offset: 1
  gap_frames: 8
model:
  dims:
  - 32
  - 64
  - 128
  - 256
  - 256
  num_res_blocks:
  - 3
  - 3
  - 3
  - 9
  - 3
  name: cnn
  objective: jepa
  use_channel_stem: true
  use_temporal_mixer: true
  predictor_scale_factor: 3
  predictor_depth: 2
  preserve_temporal: false
ft:
  num_epochs: 100
  lr: 0.001
  batch_size: 32
  report_every: 100
  save_every: 10
  head_type: linear
  embeddings_dir: ./embeddings
  task: regression
  lr_scheduler: cosine
  lr_scheduler_warmup_epochs: 2
  min_lr: 0
  weight_decay: 0.01
  noise_std: 1.0
  run_name: upgraded-jepa-FT
  distributed: false
train:
  start_epoch: 0
  num_epochs: 30
  batch_size: 2
  report_every: 100
  save_every: 2
  include_labels: false
  sim_coeff: 10
  std_coeff: 25
  cov_coeff: 1
  predict_n_steps: false
  lr_scheduler: cosine
  lr_scheduler_warmup_epochs: 2
  min_lr: 1.0e-06
  lr: 0.001
  weight_decay: 0.05
  noise_std: 1.0
  run_name: ablation-no-temporal-seed
  distributed: true
  target_global_batch_size: 8
out_path: ./checkpoints/ablation-no-temporal-seed
cache_path: ./dataset_cache
seed: 0
dry_run: false

total number of block pairs in train dataset: 175
Loaded 87 training batches per device on 1 devices, batch size 2
num encoder parameters: 10005729
num predictor parameters: 11100160
name                                  type              in→out      kernel        stride        pad           dil         groups    bias    depthwise  params        out_shape           
-----------------------------------------------------------------------------------------------------------------------------------------------------------------------------------------
channel_stem.0                        Conv3d            11→64       (1, 1, 1)     (1, 1, 1)     (0, 0, 0)     (1, 1, 1)   1         ✓                  768                               
channel_stem.3                        Conv3d            64→11       (1, 1, 1)     (1, 1, 1)     (0, 0, 0)     (1, 1, 1)   1         ✓                  715                               
temporal_mixers.0.temporal_conv       Conv3d            32→32       (3, 1, 1)     (1, 1, 1)     (1, 0, 0)     (1, 1, 1)   32        ✓       ✓          128                               
temporal_mixers.0.channel_mlp.0       Conv3d            32→128      (1, 1, 1)     (1, 1, 1)     (0, 0, 0)     (1, 1, 1)   1         ✓                  4224                              
temporal_mixers.0.channel_mlp.2       Conv3d            128→32      (1, 1, 1)     (1, 1, 1)     (0, 0, 0)     (1, 1, 1)   1         ✓                  4128                              
temporal_mixers.1.temporal_conv       Conv3d            64→64       (3, 1, 1)     (1, 1, 1)     (1, 0, 0)     (1, 1, 1)   64        ✓       ✓          256                               
temporal_mixers.1.channel_mlp.0       Conv3d            64→256      (1, 1, 1)     (1, 1, 1)     (0, 0, 0)     (1, 1, 1)   1         ✓                  16640                             
temporal_mixers.1.channel_mlp.2       Conv3d            256→64      (1, 1, 1)     (1, 1, 1)     (0, 0, 0)     (1, 1, 1)   1         ✓                  16448                             
temporal_mixers.2.temporal_conv       Conv3d            128→128     (3, 1, 1)     (1, 1, 1)     (1, 0, 0)     (1, 1, 1)   128       ✓       ✓          512                               
temporal_mixers.2.channel_mlp.0       Conv3d            128→512     (1, 1, 1)     (1, 1, 1)     (0, 0, 0)     (1, 1, 1)   1         ✓                  66048                             
temporal_mixers.2.channel_mlp.2       Conv3d            512→128     (1, 1, 1)     (1, 1, 1)     (0, 0, 0)     (1, 1, 1)   1         ✓                  65664                             
temporal_mixers.3.temporal_conv       Conv3d            256→256     (3, 1, 1)     (1, 1, 1)     (1, 0, 0)     (1, 1, 1)   256       ✓       ✓          1024                              
temporal_mixers.3.channel_mlp.0       Conv3d            256→1024    (1, 1, 1)     (1, 1, 1)     (0, 0, 0)     (1, 1, 1)   1         ✓                  263168                            
temporal_mixers.3.channel_mlp.2       Conv3d            1024→256    (1, 1, 1)     (1, 1, 1)     (0, 0, 0)     (1, 1, 1)   1         ✓                  262400                            
temporal_mixers.4.temporal_conv       Conv3d            256→256     (3, 1, 1)     (1, 1, 1)     (1, 0, 0)     (1, 1, 1)   256       ✓       ✓          1024                              
temporal_mixers.4.channel_mlp.0       Conv3d            256→1024    (1, 1, 1)     (1, 1, 1)     (0, 0, 0)     (1, 1, 1)   1         ✓                  263168                            
temporal_mixers.4.channel_mlp.2       Conv3d            1024→256    (1, 1, 1)     (1, 1, 1)     (0, 0, 0)     (1, 1, 1)   1         ✓                  262400                            
downsample_layers.0.0                 Conv3d            11→32       (1, 4, 4)     (1, 1, 1)     same          (1, 1, 1)   1         ✓                  5664                              
downsample_layers.1.1                 Conv3d            32→64       (2, 2, 2)     (2, 2, 2)     (0, 0, 0)     (1, 1, 1)   1         ✓                  16448                             
downsample_layers.2.1                 Conv3d            64→128      (2, 2, 2)     (2, 2, 2)     (0, 0, 0)     (1, 1, 1)   1         ✓                  65664                             
downsample_layers.3.1                 Conv3d            128→256     (2, 2, 2)     (2, 2, 2)     (0, 0, 0)     (1, 1, 1)   1         ✓                  262400                            
downsample_layers.4.1                 Conv3d            256→256     (2, 2, 2)     (2, 2, 2)     (0, 0, 0)     (1, 1, 1)   1         ✓                  524544                            
res_blocks.0.0.conv                   Conv3d            32→32       (7, 7, 7)     (1, 1, 1)     (3, 3, 3)     (1, 1, 1)   32        ✓       ✓          11008                             
res_blocks.0.1.conv                   Conv3d            32→32       (7, 7, 7)     (1, 1, 1)     (3, 3, 3)     (1, 1, 1)   32        ✓       ✓          11008                             
res_blocks.0.2.conv                   Conv3d            32→32       (7, 7, 7)     (1, 1, 1)     (3, 3, 3)     (1, 1, 1)   32        ✓       ✓          11008                             
res_blocks.1.0.conv                   Conv3d            64→64       (7, 7, 7)     (1, 1, 1)     (3, 3, 3)     (1, 1, 1)   64        ✓       ✓          22016                             
res_blocks.1.1.conv                   Conv3d            64→64       (7, 7, 7)     (1, 1, 1)     (3, 3, 3)     (1, 1, 1)   64        ✓       ✓          22016                             
res_blocks.1.2.conv                   Conv3d            64→64       (7, 7, 7)     (1, 1, 1)     (3, 3, 3)     (1, 1, 1)   64        ✓       ✓          22016                             
res_blocks.2.0.conv                   Conv3d            128→128     (7, 7, 7)     (1, 1, 1)     (3, 3, 3)     (1, 1, 1)   128       ✓       ✓          44032                             
res_blocks.2.1.conv                   Conv3d            128→128     (7, 7, 7)     (1, 1, 1)     (3, 3, 3)     (1, 1, 1)   128       ✓       ✓          44032                             
res_blocks.2.2.conv                   Conv3d            128→128     (7, 7, 7)     (1, 1, 1)     (3, 3, 3)     (1, 1, 1)   128       ✓       ✓          44032                             
res_blocks.3.0.conv                   Conv3d            256→256     (7, 7, 7)     (1, 1, 1)     (3, 3, 3)     (1, 1, 1)   256       ✓       ✓          88064                             
res_blocks.3.1.conv                   Conv3d            256→256     (7, 7, 7)     (1, 1, 1)     (3, 3, 3)     (1, 1, 1)   256       ✓       ✓          88064                             
res_blocks.3.2.conv                   Conv3d            256→256     (7, 7, 7)     (1, 1, 1)     (3, 3, 3)     (1, 1, 1)   256       ✓       ✓          88064                             
res_blocks.3.3.conv                   Conv3d            256→256     (7, 7, 7)     (1, 1, 1)     (3, 3, 3)     (1, 1, 1)   256       ✓       ✓          88064                             
res_blocks.3.4.conv                   Conv3d            256→256     (7, 7, 7)     (1, 1, 1)     (3, 3, 3)     (1, 1, 1)   256       ✓       ✓          88064                             
res_blocks.3.5.conv                   Conv3d            256→256     (7, 7, 7)     (1, 1, 1)     (3, 3, 3)     (1, 1, 1)   256       ✓       ✓          88064                             
res_blocks.3.6.conv                   Conv3d            256→256     (7, 7, 7)     (1, 1, 1)     (3, 3, 3)     (1, 1, 1)   256       ✓       ✓          88064                             
res_blocks.3.7.conv                   Conv3d            256→256     (7, 7, 7)     (1, 1, 1)     (3, 3, 3)     (1, 1, 1)   256       ✓       ✓          88064                             
res_blocks.3.8.conv                   Conv3d            256→256     (7, 7, 7)     (1, 1, 1)     (3, 3, 3)     (1, 1, 1)   256       ✓       ✓          88064                             
res_blocks.4.0.conv                   Conv2d            256→256     (7, 7)        (1, 1)        (3, 3)        (1, 1)      256       ✓       ✓          12800                             
res_blocks.4.1.conv                   Conv2d            256→256     (7, 7)        (1, 1)        (3, 3)        (1, 1)      256       ✓       ✓          12800                             
res_blocks.4.2.conv                   Conv2d            256→256     (7, 7)        (1, 1)        (3, 3)        (1, 1)      256       ✓       ✓          12800                             
using gradient accumulation with 4 steps
using cosine scheduler with max_lr 0.001, min_lr 1e-06, warmup_steps 44, total_updates 653
starting to train w/ 87 batches per device
EMA target encoder: tau 0.9960 -> 0.9990 over 653 updates
Weight init seed (PyTorch): 13815596017198348570
Using seed: 0
ctx shape before pad (b c t h w): torch.Size([2, 11, 16, 224, 224])
pred shape: torch.Size([2, 256, 14, 14])
train batch 0 pred: tensor([[[[ 2.4230e-01,  3.1576e-01,  1.8974e-01,  ...,  1.8349e-01,
            2.1163e-01,  3.0535e-01],
          [ 3.1796e-01,  3.1173e-01,  2.0454e-01,  ...,  1.7200e-01,
            2.5223e-01,  3.5978e-01],
          [ 3.3212e-01,  3.1753e-01,  3.6603e-01,  ...,  2.5769e-01,
            2.6930e-01,  3.5591e-01],
          ...,
          [ 2.2989e-01,  4.4183e-01,  4.3934e-01,  ...,  3.9859e-01,
            2.4753e-01,  3.3746e-01],
          [ 2.4210e-01,  3.7034e-01,  3.9344e-01,  ...,  4.8511e-01,
            3.6184e-01,  2.1667e-01],
          [ 2.9492e-01,  2.0321e-01,  2.1814e-01,  ...,  2.8073e-01,
            2.9324e-01,  2.2478e-01]],

         [[-1.1381e-01, -1.7183e-01, -1.3240e-01,  ..., -1.8765e-02,
            5.7774e-03, -3.7358e-02],
          [-1.2817e-01, -2.0788e-01, -1.9836e-01,  ..., -1.5863e-01,
           -1.2037e-01, -2.4025e-01],
          [-8.0840e-02, -1.7729e-01, -5.1075e-02,  ..., -1.8137e-01,
           -8.6410e-02, -2.6572e-01],
          ...,
          [-3.0875e-01, -2.7072e-01, -1.4072e-01,  ..., -3.3300e-01,
           -7.0534e-02, -1.9937e-01],
          [-1.3474e-01, -2.5606e-01, -2.3906e-01,  ..., -1.4164e-01,
           -9.5346e-02, -2.1570e-01],
          [-5.2775e-02, -1.6277e-01, -2.4569e-01,  ..., -1.9287e-01,
           -1.6084e-01, -2.6187e-01]],

         [[ 1.6285e-01,  2.3124e-01,  2.3018e-01,  ...,  1.8627e-01,
            1.7643e-01,  6.1826e-03],
          [ 1.1320e-01,  2.7402e-01,  3.2304e-01,  ...,  2.2632e-01,
            2.5423e-01, -1.2756e-01],
          [ 1.3312e-01,  3.2909e-01,  4.5546e-01,  ...,  4.4580e-01,
            2.2567e-01, -1.2430e-01],
          ...,
          [ 2.3596e-01,  3.5755e-01,  3.1608e-01,  ...,  2.6165e-01,
            3.6383e-01,  2.3654e-01],
          [ 1.6696e-01,  4.6884e-01,  3.9212e-01,  ...,  2.7614e-01,
            3.2898e-01,  1.5062e-01],
          [ 1.0649e-01,  2.9620e-01,  3.7334e-01,  ...,  3.9709e-01,
            2.3601e-01,  1.8500e-01]],

         ...,

         [[ 6.7338e-02,  2.3566e-01,  2.6744e-01,  ...,  2.9354e-01,
            2.0382e-01,  1.8995e-01],
          [ 5.0705e-02,  2.2353e-01,  2.3350e-01,  ...,  2.5731e-01,
            8.8273e-02,  6.0813e-02],
          [ 1.4382e-01,  1.8366e-01,  1.8348e-01,  ...,  3.0552e-01,
            1.0201e-01,  1.4925e-01],
          ...,
          [ 6.7091e-02,  1.6779e-01,  1.9267e-01,  ...,  2.4439e-01,
            2.2600e-01,  3.1276e-01],
          [ 9.2134e-02,  2.7859e-01,  2.0353e-01,  ...,  5.6464e-02,
            1.9444e-01,  2.5182e-01],
          [ 2.0294e-01,  2.2112e-01,  2.7508e-01,  ...,  2.5949e-01,
            2.5452e-01,  1.8447e-01]],

         [[-1.4758e-01,  3.4404e-02, -3.4407e-02,  ...,  2.1695e-01,
            1.1688e-01,  7.4859e-03],
          [-1.1433e-02,  1.2402e-01,  2.7858e-02,  ...,  9.8493e-02,
            1.2686e-01, -2.7621e-03],
          [ 6.8405e-02,  4.5119e-02,  7.8821e-02,  ..., -9.7391e-02,
            2.2110e-02,  6.9721e-02],
          ...,
          [-1.0702e-01,  1.4690e-01,  2.5740e-01,  ...,  2.0969e-01,
            9.5153e-03,  3.7782e-02],
          [-6.2462e-02,  2.6060e-03,  9.2154e-02,  ...,  2.3123e-01,
            1.1941e-01, -3.3317e-02],
          [ 8.5532e-02,  1.1816e-03, -1.9762e-03,  ...,  5.3578e-02,
            6.5918e-02,  7.7562e-02]],

         [[-1.5144e-01, -7.2588e-02, -1.5725e-02,  ...,  2.3224e-02,
            7.1955e-02, -1.0828e-02],
          [-2.2818e-01, -2.8279e-01,  2.2377e-02,  ..., -6.8397e-02,
            2.2182e-01,  1.6544e-01],
          [-2.3232e-01, -2.5179e-01, -7.5949e-02,  ...,  4.4485e-03,
            1.3221e-01,  5.8033e-02],
          ...,
          [-1.1256e-01, -5.5279e-02, -8.4505e-02,  ..., -6.6158e-02,
           -1.4550e-01, -2.4330e-01],
          [-1.7198e-01, -2.5868e-01, -1.2414e-02,  ..., -1.0122e-01,
           -1.1785e-01, -2.1884e-01],
          [-7.9102e-02,  3.0231e-03,  5.5221e-02,  ...,  5.5039e-02,
           -4.2482e-02, -6.9087e-02]]],


        [[[ 2.3154e-01,  1.4847e-01,  1.8175e-02,  ...,  3.6357e-01,
            2.7781e-01,  1.5970e-01],
          [ 3.1684e-01,  3.5877e-01,  2.8274e-01,  ...,  2.8055e-01,
            1.7374e-01,  2.5587e-01],
          [ 2.7425e-01,  4.4692e-01,  3.0386e-01,  ...,  2.2339e-01,
            2.3229e-01,  2.2017e-01],
          ...,
          [ 3.9182e-02,  2.3875e-01,  3.5362e-01,  ...,  3.0764e-01,
            3.7443e-01,  1.8819e-01],
          [ 1.0229e-01,  2.3839e-01,  4.4352e-01,  ...,  4.3482e-01,
            3.8327e-01,  2.1086e-01],
          [ 1.0461e-01,  2.6508e-01,  1.5627e-01,  ...,  1.2247e-01,
            5.1655e-02,  4.5491e-02]],

         [[-8.7558e-02, -1.9237e-01, -3.8930e-02,  ...,  1.1137e-02,
           -1.1152e-01, -1.2309e-01],
          [ 2.3232e-02, -1.0816e-01, -1.6439e-01,  ..., -4.1383e-02,
            9.8469e-02, -2.3202e-01],
          [-1.9190e-01, -1.7989e-01, -2.1556e-01,  ..., -1.9429e-01,
            2.4672e-02, -1.7050e-01],
          ...,
          [-2.7941e-01, -9.7696e-02, -6.6458e-02,  ..., -3.3158e-02,
            7.1344e-03, -9.5530e-02],
          [-4.1673e-01, -2.5838e-01, -2.2684e-01,  ..., -1.7270e-01,
           -7.6009e-03, -6.3545e-02],
          [-2.5826e-01, -3.5592e-01, -3.1173e-01,  ..., -1.9048e-01,
           -2.1672e-02, -3.3941e-02]],

         [[ 5.4952e-02,  1.3219e-01,  3.7325e-01,  ...,  1.5988e-01,
            1.0884e-01,  5.1553e-02],
          [ 2.0067e-01,  2.9809e-01,  3.0188e-01,  ...,  1.4237e-01,
            2.8954e-01,  1.4658e-01],
          [ 2.0865e-01,  2.5449e-01,  2.1389e-01,  ...,  4.1918e-01,
            2.4794e-01,  1.7484e-01],
          ...,
          [ 4.8002e-01,  3.1535e-01,  5.8429e-02,  ...,  5.0539e-02,
            7.2763e-02,  2.1294e-01],
          [ 4.2951e-01,  2.4939e-01,  1.4509e-01,  ...,  1.9169e-01,
            2.9480e-01,  2.4377e-01],
          [ 1.7451e-01,  1.7418e-01,  5.0037e-02,  ...,  1.7066e-01,
            1.8481e-01,  2.1765e-01]],

         ...,

         [[ 1.0872e-01,  2.6463e-01,  1.5052e-01,  ...,  2.3473e-01,
            2.8325e-01,  1.1403e-01],
          [ 7.7753e-02,  3.0388e-01,  1.6341e-01,  ...,  9.6810e-02,
            1.5315e-01,  3.3340e-01],
          [ 3.7244e-02,  1.0183e-01,  5.6369e-02,  ...,  2.1245e-01,
            1.3178e-01,  2.2523e-01],
          ...,
          [ 6.3809e-03,  5.3876e-02, -7.0403e-02,  ...,  2.8622e-02,
            4.7339e-02,  2.1442e-01],
          [-1.2179e-01,  4.0920e-02,  1.0016e-01,  ...,  1.5677e-02,
            2.0445e-01,  1.9299e-01],
          [ 3.9242e-02,  1.5252e-01,  3.1060e-02,  ...,  2.0704e-01,
            2.0194e-01,  1.5866e-01]],

         [[ 2.2223e-02,  6.3976e-03,  7.0671e-02,  ..., -2.3158e-02,
            2.2210e-02, -3.0007e-04],
          [ 5.0859e-02, -9.6667e-02, -1.0726e-01,  ...,  3.7336e-02,
            3.0305e-01,  7.3923e-02],
          [-1.6908e-02,  5.2722e-02,  5.0736e-02,  ..., -2.0095e-01,
            1.8683e-02, -6.8660e-02],
          ...,
          [ 4.1883e-02,  2.8603e-02,  1.3440e-01,  ...,  2.3613e-01,
            1.2572e-01,  6.5159e-02],
          [-5.5887e-02, -3.4477e-02,  5.2877e-02,  ..., -2.9096e-02,
            6.5673e-02,  4.1940e-03],
          [ 1.4576e-02, -2.1627e-02, -2.4855e-04,  ...,  9.8771e-03,
           -1.3777e-02, -6.6054e-02]],

         [[-5.7744e-02, -9.4395e-02, -3.4577e-01,  ...,  7.5213e-02,
           -1.0916e-01, -7.7942e-02],
          [-2.9438e-01, -7.3660e-02, -2.4843e-01,  ..., -1.5321e-01,
           -3.4745e-01, -1.8305e-01],
          [-4.3509e-02, -2.8151e-02, -7.5775e-02,  ..., -3.3107e-02,
           -2.9207e-02, -1.8744e-01],
          ...,
          [ 6.6340e-02,  1.3217e-01,  9.1243e-03,  ..., -1.5144e-01,
           -1.7727e-01, -2.2004e-01],
          [ 1.1845e-01,  9.6827e-02,  7.0429e-02,  ...,  7.4293e-03,
           -5.1885e-02, -1.4447e-01],
          [-1.0644e-01,  1.0497e-02,  1.0306e-01,  ..., -3.5919e-02,
           -2.2209e-02, -7.4539e-02]]]], device='cuda:0',
       grad_fn=<SliceBackward0>)
batch 0 loss: 24.243993759155273
step 0
