dataset:
  name: active_matter
  num_frames: 16
  num_frames_per_patch: 2
  num_chans: 11
  resolution: 224
  offset: 1
  gap_frames: 8
model:
  dims:
  - 32
  - 64
  - 128
  - 256
  - 256
  num_res_blocks:
  - 3
  - 3
  - 3
  - 9
  - 3
  name: cnn
  objective: jepa
  use_channel_stem: true
  use_temporal_mixer: true
  predictor_scale_factor: 3
  predictor_depth: 2
  preserve_temporal: true
ft:
  num_epochs: 100
  lr: 0.001
  batch_size: 32
  report_every: 100
  save_every: 10
  head_type: linear
  embeddings_dir: ./embeddings
  task: regression
  lr_scheduler: cosine
  lr_scheduler_warmup_epochs: 2
  min_lr: 0
  weight_decay: 0.01
  noise_std: 1.0
  run_name: upgraded-jepa-FT
  distributed: false
train:
  start_epoch: 0
  num_epochs: 30
  batch_size: 2
  report_every: 100
  save_every: 2
  include_labels: false
  sim_coeff: 2
  std_coeff: 40
  cov_coeff: 2
  predict_n_steps: false
  lr_scheduler: cosine
  lr_scheduler_warmup_epochs: 2
  min_lr: 1.0e-06
  lr: 0.001
  weight_decay: 0.05
  noise_std: 1.0
  run_name: ablation-baseline-loss-seed
  distributed: true
  target_global_batch_size: 8
out_path: ./checkpoints/ablation-baseline-loss-seed
cache_path: ./dataset_cache
seed: 0
dry_run: false

dataset:
  name: active_matter
  num_frames: 16
  num_frames_per_patch: 2
  num_chans: 11
  resolution: 224
  offset: 1
  gap_frames: 8
model:
  dims:
  - 32
  - 64
  - 128
  - 256
  - 256
  num_res_blocks:
  - 3
  - 3
  - 3
  - 9
  - 3
  name: cnn
  objective: jepa
  use_channel_stem: true
  use_temporal_mixer: true
  predictor_scale_factor: 3
  predictor_depth: 2
  preserve_temporal: true
ft:
  num_epochs: 100
  lr: 0.001
  batch_size: 32
  report_every: 100
  save_every: 10
  head_type: linear
  embeddings_dir: ./embeddings
  task: regression
  lr_scheduler: cosine
  lr_scheduler_warmup_epochs: 2
  min_lr: 0
  weight_decay: 0.01
  noise_std: 1.0
  run_name: upgraded-jepa-FT
  distributed: false
train:
  start_epoch: 0
  num_epochs: 30
  batch_size: 2
  report_every: 100
  save_every: 2
  include_labels: false
  sim_coeff: 2
  std_coeff: 40
  cov_coeff: 2
  predict_n_steps: false
  lr_scheduler: cosine
  lr_scheduler_warmup_epochs: 2
  min_lr: 1.0e-06
  lr: 0.001
  weight_decay: 0.05
  noise_std: 1.0
  run_name: ablation-baseline-loss-seed
  distributed: true
  target_global_batch_size: 8
out_path: ./checkpoints/ablation-baseline-loss-seed
cache_path: ./dataset_cache
seed: 0
dry_run: false

total number of block pairs in train dataset: 175
Loaded 87 training batches per device on 1 devices, batch size 2
num encoder parameters: 9969377
num predictor parameters: 13124608
name                                  type              in→out      kernel        stride        pad           dil         groups    bias    depthwise  params        out_shape           
-----------------------------------------------------------------------------------------------------------------------------------------------------------------------------------------
channel_stem.0                        Conv3d            11→64       (1, 1, 1)     (1, 1, 1)     (0, 0, 0)     (1, 1, 1)   1         ✓                  768                               
channel_stem.3                        Conv3d            64→11       (1, 1, 1)     (1, 1, 1)     (0, 0, 0)     (1, 1, 1)   1         ✓                  715                               
temporal_mixers.0.temporal_conv       Conv3d            32→32       (3, 1, 1)     (1, 1, 1)     (1, 0, 0)     (1, 1, 1)   32        ✓       ✓          128                               
temporal_mixers.0.channel_mlp.0       Conv3d            32→128      (1, 1, 1)     (1, 1, 1)     (0, 0, 0)     (1, 1, 1)   1         ✓                  4224                              
temporal_mixers.0.channel_mlp.2       Conv3d            128→32      (1, 1, 1)     (1, 1, 1)     (0, 0, 0)     (1, 1, 1)   1         ✓                  4128                              
temporal_mixers.1.temporal_conv       Conv3d            64→64       (3, 1, 1)     (1, 1, 1)     (1, 0, 0)     (1, 1, 1)   64        ✓       ✓          256                               
temporal_mixers.1.channel_mlp.0       Conv3d            64→256      (1, 1, 1)     (1, 1, 1)     (0, 0, 0)     (1, 1, 1)   1         ✓                  16640                             
temporal_mixers.1.channel_mlp.2       Conv3d            256→64      (1, 1, 1)     (1, 1, 1)     (0, 0, 0)     (1, 1, 1)   1         ✓                  16448                             
temporal_mixers.2.temporal_conv       Conv3d            128→128     (3, 1, 1)     (1, 1, 1)     (1, 0, 0)     (1, 1, 1)   128       ✓       ✓          512                               
temporal_mixers.2.channel_mlp.0       Conv3d            128→512     (1, 1, 1)     (1, 1, 1)     (0, 0, 0)     (1, 1, 1)   1         ✓                  66048                             
temporal_mixers.2.channel_mlp.2       Conv3d            512→128     (1, 1, 1)     (1, 1, 1)     (0, 0, 0)     (1, 1, 1)   1         ✓                  65664                             
temporal_mixers.3.temporal_conv       Conv3d            256→256     (3, 1, 1)     (1, 1, 1)     (1, 0, 0)     (1, 1, 1)   256       ✓       ✓          1024                              
temporal_mixers.3.channel_mlp.0       Conv3d            256→1024    (1, 1, 1)     (1, 1, 1)     (0, 0, 0)     (1, 1, 1)   1         ✓                  263168                            
temporal_mixers.3.channel_mlp.2       Conv3d            1024→256    (1, 1, 1)     (1, 1, 1)     (0, 0, 0)     (1, 1, 1)   1         ✓                  262400                            
temporal_mixers.4.temporal_conv       Conv3d            256→256     (3, 1, 1)     (1, 1, 1)     (1, 0, 0)     (1, 1, 1)   256       ✓       ✓          1024                              
temporal_mixers.4.channel_mlp.0       Conv3d            256→1024    (1, 1, 1)     (1, 1, 1)     (0, 0, 0)     (1, 1, 1)   1         ✓                  263168                            
temporal_mixers.4.channel_mlp.2       Conv3d            1024→256    (1, 1, 1)     (1, 1, 1)     (0, 0, 0)     (1, 1, 1)   1         ✓                  262400                            
downsample_layers.0.0                 Conv3d            11→32       (1, 4, 4)     (1, 1, 1)     same          (1, 1, 1)   1         ✓                  5664                              
downsample_layers.1.1                 Conv3d            32→64       (2, 2, 2)     (2, 2, 2)     (0, 0, 0)     (1, 1, 1)   1         ✓                  16448                             
downsample_layers.2.1                 Conv3d            64→128      (2, 2, 2)     (2, 2, 2)     (0, 0, 0)     (1, 1, 1)   1         ✓                  65664                             
downsample_layers.3.1                 Conv3d            128→256     (2, 2, 2)     (2, 2, 2)     (0, 0, 0)     (1, 1, 1)   1         ✓                  262400                            
downsample_layers.4.1                 Conv3d            256→256     (1, 2, 2)     (1, 2, 2)     (0, 0, 0)     (1, 1, 1)   1         ✓                  262400                            
res_blocks.0.0.conv                   Conv3d            32→32       (7, 7, 7)     (1, 1, 1)     (3, 3, 3)     (1, 1, 1)   32        ✓       ✓          11008                             
res_blocks.0.1.conv                   Conv3d            32→32       (7, 7, 7)     (1, 1, 1)     (3, 3, 3)     (1, 1, 1)   32        ✓       ✓          11008                             
res_blocks.0.2.conv                   Conv3d            32→32       (7, 7, 7)     (1, 1, 1)     (3, 3, 3)     (1, 1, 1)   32        ✓       ✓          11008                             
res_blocks.1.0.conv                   Conv3d            64→64       (7, 7, 7)     (1, 1, 1)     (3, 3, 3)     (1, 1, 1)   64        ✓       ✓          22016                             
res_blocks.1.1.conv                   Conv3d            64→64       (7, 7, 7)     (1, 1, 1)     (3, 3, 3)     (1, 1, 1)   64        ✓       ✓          22016                             
res_blocks.1.2.conv                   Conv3d            64→64       (7, 7, 7)     (1, 1, 1)     (3, 3, 3)     (1, 1, 1)   64        ✓       ✓          22016                             
res_blocks.2.0.conv                   Conv3d            128→128     (7, 7, 7)     (1, 1, 1)     (3, 3, 3)     (1, 1, 1)   128       ✓       ✓          44032                             
res_blocks.2.1.conv                   Conv3d            128→128     (7, 7, 7)     (1, 1, 1)     (3, 3, 3)     (1, 1, 1)   128       ✓       ✓          44032                             
res_blocks.2.2.conv                   Conv3d            128→128     (7, 7, 7)     (1, 1, 1)     (3, 3, 3)     (1, 1, 1)   128       ✓       ✓          44032                             
res_blocks.3.0.conv                   Conv3d            256→256     (7, 7, 7)     (1, 1, 1)     (3, 3, 3)     (1, 1, 1)   256       ✓       ✓          88064                             
res_blocks.3.1.conv                   Conv3d            256→256     (7, 7, 7)     (1, 1, 1)     (3, 3, 3)     (1, 1, 1)   256       ✓       ✓          88064                             
res_blocks.3.2.conv                   Conv3d            256→256     (7, 7, 7)     (1, 1, 1)     (3, 3, 3)     (1, 1, 1)   256       ✓       ✓          88064                             
res_blocks.3.3.conv                   Conv3d            256→256     (7, 7, 7)     (1, 1, 1)     (3, 3, 3)     (1, 1, 1)   256       ✓       ✓          88064                             
res_blocks.3.4.conv                   Conv3d            256→256     (7, 7, 7)     (1, 1, 1)     (3, 3, 3)     (1, 1, 1)   256       ✓       ✓          88064                             
res_blocks.3.5.conv                   Conv3d            256→256     (7, 7, 7)     (1, 1, 1)     (3, 3, 3)     (1, 1, 1)   256       ✓       ✓          88064                             
res_blocks.3.6.conv                   Conv3d            256→256     (7, 7, 7)     (1, 1, 1)     (3, 3, 3)     (1, 1, 1)   256       ✓       ✓          88064                             
res_blocks.3.7.conv                   Conv3d            256→256     (7, 7, 7)     (1, 1, 1)     (3, 3, 3)     (1, 1, 1)   256       ✓       ✓          88064                             
res_blocks.3.8.conv                   Conv3d            256→256     (7, 7, 7)     (1, 1, 1)     (3, 3, 3)     (1, 1, 1)   256       ✓       ✓          88064                             
res_blocks.4.0.conv                   Conv3d            256→256     (7, 7, 7)     (1, 1, 1)     (3, 3, 3)     (1, 1, 1)   256       ✓       ✓          88064                             
res_blocks.4.1.conv                   Conv3d            256→256     (7, 7, 7)     (1, 1, 1)     (3, 3, 3)     (1, 1, 1)   256       ✓       ✓          88064                             
res_blocks.4.2.conv                   Conv3d            256→256     (7, 7, 7)     (1, 1, 1)     (3, 3, 3)     (1, 1, 1)   256       ✓       ✓          88064                             
using gradient accumulation with 4 steps
using cosine scheduler with max_lr 0.001, min_lr 1e-06, warmup_steps 44, total_updates 653
starting to train w/ 87 batches per device
EMA target encoder: tau 0.9960 -> 0.9990 over 653 updates
Weight init seed (PyTorch): 15114378282101792946
Using seed: 0
ctx shape before pad (b c t h w): torch.Size([2, 11, 16, 224, 224])
pred shape: torch.Size([2, 256, 2, 14, 14])
train batch 0 pred: tensor([[[[[ 5.5316e-02,  1.1884e-01,  9.4893e-02,  ..., -5.9091e-03,
            -1.2725e-02, -4.0053e-03],
           [-1.6594e-01, -1.2772e-01, -1.1576e-01,  ..., -2.1554e-01,
            -1.9186e-01, -6.1300e-02],
           [-2.7489e-01, -1.8512e-01, -1.3244e-01,  ..., -1.7667e-01,
            -1.5544e-01, -1.2016e-01],
           ...,
           [-9.2173e-02, -8.8029e-02, -2.9806e-01,  ..., -8.1473e-02,
            -1.8518e-02, -1.3050e-01],
           [-1.2547e-01,  9.2264e-04, -9.6461e-02,  ..., -2.2519e-01,
            -7.6896e-02, -1.4535e-01],
           [-3.1232e-01, -2.2295e-01, -2.8127e-01,  ..., -3.2143e-01,
            -3.0444e-01, -2.5838e-01]],

          [[ 5.0501e-03, -6.7906e-02, -6.0681e-02,  ..., -1.8240e-03,
            -4.5109e-02, -7.6467e-02],
           [-1.1460e-01, -1.7726e-01, -4.4826e-02,  ..., -1.5620e-01,
            -2.1534e-01, -1.3237e-01],
           [-1.0874e-01, -1.6697e-01, -9.5349e-02,  ..., -1.4448e-01,
            -1.6227e-01, -4.4096e-02],
           ...,
           [-1.9556e-01, -1.5168e-01, -1.9145e-01,  ..., -1.7705e-01,
            -2.3788e-01, -1.3030e-01],
           [-5.7117e-02, -9.6265e-02, -1.5357e-01,  ..., -1.8871e-01,
            -2.5909e-01, -1.4304e-01],
           [-2.1632e-01, -3.3752e-01, -3.6692e-01,  ..., -3.8641e-01,
            -3.6116e-01, -2.6721e-01]]],


         [[[ 2.9418e-02, -2.0804e-01, -1.6936e-01,  ..., -7.7065e-02,
            -2.6245e-02, -2.1685e-01],
           [ 7.5582e-02, -1.9325e-01, -2.4133e-01,  ..., -1.5215e-01,
            -1.7118e-01, -3.4534e-01],
           [ 8.7886e-02, -1.2877e-01, -3.9605e-02,  ..., -1.7990e-01,
            -2.1624e-01, -2.8331e-01],
           ...,
           [ 9.8244e-02, -2.0524e-01, -1.7639e-01,  ..., -4.2180e-01,
            -3.8786e-01, -4.2864e-01],
           [-9.3947e-02, -3.6585e-01, -2.7857e-01,  ..., -3.8909e-01,
            -4.5920e-01, -4.7946e-01],
           [-2.0411e-01, -4.9863e-01, -4.6779e-01,  ..., -4.2425e-01,
            -5.0253e-01, -4.5459e-01]],

          [[-5.1282e-02, -6.0909e-02, -1.4967e-01,  ..., -6.8111e-02,
            -1.0799e-01, -1.9115e-01],
           [-7.5115e-02, -4.2604e-01, -4.8672e-01,  ..., -2.9345e-01,
            -3.0131e-01, -4.2188e-01],
           [-1.0307e-01, -4.6837e-01, -4.3240e-01,  ..., -1.8915e-01,
            -1.7678e-01, -3.5245e-01],
           ...,
           [-9.7728e-02, -3.3493e-01, -3.6216e-01,  ..., -2.5023e-01,
            -3.5269e-01, -4.8317e-01],
           [-1.8671e-01, -3.7384e-01, -3.1140e-01,  ..., -2.9085e-01,
            -2.9888e-01, -5.4807e-01],
           [-2.5577e-01, -4.3373e-01, -3.8843e-01,  ..., -3.7862e-01,
            -3.5510e-01, -5.3623e-01]]],


         [[[-1.2122e-01, -1.1331e-01,  1.0824e-01,  ..., -5.7278e-02,
            -9.7042e-03, -1.6033e-01],
           [-1.8065e-01, -1.5671e-01, -1.3751e-01,  ..., -1.8580e-01,
            -1.7758e-01, -1.7572e-01],
           [ 4.2846e-03, -8.5040e-02, -8.3295e-02,  ..., -1.5429e-01,
            -1.1871e-01, -1.7796e-01],
           ...,
           [-1.0881e-01, -1.1637e-01, -7.9803e-02,  ..., -1.4403e-01,
            -7.3467e-02, -1.7151e-01],
           [-6.5692e-02, -1.2586e-01, -9.1380e-02,  ..., -1.4813e-01,
            -2.7762e-01, -2.0661e-01],
           [-2.3950e-02, -2.0268e-02,  3.5745e-02,  ..., -8.3859e-02,
            -3.0030e-02, -9.9762e-03]],

          [[-4.5837e-02, -3.9910e-03, -7.9791e-03,  ..., -6.1238e-02,
            -7.6205e-02, -2.0419e-01],
           [-1.4479e-01, -1.0218e-01,  1.7347e-02,  ...,  2.7660e-02,
             2.8362e-02, -8.2705e-02],
           [-8.9773e-02, -3.8257e-02, -2.9042e-02,  ...,  4.0551e-02,
             3.1850e-02, -7.9716e-02],
           ...,
           [-2.1122e-02,  9.9705e-02,  3.9467e-02,  ...,  8.2003e-02,
             8.7527e-02, -1.1304e-01],
           [-8.7895e-02,  2.8065e-02, -1.1279e-02,  ...,  2.7049e-02,
            -3.6815e-02, -4.2756e-02],
           [ 4.0322e-02,  2.0166e-01,  1.9957e-01,  ...,  2.2545e-01,
             1.5698e-01,  9.9892e-02]]],


         ...,


         [[[-4.5805e-02, -2.3933e-02,  8.6950e-02,  ..., -2.1740e-01,
            -1.4926e-01,  8.3538e-02],
           [ 9.2855e-02,  1.2261e-01,  1.9054e-01,  ..., -1.4766e-01,
            -1.2513e-01,  3.0869e-02],
           [ 4.4354e-02,  6.5571e-02,  4.5663e-02,  ..., -9.0578e-02,
            -1.3074e-01,  8.9638e-02],
           ...,
           [ 7.6889e-04, -1.8856e-01, -2.1471e-01,  ...,  9.0028e-03,
            -3.8763e-02,  1.4293e-01],
           [ 7.2997e-03, -2.1346e-01, -2.5418e-01,  ...,  7.4049e-02,
            -5.5582e-02,  1.2352e-01],
           [-1.2178e-02, -5.2141e-02, -9.5253e-02,  ..., -5.1416e-02,
            -8.0161e-03,  1.0763e-01]],

          [[ 1.1134e-01, -1.3473e-01, -4.4903e-02,  ..., -1.9400e-01,
            -2.3730e-01, -1.0580e-02],
           [ 1.2929e-01, -9.9089e-02, -4.5212e-02,  ..., -1.7747e-01,
            -1.7141e-01, -1.2053e-01],
           [ 6.2240e-02, -1.0434e-01, -8.4624e-02,  ..., -8.3176e-02,
            -1.4573e-01, -7.5297e-02],
           ...,
           [ 2.8338e-02, -1.3403e-01, -4.5963e-02,  ..., -6.5131e-03,
             2.6055e-02,  6.1196e-02],
           [ 7.1723e-02, -1.3923e-02, -3.1775e-03,  ...,  8.8346e-02,
             2.0816e-03,  7.7546e-02],
           [-4.4340e-02, -4.5601e-02, -5.2390e-02,  ..., -5.4833e-02,
            -3.7768e-02, -7.0637e-02]]],


         [[[-9.9398e-02,  8.7548e-02,  1.4309e-01,  ...,  9.7079e-02,
             5.1106e-02,  1.3650e-01],
           [-4.1602e-02,  1.6234e-01,  8.8828e-02,  ...,  3.0808e-02,
            -1.1766e-02,  1.9476e-01],
           [-4.0666e-02,  1.1955e-01,  1.1989e-01,  ...,  1.3205e-02,
            -4.6849e-03,  1.4760e-01],
           ...,
           [-4.3587e-02,  2.0500e-01,  1.0412e-01,  ...,  1.7695e-01,
             8.0951e-02,  1.3312e-01],
           [-4.9216e-02,  1.0181e-01,  1.4193e-01,  ...,  1.3235e-01,
             1.2549e-01,  1.7466e-01],
           [-2.0573e-01,  2.8001e-03,  2.3054e-02,  ...,  1.0497e-01,
             2.8204e-02,  6.1426e-02]],

          [[ 7.4670e-02,  1.1797e-01,  2.1236e-01,  ...,  8.6577e-02,
             1.6383e-01,  1.7016e-01],
           [ 1.4348e-01,  1.3099e-01,  1.2006e-01,  ...,  8.4256e-02,
             4.8580e-02,  1.6892e-01],
           [ 7.5604e-02,  8.5087e-02,  2.4261e-02,  ...,  1.1382e-01,
             1.4714e-02,  1.5920e-01],
           ...,
           [ 1.1285e-02,  8.5332e-02,  8.6812e-02,  ...,  1.6621e-02,
             4.8584e-02,  2.0800e-01],
           [ 4.1188e-02,  1.8002e-03,  4.9046e-02,  ...,  1.1099e-02,
            -1.7420e-02,  1.9457e-01],
           [ 5.5736e-02, -2.2454e-03,  1.6664e-02,  ...,  3.3989e-02,
            -3.1921e-02,  6.4789e-02]]],


         [[[ 4.7933e-02,  1.6967e-02,  5.1691e-02,  ...,  5.4256e-02,
             5.0021e-02,  6.9713e-02],
           [ 1.0516e-01, -7.6222e-02, -1.2908e-01,  ..., -2.5473e-02,
            -6.0561e-04, -8.1433e-03],
           [ 1.4485e-02, -5.6287e-02, -5.4444e-02,  ..., -9.9741e-02,
            -1.8870e-02, -2.8357e-02],
           ...,
           [ 2.3976e-01,  2.5244e-01,  1.9597e-01,  ..., -8.1117e-02,
             1.6383e-02, -9.8199e-02],
           [ 2.2690e-01,  1.6007e-01,  1.3734e-01,  ..., -7.6027e-02,
             1.1679e-02, -9.1458e-02],
           [ 4.3385e-02, -5.6282e-02, -1.4533e-02,  ..., -2.2540e-01,
            -1.0516e-01, -1.6139e-01]],

          [[ 1.6186e-01,  1.3610e-01,  5.2400e-02,  ...,  1.7307e-01,
             1.7706e-01,  9.7578e-02],
           [ 4.1187e-01,  3.1874e-01,  2.2609e-01,  ...,  3.1691e-01,
             2.5270e-01,  1.4749e-01],
           [ 4.0594e-01,  3.1500e-01,  2.5820e-01,  ...,  2.6840e-01,
             2.3748e-01,  1.5354e-01],
           ...,
           [ 1.5603e-01,  2.2852e-01,  2.0865e-01,  ...,  2.6524e-01,
             1.9951e-01,  9.0213e-02],
           [ 1.1357e-02,  9.7476e-02,  1.8009e-01,  ...,  1.6865e-01,
             2.1159e-01,  6.4001e-02],
           [-6.8659e-02, -1.1248e-01, -4.3469e-02,  ...,  5.4057e-02,
             5.6221e-02,  8.8087e-03]]]],



        [[[[-1.3375e-01, -1.7164e-03, -3.9193e-02,  ...,  1.5934e-01,
             1.5675e-01,  1.1849e-01],
           [-3.4055e-01, -1.9788e-01, -1.3183e-01,  ..., -5.6576e-02,
             3.0299e-02, -8.2352e-02],
           [-1.1392e-01, -1.3122e-01, -1.5839e-01,  ..., -2.5944e-01,
            -1.7998e-01, -1.0660e-01],
           ...,
           [-1.7086e-01, -1.9903e-01, -3.2096e-02,  ..., -2.7319e-01,
            -1.0355e-01, -1.4137e-01],
           [-2.2029e-01, -3.8144e-02, -9.8949e-02,  ..., -1.7904e-01,
            -1.6567e-01, -1.6624e-01],
           [-3.9680e-01, -1.7891e-01, -2.6219e-01,  ..., -3.6328e-01,
            -3.1485e-01, -2.2986e-01]],

          [[ 6.3175e-02, -3.1340e-02, -1.4215e-01,  ..., -7.5825e-02,
            -6.5533e-02, -3.3829e-02],
           [-6.9426e-02, -1.8704e-01, -1.1924e-01,  ..., -1.8480e-01,
            -1.8181e-01, -8.7754e-02],
           [-1.9001e-01, -1.9121e-01, -1.1564e-01,  ..., -2.0749e-01,
            -1.5744e-01, -2.3466e-01],
           ...,
           [-7.2647e-02, -2.9543e-01, -1.2335e-01,  ..., -1.7915e-02,
            -1.6763e-01, -8.4527e-02],
           [-9.6018e-02, -2.0500e-01, -2.2279e-01,  ..., -1.3675e-01,
            -1.0675e-01, -3.0634e-02],
           [-2.7933e-01, -3.5435e-01, -3.0529e-01,  ..., -3.4219e-01,
            -3.5505e-01, -1.9721e-01]]],


         [[[ 3.7303e-02, -1.6428e-01, -6.8278e-02,  ..., -2.9508e-02,
            -4.4285e-02, -2.2093e-01],
           [ 1.4861e-01, -1.3920e-01, -2.2047e-01,  ..., -2.8774e-01,
            -2.3961e-01, -3.4300e-01],
           [-7.8315e-03, -1.1437e-01, -1.1470e-01,  ..., -2.8627e-01,
            -2.7902e-01, -4.2332e-01],
           ...,
           [ 4.5257e-02, -1.9967e-01, -2.9388e-01,  ..., -1.2989e-01,
            -1.2544e-01, -3.3991e-01],
           [ 1.2250e-01, -2.7131e-01, -3.5042e-01,  ..., -9.7559e-02,
            -1.9202e-01, -2.9834e-01],
           [ 1.5743e-02, -2.6859e-01, -4.6551e-01,  ..., -3.1828e-01,
            -2.6898e-01, -2.4731e-01]],

          [[-9.2111e-02, -1.4502e-01, -1.5159e-01,  ..., -2.1851e-01,
            -2.5002e-01, -1.6415e-01],
           [-2.2275e-01, -4.2954e-01, -3.7787e-01,  ..., -3.6700e-01,
            -3.3376e-01, -4.3698e-01],
           [-7.3870e-02, -3.3000e-01, -4.9448e-01,  ..., -2.2226e-01,
            -1.7628e-01, -4.4045e-01],
           ...,
           [-1.3984e-01, -1.0679e-01, -3.0684e-01,  ..., -4.7771e-01,
            -3.8344e-01, -5.0030e-01],
           [ 6.5439e-03, -2.7686e-01, -3.5099e-01,  ..., -4.0878e-01,
            -3.6640e-01, -4.8727e-01],
           [-1.2418e-01, -4.0606e-01, -3.9710e-01,  ..., -3.8124e-01,
            -3.6955e-01, -5.5428e-01]]],


         [[[-1.1209e-01, -8.0591e-02, -1.2485e-01,  ...,  1.9774e-02,
            -4.8353e-02, -1.9961e-02],
           [-1.0182e-02, -1.5013e-01, -1.0707e-01,  ..., -7.6868e-02,
            -2.3545e-02, -1.8112e-01],
           [ 1.0650e-02, -1.0822e-01, -9.1346e-02,  ..., -5.8173e-02,
            -1.6081e-02, -8.8716e-02],
           ...,
           [ 3.0868e-03, -8.5377e-02, -9.2490e-02,  ..., -1.1377e-01,
            -1.7222e-01, -1.0750e-01],
           [-5.7623e-02, -1.8843e-01, -5.7443e-02,  ..., -1.2302e-01,
            -1.6343e-01, -1.1048e-01],
           [ 1.7867e-02,  5.4268e-02,  7.8519e-02,  ..., -1.7816e-02,
             1.3732e-01,  3.6443e-02]],

          [[-7.7226e-02, -1.6672e-01, -1.4467e-01,  ..., -3.1072e-02,
            -5.6901e-02, -2.1230e-01],
           [-9.1257e-02,  3.0380e-02, -3.4368e-02,  ...,  2.1686e-02,
             4.0209e-02,  1.0800e-01],
           [ 7.1144e-02,  1.0368e-01, -7.2474e-02,  ...,  1.9262e-01,
             3.7825e-02, -4.9929e-02],
           ...,
           [ 4.8575e-02,  3.5602e-03,  1.6715e-02,  ..., -1.9640e-01,
            -3.4084e-02, -1.9243e-01],
           [ 2.8532e-02,  1.2209e-02,  6.9654e-02,  ..., -1.3627e-01,
             9.3987e-02, -1.1467e-01],
           [ 9.3671e-02,  2.5133e-01,  1.7914e-01,  ...,  1.0281e-01,
             1.1917e-01,  1.2271e-01]]],


         ...,


         [[[-9.4249e-02, -1.6224e-01, -1.3077e-01,  ..., -3.6436e-02,
            -2.6978e-01, -1.2159e-01],
           [ 7.1302e-02, -1.3530e-01, -1.8856e-01,  ...,  1.2805e-01,
            -4.6515e-02, -2.9358e-02],
           [ 3.6481e-02, -7.0531e-02, -1.5303e-01,  ...,  1.1052e-01,
             1.1677e-02,  1.8573e-01],
           ...,
           [ 8.3012e-03, -1.1964e-02,  1.5540e-02,  ..., -3.1581e-02,
            -1.3611e-01,  8.1243e-02],
           [ 9.9763e-02,  8.5965e-03,  2.3700e-02,  ..., -9.7142e-02,
            -7.5535e-02,  9.6332e-02],
           [-5.7931e-03, -4.8264e-02, -7.7736e-03,  ..., -1.0046e-01,
            -2.8056e-02,  3.8705e-02]],

          [[ 7.3771e-02, -1.1615e-01, -1.1772e-01,  ...,  1.8214e-02,
             1.8751e-01,  2.2285e-01],
           [-9.6919e-02, -1.1283e-01, -1.0626e-01,  ..., -1.5661e-02,
             1.1347e-02,  1.3829e-01],
           [ 4.6076e-02, -8.7714e-02, -4.3812e-02,  ..., -1.5067e-01,
            -8.5779e-02, -1.9147e-01],
           ...,
           [-5.6524e-02, -9.2667e-02, -1.7117e-01,  ..., -1.4294e-01,
            -1.5619e-01,  3.5678e-02],
           [ 3.9038e-02, -2.3882e-01, -1.2611e-01,  ..., -1.3877e-01,
            -9.7236e-02,  1.2149e-02],
           [-9.7764e-02, -1.4185e-01, -1.9190e-01,  ..., -6.6316e-02,
            -1.2388e-01, -1.9245e-02]]],


         [[[-5.0732e-02,  1.9746e-01,  2.6328e-02,  ...,  1.8342e-01,
             2.7729e-01,  2.4134e-01],
           [-1.9737e-03,  6.7541e-02,  1.3735e-01,  ...,  2.7047e-01,
             2.6544e-01,  2.9409e-01],
           [ 1.5048e-02,  2.0820e-02,  2.3574e-02,  ...,  3.1944e-01,
             1.0399e-01,  2.8236e-02],
           ...,
           [-6.0269e-02,  7.8671e-02,  9.5900e-02,  ...,  7.9107e-02,
             3.7986e-02,  1.1409e-01],
           [-4.2713e-02,  2.1078e-01,  1.3667e-01,  ...,  5.6138e-02,
            -2.3675e-02,  2.4606e-01],
           [-3.0634e-02,  3.4473e-02,  8.3213e-02,  ...,  5.8779e-02,
            -6.0785e-02,  1.7352e-01]],

          [[ 4.3293e-02,  5.5536e-02,  4.6748e-03,  ...,  8.4314e-02,
             9.8010e-02,  2.6159e-01],
           [ 8.0907e-02, -1.7683e-02,  2.3309e-02,  ...,  1.3588e-01,
             1.1314e-01,  9.3201e-02],
           [ 1.3610e-02,  1.0621e-01,  8.3604e-04,  ...,  1.6403e-01,
             2.3267e-01,  3.0612e-01],
           ...,
           [ 4.5628e-02,  1.0962e-01,  2.0790e-01,  ...,  1.0562e-01,
             1.5553e-02,  1.9972e-01],
           [-7.3828e-02,  1.4428e-01,  2.5707e-02,  ...,  8.5593e-02,
             8.3306e-02,  2.4514e-01],
           [ 5.3011e-02, -2.0313e-02,  4.7878e-02,  ..., -1.0119e-01,
             2.3414e-02,  1.1978e-01]]],


         [[[ 9.5710e-02,  1.5828e-01,  2.1579e-01,  ...,  1.9115e-01,
             1.9761e-01,  3.0291e-01],
           [ 8.0964e-02,  1.7215e-01,  1.9518e-01,  ...,  7.6714e-02,
             1.3749e-01,  1.5594e-01],
           [ 1.5889e-01,  1.4560e-01,  1.8301e-01,  ...,  6.8723e-02,
             6.0677e-02, -3.4704e-02],
           ...,
           [ 8.1113e-02,  2.8300e-02, -1.1534e-02,  ...,  1.5060e-01,
             2.0037e-01,  6.0756e-02],
           [ 8.4989e-02,  1.4519e-01, -7.6050e-02,  ...,  1.1032e-01,
             2.0089e-01, -2.7274e-02],
           [-2.8056e-02, -8.6236e-02, -8.2434e-02,  ..., -1.1368e-01,
            -7.2957e-02, -2.0772e-01]],

          [[ 1.5296e-01,  1.5011e-01,  1.2698e-01,  ...,  7.4559e-02,
             7.0290e-02,  1.2998e-01],
           [ 3.6358e-01,  2.7385e-01,  2.1782e-01,  ...,  1.5488e-01,
             1.3034e-01,  1.6989e-01],
           [ 3.6057e-01,  2.9729e-01,  3.0037e-01,  ...,  2.1614e-01,
             1.9703e-01,  3.6639e-01],
           ...,
           [ 3.1472e-01,  2.9704e-01,  2.8432e-01,  ...,  3.1356e-01,
             2.7303e-01,  7.4733e-02],
           [ 2.1831e-01,  2.6925e-01,  1.2578e-01,  ...,  2.8687e-01,
             2.6645e-01,  7.4596e-02],
           [ 1.1687e-01,  7.7919e-02, -6.8715e-02,  ...,  1.9331e-01,
             1.0724e-01, -9.4611e-05]]]]], device='cuda:0',
       grad_fn=<SliceBackward0>)
batch 0 loss: 32.68624496459961
step 0
Loaded 12 validation batches, batch size 2
