dataset:
  name: active_matter
  num_frames: 16
  num_frames_per_patch: 2
  num_chans: 11
  resolution: 224
  offset: 1
  gap_frames: 0
model:
  dims:
  - 32
  - 64
  - 128
  - 256
  - 256
  num_res_blocks:
  - 3
  - 3
  - 3
  - 9
  - 3
  name: cnn
  objective: jepa
  use_channel_stem: true
  use_temporal_mixer: true
  predictor_scale_factor: 3
  predictor_depth: 2
  preserve_temporal: true
ft:
  num_epochs: 100
  lr: 0.001
  batch_size: 32
  report_every: 100
  save_every: 10
  head_type: linear
  embeddings_dir: ./embeddings
  task: regression
  lr_scheduler: cosine
  lr_scheduler_warmup_epochs: 2
  min_lr: 0
  weight_decay: 0.01
  noise_std: 1.0
  run_name: upgraded-jepa-FT
  distributed: false
train:
  start_epoch: 0
  num_epochs: 30
  batch_size: 2
  report_every: 100
  save_every: 2
  include_labels: false
  sim_coeff: 10
  std_coeff: 25
  cov_coeff: 1
  predict_n_steps: false
  lr_scheduler: cosine
  lr_scheduler_warmup_epochs: 2
  min_lr: 1.0e-06
  lr: 0.001
  weight_decay: 0.05
  noise_std: 1.0
  run_name: ablation-no-gap-seed
  distributed: true
  target_global_batch_size: 8
out_path: ./checkpoints/ablation-no-gap-seed
cache_path: ./dataset_cache
seed: 0
dry_run: false

dataset:
  name: active_matter
  num_frames: 16
  num_frames_per_patch: 2
  num_chans: 11
  resolution: 224
  offset: 1
  gap_frames: 0
model:
  dims:
  - 32
  - 64
  - 128
  - 256
  - 256
  num_res_blocks:
  - 3
  - 3
  - 3
  - 9
  - 3
  name: cnn
  objective: jepa
  use_channel_stem: true
  use_temporal_mixer: true
  predictor_scale_factor: 3
  predictor_depth: 2
  preserve_temporal: true
ft:
  num_epochs: 100
  lr: 0.001
  batch_size: 32
  report_every: 100
  save_every: 10
  head_type: linear
  embeddings_dir: ./embeddings
  task: regression
  lr_scheduler: cosine
  lr_scheduler_warmup_epochs: 2
  min_lr: 0
  weight_decay: 0.01
  noise_std: 1.0
  run_name: upgraded-jepa-FT
  distributed: false
train:
  start_epoch: 0
  num_epochs: 30
  batch_size: 2
  report_every: 100
  save_every: 2
  include_labels: false
  sim_coeff: 10
  std_coeff: 25
  cov_coeff: 1
  predict_n_steps: false
  lr_scheduler: cosine
  lr_scheduler_warmup_epochs: 2
  min_lr: 1.0e-06
  lr: 0.001
  weight_decay: 0.05
  noise_std: 1.0
  run_name: ablation-no-gap-seed
  distributed: true
  target_global_batch_size: 8
out_path: ./checkpoints/ablation-no-gap-seed
cache_path: ./dataset_cache
seed: 0
dry_run: false

total number of block pairs in train dataset: 175
Loaded 87 training batches per device on 1 devices, batch size 2
num encoder parameters: 9969377
num predictor parameters: 13124608
name                                  type              in→out      kernel        stride        pad           dil         groups    bias    depthwise  params        out_shape           
-----------------------------------------------------------------------------------------------------------------------------------------------------------------------------------------
channel_stem.0                        Conv3d            11→64       (1, 1, 1)     (1, 1, 1)     (0, 0, 0)     (1, 1, 1)   1         ✓                  768                               
channel_stem.3                        Conv3d            64→11       (1, 1, 1)     (1, 1, 1)     (0, 0, 0)     (1, 1, 1)   1         ✓                  715                               
temporal_mixers.0.temporal_conv       Conv3d            32→32       (3, 1, 1)     (1, 1, 1)     (1, 0, 0)     (1, 1, 1)   32        ✓       ✓          128                               
temporal_mixers.0.channel_mlp.0       Conv3d            32→128      (1, 1, 1)     (1, 1, 1)     (0, 0, 0)     (1, 1, 1)   1         ✓                  4224                              
temporal_mixers.0.channel_mlp.2       Conv3d            128→32      (1, 1, 1)     (1, 1, 1)     (0, 0, 0)     (1, 1, 1)   1         ✓                  4128                              
temporal_mixers.1.temporal_conv       Conv3d            64→64       (3, 1, 1)     (1, 1, 1)     (1, 0, 0)     (1, 1, 1)   64        ✓       ✓          256                               
temporal_mixers.1.channel_mlp.0       Conv3d            64→256      (1, 1, 1)     (1, 1, 1)     (0, 0, 0)     (1, 1, 1)   1         ✓                  16640                             
temporal_mixers.1.channel_mlp.2       Conv3d            256→64      (1, 1, 1)     (1, 1, 1)     (0, 0, 0)     (1, 1, 1)   1         ✓                  16448                             
temporal_mixers.2.temporal_conv       Conv3d            128→128     (3, 1, 1)     (1, 1, 1)     (1, 0, 0)     (1, 1, 1)   128       ✓       ✓          512                               
temporal_mixers.2.channel_mlp.0       Conv3d            128→512     (1, 1, 1)     (1, 1, 1)     (0, 0, 0)     (1, 1, 1)   1         ✓                  66048                             
temporal_mixers.2.channel_mlp.2       Conv3d            512→128     (1, 1, 1)     (1, 1, 1)     (0, 0, 0)     (1, 1, 1)   1         ✓                  65664                             
temporal_mixers.3.temporal_conv       Conv3d            256→256     (3, 1, 1)     (1, 1, 1)     (1, 0, 0)     (1, 1, 1)   256       ✓       ✓          1024                              
temporal_mixers.3.channel_mlp.0       Conv3d            256→1024    (1, 1, 1)     (1, 1, 1)     (0, 0, 0)     (1, 1, 1)   1         ✓                  263168                            
temporal_mixers.3.channel_mlp.2       Conv3d            1024→256    (1, 1, 1)     (1, 1, 1)     (0, 0, 0)     (1, 1, 1)   1         ✓                  262400                            
temporal_mixers.4.temporal_conv       Conv3d            256→256     (3, 1, 1)     (1, 1, 1)     (1, 0, 0)     (1, 1, 1)   256       ✓       ✓          1024                              
temporal_mixers.4.channel_mlp.0       Conv3d            256→1024    (1, 1, 1)     (1, 1, 1)     (0, 0, 0)     (1, 1, 1)   1         ✓                  263168                            
temporal_mixers.4.channel_mlp.2       Conv3d            1024→256    (1, 1, 1)     (1, 1, 1)     (0, 0, 0)     (1, 1, 1)   1         ✓                  262400                            
downsample_layers.0.0                 Conv3d            11→32       (1, 4, 4)     (1, 1, 1)     same          (1, 1, 1)   1         ✓                  5664                              
downsample_layers.1.1                 Conv3d            32→64       (2, 2, 2)     (2, 2, 2)     (0, 0, 0)     (1, 1, 1)   1         ✓                  16448                             
downsample_layers.2.1                 Conv3d            64→128      (2, 2, 2)     (2, 2, 2)     (0, 0, 0)     (1, 1, 1)   1         ✓                  65664                             
downsample_layers.3.1                 Conv3d            128→256     (2, 2, 2)     (2, 2, 2)     (0, 0, 0)     (1, 1, 1)   1         ✓                  262400                            
downsample_layers.4.1                 Conv3d            256→256     (1, 2, 2)     (1, 2, 2)     (0, 0, 0)     (1, 1, 1)   1         ✓                  262400                            
res_blocks.0.0.conv                   Conv3d            32→32       (7, 7, 7)     (1, 1, 1)     (3, 3, 3)     (1, 1, 1)   32        ✓       ✓          11008                             
res_blocks.0.1.conv                   Conv3d            32→32       (7, 7, 7)     (1, 1, 1)     (3, 3, 3)     (1, 1, 1)   32        ✓       ✓          11008                             
res_blocks.0.2.conv                   Conv3d            32→32       (7, 7, 7)     (1, 1, 1)     (3, 3, 3)     (1, 1, 1)   32        ✓       ✓          11008                             
res_blocks.1.0.conv                   Conv3d            64→64       (7, 7, 7)     (1, 1, 1)     (3, 3, 3)     (1, 1, 1)   64        ✓       ✓          22016                             
res_blocks.1.1.conv                   Conv3d            64→64       (7, 7, 7)     (1, 1, 1)     (3, 3, 3)     (1, 1, 1)   64        ✓       ✓          22016                             
res_blocks.1.2.conv                   Conv3d            64→64       (7, 7, 7)     (1, 1, 1)     (3, 3, 3)     (1, 1, 1)   64        ✓       ✓          22016                             
res_blocks.2.0.conv                   Conv3d            128→128     (7, 7, 7)     (1, 1, 1)     (3, 3, 3)     (1, 1, 1)   128       ✓       ✓          44032                             
res_blocks.2.1.conv                   Conv3d            128→128     (7, 7, 7)     (1, 1, 1)     (3, 3, 3)     (1, 1, 1)   128       ✓       ✓          44032                             
res_blocks.2.2.conv                   Conv3d            128→128     (7, 7, 7)     (1, 1, 1)     (3, 3, 3)     (1, 1, 1)   128       ✓       ✓          44032                             
res_blocks.3.0.conv                   Conv3d            256→256     (7, 7, 7)     (1, 1, 1)     (3, 3, 3)     (1, 1, 1)   256       ✓       ✓          88064                             
res_blocks.3.1.conv                   Conv3d            256→256     (7, 7, 7)     (1, 1, 1)     (3, 3, 3)     (1, 1, 1)   256       ✓       ✓          88064                             
res_blocks.3.2.conv                   Conv3d            256→256     (7, 7, 7)     (1, 1, 1)     (3, 3, 3)     (1, 1, 1)   256       ✓       ✓          88064                             
res_blocks.3.3.conv                   Conv3d            256→256     (7, 7, 7)     (1, 1, 1)     (3, 3, 3)     (1, 1, 1)   256       ✓       ✓          88064                             
res_blocks.3.4.conv                   Conv3d            256→256     (7, 7, 7)     (1, 1, 1)     (3, 3, 3)     (1, 1, 1)   256       ✓       ✓          88064                             
res_blocks.3.5.conv                   Conv3d            256→256     (7, 7, 7)     (1, 1, 1)     (3, 3, 3)     (1, 1, 1)   256       ✓       ✓          88064                             
res_blocks.3.6.conv                   Conv3d            256→256     (7, 7, 7)     (1, 1, 1)     (3, 3, 3)     (1, 1, 1)   256       ✓       ✓          88064                             
res_blocks.3.7.conv                   Conv3d            256→256     (7, 7, 7)     (1, 1, 1)     (3, 3, 3)     (1, 1, 1)   256       ✓       ✓          88064                             
res_blocks.3.8.conv                   Conv3d            256→256     (7, 7, 7)     (1, 1, 1)     (3, 3, 3)     (1, 1, 1)   256       ✓       ✓          88064                             
res_blocks.4.0.conv                   Conv3d            256→256     (7, 7, 7)     (1, 1, 1)     (3, 3, 3)     (1, 1, 1)   256       ✓       ✓          88064                             
res_blocks.4.1.conv                   Conv3d            256→256     (7, 7, 7)     (1, 1, 1)     (3, 3, 3)     (1, 1, 1)   256       ✓       ✓          88064                             
res_blocks.4.2.conv                   Conv3d            256→256     (7, 7, 7)     (1, 1, 1)     (3, 3, 3)     (1, 1, 1)   256       ✓       ✓          88064                             
using gradient accumulation with 4 steps
using cosine scheduler with max_lr 0.001, min_lr 1e-06, warmup_steps 44, total_updates 653
starting to train w/ 87 batches per device
EMA target encoder: tau 0.9960 -> 0.9990 over 653 updates
Weight init seed (PyTorch): 14715729172080823772
Using seed: 0
ctx shape before pad (b c t h w): torch.Size([2, 11, 16, 224, 224])
pred shape: torch.Size([2, 256, 2, 14, 14])
train batch 0 pred: tensor([[[[[-9.0336e-02,  1.4230e-01,  1.6231e-02,  ...,  1.0022e-01,
             6.6578e-02, -7.6065e-02],
           [-6.5698e-02,  5.8549e-02,  3.8726e-02,  ...,  1.4199e-01,
             1.8911e-01,  1.1155e-01],
           [-9.2234e-02,  6.9599e-02, -4.7675e-02,  ...,  7.3356e-02,
             5.9751e-02,  8.3668e-02],
           ...,
           [-5.9313e-02,  1.2754e-01,  1.0893e-01,  ...,  5.7736e-02,
             2.0951e-01, -1.7333e-03],
           [ 2.0583e-02,  9.3919e-02, -1.5876e-02,  ...,  2.0818e-01,
             1.7439e-01, -4.6779e-02],
           [-8.9226e-02,  5.7085e-02, -8.8137e-02,  ...,  1.7649e-01,
             4.1469e-02,  8.0513e-02]],

          [[ 1.8725e-01,  2.7097e-01,  1.7792e-01,  ...,  1.6816e-01,
             2.6226e-01,  2.4719e-01],
           [ 2.3079e-01,  3.6279e-01,  2.7710e-01,  ...,  4.1674e-01,
             5.2294e-01,  3.7750e-01],
           [ 2.9274e-01,  4.1771e-01,  3.5594e-01,  ...,  4.1624e-01,
             4.2137e-01,  3.5411e-01],
           ...,
           [ 2.0555e-01,  3.3938e-01,  2.4438e-01,  ...,  4.6476e-01,
             3.0659e-01,  1.2187e-01],
           [ 2.5665e-01,  2.6672e-01,  3.2941e-01,  ...,  3.4451e-01,
             3.2071e-01,  2.3694e-01],
           [ 1.2699e-01,  2.6752e-01,  2.8498e-01,  ...,  1.4586e-01,
             2.0065e-01,  1.5632e-01]]],


         [[[-5.6407e-02,  5.7302e-02, -1.5805e-02,  ..., -1.4509e-01,
            -2.1593e-01, -3.0493e-01],
           [-1.3866e-02, -1.6199e-01, -6.9665e-02,  ..., -2.8356e-01,
            -3.6629e-01, -3.4133e-01],
           [-2.8238e-01, -4.3137e-01, -2.6918e-01,  ..., -3.4362e-01,
            -4.4019e-01, -3.0115e-01],
           ...,
           [-2.0242e-01, -1.3993e-01, -2.7438e-01,  ..., -2.9592e-01,
            -1.0371e-01, -2.8914e-01],
           [-2.8543e-01, -4.4810e-01, -1.0394e-01,  ..., -2.8118e-01,
            -2.8178e-01, -4.3379e-01],
           [-1.1005e-01, -2.5439e-01, -3.7318e-02,  ..., -3.0215e-01,
            -2.4899e-01, -3.3797e-01]],

          [[-2.7122e-02, -1.1795e-01, -2.2371e-01,  ..., -2.1546e-01,
            -2.2735e-01, -1.5156e-01],
           [-7.3511e-02, -2.3267e-01, -3.5467e-01,  ..., -2.0011e-01,
            -1.8694e-01, -1.9690e-01],
           [-3.1360e-01, -3.7912e-01, -2.4816e-01,  ..., -9.6570e-02,
            -2.9165e-01, -2.4585e-01],
           ...,
           [-2.8387e-01, -2.0756e-01, -2.6666e-01,  ..., -1.4080e-01,
            -1.5923e-01, -3.1231e-02],
           [-3.2106e-01, -4.2881e-01, -2.5217e-01,  ...,  7.3147e-02,
            -2.5378e-01, -2.2076e-01],
           [-2.5903e-01, -1.8004e-01, -2.1915e-01,  ..., -9.9380e-02,
            -3.7836e-01, -2.5512e-01]]],


         [[[-1.2553e-01, -1.1978e-02,  5.5520e-02,  ...,  1.7788e-02,
             2.2091e-01,  3.4034e-01],
           [-9.9093e-02,  3.3926e-01,  3.4425e-01,  ...,  5.9495e-02,
             2.2097e-01,  3.9342e-01],
           [ 2.1912e-03,  4.7807e-01,  3.7260e-01,  ...,  1.2886e-02,
             2.2316e-01,  3.9527e-01],
           ...,
           [-1.5266e-03,  2.8489e-01,  1.5176e-01,  ...,  6.2528e-02,
            -5.0551e-02,  6.2326e-02],
           [ 9.3095e-02,  3.4620e-01,  2.9176e-01,  ...,  3.0126e-02,
             3.5561e-01,  2.3007e-01],
           [ 4.4452e-02,  3.5664e-01,  3.5518e-01,  ...,  1.5563e-01,
             2.7732e-01,  2.2862e-01]],

          [[-3.0187e-01, -1.2949e-01,  4.5559e-03,  ..., -7.1387e-03,
             9.1684e-02,  3.6970e-02],
           [-1.6502e-03,  9.9008e-02,  1.1014e-01,  ..., -8.6482e-02,
             8.6388e-02,  6.8717e-02],
           [-4.6047e-02,  1.1869e-01,  1.8123e-01,  ..., -1.4942e-02,
             7.8627e-02,  1.9714e-01],
           ...,
           [-5.5124e-02,  2.1110e-01, -1.2486e-01,  ..., -7.9079e-02,
             1.0309e-01, -1.3738e-01],
           [-2.5193e-04,  2.4680e-01,  1.2982e-01,  ..., -2.0492e-01,
             4.9357e-02,  9.5647e-02],
           [-8.8845e-03,  2.0171e-01,  5.8748e-02,  ...,  1.6511e-01,
             1.9244e-01,  1.7187e-02]]],


         ...,


         [[[ 2.5575e-01,  5.9225e-02,  9.8402e-02,  ...,  5.4809e-02,
            -8.3629e-02, -1.7922e-01],
           [ 2.4319e-02, -1.7871e-02, -1.4749e-01,  ...,  1.1297e-01,
            -3.2571e-02, -2.1734e-01],
           [-1.3610e-03, -1.5659e-01, -3.6877e-02,  ...,  2.2738e-01,
             4.7502e-02, -2.3057e-01],
           ...,
           [ 7.5376e-02, -1.3188e-01, -1.1523e-01,  ..., -7.2155e-02,
             1.1057e-01, -7.0648e-02],
           [ 5.5370e-02, -1.5742e-01, -1.4219e-01,  ..., -1.3347e-01,
             5.8876e-02, -1.2892e-01],
           [-6.3899e-02, -2.0955e-01, -1.6194e-01,  ..., -2.9037e-01,
            -3.9644e-01, -2.7882e-01]],

          [[ 2.6205e-01,  2.6336e-01,  1.6273e-01,  ...,  1.6935e-01,
            -6.5498e-03, -1.9187e-01],
           [-9.7703e-02, -1.7803e-01, -3.3422e-01,  ...,  2.0293e-02,
             5.5633e-03, -2.9698e-01],
           [-5.6502e-02, -6.9255e-02, -2.1733e-01,  ...,  1.2867e-01,
             7.9999e-02, -3.3688e-01],
           ...,
           [-1.0435e-01, -1.1920e-01, -1.1632e-01,  ..., -8.2500e-02,
             4.5607e-02, -3.1651e-01],
           [-1.4488e-01, -2.3458e-01, -8.9150e-03,  ..., -4.4452e-02,
            -3.3101e-02, -2.8696e-01],
           [-3.1753e-01, -3.3795e-01, -3.2769e-01,  ..., -2.4983e-01,
            -3.7910e-01, -3.3660e-01]]],


         [[[-1.6970e-01, -2.1535e-01, -1.0749e-01,  ..., -1.5704e-01,
            -7.3407e-02, -1.2785e-01],
           [ 1.2747e-01, -1.8656e-01, -3.4448e-02,  ...,  5.5744e-04,
             8.7953e-02, -1.9954e-01],
           [-5.2145e-02, -1.9066e-02, -1.7992e-01,  ..., -7.2617e-02,
            -4.1731e-02, -1.5538e-01],
           ...,
           [-5.7573e-03, -1.7814e-01, -1.2501e-01,  ..., -9.4264e-02,
            -8.4935e-03, -6.8903e-02],
           [-7.1985e-02, -2.4732e-01, -6.5591e-02,  ...,  4.4557e-02,
             1.2498e-02, -9.8576e-02],
           [ 3.7116e-02,  3.3395e-02,  3.1447e-02,  ...,  1.0973e-01,
            -1.1159e-01, -1.3463e-01]],

          [[-4.5385e-01, -4.2265e-01, -4.8474e-01,  ..., -5.1844e-01,
            -4.5475e-01, -2.4894e-01],
           [-2.4413e-01, -4.7310e-01, -4.1722e-01,  ..., -4.5225e-01,
            -4.2339e-01, -3.6369e-01],
           [-3.0910e-01, -3.1615e-01, -3.6834e-01,  ..., -3.5198e-01,
            -3.7352e-01, -2.5888e-01],
           ...,
           [-2.3719e-01, -1.7954e-01, -4.5773e-01,  ..., -5.3639e-01,
            -5.1373e-01, -4.4635e-01],
           [-3.4704e-01, -2.3736e-01, -3.5121e-01,  ..., -3.8570e-01,
            -2.4519e-01, -4.1107e-01],
           [-2.3208e-01, -1.9923e-01, -2.6466e-01,  ..., -7.6824e-02,
            -2.9513e-02, -2.0848e-01]]],


         [[[ 5.6239e-02, -3.1187e-02, -1.1182e-01,  ..., -1.7124e-01,
            -1.5617e-01, -6.9622e-02],
           [-1.7862e-02, -5.0131e-02, -1.7721e-01,  ..., -1.7722e-01,
            -1.2650e-01,  5.4323e-02],
           [-2.6449e-02, -7.4912e-02, -7.2114e-02,  ...,  4.0849e-02,
             6.1531e-02,  1.1620e-01],
           ...,
           [ 4.4516e-02,  2.6416e-03, -1.4614e-01,  ..., -1.4519e-01,
            -5.1167e-02, -1.2982e-01],
           [ 2.5051e-02, -8.5706e-02, -2.3665e-01,  ..., -2.3661e-02,
            -2.2215e-02,  3.0251e-02],
           [-1.2978e-01, -3.8659e-01, -3.3978e-01,  ..., -1.4144e-01,
            -2.3682e-01, -1.9004e-01]],

          [[ 9.4772e-02,  2.3908e-02,  2.7156e-02,  ...,  7.6562e-02,
            -5.7042e-02,  4.9429e-03],
           [ 7.7480e-02, -1.2776e-02, -2.0172e-01,  ..., -1.0256e-01,
            -1.3099e-01,  5.2344e-02],
           [-3.6517e-02, -1.0411e-01, -1.0174e-01,  ...,  8.1665e-03,
            -3.0415e-02,  3.5483e-02],
           ...,
           [ 6.0786e-02,  8.9521e-03, -5.2085e-02,  ..., -3.8269e-01,
            -1.2572e-01, -3.0700e-02],
           [ 1.3518e-02, -6.1111e-02, -1.0664e-01,  ..., -8.5259e-02,
            -8.8917e-02, -4.6256e-02],
           [ 2.9799e-02, -1.6057e-01, -2.8557e-01,  ..., -1.4426e-01,
            -2.0519e-01, -1.6065e-01]]]],



        [[[[-6.6906e-02, -1.0446e-01, -3.8352e-03,  ...,  1.3752e-01,
             6.9611e-02,  6.8557e-02],
           [-3.1360e-02,  5.8279e-02, -1.1141e-01,  ...,  1.8544e-01,
             2.6836e-01,  1.3221e-01],
           [ 6.3713e-02,  2.4166e-02,  1.1260e-01,  ...,  1.1756e-01,
             1.5204e-01,  1.0171e-01],
           ...,
           [-6.0573e-02, -8.9746e-02,  5.5822e-03,  ...,  6.8830e-02,
             3.6161e-02, -7.8654e-02],
           [-1.0867e-01,  1.0718e-01,  1.0586e-01,  ...,  6.3171e-02,
             9.7912e-03, -1.0021e-01],
           [-1.9733e-01, -1.8024e-02,  4.3290e-02,  ...,  9.2051e-03,
             4.3974e-02,  1.0330e-01]],

          [[ 1.2190e-01,  2.5094e-01,  1.7365e-01,  ...,  2.8474e-01,
             2.6433e-01,  1.9393e-01],
           [ 1.0979e-01,  3.3598e-01,  8.2317e-02,  ...,  1.8222e-01,
             3.6616e-01,  2.7606e-01],
           [ 2.3177e-01,  3.3307e-01,  3.2307e-01,  ...,  2.1517e-01,
             2.7701e-01,  2.4774e-01],
           ...,
           [ 1.7040e-01,  1.2175e-01,  2.7035e-01,  ...,  3.9216e-01,
             3.2806e-01,  3.9071e-01],
           [ 2.6241e-01,  2.4853e-01,  3.7631e-01,  ...,  3.3641e-01,
             2.9982e-01,  4.7533e-01],
           [ 2.3726e-01,  2.2921e-01,  2.2993e-01,  ...,  2.4710e-01,
             2.6419e-01,  2.9435e-01]]],


         [[[-1.2192e-01, -1.7446e-01, -2.9162e-01,  ..., -1.5341e-01,
            -1.8612e-01, -8.7330e-02],
           [-1.5851e-01, -2.5285e-01, -3.5842e-01,  ..., -3.2151e-01,
            -4.5965e-01, -4.0004e-01],
           [-1.7034e-01, -2.8501e-01, -2.8996e-01,  ..., -2.4914e-01,
            -3.8714e-01, -3.7006e-01],
           ...,
           [-2.2584e-01, -2.9940e-01, -3.1331e-01,  ..., -2.6606e-01,
            -3.0562e-01, -1.8266e-01],
           [-1.2603e-01, -2.4058e-01, -3.5248e-01,  ..., -2.5301e-01,
            -2.8484e-01, -2.7802e-01],
           [-1.5688e-01, -2.3384e-01, -2.5188e-01,  ..., -2.2309e-01,
            -2.3981e-01, -1.8938e-01]],

          [[-2.4226e-01, -1.3705e-01, -2.0604e-01,  ..., -2.2101e-01,
            -2.5109e-01, -9.5029e-02],
           [-1.7336e-01,  4.2376e-02, -1.1973e-01,  ..., -7.5981e-02,
            -1.9194e-01, -1.1158e-01],
           [-2.3516e-01, -1.1137e-01, -5.0509e-02,  ..., -1.0673e-01,
            -5.5042e-02, -2.2199e-01],
           ...,
           [-2.2439e-01, -2.9947e-01, -3.3783e-01,  ..., -1.7085e-01,
            -2.8469e-01, -2.3939e-01],
           [-2.9649e-01, -1.4203e-01, -2.6850e-01,  ..., -2.3859e-01,
            -3.2404e-01, -2.2959e-01],
           [-1.9775e-01, -2.0137e-01, -1.5860e-01,  ..., -1.4993e-01,
            -1.7474e-01, -9.7514e-02]]],


         [[[-2.6055e-01,  1.3413e-01, -3.3614e-02,  ..., -9.1434e-02,
            -5.8171e-02,  1.2816e-01],
           [-8.0735e-02,  3.2211e-01,  1.2102e-01,  ...,  8.3001e-02,
             2.4527e-02,  2.5156e-01],
           [-1.0333e-01,  2.2779e-01,  1.0366e-01,  ...,  1.3128e-01,
            -1.4312e-02,  9.1882e-02],
           ...,
           [ 8.2767e-02,  4.9926e-01,  2.8820e-01,  ...,  2.3913e-01,
             3.5227e-01,  3.6778e-01],
           [-6.7622e-02,  3.8468e-01,  1.9781e-01,  ...,  1.7939e-01,
             3.4371e-01,  3.5850e-01],
           [-5.1282e-02,  1.5783e-01,  1.2761e-01,  ...,  2.2138e-01,
             2.5378e-01,  2.4535e-01]],

          [[-2.2748e-01, -5.3312e-02,  1.0592e-01,  ..., -1.5597e-02,
             4.1136e-02, -1.3328e-01],
           [-1.6400e-01, -6.7217e-03,  1.7641e-02,  ..., -9.9790e-02,
             6.4228e-02,  2.0795e-02],
           [-1.3072e-01,  5.7711e-02,  1.3793e-01,  ...,  9.4726e-02,
             1.9851e-01,  2.8137e-02],
           ...,
           [-1.0060e-01,  8.0561e-02,  1.5639e-01,  ...,  8.5930e-02,
             1.5833e-01,  2.7216e-02],
           [-7.3324e-02,  1.0282e-01,  1.6825e-01,  ...,  1.0086e-01,
             1.7967e-01,  2.2178e-02],
           [ 1.5165e-02,  2.6795e-01,  2.3417e-01,  ...,  1.2708e-01,
             2.5581e-01,  1.6478e-01]]],


         ...,


         [[[ 2.1817e-01, -9.6801e-03,  6.8060e-03,  ..., -1.2647e-01,
            -7.2946e-03, -7.2566e-02],
           [ 1.6681e-03,  4.3315e-02,  1.4057e-01,  ...,  1.5482e-03,
            -8.3203e-04, -1.6220e-02],
           [-2.9707e-02,  1.0479e-01, -6.0975e-02,  ...,  6.3432e-02,
            -1.6637e-01, -1.3352e-01],
           ...,
           [ 1.4868e-01, -1.2591e-01,  4.4464e-02,  ...,  7.3437e-02,
             1.8204e-01, -2.3212e-02],
           [ 1.9150e-01,  9.8779e-02,  9.9954e-03,  ...,  1.3429e-02,
             6.7137e-02, -2.9450e-02],
           [-3.2481e-02, -9.5731e-02, -1.2804e-01,  ..., -1.6798e-01,
            -1.6899e-01, -2.8157e-01]],

          [[ 1.7537e-01,  1.1127e-01,  1.3978e-01,  ...,  8.1453e-02,
             9.1425e-02, -1.0995e-01],
           [-7.7365e-02,  1.7504e-01, -7.0376e-02,  ...,  8.9459e-02,
            -7.6695e-02, -1.3157e-01],
           [ 1.9962e-02,  5.8625e-02, -9.6212e-02,  ...,  6.6381e-02,
            -1.9115e-01, -1.7071e-01],
           ...,
           [-8.4838e-02, -4.7365e-02,  2.0859e-02,  ...,  2.1058e-03,
            -1.2202e-01, -2.0678e-01],
           [ 1.8316e-02,  3.3379e-02,  1.4711e-02,  ..., -4.5963e-02,
            -2.6225e-01, -2.9502e-01],
           [-2.3576e-01, -1.6139e-01, -2.3682e-01,  ..., -2.8628e-02,
            -1.2860e-01, -2.1937e-01]]],


         [[[-1.8097e-01, -2.3957e-01, -1.7882e-01,  ..., -1.3976e-01,
             3.4083e-02, -1.6268e-01],
           [ 5.0401e-03,  4.9773e-02,  4.6451e-02,  ..., -2.3073e-03,
             5.1679e-03, -1.4110e-01],
           [-1.6486e-01,  3.5037e-02, -9.7672e-02,  ...,  6.6394e-02,
             1.0076e-01, -1.3257e-01],
           ...,
           [ 2.8045e-02,  7.0743e-02,  1.1296e-01,  ..., -1.4553e-01,
            -9.5389e-02, -1.2446e-01],
           [ 2.9834e-02,  7.0715e-03,  1.7462e-01,  ..., -1.3814e-01,
            -1.1081e-01, -1.7941e-01],
           [ 4.8136e-02,  3.6527e-02,  8.3748e-02,  ...,  7.2931e-02,
             8.8405e-03,  3.5784e-02]],

          [[-5.7956e-01, -5.1093e-01, -5.7482e-01,  ..., -6.0049e-01,
            -5.9397e-01, -2.1730e-01],
           [-4.1426e-01, -4.0059e-01, -5.6888e-01,  ..., -6.4218e-01,
            -5.4800e-01, -3.3803e-01],
           [-3.3753e-01, -5.8963e-01, -5.8732e-01,  ..., -6.9215e-01,
            -5.9912e-01, -4.4904e-01],
           ...,
           [-1.5200e-01, -1.3541e-01,  3.9432e-02,  ..., -4.5242e-01,
            -3.9691e-01, -4.5956e-01],
           [-3.1346e-01, -2.8829e-01, -3.0151e-01,  ..., -4.9633e-01,
            -4.3778e-01, -5.1470e-01],
           [-5.9281e-02, -2.0404e-01, -2.0154e-01,  ..., -2.9845e-01,
            -1.6524e-01, -1.2756e-01]]],


         [[[-5.2994e-02, -5.8777e-02, -1.5258e-01,  ..., -6.6493e-02,
            -1.3506e-01,  7.3834e-03],
           [-2.7975e-02, -8.6981e-02, -1.4093e-01,  ..., -1.8520e-01,
            -2.6270e-04, -1.7509e-01],
           [-5.9781e-02, -2.7329e-01, -1.0139e-01,  ..., -1.1808e-01,
            -1.1675e-01, -5.2538e-02],
           ...,
           [-1.1836e-01, -2.5692e-01, -1.4038e-01,  ..., -2.5234e-01,
            -1.2720e-01, -9.1333e-02],
           [-2.0694e-02, -5.8580e-02, -5.9475e-02,  ..., -6.5634e-02,
            -1.4429e-01, -9.3713e-02],
           [-4.8841e-02, -3.0462e-01, -2.9596e-01,  ..., -2.8430e-01,
            -1.8535e-01, -6.9794e-02]],

          [[ 1.6302e-01,  8.0321e-02,  5.5222e-02,  ...,  1.4141e-02,
            -1.7979e-02,  4.2246e-02],
           [-3.8969e-02, -5.9971e-02, -9.0012e-02,  ..., -1.0340e-01,
            -1.6228e-01, -5.8451e-02],
           [-1.2950e-01, -1.0210e-01, -1.6394e-01,  ..., -3.3152e-02,
            -1.4995e-01, -4.7872e-02],
           ...,
           [ 1.4621e-02, -1.2636e-01, -1.8475e-01,  ..., -1.3702e-01,
            -4.9729e-02, -2.0670e-02],
           [ 6.1761e-02,  5.0059e-04, -1.0575e-01,  ..., -1.3054e-01,
            -4.5523e-02,  8.2652e-02],
           [-3.0715e-02, -5.6727e-02, -1.4699e-01,  ..., -2.1812e-01,
            -2.5999e-01, -1.2418e-01]]]]], device='cuda:0',
       grad_fn=<SliceBackward0>)
batch 0 loss: 26.162702560424805
step 0
