CUDA: True
GPUs: 1
NVIDIA L4
dataset:
  name: active_matter
  num_frames: 16
  num_frames_per_patch: 2
  num_chans: 11
  resolution: 224
  offset: 1
model:
  dims:
  - 16
  - 32
  - 64
  - 128
  - 128
  num_res_blocks:
  - 3
  - 3
  - 3
  - 9
  - 3
  name: cnn
  objective: jepa
ft:
  num_epochs: 100
  lr: 0.001
  batch_size: 32
  report_every: 100
  save_every: 10
  head_type: linear
  embeddings_dir: ./embeddings
  task: regression
  use_attentive_pooling: true
  lr_scheduler: cosine
  lr_scheduler_warmup_epochs: 2
  min_lr: 0
  weight_decay: 0.01
  noise_std: 1.0
  run_name: activematter-jepa-FT-noise-std-1.0
  distributed: false
train:
  run_name: baseline-jepa-full
  num_epochs: 30
  batch_size: 8
  report_every: 100
  save_every: 2
  include_labels: false
  sim_coeff: 2
  std_coeff: 40
  cov_coeff: 2
  predict_n_steps: false
  lr_scheduler: cosine
  lr_scheduler_warmup_epochs: 2
  min_lr: 1.0e-06
  lr: 0.001
  weight_decay: 0.05
  noise_std: 1.0
  distributed: false
out_path: ./checkpoints/baseline-jepa-full
cache_path: ./dataset_cache
dry_run: false

dataset:
  name: active_matter
  num_frames: 16
  num_frames_per_patch: 2
  num_chans: 11
  resolution: 224
  offset: 1
model:
  dims:
  - 16
  - 32
  - 64
  - 128
  - 128
  num_res_blocks:
  - 3
  - 3
  - 3
  - 9
  - 3
  name: cnn
  objective: jepa
ft:
  num_epochs: 100
  lr: 0.001
  batch_size: 32
  report_every: 100
  save_every: 10
  head_type: linear
  embeddings_dir: ./embeddings
  task: regression
  use_attentive_pooling: true
  lr_scheduler: cosine
  lr_scheduler_warmup_epochs: 2
  min_lr: 0
  weight_decay: 0.01
  noise_std: 1.0
  run_name: activematter-jepa-FT-noise-std-1.0
  distributed: false
train:
  run_name: baseline-jepa-full
  num_epochs: 30
  batch_size: 8
  report_every: 100
  save_every: 2
  include_labels: false
  sim_coeff: 2
  std_coeff: 40
  cov_coeff: 2
  predict_n_steps: false
  lr_scheduler: cosine
  lr_scheduler_warmup_epochs: 2
  min_lr: 1.0e-06
  lr: 0.001
  weight_decay: 0.05
  noise_std: 1.0
  distributed: false
out_path: ./checkpoints/baseline-jepa-full
cache_path: ./dataset_cache
dry_run: false

Adding Gaussian noise with std 1.0
Found 8750 examples
Physical params: {'active_matter_L_10.0_zeta_1.0_alpha_-1.0.hdf5': [np.float32(-1.0), np.float32(1.0)], 'active_matter_L_10.0_zeta_1.0_alpha_-2.0.hdf5': [np.float32(-2.0), np.float32(1.0)], 'active_matter_L_10.0_zeta_1.0_alpha_-3.0.hdf5': [np.float32(-3.0), np.float32(1.0)], 'active_matter_L_10.0_zeta_1.0_alpha_-4.0.hdf5': [np.float32(-4.0), np.float32(1.0)], 'active_matter_L_10.0_zeta_1.0_alpha_-5.0.hdf5': [np.float32(-5.0), np.float32(1.0)], 'active_matter_L_10.0_zeta_11.0_alpha_-1.0.hdf5': [np.float32(-1.0), np.float32(11.0)], 'active_matter_L_10.0_zeta_11.0_alpha_-2.0.hdf5': [np.float32(-2.0), np.float32(11.0)], 'active_matter_L_10.0_zeta_11.0_alpha_-3.0.hdf5': [np.float32(-3.0), np.float32(11.0)], 'active_matter_L_10.0_zeta_11.0_alpha_-4.0.hdf5': [np.float32(-4.0), np.float32(11.0)], 'active_matter_L_10.0_zeta_11.0_alpha_-5.0.hdf5': [np.float32(-5.0), np.float32(11.0)], 'active_matter_L_10.0_zeta_13.0_alpha_-1.0.hdf5': [np.float32(-1.0), np.float32(13.0)], 'active_matter_L_10.0_zeta_13.0_alpha_-2.0.hdf5': [np.float32(-2.0), np.float32(13.0)], 'active_matter_L_10.0_zeta_13.0_alpha_-3.0.hdf5': [np.float32(-3.0), np.float32(13.0)], 'active_matter_L_10.0_zeta_13.0_alpha_-4.0.hdf5': [np.float32(-4.0), np.float32(13.0)], 'active_matter_L_10.0_zeta_13.0_alpha_-5.0.hdf5': [np.float32(-5.0), np.float32(13.0)], 'active_matter_L_10.0_zeta_15.0_alpha_-1.0.hdf5': [np.float32(-1.0), np.float32(15.0)], 'active_matter_L_10.0_zeta_15.0_alpha_-2.0.hdf5': [np.float32(-2.0), np.float32(15.0)], 'active_matter_L_10.0_zeta_15.0_alpha_-3.0.hdf5': [np.float32(-3.0), np.float32(15.0)], 'active_matter_L_10.0_zeta_15.0_alpha_-4.0.hdf5': [np.float32(-4.0), np.float32(15.0)], 'active_matter_L_10.0_zeta_15.0_alpha_-5.0.hdf5': [np.float32(-5.0), np.float32(15.0)], 'active_matter_L_10.0_zeta_17.0_alpha_-1.0.hdf5': [np.float32(-1.0), np.float32(17.0)], 'active_matter_L_10.0_zeta_17.0_alpha_-2.0.hdf5': [np.float32(-2.0), np.float32(17.0)], 'active_matter_L_10.0_zeta_17.0_alpha_-3.0.hdf5': [np.float32(-3.0), np.float32(17.0)], 'active_matter_L_10.0_zeta_17.0_alpha_-4.0.hdf5': [np.float32(-4.0), np.float32(17.0)], 'active_matter_L_10.0_zeta_17.0_alpha_-5.0.hdf5': [np.float32(-5.0), np.float32(17.0)], 'active_matter_L_10.0_zeta_3.0_alpha_-1.0.hdf5': [np.float32(-1.0), np.float32(3.0)], 'active_matter_L_10.0_zeta_3.0_alpha_-2.0.hdf5': [np.float32(-2.0), np.float32(3.0)], 'active_matter_L_10.0_zeta_3.0_alpha_-3.0.hdf5': [np.float32(-3.0), np.float32(3.0)], 'active_matter_L_10.0_zeta_3.0_alpha_-4.0.hdf5': [np.float32(-4.0), np.float32(3.0)], 'active_matter_L_10.0_zeta_3.0_alpha_-5.0.hdf5': [np.float32(-5.0), np.float32(3.0)], 'active_matter_L_10.0_zeta_5.0_alpha_-1.0.hdf5': [np.float32(-1.0), np.float32(5.0)], 'active_matter_L_10.0_zeta_5.0_alpha_-2.0.hdf5': [np.float32(-2.0), np.float32(5.0)], 'active_matter_L_10.0_zeta_5.0_alpha_-3.0.hdf5': [np.float32(-3.0), np.float32(5.0)], 'active_matter_L_10.0_zeta_5.0_alpha_-4.0.hdf5': [np.float32(-4.0), np.float32(5.0)], 'active_matter_L_10.0_zeta_5.0_alpha_-5.0.hdf5': [np.float32(-5.0), np.float32(5.0)], 'active_matter_L_10.0_zeta_7.0_alpha_-1.0.hdf5': [np.float32(-1.0), np.float32(7.0)], 'active_matter_L_10.0_zeta_7.0_alpha_-2.0.hdf5': [np.float32(-2.0), np.float32(7.0)], 'active_matter_L_10.0_zeta_7.0_alpha_-3.0.hdf5': [np.float32(-3.0), np.float32(7.0)], 'active_matter_L_10.0_zeta_7.0_alpha_-4.0.hdf5': [np.float32(-4.0), np.float32(7.0)], 'active_matter_L_10.0_zeta_7.0_alpha_-5.0.hdf5': [np.float32(-5.0), np.float32(7.0)], 'active_matter_L_10.0_zeta_9.0_alpha_-1.0.hdf5': [np.float32(-1.0), np.float32(9.0)], 'active_matter_L_10.0_zeta_9.0_alpha_-2.0.hdf5': [np.float32(-2.0), np.float32(9.0)], 'active_matter_L_10.0_zeta_9.0_alpha_-3.0.hdf5': [np.float32(-3.0), np.float32(9.0)], 'active_matter_L_10.0_zeta_9.0_alpha_-4.0.hdf5': [np.float32(-4.0), np.float32(9.0)], 'active_matter_L_10.0_zeta_9.0_alpha_-5.0.hdf5': [np.float32(-5.0), np.float32(9.0)]}
total number of block pairs in train dataset: 8750
Adding Gaussian noise with std 1.0
Found 1200 examples
Physical params: {'active_matter_L_10.0_zeta_1.0_alpha_-3.0.hdf5': [np.float32(-3.0), np.float32(1.0)], 'active_matter_L_10.0_zeta_1.0_alpha_-4.0.hdf5': [np.float32(-4.0), np.float32(1.0)], 'active_matter_L_10.0_zeta_11.0_alpha_-2.0.hdf5': [np.float32(-2.0), np.float32(11.0)], 'active_matter_L_10.0_zeta_11.0_alpha_-4.0.hdf5': [np.float32(-4.0), np.float32(11.0)], 'active_matter_L_10.0_zeta_13.0_alpha_-2.0.hdf5': [np.float32(-2.0), np.float32(13.0)], 'active_matter_L_10.0_zeta_13.0_alpha_-3.0.hdf5': [np.float32(-3.0), np.float32(13.0)], 'active_matter_L_10.0_zeta_15.0_alpha_-1.0.hdf5': [np.float32(-1.0), np.float32(15.0)], 'active_matter_L_10.0_zeta_15.0_alpha_-4.0.hdf5': [np.float32(-4.0), np.float32(15.0)], 'active_matter_L_10.0_zeta_15.0_alpha_-5.0.hdf5': [np.float32(-5.0), np.float32(15.0)], 'active_matter_L_10.0_zeta_17.0_alpha_-4.0.hdf5': [np.float32(-4.0), np.float32(17.0)], 'active_matter_L_10.0_zeta_3.0_alpha_-2.0.hdf5': [np.float32(-2.0), np.float32(3.0)], 'active_matter_L_10.0_zeta_5.0_alpha_-1.0.hdf5': [np.float32(-1.0), np.float32(5.0)], 'active_matter_L_10.0_zeta_5.0_alpha_-4.0.hdf5': [np.float32(-4.0), np.float32(5.0)], 'active_matter_L_10.0_zeta_7.0_alpha_-2.0.hdf5': [np.float32(-2.0), np.float32(7.0)], 'active_matter_L_10.0_zeta_7.0_alpha_-3.0.hdf5': [np.float32(-3.0), np.float32(7.0)], 'active_matter_L_10.0_zeta_9.0_alpha_-1.0.hdf5': [np.float32(-1.0), np.float32(9.0)]}
Loaded 1093 training batches per device on 1 devices, batch size 8
num encoder parameters: 2468720
num predictor parameters: 801664
name                                  type              in→out      kernel        stride        pad           dil         groups    bias    depthwise  params        out_shape           
-----------------------------------------------------------------------------------------------------------------------------------------------------------------------------------------
downsample_layers.0.0                 Conv3d            11→16       (1, 4, 4)     (1, 1, 1)     same          (1, 1, 1)   1         ✓                  2832                              
downsample_layers.1.1                 Conv3d            16→32       (2, 2, 2)     (2, 2, 2)     (0, 0, 0)     (1, 1, 1)   1         ✓                  4128                              
downsample_layers.2.1                 Conv3d            32→64       (2, 2, 2)     (2, 2, 2)     (0, 0, 0)     (1, 1, 1)   1         ✓                  16448                             
downsample_layers.3.1                 Conv3d            64→128      (2, 2, 2)     (2, 2, 2)     (0, 0, 0)     (1, 1, 1)   1         ✓                  65664                             
downsample_layers.4.1                 Conv3d            128→128     (2, 2, 2)     (2, 2, 2)     (0, 0, 0)     (1, 1, 1)   1         ✓                  131200                            
res_blocks.0.0.conv                   Conv3d            16→16       (7, 7, 7)     (1, 1, 1)     (3, 3, 3)     (1, 1, 1)   16        ✓       ✓          5504                              
res_blocks.0.1.conv                   Conv3d            16→16       (7, 7, 7)     (1, 1, 1)     (3, 3, 3)     (1, 1, 1)   16        ✓       ✓          5504                              
res_blocks.0.2.conv                   Conv3d            16→16       (7, 7, 7)     (1, 1, 1)     (3, 3, 3)     (1, 1, 1)   16        ✓       ✓          5504                              
res_blocks.1.0.conv                   Conv3d            32→32       (7, 7, 7)     (1, 1, 1)     (3, 3, 3)     (1, 1, 1)   32        ✓       ✓          11008                             
res_blocks.1.1.conv                   Conv3d            32→32       (7, 7, 7)     (1, 1, 1)     (3, 3, 3)     (1, 1, 1)   32        ✓       ✓          11008                             
res_blocks.1.2.conv                   Conv3d            32→32       (7, 7, 7)     (1, 1, 1)     (3, 3, 3)     (1, 1, 1)   32        ✓       ✓          11008                             
res_blocks.2.0.conv                   Conv3d            64→64       (7, 7, 7)     (1, 1, 1)     (3, 3, 3)     (1, 1, 1)   64        ✓       ✓          22016                             
res_blocks.2.1.conv                   Conv3d            64→64       (7, 7, 7)     (1, 1, 1)     (3, 3, 3)     (1, 1, 1)   64        ✓       ✓          22016                             
res_blocks.2.2.conv                   Conv3d            64→64       (7, 7, 7)     (1, 1, 1)     (3, 3, 3)     (1, 1, 1)   64        ✓       ✓          22016                             
res_blocks.3.0.conv                   Conv3d            128→128     (7, 7, 7)     (1, 1, 1)     (3, 3, 3)     (1, 1, 1)   128       ✓       ✓          44032                             
res_blocks.3.1.conv                   Conv3d            128→128     (7, 7, 7)     (1, 1, 1)     (3, 3, 3)     (1, 1, 1)   128       ✓       ✓          44032                             
res_blocks.3.2.conv                   Conv3d            128→128     (7, 7, 7)     (1, 1, 1)     (3, 3, 3)     (1, 1, 1)   128       ✓       ✓          44032                             
res_blocks.3.3.conv                   Conv3d            128→128     (7, 7, 7)     (1, 1, 1)     (3, 3, 3)     (1, 1, 1)   128       ✓       ✓          44032                             
res_blocks.3.4.conv                   Conv3d            128→128     (7, 7, 7)     (1, 1, 1)     (3, 3, 3)     (1, 1, 1)   128       ✓       ✓          44032                             
res_blocks.3.5.conv                   Conv3d            128→128     (7, 7, 7)     (1, 1, 1)     (3, 3, 3)     (1, 1, 1)   128       ✓       ✓          44032                             
res_blocks.3.6.conv                   Conv3d            128→128     (7, 7, 7)     (1, 1, 1)     (3, 3, 3)     (1, 1, 1)   128       ✓       ✓          44032                             
res_blocks.3.7.conv                   Conv3d            128→128     (7, 7, 7)     (1, 1, 1)     (3, 3, 3)     (1, 1, 1)   128       ✓       ✓          44032                             
res_blocks.3.8.conv                   Conv3d            128→128     (7, 7, 7)     (1, 1, 1)     (3, 3, 3)     (1, 1, 1)   128       ✓       ✓          44032                             
res_blocks.4.0.conv                   Conv2d            128→128     (7, 7)        (1, 1)        (3, 3)        (1, 1)      128       ✓       ✓          6400                              
res_blocks.4.1.conv                   Conv2d            128→128     (7, 7)        (1, 1)        (3, 3)        (1, 1)      128       ✓       ✓          6400                              
res_blocks.4.2.conv                   Conv2d            128→128     (7, 7)        (1, 1)        (3, 3)        (1, 1)      128       ✓       ✓          6400                              
using gradient accumulation with 32 steps
using cosine scheduler with max_lr 0.001, min_lr 1e-06, warmup_steps 0, total_updates 1025
starting to train w/ 1093 batches per device
ctx shape before pad (b c t h w): torch.Size([8, 11, 16, 224, 224])
[1;34mwandb[0m: 
[1;34mwandb[0m: 🚀 View run [33mactive_matter-16frames-cnn-jepa-baseline-jepa-full[0m at: [34mhttps://wandb.ai/aditirai2020-new-york-university/physics-jepa/runs/mt60uy9z[0m
[1;34mwandb[0m: Find logs at: [1;35mwandb/run-20260425_105524-mt60uy9z/logs[0m
