CUDA: True
GPUs: 1
NVIDIA A100-SXM4-40GB
dataset:
  name: active_matter
  num_frames: 16
  num_frames_per_patch: 2
  num_chans: 11
  resolution: 224
  offset: 1
model:
  dims:
  - 16
  - 32
  - 64
  - 128
  - 128
  num_res_blocks:
  - 3
  - 3
  - 3
  - 9
  - 3
  name: cnn
  objective: jepa
ft:
  num_epochs: 100
  lr: 0.001
  batch_size: 32
  report_every: 100
  save_every: 10
  head_type: linear
  embeddings_dir: ./embeddings
  task: regression
  use_attentive_pooling: true
  lr_scheduler: cosine
  lr_scheduler_warmup_epochs: 2
  min_lr: 0
  weight_decay: 0.01
  noise_std: 1.0
  run_name: activematter-jepa-FT-noise-std-1.0
  distributed: false
train:
  run_name: baseline-jepa-full
  num_epochs: 30
  batch_size: 4
  report_every: 100
  save_every: 2
  include_labels: false
  sim_coeff: 2
  std_coeff: 40
  cov_coeff: 2
  predict_n_steps: false
  lr_scheduler: cosine
  lr_scheduler_warmup_epochs: 2
  min_lr: 1.0e-06
  lr: 0.001
  weight_decay: 0.05
  noise_std: 1.0
  distributed: false
out_path: ./checkpoints/baseline-jepa-full
cache_path: ./dataset_cache
dry_run: false

dataset:
  name: active_matter
  num_frames: 16
  num_frames_per_patch: 2
  num_chans: 11
  resolution: 224
  offset: 1
model:
  dims:
  - 16
  - 32
  - 64
  - 128
  - 128
  num_res_blocks:
  - 3
  - 3
  - 3
  - 9
  - 3
  name: cnn
  objective: jepa
ft:
  num_epochs: 100
  lr: 0.001
  batch_size: 32
  report_every: 100
  save_every: 10
  head_type: linear
  embeddings_dir: ./embeddings
  task: regression
  use_attentive_pooling: true
  lr_scheduler: cosine
  lr_scheduler_warmup_epochs: 2
  min_lr: 0
  weight_decay: 0.01
  noise_std: 1.0
  run_name: activematter-jepa-FT-noise-std-1.0
  distributed: false
train:
  run_name: baseline-jepa-full
  num_epochs: 30
  batch_size: 4
  report_every: 100
  save_every: 2
  include_labels: false
  sim_coeff: 2
  std_coeff: 40
  cov_coeff: 2
  predict_n_steps: false
  lr_scheduler: cosine
  lr_scheduler_warmup_epochs: 2
  min_lr: 1.0e-06
  lr: 0.001
  weight_decay: 0.05
  noise_std: 1.0
  distributed: false
out_path: ./checkpoints/baseline-jepa-full
cache_path: ./dataset_cache
dry_run: false

Adding Gaussian noise with std 1.0
Found 8750 examples
Physical params: {'active_matter_L_10.0_zeta_1.0_alpha_-1.0.hdf5': [np.float32(-1.0), np.float32(1.0)], 'active_matter_L_10.0_zeta_1.0_alpha_-2.0.hdf5': [np.float32(-2.0), np.float32(1.0)], 'active_matter_L_10.0_zeta_1.0_alpha_-3.0.hdf5': [np.float32(-3.0), np.float32(1.0)], 'active_matter_L_10.0_zeta_1.0_alpha_-4.0.hdf5': [np.float32(-4.0), np.float32(1.0)], 'active_matter_L_10.0_zeta_1.0_alpha_-5.0.hdf5': [np.float32(-5.0), np.float32(1.0)], 'active_matter_L_10.0_zeta_11.0_alpha_-1.0.hdf5': [np.float32(-1.0), np.float32(11.0)], 'active_matter_L_10.0_zeta_11.0_alpha_-2.0.hdf5': [np.float32(-2.0), np.float32(11.0)], 'active_matter_L_10.0_zeta_11.0_alpha_-3.0.hdf5': [np.float32(-3.0), np.float32(11.0)], 'active_matter_L_10.0_zeta_11.0_alpha_-4.0.hdf5': [np.float32(-4.0), np.float32(11.0)], 'active_matter_L_10.0_zeta_11.0_alpha_-5.0.hdf5': [np.float32(-5.0), np.float32(11.0)], 'active_matter_L_10.0_zeta_13.0_alpha_-1.0.hdf5': [np.float32(-1.0), np.float32(13.0)], 'active_matter_L_10.0_zeta_13.0_alpha_-2.0.hdf5': [np.float32(-2.0), np.float32(13.0)], 'active_matter_L_10.0_zeta_13.0_alpha_-3.0.hdf5': [np.float32(-3.0), np.float32(13.0)], 'active_matter_L_10.0_zeta_13.0_alpha_-4.0.hdf5': [np.float32(-4.0), np.float32(13.0)], 'active_matter_L_10.0_zeta_13.0_alpha_-5.0.hdf5': [np.float32(-5.0), np.float32(13.0)], 'active_matter_L_10.0_zeta_15.0_alpha_-1.0.hdf5': [np.float32(-1.0), np.float32(15.0)], 'active_matter_L_10.0_zeta_15.0_alpha_-2.0.hdf5': [np.float32(-2.0), np.float32(15.0)], 'active_matter_L_10.0_zeta_15.0_alpha_-3.0.hdf5': [np.float32(-3.0), np.float32(15.0)], 'active_matter_L_10.0_zeta_15.0_alpha_-4.0.hdf5': [np.float32(-4.0), np.float32(15.0)], 'active_matter_L_10.0_zeta_15.0_alpha_-5.0.hdf5': [np.float32(-5.0), np.float32(15.0)], 'active_matter_L_10.0_zeta_17.0_alpha_-1.0.hdf5': [np.float32(-1.0), np.float32(17.0)], 'active_matter_L_10.0_zeta_17.0_alpha_-2.0.hdf5': [np.float32(-2.0), np.float32(17.0)], 'active_matter_L_10.0_zeta_17.0_alpha_-3.0.hdf5': [np.float32(-3.0), np.float32(17.0)], 'active_matter_L_10.0_zeta_17.0_alpha_-4.0.hdf5': [np.float32(-4.0), np.float32(17.0)], 'active_matter_L_10.0_zeta_17.0_alpha_-5.0.hdf5': [np.float32(-5.0), np.float32(17.0)], 'active_matter_L_10.0_zeta_3.0_alpha_-1.0.hdf5': [np.float32(-1.0), np.float32(3.0)], 'active_matter_L_10.0_zeta_3.0_alpha_-2.0.hdf5': [np.float32(-2.0), np.float32(3.0)], 'active_matter_L_10.0_zeta_3.0_alpha_-3.0.hdf5': [np.float32(-3.0), np.float32(3.0)], 'active_matter_L_10.0_zeta_3.0_alpha_-4.0.hdf5': [np.float32(-4.0), np.float32(3.0)], 'active_matter_L_10.0_zeta_3.0_alpha_-5.0.hdf5': [np.float32(-5.0), np.float32(3.0)], 'active_matter_L_10.0_zeta_5.0_alpha_-1.0.hdf5': [np.float32(-1.0), np.float32(5.0)], 'active_matter_L_10.0_zeta_5.0_alpha_-2.0.hdf5': [np.float32(-2.0), np.float32(5.0)], 'active_matter_L_10.0_zeta_5.0_alpha_-3.0.hdf5': [np.float32(-3.0), np.float32(5.0)], 'active_matter_L_10.0_zeta_5.0_alpha_-4.0.hdf5': [np.float32(-4.0), np.float32(5.0)], 'active_matter_L_10.0_zeta_5.0_alpha_-5.0.hdf5': [np.float32(-5.0), np.float32(5.0)], 'active_matter_L_10.0_zeta_7.0_alpha_-1.0.hdf5': [np.float32(-1.0), np.float32(7.0)], 'active_matter_L_10.0_zeta_7.0_alpha_-2.0.hdf5': [np.float32(-2.0), np.float32(7.0)], 'active_matter_L_10.0_zeta_7.0_alpha_-3.0.hdf5': [np.float32(-3.0), np.float32(7.0)], 'active_matter_L_10.0_zeta_7.0_alpha_-4.0.hdf5': [np.float32(-4.0), np.float32(7.0)], 'active_matter_L_10.0_zeta_7.0_alpha_-5.0.hdf5': [np.float32(-5.0), np.float32(7.0)], 'active_matter_L_10.0_zeta_9.0_alpha_-1.0.hdf5': [np.float32(-1.0), np.float32(9.0)], 'active_matter_L_10.0_zeta_9.0_alpha_-2.0.hdf5': [np.float32(-2.0), np.float32(9.0)], 'active_matter_L_10.0_zeta_9.0_alpha_-3.0.hdf5': [np.float32(-3.0), np.float32(9.0)], 'active_matter_L_10.0_zeta_9.0_alpha_-4.0.hdf5': [np.float32(-4.0), np.float32(9.0)], 'active_matter_L_10.0_zeta_9.0_alpha_-5.0.hdf5': [np.float32(-5.0), np.float32(9.0)]}
total number of block pairs in train dataset: 8750
Adding Gaussian noise with std 1.0
Found 1200 examples
Physical params: {'active_matter_L_10.0_zeta_1.0_alpha_-3.0.hdf5': [np.float32(-3.0), np.float32(1.0)], 'active_matter_L_10.0_zeta_1.0_alpha_-4.0.hdf5': [np.float32(-4.0), np.float32(1.0)], 'active_matter_L_10.0_zeta_11.0_alpha_-2.0.hdf5': [np.float32(-2.0), np.float32(11.0)], 'active_matter_L_10.0_zeta_11.0_alpha_-4.0.hdf5': [np.float32(-4.0), np.float32(11.0)], 'active_matter_L_10.0_zeta_13.0_alpha_-2.0.hdf5': [np.float32(-2.0), np.float32(13.0)], 'active_matter_L_10.0_zeta_13.0_alpha_-3.0.hdf5': [np.float32(-3.0), np.float32(13.0)], 'active_matter_L_10.0_zeta_15.0_alpha_-1.0.hdf5': [np.float32(-1.0), np.float32(15.0)], 'active_matter_L_10.0_zeta_15.0_alpha_-4.0.hdf5': [np.float32(-4.0), np.float32(15.0)], 'active_matter_L_10.0_zeta_15.0_alpha_-5.0.hdf5': [np.float32(-5.0), np.float32(15.0)], 'active_matter_L_10.0_zeta_17.0_alpha_-4.0.hdf5': [np.float32(-4.0), np.float32(17.0)], 'active_matter_L_10.0_zeta_3.0_alpha_-2.0.hdf5': [np.float32(-2.0), np.float32(3.0)], 'active_matter_L_10.0_zeta_5.0_alpha_-1.0.hdf5': [np.float32(-1.0), np.float32(5.0)], 'active_matter_L_10.0_zeta_5.0_alpha_-4.0.hdf5': [np.float32(-4.0), np.float32(5.0)], 'active_matter_L_10.0_zeta_7.0_alpha_-2.0.hdf5': [np.float32(-2.0), np.float32(7.0)], 'active_matter_L_10.0_zeta_7.0_alpha_-3.0.hdf5': [np.float32(-3.0), np.float32(7.0)], 'active_matter_L_10.0_zeta_9.0_alpha_-1.0.hdf5': [np.float32(-1.0), np.float32(9.0)]}
Loaded 2187 training batches per device on 1 devices, batch size 4
num encoder parameters: 2468720
num predictor parameters: 801664
name                                  type              in→out      kernel        stride        pad           dil         groups    bias    depthwise  params        out_shape           
-----------------------------------------------------------------------------------------------------------------------------------------------------------------------------------------
downsample_layers.0.0                 Conv3d            11→16       (1, 4, 4)     (1, 1, 1)     same          (1, 1, 1)   1         ✓                  2832                              
downsample_layers.1.1                 Conv3d            16→32       (2, 2, 2)     (2, 2, 2)     (0, 0, 0)     (1, 1, 1)   1         ✓                  4128                              
downsample_layers.2.1                 Conv3d            32→64       (2, 2, 2)     (2, 2, 2)     (0, 0, 0)     (1, 1, 1)   1         ✓                  16448                             
downsample_layers.3.1                 Conv3d            64→128      (2, 2, 2)     (2, 2, 2)     (0, 0, 0)     (1, 1, 1)   1         ✓                  65664                             
downsample_layers.4.1                 Conv3d            128→128     (2, 2, 2)     (2, 2, 2)     (0, 0, 0)     (1, 1, 1)   1         ✓                  131200                            
res_blocks.0.0.conv                   Conv3d            16→16       (7, 7, 7)     (1, 1, 1)     (3, 3, 3)     (1, 1, 1)   16        ✓       ✓          5504                              
res_blocks.0.1.conv                   Conv3d            16→16       (7, 7, 7)     (1, 1, 1)     (3, 3, 3)     (1, 1, 1)   16        ✓       ✓          5504                              
res_blocks.0.2.conv                   Conv3d            16→16       (7, 7, 7)     (1, 1, 1)     (3, 3, 3)     (1, 1, 1)   16        ✓       ✓          5504                              
res_blocks.1.0.conv                   Conv3d            32→32       (7, 7, 7)     (1, 1, 1)     (3, 3, 3)     (1, 1, 1)   32        ✓       ✓          11008                             
res_blocks.1.1.conv                   Conv3d            32→32       (7, 7, 7)     (1, 1, 1)     (3, 3, 3)     (1, 1, 1)   32        ✓       ✓          11008                             
res_blocks.1.2.conv                   Conv3d            32→32       (7, 7, 7)     (1, 1, 1)     (3, 3, 3)     (1, 1, 1)   32        ✓       ✓          11008                             
res_blocks.2.0.conv                   Conv3d            64→64       (7, 7, 7)     (1, 1, 1)     (3, 3, 3)     (1, 1, 1)   64        ✓       ✓          22016                             
res_blocks.2.1.conv                   Conv3d            64→64       (7, 7, 7)     (1, 1, 1)     (3, 3, 3)     (1, 1, 1)   64        ✓       ✓          22016                             
res_blocks.2.2.conv                   Conv3d            64→64       (7, 7, 7)     (1, 1, 1)     (3, 3, 3)     (1, 1, 1)   64        ✓       ✓          22016                             
res_blocks.3.0.conv                   Conv3d            128→128     (7, 7, 7)     (1, 1, 1)     (3, 3, 3)     (1, 1, 1)   128       ✓       ✓          44032                             
res_blocks.3.1.conv                   Conv3d            128→128     (7, 7, 7)     (1, 1, 1)     (3, 3, 3)     (1, 1, 1)   128       ✓       ✓          44032                             
res_blocks.3.2.conv                   Conv3d            128→128     (7, 7, 7)     (1, 1, 1)     (3, 3, 3)     (1, 1, 1)   128       ✓       ✓          44032                             
res_blocks.3.3.conv                   Conv3d            128→128     (7, 7, 7)     (1, 1, 1)     (3, 3, 3)     (1, 1, 1)   128       ✓       ✓          44032                             
res_blocks.3.4.conv                   Conv3d            128→128     (7, 7, 7)     (1, 1, 1)     (3, 3, 3)     (1, 1, 1)   128       ✓       ✓          44032                             
res_blocks.3.5.conv                   Conv3d            128→128     (7, 7, 7)     (1, 1, 1)     (3, 3, 3)     (1, 1, 1)   128       ✓       ✓          44032                             
res_blocks.3.6.conv                   Conv3d            128→128     (7, 7, 7)     (1, 1, 1)     (3, 3, 3)     (1, 1, 1)   128       ✓       ✓          44032                             
res_blocks.3.7.conv                   Conv3d            128→128     (7, 7, 7)     (1, 1, 1)     (3, 3, 3)     (1, 1, 1)   128       ✓       ✓          44032                             
res_blocks.3.8.conv                   Conv3d            128→128     (7, 7, 7)     (1, 1, 1)     (3, 3, 3)     (1, 1, 1)   128       ✓       ✓          44032                             
res_blocks.4.0.conv                   Conv2d            128→128     (7, 7)        (1, 1)        (3, 3)        (1, 1)      128       ✓       ✓          6400                              
res_blocks.4.1.conv                   Conv2d            128→128     (7, 7)        (1, 1)        (3, 3)        (1, 1)      128       ✓       ✓          6400                              
res_blocks.4.2.conv                   Conv2d            128→128     (7, 7)        (1, 1)        (3, 3)        (1, 1)      128       ✓       ✓          6400                              
using gradient accumulation with 64 steps
using cosine scheduler with max_lr 0.001, min_lr 1e-06, warmup_steps 0, total_updates 1026
starting to train w/ 2187 batches per device
ctx shape before pad (b c t h w): torch.Size([4, 11, 16, 224, 224])
pred shape: torch.Size([4, 128, 14, 14])
train batch 0 pred: tensor([[[[-0.0231, -0.0852,  0.1749,  ..., -0.3016,  0.0030,  0.2630],
          [-0.0462, -0.1707,  0.3584,  ..., -0.3034, -0.2169,  0.0031],
          [ 0.0247, -0.1436, -0.1576,  ...,  0.0204,  0.0943,  0.1353],
          ...,
          [ 0.0063, -0.2380, -0.1310,  ...,  0.1610, -0.0952,  0.2437],
          [-0.1059,  0.0383,  0.0918,  ...,  0.1349, -0.0469, -0.0474],
          [ 0.0461, -0.0094,  0.0053,  ...,  0.1481,  0.0714,  0.2183]],

         [[-0.0888, -0.0613,  0.0191,  ...,  0.1489,  0.0619, -0.0597],
          [ 0.0920,  0.0393, -0.1367,  ...,  0.2379,  0.0876, -0.2295],
          [-0.1452, -0.0212, -0.1318,  ..., -0.2307, -0.1060, -0.1623],
          ...,
          [-0.0371,  0.0227, -0.1814,  ...,  0.3793,  0.0204,  0.0402],
          [ 0.2195, -0.0511,  0.4509,  ...,  0.0729, -0.0462,  0.0861],
          [ 0.1634, -0.1111, -0.0368,  ...,  0.1089, -0.0210, -0.2032]],

         [[-0.0371,  0.0100, -0.2585,  ...,  0.0628,  0.2669, -0.1367],
          [-0.1293, -0.1058, -0.0889,  ...,  0.0761, -0.0423, -0.1224],
          [ 0.0654,  0.0480, -0.0732,  ...,  0.0913, -0.0577,  0.0610],
          ...,
          [ 0.0641, -0.1626, -0.1495,  ...,  0.0070, -0.1097,  0.1092],
          [ 0.3250,  0.0132,  0.1439,  ..., -0.3111,  0.3010,  0.0072],
          [-0.1322, -0.1138,  0.1273,  ..., -0.0552, -0.0425, -0.2909]],

         ...,

         [[ 0.0306, -0.1632,  0.0839,  ..., -0.1377,  0.0876, -0.0889],
          [-0.0879, -0.2146, -0.4861,  ..., -0.2600, -0.0407, -0.3860],
          [-0.0896, -0.1703, -0.0600,  ..., -0.3531,  0.0285, -0.0436],
          ...,
          [-0.3347,  0.0121, -0.3283,  ..., -0.1015, -0.1362, -0.1949],
          [-0.0967, -0.2512,  0.0274,  ..., -0.2008,  0.0975,  0.0959],
          [-0.1699, -0.0793, -0.3388,  ..., -0.1043, -0.1925, -0.1532]],

         [[ 0.1846, -0.1570, -0.0585,  ...,  0.0526,  0.0877,  0.0950],
          [-0.0770, -0.3267, -0.1482,  ..., -0.1177,  0.0817,  0.0511],
          [ 0.2411,  0.0765,  0.0244,  ...,  0.1941, -0.1720,  0.1079],
          ...,
          [ 0.1255,  0.1132, -0.0570,  ..., -0.0803, -0.0543,  0.0927],
          [ 0.0248, -0.0952, -0.3413,  ...,  0.0703,  0.0995, -0.1496],
          [ 0.0295, -0.3158,  0.0271,  ...,  0.1266,  0.0520,  0.0319]],

         [[ 0.0588,  0.0168,  0.2439,  ...,  0.2554,  0.1719,  0.1282],
          [ 0.2851,  0.2153, -0.0052,  ...,  0.0094, -0.1562,  0.0646],
          [ 0.2050,  0.0906,  0.0120,  ..., -0.2171,  0.0682,  0.1229],
          ...,
          [ 0.0724,  0.0318, -0.0769,  ...,  0.2207, -0.3447,  0.2630],
          [ 0.0725,  0.0650, -0.0444,  ...,  0.2388,  0.0139, -0.0225],
          [-0.2018,  0.0069, -0.1731,  ..., -0.0929,  0.0112,  0.0764]]],


        [[[-0.0767, -0.2948, -0.2645,  ...,  0.0838,  0.1111,  0.0153],
          [ 0.1106, -0.0808, -0.4791,  ...,  0.0071,  0.0481,  0.1707],
          [ 0.0494, -0.3798,  0.0397,  ...,  0.0573,  0.0868,  0.1796],
          ...,
          [ 0.1841,  0.3347, -0.2176,  ...,  0.0434, -0.1753,  0.0250],
          [ 0.1751, -0.0625,  0.0123,  ...,  0.0977,  0.1937,  0.0750],
          [ 0.1746,  0.1344,  0.0548,  ...,  0.1812,  0.2046,  0.0147]],

         [[ 0.0134, -0.1502,  0.0255,  ...,  0.0025,  0.0452, -0.0991],
          [-0.2622, -0.1795, -0.1209,  ..., -0.0805,  0.0182, -0.4185],
          [-0.1143,  0.0974, -0.1038,  ...,  0.0351, -0.1764, -0.0390],
          ...,
          [ 0.3429,  0.1666, -0.1849,  ..., -0.1708, -0.1373,  0.3505],
          [ 0.1538,  0.2035, -0.3101,  ...,  0.0475, -0.2775,  0.0081],
          [ 0.0577, -0.1542,  0.1448,  ..., -0.0152, -0.1020,  0.0480]],

         [[-0.0992,  0.2822,  0.1312,  ..., -0.0930, -0.0317,  0.0188],
          [-0.0859, -0.1676,  0.0232,  ..., -0.0979, -0.1612,  0.1653],
          [-0.0586,  0.1136, -0.0345,  ...,  0.0333, -0.1192, -0.0494],
          ...,
          [ 0.0861,  0.0087,  0.1622,  ...,  0.0326,  0.0894, -0.0945],
          [-0.1114,  0.2377, -0.2858,  ...,  0.0218, -0.1006, -0.1027],
          [-0.0380,  0.1311, -0.0267,  ...,  0.0823,  0.1653,  0.0707]],

         ...,

         [[ 0.0619,  0.0742, -0.1091,  ..., -0.3367, -0.1214, -0.0437],
          [-0.2288, -0.1643, -0.0752,  ..., -0.1089, -0.0178, -0.0123],
          [-0.1549, -0.0585, -0.3618,  ..., -0.3396, -0.3010, -0.1414],
          ...,
          [ 0.0634, -0.0015, -0.3251,  ..., -0.2093, -0.3584, -0.1308],
          [ 0.0464,  0.0433, -0.3757,  ..., -0.1303, -0.0389, -0.2143],
          [-0.1314, -0.2124, -0.1730,  ..., -0.2732, -0.4132, -0.0880]],

         [[ 0.0238,  0.1859,  0.1541,  ..., -0.1173,  0.1075,  0.0415],
          [ 0.0775,  0.1389,  0.0892,  ..., -0.2420,  0.0512,  0.0595],
          [ 0.2651, -0.0859,  0.2473,  ...,  0.1565, -0.1158, -0.2655],
          ...,
          [ 0.0755,  0.0435, -0.0903,  ..., -0.1691,  0.1142, -0.2251],
          [-0.0494, -0.1743, -0.1645,  ...,  0.1209, -0.0207,  0.0686],
          [ 0.0471, -0.1851, -0.0622,  ..., -0.3496, -0.2384, -0.0079]],

         [[ 0.1499,  0.0642,  0.0453,  ...,  0.1892, -0.1696,  0.0157],
          [ 0.3431,  0.0171, -0.1385,  ...,  0.0725, -0.0427, -0.0582],
          [ 0.2018,  0.0942, -0.0466,  ...,  0.3787,  0.0669, -0.1522],
          ...,
          [-0.0281, -0.0846, -0.0535,  ...,  0.0312, -0.0662,  0.1112],
          [ 0.2701,  0.2037, -0.1020,  ...,  0.0512,  0.0248, -0.2683],
          [ 0.1196,  0.0846, -0.1515,  ..., -0.3057,  0.0251,  0.0155]]],


        [[[-0.1289, -0.1244,  0.1357,  ...,  0.1828,  0.0907, -0.0646],
          [-0.0360, -0.0249,  0.3458,  ..., -0.0400,  0.1260, -0.0569],
          [ 0.0043, -0.3412, -0.1721,  ..., -0.0835,  0.2515, -0.0581],
          ...,
          [-0.1576, -0.0928, -0.0525,  ..., -0.0774,  0.1369, -0.0181],
          [ 0.2526,  0.1991,  0.0129,  ...,  0.0447,  0.4849,  0.2631],
          [ 0.0829,  0.0965,  0.2049,  ...,  0.0787,  0.0128,  0.4111]],

         [[ 0.0224,  0.5157, -0.0088,  ..., -0.1382, -0.4507,  0.0376],
          [-0.0788,  0.0102, -0.1295,  ..., -0.2847, -0.0283, -0.0903],
          [-0.1521,  0.2544, -0.0265,  ..., -0.1840,  0.2253,  0.0123],
          ...,
          [-0.1368,  0.1441, -0.1830,  ..., -0.0890,  0.2081, -0.0310],
          [-0.0749,  0.1469, -0.0938,  ...,  0.2671, -0.3153,  0.0384],
          [ 0.0324,  0.0668, -0.0647,  ...,  0.2437,  0.1987,  0.0168]],

         [[-0.0301,  0.3134, -0.1105,  ..., -0.3810,  0.0669, -0.1123],
          [-0.1321, -0.0427, -0.0623,  ...,  0.1062,  0.0070, -0.0904],
          [ 0.0421, -0.3245, -0.0631,  ...,  0.0904, -0.3305, -0.1475],
          ...,
          [-0.3034,  0.0582, -0.1699,  ...,  0.0842,  0.2402,  0.1922],
          [-0.1959, -0.0670, -0.0010,  ...,  0.0782,  0.0908, -0.0027],
          [ 0.0742,  0.1896, -0.1405,  ..., -0.0377, -0.3428,  0.0699]],

         ...,

         [[-0.0430, -0.1840, -0.0280,  ..., -0.1326, -0.0723,  0.0320],
          [-0.4534, -0.2031, -0.0527,  ..., -0.2521, -0.0746, -0.0512],
          [-0.2541, -0.0735, -0.2061,  ..., -0.4824,  0.0174,  0.0528],
          ...,
          [-0.0941, -0.2509, -0.0853,  ..., -0.2795, -0.3004, -0.2319],
          [-0.1704, -0.1802, -0.1375,  ..., -0.0069, -0.2064, -0.0195],
          [-0.0311, -0.3818, -0.3543,  ..., -0.1979,  0.0623, -0.1001]],

         [[ 0.0309, -0.0134,  0.0958,  ...,  0.1469,  0.1891,  0.1318],
          [ 0.0852, -0.0987, -0.0107,  ...,  0.2969, -0.0256,  0.0731],
          [-0.2416, -0.0454, -0.1078,  ..., -0.0206, -0.3553, -0.1611],
          ...,
          [ 0.2465,  0.0300,  0.0107,  ...,  0.3775, -0.1534,  0.2132],
          [ 0.2128,  0.1111,  0.2198,  ..., -0.1428,  0.0118, -0.0979],
          [-0.0360, -0.0248,  0.0969,  ...,  0.0544,  0.1782, -0.0434]],

         [[-0.0512, -0.0481,  0.0144,  ...,  0.0157, -0.0400, -0.0253],
          [ 0.1060, -0.1964, -0.0920,  ...,  0.0193, -0.1940, -0.0820],
          [-0.0485, -0.0710,  0.2924,  ...,  0.3807,  0.0800, -0.1434],
          ...,
          [ 0.1332,  0.1282,  0.2080,  ..., -0.0125, -0.2512, -0.3141],
          [ 0.2724,  0.2363,  0.0332,  ..., -0.1362, -0.2395,  0.0318],
          [ 0.2136,  0.0387, -0.1858,  ..., -0.1669,  0.1352, -0.0223]]],


        [[[-0.0948, -0.2194, -0.0278,  ...,  0.0312,  0.0364, -0.0393],
          [-0.2387,  0.0566, -0.1678,  ...,  0.2886, -0.1800,  0.0482],
          [-0.0657, -0.1013, -0.2305,  ..., -0.0298, -0.2341,  0.0747],
          ...,
          [-0.0227,  0.0952,  0.1365,  ...,  0.1557,  0.2467, -0.0293],
          [ 0.0257, -0.1538,  0.0528,  ...,  0.1762,  0.3890,  0.1165],
          [ 0.1550, -0.1245,  0.0021,  ..., -0.0070, -0.0988,  0.0048]],

         [[ 0.1151,  0.1056, -0.0061,  ...,  0.1240, -0.3478, -0.1899],
          [-0.0516, -0.0995,  0.2368,  ..., -0.1834, -0.1311, -0.0448],
          [ 0.0231, -0.0382, -0.1330,  ..., -0.0625,  0.1937, -0.0363],
          ...,
          [-0.1792,  0.1015, -0.0548,  ...,  0.1381, -0.0454,  0.1312],
          [ 0.3300,  0.1346, -0.1302,  ...,  0.1580,  0.2319, -0.0958],
          [ 0.0012, -0.0558,  0.1347,  ..., -0.2621,  0.0115,  0.1335]],

         [[-0.0768, -0.0439, -0.0084,  ..., -0.0811,  0.0128,  0.0611],
          [-0.0077, -0.0107,  0.0390,  ...,  0.1324,  0.1050,  0.0349],
          [-0.2020, -0.0905, -0.1016,  ...,  0.1457, -0.3721,  0.2416],
          ...,
          [ 0.1672,  0.0429,  0.0362,  ...,  0.2362,  0.1099,  0.0819],
          [-0.0795,  0.0922,  0.1383,  ...,  0.0615,  0.0688, -0.1155],
          [ 0.0922, -0.0909, -0.1643,  ..., -0.0846, -0.0210, -0.0523]],

         ...,

         [[-0.0581,  0.0745, -0.0672,  ...,  0.0213,  0.0692,  0.0310],
          [-0.3037,  0.0529,  0.0178,  ..., -0.0314, -0.1146, -0.2070],
          [ 0.0626,  0.1187, -0.1070,  ..., -0.0822, -0.1143, -0.0890],
          ...,
          [ 0.0360, -0.0868, -0.0485,  ..., -0.0960,  0.1718,  0.0904],
          [-0.2108, -0.0079,  0.0328,  ..., -0.4529, -0.0530,  0.1470],
          [-0.3007, -0.2658, -0.1180,  ..., -0.2269, -0.4075, -0.0622]],

         [[-0.1512, -0.2032,  0.2402,  ...,  0.0432,  0.1299, -0.0624],
          [ 0.1314,  0.0489, -0.0296,  ...,  0.0612,  0.0477, -0.1304],
          [ 0.2274,  0.2298,  0.2719,  ...,  0.2228, -0.0744,  0.1435],
          ...,
          [ 0.1321, -0.0803,  0.2571,  ...,  0.0664, -0.0795, -0.5078],
          [ 0.1087,  0.2035,  0.2201,  ..., -0.1325,  0.1771,  0.1323],
          [-0.1724,  0.0655,  0.0611,  ...,  0.1016, -0.0487, -0.0825]],

         [[ 0.1513,  0.0777,  0.0440,  ..., -0.1693,  0.0662, -0.1393],
          [-0.1332,  0.0933,  0.0874,  ...,  0.1127,  0.1317,  0.1252],
          [ 0.0854, -0.0317,  0.0241,  ..., -0.0011,  0.1143,  0.0307],
          ...,
          [-0.0680, -0.1727,  0.1555,  ...,  0.1173,  0.0788,  0.2111],
          [ 0.2570, -0.3263, -0.1293,  ...,  0.1129,  0.1131, -0.2849],
          [ 0.2651, -0.0991,  0.0036,  ...,  0.0434, -0.0033, -0.0377]]]],
       device='cuda:0', grad_fn=<SliceBackward0>)
batch 0 loss: 27.448657989501953
step 0
step 100
ETA: 1590.05 min remaining
step 200
ETA: 1588.21 min remaining
step 300
ETA: 1585.54 min remaining
step 400
ETA: 1582.29 min remaining
[1;34mwandb[0m: 
[1;34mwandb[0m: 🚀 View run [33mactive_matter-16frames-cnn-jepa-baseline-jepa-full[0m at: [34mhttps://wandb.ai/aditirai2020-new-york-university/physics-jepa/runs/qpx61ywm[0m
[1;34mwandb[0m: Find logs at: [1;35mwandb/run-20260425_115436-qpx61ywm/logs[0m
