dataset:
  name: active_matter
  num_frames: 8
  num_frames_per_patch: 2
  num_chans: 11
  resolution: 224
  offset: 1
  gap_frames: 8
model:
  dims:
  - 16
  - 32
  - 64
  - 128
  - 128
  num_res_blocks:
  - 3
  - 3
  - 3
  - 9
  - 3
  name: cnn
  objective: jepa
  use_channel_stem: true
  use_temporal_mixer: true
  predictor_scale_factor: 3
  predictor_depth: 2
ft:
  num_epochs: 100
  lr: 0.001
  batch_size: 16
  report_every: 100
  save_every: 10
  head_type: linear
  embeddings_dir: ./embeddings/full_A1_A2_A3_A4
  task: regression
  use_attentive_pooling: false
  lr_scheduler: cosine
  lr_scheduler_warmup_epochs: 2
  min_lr: 0
  weight_decay: 0.01
  noise_std: 0.0
  run_name: full-linear-178387
  distributed: false
train:
  run_name: eval-upgraded
  num_epochs: 5
  batch_size: 4
  report_every: 100
  save_every: 2
  include_labels: false
  sim_coeff: 2
  std_coeff: 40
  cov_coeff: 2
  predict_n_steps: false
  lr_scheduler: cosine
  lr_scheduler_warmup_epochs: 2
  min_lr: 1.0e-06
  lr: 0.001
  weight_decay: 0.05
  noise_std: 1.0
  distributed: false
out_path: ./checkpoints/upgraded-linear-probe
cache_path: ./dataset_cache
dry_run: false
seed: 42

dataset:
  name: active_matter
  num_frames: 8
  num_frames_per_patch: 2
  num_chans: 11
  resolution: 224
  offset: 1
  gap_frames: 8
model:
  dims:
  - 16
  - 32
  - 64
  - 128
  - 128
  num_res_blocks:
  - 3
  - 3
  - 3
  - 9
  - 3
  name: cnn
  objective: jepa
  use_channel_stem: true
  use_temporal_mixer: true
  predictor_scale_factor: 3
  predictor_depth: 2
ft:
  num_epochs: 100
  lr: 0.001
  batch_size: 16
  report_every: 100
  save_every: 10
  head_type: linear
  embeddings_dir: ./embeddings/full_A1_A2_A3_A4
  task: regression
  use_attentive_pooling: false
  lr_scheduler: cosine
  lr_scheduler_warmup_epochs: 2
  min_lr: 0
  weight_decay: 0.01
  noise_std: 0.0
  run_name: full-linear-178387
  distributed: false
train:
  run_name: eval-upgraded
  num_epochs: 5
  batch_size: 4
  report_every: 100
  save_every: 2
  include_labels: false
  sim_coeff: 2
  std_coeff: 40
  cov_coeff: 2
  predict_n_steps: false
  lr_scheduler: cosine
  lr_scheduler_warmup_epochs: 2
  min_lr: 1.0e-06
  lr: 0.001
  weight_decay: 0.05
  noise_std: 1.0
  distributed: false
out_path: ./checkpoints/upgraded-linear-probe
cache_path: ./dataset_cache
dry_run: false
seed: 42

total number of block pairs in train dataset: 175
populating rank from args: 0
loading embeddings from embeddings/full_A1_A2_A3_A4/active_matter-8frames-cnn-jepa-A4-full-e50-bs8-177735_2026-04-29_10-33-10_ConvEncoder_49.pth_embeddings_train.h5
using gradient accumulation with 16 steps
using cosine scheduler with max_lr 0.001, min_lr 0, warmup_steps 0, total_updates 69
starting to train w/ 11 batches per device
pred shape: torch.Size([16, 2])
label: tensor([[-1.4184,  1.5504],
        [ 0.7092,  1.1628],
        [ 1.4184, -0.7752],
        [ 0.7092, -1.5504],
        [-0.7092,  1.5504],
        [-1.4184,  0.7752],
        [ 1.4184,  1.1628],
        [ 1.4184,  1.5504],
        [-0.7092,  1.1628],
        [ 0.7092,  0.3876],
        [-1.4184,  1.5504],
        [-0.7092, -0.7752],
        [ 1.4184, -1.5504],
        [ 0.7092, -0.7752],
        [-1.4184, -1.1628],
        [ 0.7092,  0.7752]])
train batch 0 pred: tensor([[ 0.3367, -0.1057],
        [ 0.4306, -0.0664],
        [ 0.4751, -0.0202],
        [ 0.2817,  0.0322],
        [ 0.3986, -0.0735]], device='cuda:0', grad_fn=<SliceBackward0>)
train batch 0 label: tensor([[-1.4184,  1.5504],
        [ 0.7092,  1.1628],
        [ 1.4184, -0.7752],
        [ 0.7092, -1.5504],
        [-0.7092,  1.5504]])
batch 0 loss: 1.4310811758041382
step 0
Loaded 2 validation batches, batch size 16
val batch 0 pred: tensor([[ 0.5061,  0.1196],
        [ 0.4633,  0.1479],
        [ 0.4620,  0.1739],
        [ 0.3468, -0.0078],
        [ 0.6608,  0.0464]], device='cuda:0')
val batch 0 label: tensor([[ 1.4184,  0.0000],
        [ 0.0000, -1.5504],
        [ 0.7092,  0.3876],
        [-0.7092,  1.1628],
        [-0.7092, -0.7752]])
Epoch 0 val loss: 0.9978376030921936
train batch 0 pred: tensor([[ 0.2384,  0.0775],
        [ 0.3919, -0.0093],
        [ 0.2025, -0.0312],
        [ 0.3533, -0.0389],
        [ 0.3188, -0.0313]], device='cuda:0', grad_fn=<SliceBackward0>)
train batch 0 label: tensor([[ 0.7092, -1.5504],
        [ 0.7092, -1.1628],
        [-1.4184, -1.1628],
        [-1.4184, -0.3876],
        [-1.4184,  0.0000]])
batch 0 loss: 1.2332924604415894
step 0
Loaded 2 validation batches, batch size 16
val batch 0 pred: tensor([[ 0.4643,  0.0980],
        [ 0.4255,  0.1274],
        [ 0.4205,  0.1537],
        [ 0.3095, -0.0223],
        [ 0.6200,  0.0293]], device='cuda:0')
val batch 0 label: tensor([[ 1.4184,  0.0000],
        [ 0.0000, -1.5504],
        [ 0.7092,  0.3876],
        [-0.7092,  1.1628],
        [-0.7092, -0.7752]])
Epoch 1 val loss: 0.9790245890617371
train batch 0 pred: tensor([[ 0.2392, -0.0354],
        [ 0.3649, -0.0475],
        [ 0.0477, -0.0607],
        [ 0.0477, -0.0607],
        [ 0.3017, -0.0231]], device='cuda:0', grad_fn=<SliceBackward0>)
train batch 0 label: tensor([[-1.4184,  0.7752],
        [-1.4184,  1.5504],
        [ 0.0000,  0.0000],
        [ 0.0000,  0.0000],
        [ 0.0000, -0.3876]])
batch 0 loss: 1.0026156902313232
step 0
Loaded 2 validation batches, batch size 16
val batch 0 pred: tensor([[ 0.4223,  0.1057],
        [ 0.3891,  0.1353],
        [ 0.3784,  0.1618],
        [ 0.2706, -0.0127],
        [ 0.5795,  0.0380]], device='cuda:0')
val batch 0 label: tensor([[ 1.4184,  0.0000],
        [ 0.0000, -1.5504],
        [ 0.7092,  0.3876],
        [-0.7092,  1.1628],
        [-0.7092, -0.7752]])
Epoch 2 val loss: 0.9616446495056152
train batch 0 pred: tensor([[ 0.3171,  0.0483],
        [ 0.2686, -0.0639],
        [ 0.3893,  0.1352],
        [ 0.2867,  0.0946],
        [ 0.2051, -0.0289]], device='cuda:0', grad_fn=<SliceBackward0>)
train batch 0 label: tensor([[ 1.4184,  1.5504],
        [-1.4184,  0.0000],
        [-0.7092, -1.5504],
        [ 1.4184,  0.0000],
        [-1.4184, -0.3876]])
batch 0 loss: 0.8888557553291321
step 0
Loaded 2 validation batches, batch size 16
val batch 0 pred: tensor([[ 0.3781,  0.0961],
        [ 0.3507,  0.1243],
        [ 0.3340,  0.1539],
        [ 0.2295, -0.0159],
        [ 0.5369,  0.0316]], device='cuda:0')
val batch 0 label: tensor([[ 1.4184,  0.0000],
        [ 0.0000, -1.5504],
        [ 0.7092,  0.3876],
        [-0.7092,  1.1628],
        [-0.7092, -0.7752]])
Epoch 3 val loss: 0.9434872269630432
train batch 0 pred: tensor([[ 0.2726, -0.0618],
        [ 0.3215,  0.0794],
        [ 0.1899, -0.0502],
        [ 0.2025, -0.0039],
        [ 0.1244,  0.0057]], device='cuda:0', grad_fn=<SliceBackward0>)
train batch 0 label: tensor([[-1.4184,  0.7752],
        [ 1.4184, -0.3876],
        [-1.4184,  0.3876],
        [-0.7092,  0.0000],
        [ 0.0000, -1.1628]])
batch 0 loss: 0.9391021132469177
step 0
Loaded 2 validation batches, batch size 16
val batch 0 pred: tensor([[ 0.3343,  0.0903],
        [ 0.3134,  0.1166],
        [ 0.2898,  0.1497],
        [ 0.1882, -0.0154],
        [ 0.4948,  0.0291]], device='cuda:0')
val batch 0 label: tensor([[ 1.4184,  0.0000],
        [ 0.0000, -1.5504],
        [ 0.7092,  0.3876],
        [-0.7092,  1.1628],
        [-0.7092, -0.7752]])
Epoch 4 val loss: 0.9267724752426147
train batch 0 pred: tensor([[ 0.1852,  0.0057],
        [ 0.3139,  0.0391],
        [ 0.1694, -0.0098],
        [ 0.2441,  0.0498],
        [ 0.0450, -0.0597]], device='cuda:0', grad_fn=<SliceBackward0>)
train batch 0 label: tensor([[ 0.0000,  1.1628],
        [ 1.4184, -0.7752],
        [ 0.0000,  0.0000],
        [ 1.4184,  1.1628],
        [ 0.0000,  0.0000]])
batch 0 loss: 0.7372784614562988
step 0
Loaded 2 validation batches, batch size 16
val batch 0 pred: tensor([[ 0.2958,  0.0763],
        [ 0.2828,  0.1016],
        [ 0.2504,  0.1373],
        [ 0.1505, -0.0222],
        [ 0.4573,  0.0189]], device='cuda:0')
val batch 0 label: tensor([[ 1.4184,  0.0000],
        [ 0.0000, -1.5504],
        [ 0.7092,  0.3876],
        [-0.7092,  1.1628],
        [-0.7092, -0.7752]])
Epoch 5 val loss: 0.9128817319869995
train batch 0 pred: tensor([[ 0.1267,  0.0215],
        [ 0.2079,  0.0452],
        [ 0.1694, -0.0049],
        [ 0.2223,  0.0291],
        [ 0.2752,  0.0240]], device='cuda:0', grad_fn=<SliceBackward0>)
train batch 0 label: tensor([[ 0.7092,  1.5504],
        [ 1.4184,  1.1628],
        [ 0.7092,  0.3876],
        [ 1.4184, -0.3876],
        [ 1.4184,  1.5504]])
batch 0 loss: 1.0942424535751343
step 0
Loaded 2 validation batches, batch size 16
val batch 0 pred: tensor([[ 0.2587,  0.0570],
        [ 0.2540,  0.0819],
        [ 0.2122,  0.1199],
        [ 0.1136, -0.0335],
        [ 0.4209,  0.0038]], device='cuda:0')
val batch 0 label: tensor([[ 1.4184,  0.0000],
        [ 0.0000, -1.5504],
        [ 0.7092,  0.3876],
        [-0.7092,  1.1628],
        [-0.7092, -0.7752]])
Epoch 6 val loss: 0.9008139371871948
train batch 0 pred: tensor([[ 0.1352, -0.0149],
        [ 0.1198, -0.0456],
        [ 0.0432, -0.0595],
        [ 0.1275, -0.0260],
        [ 0.1428, -0.0526]], device='cuda:0', grad_fn=<SliceBackward0>)
train batch 0 label: tensor([[ 0.7092,  0.0000],
        [-0.7092, -1.1628],
        [ 0.0000,  0.0000],
        [-1.4184, -0.3876],
        [-1.4184,  0.0000]])
batch 0 loss: 0.6513805389404297
step 0
Loaded 2 validation batches, batch size 16
val batch 0 pred: tensor([[ 0.2241,  0.0437],
        [ 0.2281,  0.0677],
        [ 0.1764,  0.1084],
        [ 0.0784, -0.0395],
        [ 0.3867, -0.0055]], device='cuda:0')
val batch 0 label: tensor([[ 1.4184,  0.0000],
        [ 0.0000, -1.5504],
        [ 0.7092,  0.3876],
        [-0.7092,  1.1628],
        [-0.7092, -0.7752]])
Epoch 7 val loss: 0.8902403712272644
train batch 0 pred: tensor([[ 0.3256, -0.0530],
        [ 0.1267,  0.0131],
        [ 0.1567,  0.0554],
        [ 0.1751,  0.0120],
        [ 0.1700,  0.0328]], device='cuda:0', grad_fn=<SliceBackward0>)
train batch 0 label: tensor([[ 0.0000, -1.5504],
        [ 0.7092,  0.0000],
        [ 1.4184,  0.3876],
        [ 1.4184, -0.7752],
        [ 1.4184,  0.0000]])
batch 0 loss: 0.7646525502204895
step 0
Loaded 2 validation batches, batch size 16
val batch 0 pred: tensor([[ 0.1943,  0.0243],
        [ 0.2077,  0.0471],
        [ 0.1449,  0.0910],
        [ 0.0466, -0.0504],
        [ 0.3566, -0.0204]], device='cuda:0')
val batch 0 label: tensor([[ 1.4184,  0.0000],
        [ 0.0000, -1.5504],
        [ 0.7092,  0.3876],
        [-0.7092,  1.1628],
        [-0.7092, -0.7752]])
Epoch 8 val loss: 0.8812342286109924
train batch 0 pred: tensor([[ 0.0374, -0.0074],
        [ 0.0075, -0.0176],
        [ 0.0414, -0.0592],
        [ 0.0403, -0.0100],
        [ 0.1888,  0.0054]], device='cuda:0', grad_fn=<SliceBackward0>)
train batch 0 label: tensor([[-1.4184,  1.5504],
        [-1.4184,  0.3876],
        [ 0.0000,  0.0000],
        [-0.7092,  0.0000],
        [ 1.4184,  1.5504]])
batch 0 loss: 1.1511561870574951
step 0
Loaded 2 validation batches, batch size 16
val batch 0 pred: tensor([[ 0.1678,  0.0126],
        [ 0.1909,  0.0347],
        [ 0.1166,  0.0808],
        [ 0.0172, -0.0552],
        [ 0.3292, -0.0282]], device='cuda:0')
val batch 0 label: tensor([[ 1.4184,  0.0000],
        [ 0.0000, -1.5504],
        [ 0.7092,  0.3876],
        [-0.7092,  1.1628],
        [-0.7092, -0.7752]])
Epoch 9 val loss: 0.8735947012901306
pred shape: torch.Size([16, 2])
label: tensor([[ 0.0000,  0.0000],
        [-0.7092,  0.7752],
        [-1.4184,  0.3876],
        [ 0.0000,  0.0000],
        [ 0.0000,  0.3876],
        [ 1.4184,  1.1628],
        [-1.4184, -1.5504],
        [ 0.0000,  1.5504],
        [ 1.4184, -0.3876],
        [-0.7092, -1.5504],
        [-1.4184,  1.5504],
        [ 1.4184,  1.5504],
        [ 0.0000,  1.1628],
        [ 0.0000,  0.0000],
        [ 1.4184, -0.7752],
        [ 0.0000,  0.0000]])
train batch 0 pred: tensor([[ 0.0406, -0.0590],
        [ 0.0885, -0.0280],
        [-0.0392, -0.0366],
        [ 0.0406, -0.0590],
        [ 0.0583, -0.0156]], device='cuda:0', grad_fn=<SliceBackward0>)
train batch 0 label: tensor([[ 0.0000,  0.0000],
        [-0.7092,  0.7752],
        [-1.4184,  0.3876],
        [ 0.0000,  0.0000],
        [ 0.0000,  0.3876]])
batch 0 loss: 0.9452036619186401
step 0
Loaded 2 validation batches, batch size 16
val batch 0 pred: tensor([[ 0.1470,  0.0057],
        [ 0.1802,  0.0273],
        [ 0.0937,  0.0753],
        [-0.0077, -0.0562],
        [ 0.3067, -0.0320]], device='cuda:0')
val batch 0 label: tensor([[ 1.4184,  0.0000],
        [ 0.0000, -1.5504],
        [ 0.7092,  0.3876],
        [-0.7092,  1.1628],
        [-0.7092, -0.7752]])
Epoch 10 val loss: 0.8669651746749878
train batch 0 pred: tensor([[ 0.0304, -0.0347],
        [-0.0635, -0.0310],
        [-0.0010, -0.0175],
        [ 0.0742, -0.0130],
        [ 0.1499,  0.0077]], device='cuda:0', grad_fn=<SliceBackward0>)
train batch 0 label: tensor([[ 0.0000, -0.3876],
        [-1.4184,  0.3876],
        [-1.4184, -0.7752],
        [ 0.7092,  1.1628],
        [ 1.4184,  1.5504]])
batch 0 loss: 1.0047004222869873
step 0
Loaded 2 validation batches, batch size 16
val batch 0 pred: tensor([[ 0.1304, -0.0067],
        [ 0.1739,  0.0141],
        [ 0.0747,  0.0645],
        [-0.0295, -0.0617],
        [ 0.2877, -0.0406]], device='cuda:0')
val batch 0 label: tensor([[ 1.4184,  0.0000],
        [ 0.0000, -1.5504],
        [ 0.7092,  0.3876],
        [-0.7092,  1.1628],
        [-0.7092, -0.7752]])
Epoch 11 val loss: 0.8612104058265686
train batch 0 pred: tensor([[-0.0288,  0.0047],
        [ 0.0565,  0.0188],
        [-0.0944,  0.0128],
        [-0.0141, -0.0233],
        [-0.0955,  0.0101]], device='cuda:0', grad_fn=<SliceBackward0>)
train batch 0 label: tensor([[ 0.0000, -1.5504],
        [ 1.4184, -0.3876],
        [-1.4184, -1.5504],
        [ 0.0000, -0.3876],
        [-1.4184,  0.7752]])
batch 0 loss: 0.9025486707687378
step 0
Loaded 2 validation batches, batch size 16
val batch 0 pred: tensor([[ 0.1199, -0.0191],
        [ 0.1736,  0.0011],
        [ 0.0617,  0.0536],
        [-0.0465, -0.0674],
        [ 0.2740, -0.0496]], device='cuda:0')
val batch 0 label: tensor([[ 1.4184,  0.0000],
        [ 0.0000, -1.5504],
        [ 0.7092,  0.3876],
        [-0.7092,  1.1628],
        [-0.7092, -0.7752]])
Epoch 12 val loss: 0.8562365770339966
train batch 0 pred: tensor([[-0.0043,  0.0459],
        [-0.0403,  0.0103],
        [-0.0891, -0.0136],
        [ 0.0042,  0.0165],
        [ 0.0839,  0.0006]], device='cuda:0', grad_fn=<SliceBackward0>)
train batch 0 label: tensor([[ 1.4184,  0.7752],
        [-0.7092,  0.3876],
        [-1.4184,  0.3876],
        [ 1.4184, -1.1628],
        [ 1.4184,  0.3876]])
batch 0 loss: 1.2354035377502441
step 0
Loaded 2 validation batches, batch size 16
val batch 0 pred: tensor([[ 0.1146, -0.0339],
        [ 0.1788, -0.0149],
        [ 0.0537,  0.0407],
        [-0.0594, -0.0746],
        [ 0.2648, -0.0604]], device='cuda:0')
val batch 0 label: tensor([[ 1.4184,  0.0000],
        [ 0.0000, -1.5504],
        [ 0.7092,  0.3876],
        [-0.7092,  1.1628],
        [-0.7092, -0.7752]])
Epoch 13 val loss: 0.8514715433120728
train batch 0 pred: tensor([[-0.0459,  0.0081],
        [ 0.0805, -0.0057],
        [-0.1284,  0.0147],
        [ 0.0514, -0.0114],
        [ 0.0163, -0.0085]], device='cuda:0', grad_fn=<SliceBackward0>)
train batch 0 label: tensor([[-1.4184, -0.7752],
        [ 1.4184, -1.1628],
        [-1.4184,  0.7752],
        [ 0.7092,  0.7752],
        [ 0.7092,  1.1628]])
batch 0 loss: 1.0215593576431274
step 0
Loaded 2 validation batches, batch size 16
val batch 0 pred: tensor([[ 0.1123, -0.0397],
        [ 0.1868, -0.0210],
        [ 0.0484,  0.0361],
        [-0.0699, -0.0751],
        [ 0.2582, -0.0635]], device='cuda:0')
val batch 0 label: tensor([[ 1.4184,  0.0000],
        [ 0.0000, -1.5504],
        [ 0.7092,  0.3876],
        [-0.7092,  1.1628],
        [-0.7092, -0.7752]])
Epoch 14 val loss: 0.8469549417495728
train batch 0 pred: tensor([[-0.2226, -0.0056],
        [-0.1557, -0.0595],
        [ 0.0828, -0.0116],
        [ 0.0938,  0.0308],
        [ 0.0373, -0.0577]], device='cuda:0', grad_fn=<SliceBackward0>)
train batch 0 label: tensor([[-1.4184, -1.1628],
        [-0.7092,  0.7752],
        [ 1.4184, -0.7752],
        [ 1.4184,  1.1628],
        [ 0.0000,  0.0000]])
batch 0 loss: 0.812777042388916
step 0
Loaded 2 validation batches, batch size 16
val batch 0 pred: tensor([[ 0.1141, -0.0431],
        [ 0.1988, -0.0250],
        [ 0.0472,  0.0338],
        [-0.0770, -0.0739],
        [ 0.2553, -0.0644]], device='cuda:0')
val batch 0 label: tensor([[ 1.4184,  0.0000],
        [ 0.0000, -1.5504],
        [ 0.7092,  0.3876],
        [-0.7092,  1.1628],
        [-0.7092, -0.7752]])
Epoch 15 val loss: 0.8425735235214233
train batch 0 pred: tensor([[-0.0726,  0.0292],
        [ 0.0368, -0.0573],
        [-0.0315, -0.0034],
        [ 0.0368, -0.0573],
        [-0.1819, -0.0355]], device='cuda:0', grad_fn=<SliceBackward0>)
train batch 0 label: tensor([[ 0.7092, -0.3876],
        [ 0.0000,  0.0000],
        [-0.7092, -0.3876],
        [ 0.0000,  0.0000],
        [-1.4184, -0.3876]])
batch 0 loss: 0.6081880331039429
step 0
Loaded 2 validation batches, batch size 16
val batch 0 pred: tensor([[ 0.1179, -0.0544],
        [ 0.2127, -0.0365],
        [ 0.0481,  0.0238],
        [-0.0824, -0.0794],
        [ 0.2543, -0.0726]], device='cuda:0')
val batch 0 label: tensor([[ 1.4184,  0.0000],
        [ 0.0000, -1.5504],
        [ 0.7092,  0.3876],
        [-0.7092,  1.1628],
        [-0.7092, -0.7752]])
Epoch 16 val loss: 0.8390492796897888
train batch 0 pred: tensor([[-0.2414,  0.0020],
        [-0.0212, -0.0200],
        [ 0.1342,  0.0082],
        [-0.0857, -0.0077],
        [ 0.0389,  0.0234]], device='cuda:0', grad_fn=<SliceBackward0>)
train batch 0 label: tensor([[-1.4184, -1.1628],
        [ 0.7092,  0.0000],
        [ 1.4184,  1.5504],
        [-0.7092,  0.7752],
        [ 0.0000, -0.7752]])
batch 0 loss: 0.9164214134216309
step 0
Loaded 2 validation batches, batch size 16
val batch 0 pred: tensor([[ 0.1252, -0.0685],
        [ 0.2299, -0.0507],
        [ 0.0522,  0.0111],
        [-0.0849, -0.0870],
        [ 0.2563, -0.0831]], device='cuda:0')
val batch 0 label: tensor([[ 1.4184,  0.0000],
        [ 0.0000, -1.5504],
        [ 0.7092,  0.3876],
        [-0.7092,  1.1628],
        [-0.7092, -0.7752]])
Epoch 17 val loss: 0.8361046314239502
train batch 0 pred: tensor([[ 0.1040, -0.0007],
        [-0.0294, -0.0206],
        [-0.0793, -0.0062],
        [-0.0693, -0.0372],
        [-0.1180,  0.0374]], device='cuda:0', grad_fn=<SliceBackward0>)
train batch 0 label: tensor([[ 1.4184,  0.0000],
        [ 0.0000, -0.3876],
        [-1.4184, -1.5504],
        [-0.7092, -1.1628],
        [-0.7092, -0.7752]])
batch 0 loss: 0.716505765914917
step 0
Loaded 2 validation batches, batch size 16
val batch 0 pred: tensor([[ 0.1339, -0.0769],
        [ 0.2483, -0.0593],
        [ 0.0578,  0.0039],
        [-0.0862, -0.0903],
        [ 0.2597, -0.0887]], device='cuda:0')
val batch 0 label: tensor([[ 1.4184,  0.0000],
        [ 0.0000, -1.5504],
        [ 0.7092,  0.3876],
        [-0.7092,  1.1628],
        [-0.7092, -0.7752]])
Epoch 18 val loss: 0.8329508304595947
train batch 0 pred: tensor([[-0.0756,  0.0328],
        [ 0.0286,  0.0077],
        [-0.0592, -0.0209],
        [-0.0713,  0.0309],
        [ 0.1725,  0.0025]], device='cuda:0', grad_fn=<SliceBackward0>)
train batch 0 label: tensor([[ 0.7092,  1.5504],
        [ 0.7092,  1.5504],
        [-0.7092,  0.7752],
        [-1.4184, -0.7752],
        [ 1.4184, -0.7752]])
batch 0 loss: 1.017697811126709
step 0
Loaded 2 validation batches, batch size 16
val batch 0 pred: tensor([[ 0.1459, -0.0867],
        [ 0.2699, -0.0700],
        [ 0.0666, -0.0046],
        [-0.0847, -0.0942],
        [ 0.2661, -0.0954]], device='cuda:0')
val batch 0 label: tensor([[ 1.4184,  0.0000],
        [ 0.0000, -1.5504],
        [ 0.7092,  0.3876],
        [-0.7092,  1.1628],
        [-0.7092, -0.7752]])
Epoch 19 val loss: 0.8298813104629517
pred shape: torch.Size([16, 2])
label: tensor([[-0.7092,  0.3876],
        [ 0.0000,  0.0000],
        [-0.7092, -1.5504],
        [-1.4184,  1.5504],
        [-0.7092, -0.7752],
        [ 0.7092, -1.5504],
        [ 1.4184, -0.7752],
        [ 0.0000,  0.0000],
        [-1.4184, -1.1628],
        [-1.4184,  0.7752],
        [-1.4184, -0.7752],
        [-0.7092,  1.5504],
        [-1.4184, -0.3876],
        [-1.4184, -1.5504],
        [-1.4184, -0.7752],
        [ 0.0000,  0.7752]])
train batch 0 pred: tensor([[-0.0820,  0.0245],
        [ 0.0352, -0.0565],
        [-0.0581, -0.0832],
        [ 0.0020,  0.0273],
        [-0.1850,  0.0452]], device='cuda:0', grad_fn=<SliceBackward0>)
train batch 0 label: tensor([[-0.7092,  0.3876],
        [ 0.0000,  0.0000],
        [-0.7092, -1.5504],
        [-1.4184,  1.5504],
        [-0.7092, -0.7752]])
batch 0 loss: 1.0522186756134033
step 0
Loaded 2 validation batches, batch size 16
val batch 0 pred: tensor([[ 0.1565, -0.0972],
        [ 0.2897, -0.0802],
        [ 0.0741, -0.0139],
        [-0.0841, -0.0995],
        [ 0.2713, -0.1029]], device='cuda:0')
val batch 0 label: tensor([[ 1.4184,  0.0000],
        [ 0.0000, -1.5504],
        [ 0.7092,  0.3876],
        [-0.7092,  1.1628],
        [-0.7092, -0.7752]])
Epoch 20 val loss: 0.8277225494384766
train batch 0 pred: tensor([[-0.0166, -0.0017],
        [-0.1644,  0.0115],
        [ 0.0349, -0.0564],
        [ 0.0853, -0.0231],
        [ 0.0869, -0.0080]], device='cuda:0', grad_fn=<SliceBackward0>)
train batch 0 label: tensor([[ 0.7092,  0.3876],
        [-0.7092, -1.5504],
        [ 0.0000,  0.0000],
        [ 0.7092,  0.3876],
        [ 1.4184,  0.7752]])
batch 0 loss: 0.8236008286476135
step 0
Loaded 2 validation batches, batch size 16
val batch 0 pred: tensor([[ 0.1700, -0.1026],
        [ 0.3123, -0.0853],
        [ 0.0844, -0.0185],
        [-0.0811, -0.1008],
        [ 0.2791, -0.1059]], device='cuda:0')
val batch 0 label: tensor([[ 1.4184,  0.0000],
        [ 0.0000, -1.5504],
        [ 0.7092,  0.3876],
        [-0.7092,  1.1628],
        [-0.7092, -0.7752]])
Epoch 21 val loss: 0.8254326581954956
train batch 0 pred: tensor([[ 0.1883,  0.0065],
        [-0.0595,  0.0020],
        [-0.1787, -0.0400],
        [ 0.1696, -0.0570],
        [ 0.0499,  0.0104]], device='cuda:0', grad_fn=<SliceBackward0>)
train batch 0 label: tensor([[ 1.4184,  1.5504],
        [-1.4184, -1.1628],
        [-1.4184, -1.5504],
        [ 1.4184, -1.5504],
        [ 0.7092,  1.5504]])
batch 0 loss: 1.1483392715454102
step 0
Loaded 2 validation batches, batch size 16
val batch 0 pred: tensor([[ 0.1843, -0.1143],
        [ 0.3354, -0.0967],
        [ 0.0956, -0.0291],
        [-0.0772, -0.1072],
        [ 0.2878, -0.1146]], device='cuda:0')
val batch 0 label: tensor([[ 1.4184,  0.0000],
        [ 0.0000, -1.5504],
        [ 0.7092,  0.3876],
        [-0.7092,  1.1628],
        [-0.7092, -0.7752]])
Epoch 22 val loss: 0.8242043256759644
train batch 0 pred: tensor([[-0.0301,  0.0215],
        [-0.1667,  0.0501],
        [ 0.0987,  0.0187],
        [-0.1035, -0.0002],
        [ 0.0882,  0.0591]], device='cuda:0', grad_fn=<SliceBackward0>)
train batch 0 label: tensor([[ 0.0000, -1.1628],
        [-1.4184,  0.7752],
        [ 0.7092, -1.5504],
        [-1.4184,  0.0000],
        [ 0.7092, -1.1628]])
batch 0 loss: 0.6842824220657349
step 0
Loaded 2 validation batches, batch size 16
val batch 0 pred: tensor([[ 0.1984, -0.1237],
        [ 0.3581, -0.1059],
        [ 0.1067, -0.0376],
        [-0.0732, -0.1120],
        [ 0.2964, -0.1216]], device='cuda:0')
val batch 0 label: tensor([[ 1.4184,  0.0000],
        [ 0.0000, -1.5504],
        [ 0.7092,  0.3876],
        [-0.7092,  1.1628],
        [-0.7092, -0.7752]])
Epoch 23 val loss: 0.8229877948760986
train batch 0 pred: tensor([[ 0.0021, -0.0223],
        [ 0.1772, -0.0034],
        [ 0.0881,  0.0996],
        [ 0.1409, -0.0210],
        [ 0.3582, -0.1065]], device='cuda:0', grad_fn=<SliceBackward0>)
train batch 0 label: tensor([[ 0.7092, -1.1628],
        [ 1.4184,  0.3876],
        [ 1.4184, -0.3876],
        [ 1.4184, -1.1628],
        [-0.7092, -1.5504]])
batch 0 loss: 1.0637048482894897
step 0
Loaded 2 validation batches, batch size 16
val batch 0 pred: tensor([[ 0.2126, -0.1365],
        [ 0.3806, -0.1187],
        [ 0.1180, -0.0491],
        [-0.0690, -0.1193],
        [ 0.3052, -0.1313]], device='cuda:0')
val batch 0 label: tensor([[ 1.4184,  0.0000],
        [ 0.0000, -1.5504],
        [ 0.7092,  0.3876],
        [-0.7092,  1.1628],
        [-0.7092, -0.7752]])
Epoch 24 val loss: 0.8223905563354492
train batch 0 pred: tensor([[ 0.3812, -0.1191],
        [ 0.0338, -0.0558],
        [-0.1771,  0.0476],
        [-0.0833,  0.0004],
        [-0.0573, -0.0331]], device='cuda:0', grad_fn=<SliceBackward0>)
train batch 0 label: tensor([[ 0.7092, -1.5504],
        [ 0.0000,  0.0000],
        [-1.4184,  1.5504],
        [-1.4184, -0.3876],
        [-0.7092, -1.1628]])
batch 0 loss: 0.8025075197219849
step 0
Loaded 2 validation batches, batch size 16
val batch 0 pred: tensor([[ 0.2257, -0.1452],
        [ 0.4019, -0.1275],
        [ 0.1283, -0.0569],
        [-0.0654, -0.1237],
        [ 0.3131, -0.1376]], device='cuda:0')
val batch 0 label: tensor([[ 1.4184,  0.0000],
        [ 0.0000, -1.5504],
        [ 0.7092,  0.3876],
        [-0.7092,  1.1628],
        [-0.7092, -0.7752]])
Epoch 25 val loss: 0.8215303421020508
train batch 0 pred: tensor([[ 0.2446, -0.0914],
        [-0.1007,  0.0030],
        [ 0.1644,  0.0307],
        [-0.0144,  0.0218],
        [ 0.0406,  0.0627]], device='cuda:0', grad_fn=<SliceBackward0>)
train batch 0 label: tensor([[ 1.4184, -1.5504],
        [-1.4184,  1.5504],
        [ 1.4184,  0.3876],
        [ 0.0000, -1.1628],
        [ 1.4184,  0.7752]])
batch 0 loss: 1.0342214107513428
step 0
Loaded 2 validation batches, batch size 16
val batch 0 pred: tensor([[ 0.2398, -0.1491],
        [ 0.4239, -0.1312],
        [ 0.1396, -0.0601],
        [-0.0609, -0.1243],
        [ 0.3221, -0.1397]], device='cuda:0')
val batch 0 label: tensor([[ 1.4184,  0.0000],
        [ 0.0000, -1.5504],
        [ 0.7092,  0.3876],
        [-0.7092,  1.1628],
        [-0.7092, -0.7752]])
Epoch 26 val loss: 0.8204870223999023
train batch 0 pred: tensor([[-0.0462,  0.0425],
        [ 0.0333, -0.0554],
        [ 0.4364, -0.1252],
        [ 0.2418,  0.0165],
        [-0.0924,  0.0015]], device='cuda:0', grad_fn=<SliceBackward0>)
train batch 0 label: tensor([[ 0.0000, -0.7752],
        [ 0.0000,  0.0000],
        [ 1.4184, -1.5504],
        [ 1.4184,  1.5504],
        [-1.4184,  0.0000]])
batch 0 loss: 1.0691492557525635
step 0
Loaded 2 validation batches, batch size 16
val batch 0 pred: tensor([[ 0.2532, -0.1572],
        [ 0.4449, -0.1389],
        [ 0.1502, -0.0673],
        [-0.0568, -0.1285],
        [ 0.3304, -0.1456]], device='cuda:0')
val batch 0 label: tensor([[ 1.4184,  0.0000],
        [ 0.0000, -1.5504],
        [ 0.7092,  0.3876],
        [-0.7092,  1.1628],
        [-0.7092, -0.7752]])
Epoch 27 val loss: 0.8203324675559998
train batch 0 pred: tensor([[-0.0512,  0.0022],
        [-0.1461, -0.0604],
        [-0.0413,  0.0118],
        [-0.1301,  0.0127],
        [ 0.0151, -0.0248]], device='cuda:0', grad_fn=<SliceBackward0>)
train batch 0 label: tensor([[ 0.0000,  0.0000],
        [-1.4184, -1.5504],
        [-1.4184,  1.5504],
        [-0.7092, -0.3876],
        [ 1.4184, -1.1628]])
batch 0 loss: 0.8822467923164368
step 0
Loaded 2 validation batches, batch size 16
val batch 0 pred: tensor([[ 0.2645, -0.1658],
        [ 0.4636, -0.1471],
        [ 0.1590, -0.0751],
        [-0.0541, -0.1331],
        [ 0.3370, -0.1518]], device='cuda:0')
val batch 0 label: tensor([[ 1.4184,  0.0000],
        [ 0.0000, -1.5504],
        [ 0.7092,  0.3876],
        [-0.7092,  1.1628],
        [-0.7092, -0.7752]])
Epoch 28 val loss: 0.8202409744262695
train batch 0 pred: tensor([[ 0.2457, -0.0080],
        [-0.1176, -0.0058],
        [ 0.0019,  0.0588],
        [-0.0383,  0.0446],
        [-0.0869, -0.0221]], device='cuda:0', grad_fn=<SliceBackward0>)
train batch 0 label: tensor([[ 1.4184,  0.3876],
        [-0.7092, -1.5504],
        [-0.7092,  0.0000],
        [ 0.0000, -0.7752],
        [-0.7092,  1.5504]])
batch 0 loss: 0.8471729159355164
step 0
Loaded 2 validation batches, batch size 16
val batch 0 pred: tensor([[ 0.2757, -0.1695],
        [ 0.4818, -0.1506],
        [ 0.1677, -0.0782],
        [-0.0512, -0.1339],
        [ 0.3437, -0.1539]], device='cuda:0')
val batch 0 label: tensor([[ 1.4184,  0.0000],
        [ 0.0000, -1.5504],
        [ 0.7092,  0.3876],
        [-0.7092,  1.1628],
        [-0.7092, -0.7752]])
Epoch 29 val loss: 0.8195685148239136
pred shape: torch.Size([16, 2])
label: tensor([[-0.7092,  0.0000],
        [-0.7092,  0.0000],
        [ 1.4184,  0.0000],
        [-1.4184, -1.1628],
        [ 0.0000,  1.5504],
        [-0.7092,  1.5504],
        [ 1.4184,  1.1628],
        [ 0.0000,  1.5504],
        [ 0.7092,  0.0000],
        [ 0.7092, -1.1628],
        [ 0.7092, -0.7752],
        [-0.7092,  1.1628],
        [-0.7092, -1.5504],
        [-0.7092, -0.3876],
        [ 0.7092,  1.5504],
        [ 1.4184, -0.7752]])
train batch 0 pred: tensor([[ 0.0053,  0.0634],
        [-0.0255,  0.0641],
        [ 0.0922,  0.0158],
        [ 0.2812, -0.1982],
        [ 0.0396, -0.0098]], device='cuda:0', grad_fn=<SliceBackward0>)
train batch 0 label: tensor([[-0.7092,  0.0000],
        [-0.7092,  0.0000],
        [ 1.4184,  0.0000],
        [-1.4184, -1.1628],
        [ 0.0000,  1.5504]])
batch 0 loss: 0.9213698506355286
step 0
Loaded 2 validation batches, batch size 16
val batch 0 pred: tensor([[ 0.2859, -0.1732],
        [ 0.4988, -0.1536],
        [ 0.1756, -0.0815],
        [-0.0489, -0.1349],
        [ 0.3496, -0.1561]], device='cuda:0')
val batch 0 label: tensor([[ 1.4184,  0.0000],
        [ 0.0000, -1.5504],
        [ 0.7092,  0.3876],
        [-0.7092,  1.1628],
        [-0.7092, -0.7752]])
Epoch 30 val loss: 0.8191400170326233
train batch 0 pred: tensor([[ 0.0249, -0.0005],
        [ 0.0324, -0.0548],
        [ 0.0324, -0.0548],
        [ 0.0324, -0.0548],
        [ 0.1473, -0.0019]], device='cuda:0', grad_fn=<SliceBackward0>)
train batch 0 label: tensor([[ 0.0000, -0.3876],
        [ 0.0000,  0.0000],
        [ 0.0000,  0.0000],
        [ 0.0000,  0.0000],
        [ 0.7092,  1.1628]])
batch 0 loss: 0.7338653802871704
step 0
Loaded 2 validation batches, batch size 16
val batch 0 pred: tensor([[ 0.2956, -0.1747],
        [ 0.5150, -0.1544],
        [ 0.1830, -0.0826],
        [-0.0469, -0.1343],
        [ 0.3551, -0.1563]], device='cuda:0')
val batch 0 label: tensor([[ 1.4184,  0.0000],
        [ 0.0000, -1.5504],
        [ 0.7092,  0.3876],
        [-0.7092,  1.1628],
        [-0.7092, -0.7752]])
Epoch 31 val loss: 0.8185325264930725
train batch 0 pred: tensor([[ 0.1095,  0.0198],
        [ 0.2055,  0.0053],
        [ 0.1919, -0.1608],
        [-0.0396,  0.0679],
        [-0.1317,  0.0577]], device='cuda:0', grad_fn=<SliceBackward0>)
train batch 0 label: tensor([[ 1.4184,  0.0000],
        [ 1.4184,  0.7752],
        [-0.7092, -1.1628],
        [-1.4184, -0.7752],
        [-1.4184, -1.5504]])
batch 0 loss: 1.1342518329620361
step 0
Loaded 2 validation batches, batch size 16
val batch 0 pred: tensor([[ 0.3038, -0.1796],
        [ 0.5294, -0.1586],
        [ 0.1891, -0.0870],
        [-0.0458, -0.1366],
        [ 0.3594, -0.1597]], device='cuda:0')
val batch 0 label: tensor([[ 1.4184,  0.0000],
        [ 0.0000, -1.5504],
        [ 0.7092,  0.3876],
        [-0.7092,  1.1628],
        [-0.7092, -0.7752]])
Epoch 32 val loss: 0.818400502204895
train batch 0 pred: tensor([[ 0.3509, -0.1112],
        [-0.1050, -0.0168],
        [-0.0388,  0.0704],
        [ 0.0789,  0.0390],
        [ 0.0328,  0.0079]], device='cuda:0', grad_fn=<SliceBackward0>)
train batch 0 label: tensor([[ 1.4184, -1.5504],
        [-0.7092, -0.3876],
        [-1.4184, -0.7752],
        [ 0.0000,  1.1628],
        [ 0.7092,  0.7752]])
batch 0 loss: 0.7834082841873169
step 0
Loaded 2 validation batches, batch size 16
val batch 0 pred: tensor([[ 0.3110, -0.1849],
        [ 0.5426, -0.1636],
        [ 0.1943, -0.0917],
        [-0.0453, -0.1392],
        [ 0.3629, -0.1634]], device='cuda:0')
val batch 0 label: tensor([[ 1.4184,  0.0000],
        [ 0.0000, -1.5504],
        [ 0.7092,  0.3876],
        [-0.7092,  1.1628],
        [-0.7092, -0.7752]])
Epoch 33 val loss: 0.8182361721992493
train batch 0 pred: tensor([[-0.0641,  0.0274],
        [ 0.0316, -0.0544],
        [ 0.3308, -0.1001],
        [-0.0267,  0.0615],
        [ 0.0298,  0.0470]], device='cuda:0', grad_fn=<SliceBackward0>)
train batch 0 label: tensor([[-1.4184, -1.5504],
        [ 0.0000,  0.0000],
        [ 1.4184, -1.5504],
        [ 0.0000, -0.7752],
        [ 0.7092, -0.3876]])
batch 0 loss: 0.9489231705665588
step 0
Loaded 2 validation batches, batch size 16
val batch 0 pred: tensor([[ 0.3174, -0.1920],
        [ 0.5548, -0.1704],
        [ 0.1988, -0.0982],
        [-0.0451, -0.1433],
        [ 0.3659, -0.1688]], device='cuda:0')
val batch 0 label: tensor([[ 1.4184,  0.0000],
        [ 0.0000, -1.5504],
        [ 0.7092,  0.3876],
        [-0.7092,  1.1628],
        [-0.7092, -0.7752]])
Epoch 34 val loss: 0.8184016942977905
train batch 0 pred: tensor([[ 0.1013,  0.0724],
        [ 0.3399, -0.1045],
        [ 0.1086, -0.0165],
        [-0.1474, -0.0675],
        [-0.0843,  0.0118]], device='cuda:0', grad_fn=<SliceBackward0>)
train batch 0 label: tensor([[ 1.4184,  0.3876],
        [ 1.4184, -1.5504],
        [ 1.4184, -1.1628],
        [-1.4184, -1.5504],
        [-1.4184,  0.0000]])
batch 0 loss: 0.8774909377098083
step 0
Loaded 2 validation batches, batch size 16
val batch 0 pred: tensor([[ 0.3224, -0.1996],
        [ 0.5652, -0.1775],
        [ 0.2020, -0.1052],
        [-0.0460, -0.1480],
        [ 0.3676, -0.1747]], device='cuda:0')
val batch 0 label: tensor([[ 1.4184,  0.0000],
        [ 0.0000, -1.5504],
        [ 0.7092,  0.3876],
        [-0.7092,  1.1628],
        [-0.7092, -0.7752]])
Epoch 35 val loss: 0.8186955451965332
train batch 0 pred: tensor([[ 0.0374,  0.0680],
        [ 0.1465,  0.0125],
        [-0.0030,  0.0011],
        [ 0.2645,  0.0150],
        [-0.0985, -0.0536]], device='cuda:0', grad_fn=<SliceBackward0>)
train batch 0 label: tensor([[-1.4184,  1.5504],
        [ 0.7092,  1.5504],
        [-0.7092,  0.7752],
        [ 1.4184, -0.3876],
        [-0.7092, -1.5504]])
batch 0 loss: 1.1323692798614502
step 0
Loaded 2 validation batches, batch size 16
val batch 0 pred: tensor([[ 0.3267, -0.2051],
        [ 0.5748, -0.1824],
        [ 0.2047, -0.1103],
        [-0.0471, -0.1512],
        [ 0.3690, -0.1788]], device='cuda:0')
val batch 0 label: tensor([[ 1.4184,  0.0000],
        [ 0.0000, -1.5504],
        [ 0.7092,  0.3876],
        [-0.7092,  1.1628],
        [-0.7092, -0.7752]])
Epoch 36 val loss: 0.8187272548675537
train batch 0 pred: tensor([[-0.0404, -0.0205],
        [-0.0535,  0.0666],
        [-0.0418,  0.0315],
        [-0.2299, -0.0296],
        [ 0.1987, -0.1840]], device='cuda:0', grad_fn=<SliceBackward0>)
train batch 0 label: tensor([[-0.7092, -1.1628],
        [-0.7092,  1.1628],
        [-1.4184, -1.1628],
        [-1.4184, -1.1628],
        [-0.7092, -1.1628]])
batch 0 loss: 1.0106250047683716
step 0
Loaded 2 validation batches, batch size 16
val batch 0 pred: tensor([[ 0.3294, -0.2132],
        [ 0.5823, -0.1901],
        [ 0.2058, -0.1178],
        [-0.0493, -0.1563],
        [ 0.3689, -0.1853]], device='cuda:0')
val batch 0 label: tensor([[ 1.4184,  0.0000],
        [ 0.0000, -1.5504],
        [ 0.7092,  0.3876],
        [-0.7092,  1.1628],
        [-0.7092, -0.7752]])
Epoch 37 val loss: 0.8189749121665955
train batch 0 pred: tensor([[ 0.2213, -0.0063],
        [ 0.0547, -0.0081],
        [-0.1736,  0.0856],
        [-0.0741,  0.0785],
        [ 0.5825, -0.1908]], device='cuda:0', grad_fn=<SliceBackward0>)
train batch 0 label: tensor([[ 1.4184,  0.3876],
        [ 0.0000,  1.5504],
        [-0.7092, -0.7752],
        [-1.4184,  1.5504],
        [-0.7092, -1.5504]])
batch 0 loss: 0.8386855721473694
step 0
Loaded 2 validation batches, batch size 16
val batch 0 pred: tensor([[ 0.3322, -0.2195],
        [ 0.5897, -0.1960],
        [ 0.2072, -0.1237],
        [-0.0512, -0.1602],
        [ 0.3691, -0.1902]], device='cuda:0')
val batch 0 label: tensor([[ 1.4184,  0.0000],
        [ 0.0000, -1.5504],
        [ 0.7092,  0.3876],
        [-0.7092,  1.1628],
        [-0.7092, -0.7752]])
Epoch 38 val loss: 0.8190979361534119
train batch 0 pred: tensor([[ 0.5913, -0.1969],
        [ 0.0727,  0.0060],
        [-0.1236,  0.0775],
        [ 0.3188,  0.0111],
        [ 0.0158,  0.0108]], device='cuda:0', grad_fn=<SliceBackward0>)
train batch 0 label: tensor([[ 0.7092, -1.5504],
        [ 0.7092,  0.3876],
        [-1.4184,  0.0000],
        [ 1.4184,  1.1628],
        [ 0.0000,  0.7752]])
batch 0 loss: 1.0149836540222168
step 0
Loaded 2 validation batches, batch size 16
val batch 0 pred: tensor([[ 0.3348, -0.2240],
        [ 0.5968, -0.2000],
        [ 0.2085, -0.1277],
        [-0.0530, -0.1627],
        [ 0.3693, -0.1934]], device='cuda:0')
val batch 0 label: tensor([[ 1.4184,  0.0000],
        [ 0.0000, -1.5504],
        [ 0.7092,  0.3876],
        [-0.7092,  1.1628],
        [-0.7092, -0.7752]])
Epoch 39 val loss: 0.8189870119094849
pred shape: torch.Size([16, 2])
label: tensor([[ 0.7092,  0.0000],
        [ 1.4184, -1.5504],
        [ 1.4184,  0.0000],
        [ 0.7092, -1.5504],
        [-0.7092, -0.7752],
        [-0.7092, -1.1628],
        [ 0.0000,  0.0000],
        [-0.7092, -0.7752],
        [ 1.4184,  1.5504],
        [-0.7092,  0.7752],
        [ 1.4184,  0.3876],
        [-0.7092, -1.5504],
        [ 1.4184, -0.7752],
        [ 0.0000,  1.1628],
        [ 0.7092,  1.5504],
        [ 0.7092, -0.3876]])
train batch 0 pred: tensor([[ 0.2683, -0.2484],
        [ 0.4014, -0.1460],
        [ 0.3488, -0.0364],
        [-0.0278, -0.0703],
        [-0.1770,  0.0862]], device='cuda:0', grad_fn=<SliceBackward0>)
train batch 0 label: tensor([[ 0.7092,  0.0000],
        [ 1.4184, -1.5504],
        [ 1.4184,  0.0000],
        [ 0.7092, -1.5504],
        [-0.7092, -0.7752]])
batch 0 loss: 0.8042563199996948
step 0
Loaded 2 validation batches, batch size 16
val batch 0 pred: tensor([[ 0.3377, -0.2292],
        [ 0.6038, -0.2046],
        [ 0.2100, -0.1326],
        [-0.0544, -0.1659],
        [ 0.3698, -0.1974]], device='cuda:0')
val batch 0 label: tensor([[ 1.4184,  0.0000],
        [ 0.0000, -1.5504],
        [ 0.7092,  0.3876],
        [-0.7092,  1.1628],
        [-0.7092, -0.7752]])
Epoch 40 val loss: 0.8192439675331116
train batch 0 pred: tensor([[ 0.0353, -0.0161],
        [ 0.1066,  0.0687],
        [ 0.2947,  0.0987],
        [ 0.0337,  0.0413],
        [ 0.3528, -0.0382]], device='cuda:0', grad_fn=<SliceBackward0>)
train batch 0 label: tensor([[ 0.0000,  0.3876],
        [ 1.4184,  0.3876],
        [ 1.4184,  1.1628],
        [ 0.7092, -0.7752],
        [ 1.4184,  0.0000]])
batch 0 loss: 0.6879613995552063
step 0
Loaded 2 validation batches, batch size 16
val batch 0 pred: tensor([[ 0.3401, -0.2318],
        [ 0.6101, -0.2064],
        [ 0.2112, -0.1350],
        [-0.0560, -0.1671],
        [ 0.3700, -0.1991]], device='cuda:0')
val batch 0 label: tensor([[ 1.4184,  0.0000],
        [ 0.0000, -1.5504],
        [ 0.7092,  0.3876],
        [-0.7092,  1.1628],
        [-0.7092, -0.7752]])
Epoch 41 val loss: 0.8190734386444092
train batch 0 pred: tensor([[-0.1527,  0.0063],
        [-0.0494, -0.0235],
        [-0.1289, -0.0944],
        [-0.2457, -0.0352],
        [ 0.0297, -0.0540]], device='cuda:0', grad_fn=<SliceBackward0>)
train batch 0 label: tensor([[-1.4184,  0.3876],
        [-0.7092, -1.1628],
        [-0.7092, -0.3876],
        [-1.4184, -1.1628],
        [ 0.0000,  0.0000]])
batch 0 loss: 0.8945420384407043
step 0
Loaded 2 validation batches, batch size 16
val batch 0 pred: tensor([[ 0.3411, -0.2366],
        [ 0.6148, -0.2107],
        [ 0.2111, -0.1394],
        [-0.0584, -0.1702],
        [ 0.3691, -0.2029]], device='cuda:0')
val batch 0 label: tensor([[ 1.4184,  0.0000],
        [ 0.0000, -1.5504],
        [ 0.7092,  0.3876],
        [-0.7092,  1.1628],
        [-0.7092, -0.7752]])
Epoch 42 val loss: 0.81914222240448
train batch 0 pred: tensor([[ 0.0520,  0.0751],
        [ 0.6411, -0.2114],
        [-0.1402, -0.0851],
        [ 0.3112, -0.0621],
        [-0.1794,  0.0803]], device='cuda:0', grad_fn=<SliceBackward0>)
train batch 0 label: tensor([[ 0.7092,  1.5504],
        [ 1.4184, -1.5504],
        [-0.7092, -0.7752],
        [ 1.4184, -1.1628],
        [-1.4184,  0.7752]])
batch 0 loss: 0.9151475429534912
step 0
Loaded 2 validation batches, batch size 16
val batch 0 pred: tensor([[ 0.3425, -0.2413],
        [ 0.6196, -0.2151],
        [ 0.2115, -0.1438],
        [-0.0603, -0.1731],
        [ 0.3686, -0.2066]], device='cuda:0')
val batch 0 label: tensor([[ 1.4184,  0.0000],
        [ 0.0000, -1.5504],
        [ 0.7092,  0.3876],
        [-0.7092,  1.1628],
        [-0.7092, -0.7752]])
Epoch 43 val loss: 0.8192617893218994
train batch 0 pred: tensor([[ 0.2269,  0.0181],
        [-0.0115, -0.0019],
        [-0.2521, -0.0379],
        [-0.0270, -0.0798],
        [-0.1674, -0.0581]], device='cuda:0', grad_fn=<SliceBackward0>)
train batch 0 label: tensor([[ 1.4184, -0.3876],
        [-0.7092,  0.7752],
        [-1.4184, -1.1628],
        [ 0.7092, -1.5504],
        [-1.4184, -0.7752]])
batch 0 loss: 0.8541810512542725
step 0
Loaded 2 validation batches, batch size 16
val batch 0 pred: tensor([[ 0.3440, -0.2448],
        [ 0.6243, -0.2181],
        [ 0.2121, -0.1471],
        [-0.0619, -0.1753],
        [ 0.3684, -0.2093]], device='cuda:0')
val batch 0 label: tensor([[ 1.4184,  0.0000],
        [ 0.0000, -1.5504],
        [ 0.7092,  0.3876],
        [-0.7092,  1.1628],
        [-0.7092, -0.7752]])
Epoch 44 val loss: 0.8193715214729309
train batch 0 pred: tensor([[ 0.1753,  0.1328],
        [ 0.1802,  0.0836],
        [-0.1273,  0.0462],
        [ 0.2654, -0.0227],
        [ 0.1480,  0.0806]], device='cuda:0', grad_fn=<SliceBackward0>)
train batch 0 label: tensor([[ 1.4184, -0.3876],
        [ 0.7092, -1.1628],
        [-1.4184,  0.7752],
        [ 1.4184,  1.5504],
        [ 0.0000, -0.7752]])
batch 0 loss: 0.8321264982223511
step 0
Loaded 2 validation batches, batch size 16
val batch 0 pred: tensor([[ 0.3450, -0.2469],
        [ 0.6281, -0.2197],
        [ 0.2122, -0.1490],
        [-0.0638, -0.1763],
        [ 0.3677, -0.2107]], device='cuda:0')
val batch 0 label: tensor([[ 1.4184,  0.0000],
        [ 0.0000, -1.5504],
        [ 0.7092,  0.3876],
        [-0.7092,  1.1628],
        [-0.7092, -0.7752]])
Epoch 45 val loss: 0.8191369771957397
train batch 0 pred: tensor([[-0.2657,  0.0218],
        [-0.1298,  0.0471],
        [ 0.1722,  0.0231],
        [ 0.6283, -0.2205],
        [ 0.0290, -0.0539]], device='cuda:0', grad_fn=<SliceBackward0>)
train batch 0 label: tensor([[-1.4184, -1.1628],
        [-1.4184,  0.7752],
        [-0.7092, -1.5504],
        [-0.7092, -1.5504],
        [ 0.0000,  0.0000]])
batch 0 loss: 1.016751766204834
step 0
Loaded 2 validation batches, batch size 16
val batch 0 pred: tensor([[ 0.3452, -0.2499],
        [ 0.6311, -0.2223],
        [ 0.2116, -0.1518],
        [-0.0660, -0.1780],
        [ 0.3666, -0.2130]], device='cuda:0')
val batch 0 label: tensor([[ 1.4184,  0.0000],
        [ 0.0000, -1.5504],
        [ 0.7092,  0.3876],
        [-0.7092,  1.1628],
        [-0.7092, -0.7752]])
Epoch 46 val loss: 0.818991482257843
train batch 0 pred: tensor([[-0.1692,  0.0548],
        [ 0.0280, -0.0189],
        [-0.2689,  0.0218],
        [-0.0774,  0.0347],
        [ 0.3899, -0.0084]], device='cuda:0', grad_fn=<SliceBackward0>)
train batch 0 label: tensor([[-0.7092, -0.3876],
        [ 0.0000,  0.3876],
        [-1.4184, -1.1628],
        [-0.7092,  0.3876],
        [ 1.4184,  0.7752]])
batch 0 loss: 1.0388805866241455
step 0
Loaded 2 validation batches, batch size 16
val batch 0 pred: tensor([[ 0.3457, -0.2499],
        [ 0.6340, -0.2219],
        [ 0.2113, -0.1517],
        [-0.0679, -0.1775],
        [ 0.3657, -0.2127]], device='cuda:0')
val batch 0 label: tensor([[ 1.4184,  0.0000],
        [ 0.0000, -1.5504],
        [ 0.7092,  0.3876],
        [-0.7092,  1.1628],
        [-0.7092, -0.7752]])
Epoch 47 val loss: 0.8183498978614807
train batch 0 pred: tensor([[ 0.0924,  0.0688],
        [ 0.0113,  0.0079],
        [ 0.1525, -0.0195],
        [-0.1448,  0.0651],
        [-0.1458,  0.0590]], device='cuda:0', grad_fn=<SliceBackward0>)
train batch 0 label: tensor([[ 0.7092, -0.3876],
        [ 0.0000,  0.7752],
        [ 0.7092,  0.0000],
        [-1.4184,  0.3876],
        [-1.4184, -0.3876]])
batch 0 loss: 0.7203415036201477
step 0
Loaded 2 validation batches, batch size 16
val batch 0 pred: tensor([[ 0.3462, -0.2512],
        [ 0.6368, -0.2229],
        [ 0.2111, -0.1529],
        [-0.0696, -0.1781],
        [ 0.3650, -0.2135]], device='cuda:0')
val batch 0 label: tensor([[ 1.4184,  0.0000],
        [ 0.0000, -1.5504],
        [ 0.7092,  0.3876],
        [-0.7092,  1.1628],
        [-0.7092, -0.7752]])
Epoch 48 val loss: 0.8180598020553589
train batch 0 pred: tensor([[-0.1430, -0.1007],
        [-0.0529, -0.0411],
        [ 0.0556,  0.0266],
        [ 0.0808,  0.0395],
        [ 0.0285, -0.0537]], device='cuda:0', grad_fn=<SliceBackward0>)
train batch 0 label: tensor([[-0.7092, -0.3876],
        [-1.4184,  0.7752],
        [ 0.0000,  1.1628],
        [ 0.0000,  1.1628],
        [ 0.0000,  0.0000]])
batch 0 loss: 0.7739855647087097
step 0
Loaded 2 validation batches, batch size 16
val batch 0 pred: tensor([[ 0.3464, -0.2525],
        [ 0.6392, -0.2240],
        [ 0.2108, -0.1541],
        [-0.0713, -0.1787],
        [ 0.3641, -0.2144]], device='cuda:0')
val batch 0 label: tensor([[ 1.4184,  0.0000],
        [ 0.0000, -1.5504],
        [ 0.7092,  0.3876],
        [-0.7092,  1.1628],
        [-0.7092, -0.7752]])
Epoch 49 val loss: 0.81777024269104
pred shape: torch.Size([16, 2])
label: tensor([[-1.4184,  0.7752],
        [ 0.0000, -0.7752],
        [ 0.0000,  1.5504],
        [-0.7092,  0.0000],
        [-1.4184, -1.1628],
        [-1.4184,  0.7752],
        [-1.4184,  1.1628],
        [-1.4184, -1.5504],
        [ 0.0000,  0.0000],
        [ 0.0000,  1.5504],
        [ 1.4184, -0.7752],
        [ 1.4184,  0.3876],
        [ 1.4184, -1.1628],
        [-1.4184,  1.5504],
        [ 0.7092,  1.5504],
        [ 0.7092,  0.0000]])
train batch 0 pred: tensor([[-0.1391,  0.0509],
        [ 0.1451,  0.0881],
        [-0.0010,  0.0533],
        [-0.0836,  0.0090],
        [-0.2769,  0.0247]], device='cuda:0', grad_fn=<SliceBackward0>)
train batch 0 label: tensor([[-1.4184,  0.7752],
        [ 0.0000, -0.7752],
        [ 0.0000,  1.5504],
        [-0.7092,  0.0000],
        [-1.4184, -1.1628]])
batch 0 loss: 1.0482640266418457
step 0
Loaded 2 validation batches, batch size 16
val batch 0 pred: tensor([[ 0.3466, -0.2532],
        [ 0.6413, -0.2244],
        [ 0.2104, -0.1547],
        [-0.0728, -0.1788],
        [ 0.3633, -0.2147]], device='cuda:0')
val batch 0 label: tensor([[ 1.4184,  0.0000],
        [ 0.0000, -1.5504],
        [ 0.7092,  0.3876],
        [-0.7092,  1.1628],
        [-0.7092, -0.7752]])
Epoch 50 val loss: 0.8174072504043579
train batch 0 pred: tensor([[-0.0992,  0.0887],
        [-0.1865, -0.1060],
        [ 0.0282, -0.0536],
        [ 0.1491,  0.0089],
        [-0.0951,  0.0205]], device='cuda:0', grad_fn=<SliceBackward0>)
train batch 0 label: tensor([[-1.4184,  1.5504],
        [-1.4184, -0.7752],
        [ 0.0000,  0.0000],
        [ 0.7092,  1.5504],
        [-0.7092,  0.7752]])
batch 0 loss: 0.9288114309310913
step 0
Loaded 2 validation batches, batch size 16
val batch 0 pred: tensor([[ 0.3469, -0.2541],
        [ 0.6432, -0.2251],
        [ 0.2102, -0.1556],
        [-0.0742, -0.1792],
        [ 0.3626, -0.2153]], device='cuda:0')
val batch 0 label: tensor([[ 1.4184,  0.0000],
        [ 0.0000, -1.5504],
        [ 0.7092,  0.3876],
        [-0.7092,  1.1628],
        [-0.7092, -0.7752]])
Epoch 51 val loss: 0.8171535730361938
train batch 0 pred: tensor([[ 0.0281, -0.0536],
        [ 0.3499, -0.0491],
        [-0.0193, -0.0246],
        [ 0.0281, -0.0536],
        [ 0.3712,  0.0069]], device='cuda:0', grad_fn=<SliceBackward0>)
train batch 0 label: tensor([[ 0.0000,  0.0000],
        [ 1.4184, -0.7752],
        [-1.4184,  0.0000],
        [ 0.0000,  0.0000],
        [ 1.4184,  1.5504]])
batch 0 loss: 0.6235852837562561
step 0
Loaded 2 validation batches, batch size 16
val batch 0 pred: tensor([[ 0.3471, -0.2547],
        [ 0.6450, -0.2254],
        [ 0.2099, -0.1561],
        [-0.0754, -0.1794],
        [ 0.3620, -0.2156]], device='cuda:0')
val batch 0 label: tensor([[ 1.4184,  0.0000],
        [ 0.0000, -1.5504],
        [ 0.7092,  0.3876],
        [-0.7092,  1.1628],
        [-0.7092, -0.7752]])
Epoch 52 val loss: 0.8169206380844116
train batch 0 pred: tensor([[ 0.0280, -0.0535],
        [-0.0308, -0.0843],
        [ 0.3374,  0.0110],
        [-0.0889,  0.0083],
        [-0.2209,  0.0720]], device='cuda:0', grad_fn=<SliceBackward0>)
train batch 0 label: tensor([[ 0.0000,  0.0000],
        [ 0.7092, -1.5504],
        [ 1.4184,  1.1628],
        [-1.4184,  0.7752],
        [-1.4184,  1.5504]])
batch 0 loss: 0.9482471346855164
step 0
Loaded 2 validation batches, batch size 16
val batch 0 pred: tensor([[ 0.3473, -0.2559],
        [ 0.6466, -0.2263],
        [ 0.2098, -0.1571],
        [-0.0764, -0.1800],
        [ 0.3616, -0.2164]], device='cuda:0')
val batch 0 label: tensor([[ 1.4184,  0.0000],
        [ 0.0000, -1.5504],
        [ 0.7092,  0.3876],
        [-0.7092,  1.1628],
        [-0.7092, -0.7752]])
Epoch 53 val loss: 0.8168504238128662
train batch 0 pred: tensor([[ 0.1131, -0.0376],
        [-0.2023,  0.0891],
        [-0.1559,  0.0631],
        [ 0.1655,  0.0317],
        [-0.0607, -0.0386]], device='cuda:0', grad_fn=<SliceBackward0>)
train batch 0 label: tensor([[ 1.4184, -1.1628],
        [-1.4184,  0.7752],
        [-1.4184, -0.3876],
        [-0.7092, -1.5504],
        [-1.4184,  0.7752]])
batch 0 loss: 1.2351571321487427
step 0
Loaded 2 validation batches, batch size 16
val batch 0 pred: tensor([[ 0.3475, -0.2566],
        [ 0.6480, -0.2268],
        [ 0.2096, -0.1578],
        [-0.0774, -0.1804],
        [ 0.3610, -0.2169]], device='cuda:0')
val batch 0 label: tensor([[ 1.4184,  0.0000],
        [ 0.0000, -1.5504],
        [ 0.7092,  0.3876],
        [-0.7092,  1.1628],
        [-0.7092, -0.7752]])
Epoch 54 val loss: 0.8167212605476379
train batch 0 pred: tensor([[ 0.0082,  0.0824],
        [-0.0892,  0.0404],
        [-0.1908, -0.1063],
        [-0.0314, -0.0851],
        [-0.0242,  0.0055]], device='cuda:0', grad_fn=<SliceBackward0>)
train batch 0 label: tensor([[-1.4184,  1.5504],
        [-0.7092,  0.3876],
        [-1.4184, -0.7752],
        [ 0.7092, -1.5504],
        [-0.7092,  0.7752]])
batch 0 loss: 0.7541659474372864
step 0
Loaded 2 validation batches, batch size 16
val batch 0 pred: tensor([[ 0.3476, -0.2573],
        [ 0.6491, -0.2273],
        [ 0.2094, -0.1585],
        [-0.0783, -0.1808],
        [ 0.3606, -0.2174]], device='cuda:0')
val batch 0 label: tensor([[ 1.4184,  0.0000],
        [ 0.0000, -1.5504],
        [ 0.7092,  0.3876],
        [-0.7092,  1.1628],
        [-0.7092, -0.7752]])
Epoch 55 val loss: 0.8166546821594238
train batch 0 pred: tensor([[-0.2770, -0.0353],
        [-0.1048,  0.0920],
        [-0.1870, -0.0599],
        [ 0.1090,  0.0606],
        [ 0.0278, -0.0535]], device='cuda:0', grad_fn=<SliceBackward0>)
train batch 0 label: tensor([[-1.4184, -1.1628],
        [-1.4184,  1.5504],
        [-1.4184, -0.7752],
        [ 0.0000,  1.5504],
        [ 0.0000,  0.0000]])
batch 0 loss: 0.8188694715499878
step 0
Loaded 2 validation batches, batch size 16
val batch 0 pred: tensor([[ 0.3478, -0.2574],
        [ 0.6502, -0.2272],
        [ 0.2093, -0.1586],
        [-0.0790, -0.1807],
        [ 0.3603, -0.2174]], device='cuda:0')
val batch 0 label: tensor([[ 1.4184,  0.0000],
        [ 0.0000, -1.5504],
        [ 0.7092,  0.3876],
        [-0.7092,  1.1628],
        [-0.7092, -0.7752]])
Epoch 56 val loss: 0.8164640069007874
train batch 0 pred: tensor([[-0.0750,  0.0437],
        [-0.0591,  0.0125],
        [-0.0882,  0.0352],
        [-0.2255,  0.0735],
        [ 0.1766,  0.0954]], device='cuda:0', grad_fn=<SliceBackward0>)
train batch 0 label: tensor([[-1.4184, -1.1628],
        [ 0.0000,  0.0000],
        [-0.7092,  0.7752],
        [-1.4184,  1.5504],
        [ 0.7092, -1.1628]])
batch 0 loss: 0.9535176753997803
step 0
Loaded 2 validation batches, batch size 16
val batch 0 pred: tensor([[ 0.3479, -0.2577],
        [ 0.6511, -0.2273],
        [ 0.2092, -0.1588],
        [-0.0796, -0.1807],
        [ 0.3600, -0.2175]], device='cuda:0')
val batch 0 label: tensor([[ 1.4184,  0.0000],
        [ 0.0000, -1.5504],
        [ 0.7092,  0.3876],
        [-0.7092,  1.1628],
        [-0.7092, -0.7752]])
Epoch 57 val loss: 0.8163228034973145
train batch 0 pred: tensor([[-0.0667,  0.0808],
        [ 0.0277, -0.0534],
        [-0.0568,  0.0571],
        [-0.1316,  0.0345],
        [ 0.6513, -0.2281]], device='cuda:0', grad_fn=<SliceBackward0>)
train batch 0 label: tensor([[-0.7092, -0.3876],
        [ 0.0000,  0.0000],
        [-0.7092,  1.1628],
        [-1.4184,  1.5504],
        [-0.7092, -1.5504]])
batch 0 loss: 0.6712362170219421
step 0
Loaded 2 validation batches, batch size 16
val batch 0 pred: tensor([[ 0.3479, -0.2581],
        [ 0.6518, -0.2277],
        [ 0.2090, -0.1592],
        [-0.0802, -0.1809],
        [ 0.3596, -0.2178]], device='cuda:0')
val batch 0 label: tensor([[ 1.4184,  0.0000],
        [ 0.0000, -1.5504],
        [ 0.7092,  0.3876],
        [-0.7092,  1.1628],
        [-0.7092, -0.7752]])
Epoch 58 val loss: 0.8162249326705933
train batch 0 pred: tensor([[-0.1824,  0.0271],
        [-0.1035,  0.0668],
        [ 0.1478, -0.0066],
        [ 0.2742, -0.0586],
        [ 0.0276, -0.0534]], device='cuda:0', grad_fn=<SliceBackward0>)
train batch 0 label: tensor([[-1.4184,  0.0000],
        [-1.4184, -0.7752],
        [ 1.4184,  0.0000],
        [ 1.4184,  0.7752],
        [ 0.0000,  0.0000]])
batch 0 loss: 0.7294855117797852
step 0
Loaded 2 validation batches, batch size 16
val batch 0 pred: tensor([[ 0.3481, -0.2585],
        [ 0.6525, -0.2280],
        [ 0.2090, -0.1596],
        [-0.0806, -0.1811],
        [ 0.3595, -0.2181]], device='cuda:0')
val batch 0 label: tensor([[ 1.4184,  0.0000],
        [ 0.0000, -1.5504],
        [ 0.7092,  0.3876],
        [-0.7092,  1.1628],
        [-0.7092, -0.7752]])
Epoch 59 val loss: 0.8162046670913696
pred shape: torch.Size([16, 2])
label: tensor([[ 0.7092,  0.0000],
        [ 1.4184,  0.7752],
        [-0.7092,  0.0000],
        [ 0.0000, -0.7752],
        [-0.7092,  1.1628],
        [ 1.4184,  0.7752],
        [-0.7092, -0.3876],
        [ 0.7092,  0.0000],
        [-1.4184, -1.5504],
        [ 0.7092,  0.3876],
        [-1.4184, -1.1628],
        [-1.4184,  1.1628],
        [ 0.7092, -1.5504],
        [ 0.0000,  0.0000],
        [-1.4184,  1.1628],
        [ 0.0000,  1.5504]])
train batch 0 pred: tensor([[ 9.6564e-02, -3.0710e-02],
        [ 3.9763e-01,  3.9751e-04],
        [-1.1164e-01,  4.5119e-02],
        [-5.0917e-02,  7.3336e-02],
        [-1.3090e-01, -1.4936e-02]], device='cuda:0', grad_fn=<SliceBackward0>)
train batch 0 label: tensor([[ 0.7092,  0.0000],
        [ 1.4184,  0.7752],
        [-0.7092,  0.0000],
        [ 0.0000, -0.7752],
        [-0.7092,  1.1628]])
batch 0 loss: 0.7687255144119263
step 0
Loaded 2 validation batches, batch size 16
val batch 0 pred: tensor([[ 0.3481, -0.2589],
        [ 0.6530, -0.2284],
        [ 0.2089, -0.1600],
        [-0.0809, -0.1814],
        [ 0.3593, -0.2184]], device='cuda:0')
val batch 0 label: tensor([[ 1.4184,  0.0000],
        [ 0.0000, -1.5504],
        [ 0.7092,  0.3876],
        [-0.7092,  1.1628],
        [-0.7092, -0.7752]])
Epoch 60 val loss: 0.8161898255348206
train batch 0 pred: tensor([[ 0.3744,  0.0292],
        [ 0.0276, -0.0534],
        [ 0.0873,  0.0773],
        [ 0.0131,  0.0126],
        [ 0.2487,  0.0105]], device='cuda:0', grad_fn=<SliceBackward0>)
train batch 0 label: tensor([[ 1.4184, -0.3876],
        [ 0.0000,  0.0000],
        [ 0.7092, -0.3876],
        [ 0.0000, -0.3876],
        [ 1.4184,  0.7752]])
batch 0 loss: 0.6362879276275635
step 0
Loaded 2 validation batches, batch size 16
val batch 0 pred: tensor([[ 0.3483, -0.2592],
        [ 0.6535, -0.2286],
        [ 0.2090, -0.1602],
        [-0.0811, -0.1815],
        [ 0.3593, -0.2186]], device='cuda:0')
val batch 0 label: tensor([[ 1.4184,  0.0000],
        [ 0.0000, -1.5504],
        [ 0.7092,  0.3876],
        [-0.7092,  1.1628],
        [-0.7092, -0.7752]])
Epoch 61 val loss: 0.8161886930465698
train batch 0 pred: tensor([[ 0.0276, -0.0534],
        [ 0.0715,  0.0068],
        [-0.0059,  0.0519],
        [-0.2177,  0.0841],
        [ 0.0684,  0.0608]], device='cuda:0', grad_fn=<SliceBackward0>)
train batch 0 label: tensor([[ 0.0000,  0.0000],
        [ 0.7092, -0.7752],
        [ 0.0000, -1.1628],
        [-1.4184,  0.3876],
        [ 0.7092,  0.7752]])
batch 0 loss: 0.7505905628204346
step 0
Loaded 2 validation batches, batch size 16
val batch 0 pred: tensor([[ 0.3483, -0.2594],
        [ 0.6539, -0.2287],
        [ 0.2090, -0.1604],
        [-0.0813, -0.1817],
        [ 0.3592, -0.2188]], device='cuda:0')
val batch 0 label: tensor([[ 1.4184,  0.0000],
        [ 0.0000, -1.5504],
        [ 0.7092,  0.3876],
        [-0.7092,  1.1628],
        [-0.7092, -0.7752]])
Epoch 62 val loss: 0.8161729574203491
train batch 0 pred: tensor([[-0.1047,  0.0673],
        [ 0.3031, -0.0013],
        [-0.1295, -0.1027],
        [-0.1838,  0.0126],
        [ 0.2143,  0.0359]], device='cuda:0', grad_fn=<SliceBackward0>)
train batch 0 label: tensor([[-1.4184, -0.7752],
        [ 1.4184,  1.5504],
        [ 0.0000, -1.5504],
        [-1.4184,  0.3876],
        [ 0.7092,  0.7752]])
batch 0 loss: 1.0763838291168213
step 0
Loaded 2 validation batches, batch size 16
val batch 0 pred: tensor([[ 0.3484, -0.2596],
        [ 0.6541, -0.2288],
        [ 0.2089, -0.1606],
        [-0.0815, -0.1818],
        [ 0.3591, -0.2189]], device='cuda:0')
val batch 0 label: tensor([[ 1.4184,  0.0000],
        [ 0.0000, -1.5504],
        [ 0.7092,  0.3876],
        [-0.7092,  1.1628],
        [-0.7092, -0.7752]])
Epoch 63 val loss: 0.8161725401878357
train batch 0 pred: tensor([[ 0.2143,  0.0360],
        [-0.0080,  0.0590],
        [-0.0688,  0.0818],
        [ 0.1749, -0.2262],
        [ 0.6562, -0.2299]], device='cuda:0', grad_fn=<SliceBackward0>)
train batch 0 label: tensor([[ 0.7092,  0.7752],
        [ 0.0000,  1.5504],
        [-0.7092, -0.3876],
        [-0.7092, -1.1628],
        [ 0.7092, -1.5504]])
batch 0 loss: 0.8062125444412231
step 0
Loaded 2 validation batches, batch size 16
val batch 0 pred: tensor([[ 0.3484, -0.2597],
        [ 0.6543, -0.2290],
        [ 0.2089, -0.1607],
        [-0.0816, -0.1819],
        [ 0.3591, -0.2190]], device='cuda:0')
val batch 0 label: tensor([[ 1.4184,  0.0000],
        [ 0.0000, -1.5504],
        [ 0.7092,  0.3876],
        [-0.7092,  1.1628],
        [-0.7092, -0.7752]])
Epoch 64 val loss: 0.8161768913269043
train batch 0 pred: tensor([[ 0.2946,  0.0167],
        [ 0.2489,  0.0106],
        [ 0.2334, -0.0053],
        [ 0.0299,  0.0488],
        [-0.1680,  0.0590]], device='cuda:0', grad_fn=<SliceBackward0>)
train batch 0 label: tensor([[ 1.4184, -0.3876],
        [ 1.4184,  0.7752],
        [ 1.4184,  0.3876],
        [ 0.7092, -0.3876],
        [-1.4184, -0.3876]])
batch 0 loss: 0.8703920245170593
step 0
Loaded 2 validation batches, batch size 16
val batch 0 pred: tensor([[ 0.3484, -0.2599],
        [ 0.6544, -0.2291],
        [ 0.2089, -0.1609],
        [-0.0816, -0.1820],
        [ 0.3591, -0.2191]], device='cuda:0')
val batch 0 label: tensor([[ 1.4184,  0.0000],
        [ 0.0000, -1.5504],
        [ 0.7092,  0.3876],
        [-0.7092,  1.1628],
        [-0.7092, -0.7752]])
Epoch 65 val loss: 0.8161889314651489
train batch 0 pred: tensor([[-0.2290,  0.0743],
        [-0.2087,  0.0919],
        [-0.0104, -0.0412],
        [-0.2195,  0.1015],
        [ 0.1628,  0.0349]], device='cuda:0', grad_fn=<SliceBackward0>)
train batch 0 label: tensor([[-1.4184,  1.5504],
        [-1.4184,  0.7752],
        [ 0.0000, -0.3876],
        [-0.7092, -0.7752],
        [-0.7092, -1.5504]])
batch 0 loss: 0.8680974841117859
step 0
Loaded 2 validation batches, batch size 16
val batch 0 pred: tensor([[ 0.3484, -0.2599],
        [ 0.6544, -0.2291],
        [ 0.2089, -0.1609],
        [-0.0817, -0.1820],
        [ 0.3590, -0.2192]], device='cuda:0')
val batch 0 label: tensor([[ 1.4184,  0.0000],
        [ 0.0000, -1.5504],
        [ 0.7092,  0.3876],
        [-0.7092,  1.1628],
        [-0.7092, -0.7752]])
Epoch 66 val loss: 0.8161827325820923
train batch 0 pred: tensor([[-0.0829,  0.0797],
        [ 0.0298,  0.0488],
        [ 0.0473,  0.0334],
        [ 0.1013,  0.0861],
        [-0.0934,  0.0123]], device='cuda:0', grad_fn=<SliceBackward0>)
train batch 0 label: tensor([[-0.7092,  1.1628],
        [ 0.7092, -0.3876],
        [ 0.0000,  1.1628],
        [ 1.4184,  0.7752],
        [-0.7092,  0.0000]])
batch 0 loss: 0.8576067686080933
step 0
Loaded 2 validation batches, batch size 16
val batch 0 pred: tensor([[ 0.3484, -0.2599],
        [ 0.6545, -0.2291],
        [ 0.2089, -0.1609],
        [-0.0817, -0.1820],
        [ 0.3590, -0.2192]], device='cuda:0')
val batch 0 label: tensor([[ 1.4184,  0.0000],
        [ 0.0000, -1.5504],
        [ 0.7092,  0.3876],
        [-0.7092,  1.1628],
        [-0.7092, -0.7752]])
Epoch 67 val loss: 0.8161840438842773
train batch 0 pred: tensor([[-0.1041,  0.0021],
        [ 0.1216,  0.0832],
        [-0.1269,  0.0113],
        [ 0.6565, -0.2302],
        [ 0.3743,  0.0104]], device='cuda:0', grad_fn=<SliceBackward0>)
train batch 0 label: tensor([[-1.4184,  0.3876],
        [ 0.7092,  0.0000],
        [-1.4184,  0.0000],
        [ 0.7092, -1.5504],
        [ 1.4184,  1.5504]])
batch 0 loss: 0.8107069134712219
step 0
Loaded 2 validation batches, batch size 16
val batch 0 pred: tensor([[ 0.3484, -0.2599],
        [ 0.6545, -0.2292],
        [ 0.2089, -0.1609],
        [-0.0817, -0.1820],
        [ 0.3590, -0.2192]], device='cuda:0')
val batch 0 label: tensor([[ 1.4184,  0.0000],
        [ 0.0000, -1.5504],
        [ 0.7092,  0.3876],
        [-0.7092,  1.1628],
        [-0.7092, -0.7752]])
Epoch 68 val loss: 0.8161841630935669
train batch 0 pred: tensor([[-0.2205, -0.0559],
        [ 0.2665, -0.2884],
        [ 0.1438,  0.0371],
        [-0.0935,  0.0123],
        [-0.1680,  0.0975]], device='cuda:0', grad_fn=<SliceBackward0>)
train batch 0 label: tensor([[-1.4184, -0.3876],
        [ 0.7092,  0.0000],
        [ 0.7092,  1.5504],
        [-0.7092,  0.0000],
        [-1.4184,  0.0000]])
batch 0 loss: 0.9345297813415527
step 0
Loaded 2 validation batches, batch size 16
val batch 0 pred: tensor([[ 0.3484, -0.2599],
        [ 0.6545, -0.2292],
        [ 0.2089, -0.1609],
        [-0.0817, -0.1820],
        [ 0.3590, -0.2192]], device='cuda:0')
val batch 0 label: tensor([[ 1.4184,  0.0000],
        [ 0.0000, -1.5504],
        [ 0.7092,  0.3876],
        [-0.7092,  1.1628],
        [-0.7092, -0.7752]])
Epoch 69 val loss: 0.8161841630935669
pred shape: torch.Size([16, 2])
label: tensor([[ 1.4184,  1.1628],
        [-1.4184,  0.3876],
        [ 0.0000,  0.0000],
        [ 0.0000,  0.7752],
        [-1.4184,  0.0000],
        [-0.7092, -0.7752],
        [ 1.4184, -1.1628],
        [ 0.7092,  0.7752],
        [ 1.4184,  1.1628],
        [ 1.4184,  0.3876],
        [ 0.7092,  1.1628],
        [ 0.0000,  0.3876],
        [ 0.7092,  0.0000],
        [ 1.4184,  0.7752],
        [ 0.0000,  0.0000],
        [-1.4184,  0.7752]])
train batch 0 pred: tensor([[ 0.2972,  0.0013],
        [-0.2185,  0.0843],
        [ 0.0275, -0.0534],
        [ 0.0048,  0.0116],
        [-0.0282, -0.0225]], device='cuda:0', grad_fn=<SliceBackward0>)
train batch 0 label: tensor([[ 1.4184,  1.1628],
        [-1.4184,  0.3876],
        [ 0.0000,  0.0000],
        [ 0.0000,  0.7752],
        [-1.4184,  0.0000]])
batch 0 loss: 0.7050355076789856
step 0
Loaded 2 validation batches, batch size 16
val batch 0 pred: tensor([[ 0.3484, -0.2599],
        [ 0.6545, -0.2292],
        [ 0.2089, -0.1609],
        [-0.0817, -0.1820],
        [ 0.3590, -0.2192]], device='cuda:0')
val batch 0 label: tensor([[ 1.4184,  0.0000],
        [ 0.0000, -1.5504],
        [ 0.7092,  0.3876],
        [-0.7092,  1.1628],
        [-0.7092, -0.7752]])
Epoch 70 val loss: 0.8161841630935669
train batch 0 pred: tensor([[-0.1621,  0.0652],
        [-0.0937,  0.0418],
        [-0.1522, -0.0962],
        [-0.0955,  0.0104],
        [-0.1354,  0.0105]], device='cuda:0', grad_fn=<SliceBackward0>)
train batch 0 label: tensor([[-1.4184, -0.3876],
        [-0.7092,  0.3876],
        [-1.4184, -1.5504],
        [-1.4184,  0.7752],
        [-1.4184,  1.1628]])
batch 0 loss: 0.7922653555870056
step 0
Loaded 2 validation batches, batch size 16
val batch 0 pred: tensor([[ 0.3484, -0.2599],
        [ 0.6545, -0.2292],
        [ 0.2089, -0.1609],
        [-0.0817, -0.1820],
        [ 0.3590, -0.2192]], device='cuda:0')
val batch 0 label: tensor([[ 1.4184,  0.0000],
        [ 0.0000, -1.5504],
        [ 0.7092,  0.3876],
        [-0.7092,  1.1628],
        [-0.7092, -0.7752]])
Epoch 71 val loss: 0.8161841630935669
train batch 0 pred: tensor([[ 0.4468, -0.0047],
        [ 0.0298,  0.0488],
        [ 0.0275, -0.0534],
        [-0.2657, -0.0734],
        [ 0.0275, -0.0534]], device='cuda:0', grad_fn=<SliceBackward0>)
train batch 0 label: tensor([[ 1.4184, -0.7752],
        [ 0.7092, -0.3876],
        [ 0.0000,  0.0000],
        [-0.7092,  0.7752],
        [ 0.0000,  0.0000]])
batch 0 loss: 0.6747683882713318
step 0
Loaded 2 validation batches, batch size 16
val batch 0 pred: tensor([[ 0.3484, -0.2599],
        [ 0.6545, -0.2292],
        [ 0.2089, -0.1609],
        [-0.0817, -0.1820],
        [ 0.3590, -0.2192]], device='cuda:0')
val batch 0 label: tensor([[ 1.4184,  0.0000],
        [ 0.0000, -1.5504],
        [ 0.7092,  0.3876],
        [-0.7092,  1.1628],
        [-0.7092, -0.7752]])
Epoch 72 val loss: 0.8161841630935669
train batch 0 pred: tensor([[ 0.0275, -0.0534],
        [ 0.3452,  0.0009],
        [ 0.3750,  0.0292],
        [-0.2088,  0.0919],
        [ 0.0784, -0.0482]], device='cuda:0', grad_fn=<SliceBackward0>)
train batch 0 label: tensor([[ 0.0000,  0.0000],
        [ 1.4184,  0.3876],
        [ 1.4184, -0.3876],
        [-1.4184,  0.7752],
        [ 0.7092,  0.7752]])
batch 0 loss: 0.761559009552002
step 0
Loaded 2 validation batches, batch size 16
val batch 0 pred: tensor([[ 0.3484, -0.2599],
        [ 0.6545, -0.2292],
        [ 0.2089, -0.1609],
        [-0.0817, -0.1820],
        [ 0.3590, -0.2192]], device='cuda:0')
val batch 0 label: tensor([[ 1.4184,  0.0000],
        [ 0.0000, -1.5504],
        [ 0.7092,  0.3876],
        [-0.7092,  1.1628],
        [-0.7092, -0.7752]])
Epoch 73 val loss: 0.8161841630935669
train batch 0 pred: tensor([[-0.0908,  0.0362],
        [ 0.2972,  0.0013],
        [ 0.0890, -0.0514],
        [ 0.1013,  0.0861],
        [-0.1621,  0.0652]], device='cuda:0', grad_fn=<SliceBackward0>)
train batch 0 label: tensor([[-0.7092,  0.7752],
        [ 1.4184,  1.1628],
        [ 1.4184, -1.1628],
        [ 1.4184,  0.7752],
        [-1.4184, -0.3876]])
batch 0 loss: 0.9094245433807373
step 0
Loaded 2 validation batches, batch size 16
val batch 0 pred: tensor([[ 0.3484, -0.2599],
        [ 0.6545, -0.2292],
        [ 0.2089, -0.1609],
        [-0.0817, -0.1820],
        [ 0.3590, -0.2192]], device='cuda:0')
val batch 0 label: tensor([[ 1.4184,  0.0000],
        [ 0.0000, -1.5504],
        [ 0.7092,  0.3876],
        [-0.7092,  1.1628],
        [-0.7092, -0.7752]])
Epoch 74 val loss: 0.8161841630935669
train batch 0 pred: tensor([[ 0.3271, -0.0648],
        [-0.0124,  0.0953],
        [ 0.0640,  0.0124],
        [-0.0518,  0.0736],
        [-0.0031, -0.0006]], device='cuda:0', grad_fn=<SliceBackward0>)
train batch 0 label: tensor([[ 1.4184, -1.1628],
        [-0.7092,  0.0000],
        [ 0.7092,  0.3876],
        [ 0.0000, -0.7752],
        [-0.7092,  0.7752]])
batch 0 loss: 0.8193230628967285
step 0
Loaded 2 validation batches, batch size 16
val batch 0 pred: tensor([[ 0.3484, -0.2599],
        [ 0.6545, -0.2292],
        [ 0.2089, -0.1609],
        [-0.0817, -0.1820],
        [ 0.3590, -0.2192]], device='cuda:0')
val batch 0 label: tensor([[ 1.4184,  0.0000],
        [ 0.0000, -1.5504],
        [ 0.7092,  0.3876],
        [-0.7092,  1.1628],
        [-0.7092, -0.7752]])
Epoch 75 val loss: 0.8161841630935669
train batch 0 pred: tensor([[-0.1045,  0.0229],
        [ 0.3984,  0.0005],
        [ 0.1747, -0.2265],
        [ 0.1416,  0.0965],
        [-0.0282, -0.0225]], device='cuda:0', grad_fn=<SliceBackward0>)
train batch 0 label: tensor([[-0.7092,  0.7752],
        [ 1.4184,  0.7752],
        [-0.7092, -1.1628],
        [ 0.0000, -0.7752],
        [-1.4184,  0.0000]])
batch 0 loss: 0.7809339165687561
step 0
Loaded 2 validation batches, batch size 16
val batch 0 pred: tensor([[ 0.3484, -0.2599],
        [ 0.6545, -0.2292],
        [ 0.2089, -0.1609],
        [-0.0817, -0.1820],
        [ 0.3590, -0.2192]], device='cuda:0')
val batch 0 label: tensor([[ 1.4184,  0.0000],
        [ 0.0000, -1.5504],
        [ 0.7092,  0.3876],
        [-0.7092,  1.1628],
        [-0.7092, -0.7752]])
Epoch 76 val loss: 0.8161841630935669
train batch 0 pred: tensor([[ 0.2302,  0.0265],
        [-0.1777,  0.0064],
        [-0.2088,  0.0919],
        [ 0.0548,  0.0031],
        [-0.1843,  0.0125]], device='cuda:0', grad_fn=<SliceBackward0>)
train batch 0 label: tensor([[ 1.4184, -0.3876],
        [-1.4184,  0.3876],
        [-1.4184,  0.7752],
        [ 0.7092,  1.1628],
        [-1.4184,  0.3876]])
batch 0 loss: 0.6675674915313721
step 0
Loaded 2 validation batches, batch size 16
val batch 0 pred: tensor([[ 0.3484, -0.2599],
        [ 0.6545, -0.2292],
        [ 0.2089, -0.1609],
        [-0.0817, -0.1820],
        [ 0.3590, -0.2192]], device='cuda:0')
val batch 0 label: tensor([[ 1.4184,  0.0000],
        [ 0.0000, -1.5504],
        [ 0.7092,  0.3876],
        [-0.7092,  1.1628],
        [-0.7092, -0.7752]])
Epoch 77 val loss: 0.8161841630935669
train batch 0 pred: tensor([[ 0.1397,  0.1243],
        [-0.1874,  0.0200],
        [-0.0177,  0.0413],
        [-0.1839,  0.0270],
        [ 0.0747,  0.0460]], device='cuda:0', grad_fn=<SliceBackward0>)
train batch 0 label: tensor([[ 1.4184, -0.7752],
        [-0.7092, -0.3876],
        [-1.4184,  0.0000],
        [-1.4184,  0.0000],
        [ 0.0000,  1.1628]])
batch 0 loss: 0.7041696310043335
step 0
Loaded 2 validation batches, batch size 16
val batch 0 pred: tensor([[ 0.3484, -0.2599],
        [ 0.6545, -0.2292],
        [ 0.2089, -0.1609],
        [-0.0817, -0.1820],
        [ 0.3590, -0.2192]], device='cuda:0')
val batch 0 label: tensor([[ 1.4184,  0.0000],
        [ 0.0000, -1.5504],
        [ 0.7092,  0.3876],
        [-0.7092,  1.1628],
        [-0.7092, -0.7752]])
Epoch 78 val loss: 0.8161841630935669
train batch 0 pred: tensor([[ 0.4763, -0.2390],
        [ 0.1747, -0.2265],
        [-0.0588,  0.0578],
        [ 0.0168, -0.0133],
        [-0.1321, -0.0151]], device='cuda:0', grad_fn=<SliceBackward0>)
train batch 0 label: tensor([[ 0.0000, -1.5504],
        [-0.7092, -1.1628],
        [-0.7092,  1.1628],
        [ 0.0000,  0.3876],
        [-0.7092,  1.1628]])
batch 0 loss: 0.7502719163894653
step 0
Loaded 2 validation batches, batch size 16
val batch 0 pred: tensor([[ 0.3484, -0.2599],
        [ 0.6545, -0.2292],
        [ 0.2089, -0.1609],
        [-0.0817, -0.1820],
        [ 0.3590, -0.2192]], device='cuda:0')
val batch 0 label: tensor([[ 1.4184,  0.0000],
        [ 0.0000, -1.5504],
        [ 0.7092,  0.3876],
        [-0.7092,  1.1628],
        [-0.7092, -0.7752]])
Epoch 79 val loss: 0.8161841630935669
pred shape: torch.Size([16, 2])
label: tensor([[ 1.4184,  0.3876],
        [ 0.7092,  0.0000],
        [ 0.0000, -0.3876],
        [ 0.7092,  1.5504],
        [ 0.7092,  1.1628],
        [ 1.4184, -1.5504],
        [-1.4184,  0.3876],
        [ 0.7092, -1.5504],
        [-1.4184, -0.7752],
        [ 0.0000,  1.5504],
        [ 1.4184,  0.7752],
        [-1.4184, -1.5504],
        [ 0.7092, -1.1628],
        [ 0.0000, -1.5504],
        [-0.7092,  1.5504],
        [ 0.0000,  0.3876]])
train batch 0 pred: tensor([[ 0.3452,  0.0009],
        [ 0.1461, -0.0154],
        [ 0.0126,  0.0127],
        [ 0.1466,  0.0122],
        [ 0.1761,  0.0054]], device='cuda:0', grad_fn=<SliceBackward0>)
train batch 0 label: tensor([[ 1.4184,  0.3876],
        [ 0.7092,  0.0000],
        [ 0.0000, -0.3876],
        [ 0.7092,  1.5504],
        [ 0.7092,  1.1628]])
batch 0 loss: 0.9568274617195129
step 0
Loaded 2 validation batches, batch size 16
val batch 0 pred: tensor([[ 0.3484, -0.2599],
        [ 0.6545, -0.2292],
        [ 0.2089, -0.1609],
        [-0.0817, -0.1820],
        [ 0.3590, -0.2192]], device='cuda:0')
val batch 0 label: tensor([[ 1.4184,  0.0000],
        [ 0.0000, -1.5504],
        [ 0.7092,  0.3876],
        [-0.7092,  1.1628],
        [-0.7092, -0.7752]])
Epoch 80 val loss: 0.8161841630935669
train batch 0 pred: tensor([[ 0.0275, -0.0534],
        [ 0.6850, -0.2316],
        [ 0.1278, -0.0079],
        [ 0.3743,  0.0104],
        [-0.2030,  0.0998]], device='cuda:0', grad_fn=<SliceBackward0>)
train batch 0 label: tensor([[ 0.0000,  0.0000],
        [ 1.4184, -1.5504],
        [ 0.7092, -1.1628],
        [ 1.4184,  1.5504],
        [-0.7092, -0.7752]])
batch 0 loss: 0.6476776599884033
step 0
Loaded 2 validation batches, batch size 16
val batch 0 pred: tensor([[ 0.3484, -0.2599],
        [ 0.6545, -0.2292],
        [ 0.2089, -0.1609],
        [-0.0817, -0.1820],
        [ 0.3590, -0.2192]], device='cuda:0')
val batch 0 label: tensor([[ 1.4184,  0.0000],
        [ 0.0000, -1.5504],
        [ 0.7092,  0.3876],
        [-0.7092,  1.1628],
        [-0.7092, -0.7752]])
Epoch 81 val loss: 0.8161841630935669
train batch 0 pred: tensor([[-0.1553, -0.1015],
        [-0.2030,  0.0998],
        [-0.0449, -0.1087],
        [ 0.0784, -0.0482],
        [ 0.3752, -0.0379]], device='cuda:0', grad_fn=<SliceBackward0>)
train batch 0 label: tensor([[-0.7092, -0.3876],
        [-0.7092, -0.7752],
        [ 0.0000, -1.1628],
        [ 0.7092,  0.7752],
        [ 1.4184,  0.0000]])
batch 0 loss: 0.8129302859306335
step 0
Loaded 2 validation batches, batch size 16
val batch 0 pred: tensor([[ 0.3484, -0.2599],
        [ 0.6545, -0.2292],
        [ 0.2089, -0.1609],
        [-0.0817, -0.1820],
        [ 0.3590, -0.2192]], device='cuda:0')
val batch 0 label: tensor([[ 1.4184,  0.0000],
        [ 0.0000, -1.5504],
        [ 0.7092,  0.3876],
        [-0.7092,  1.1628],
        [-0.7092, -0.7752]])
Epoch 82 val loss: 0.8161841630935669
train batch 0 pred: tensor([[-0.1083,  0.0941],
        [-0.0131, -0.0012],
        [ 0.0770, -0.0354],
        [ 0.2053, -0.0189],
        [-0.1447, -0.0163]], device='cuda:0', grad_fn=<SliceBackward0>)
train batch 0 label: tensor([[-1.4184,  1.5504],
        [ 0.7092, -1.1628],
        [ 0.7092, -1.1628],
        [ 0.7092,  0.3876],
        [-0.7092, -0.3876]])
batch 0 loss: 0.8735910654067993
step 0
Loaded 2 validation batches, batch size 16
val batch 0 pred: tensor([[ 0.3484, -0.2599],
        [ 0.6545, -0.2292],
        [ 0.2089, -0.1609],
        [-0.0817, -0.1820],
        [ 0.3590, -0.2192]], device='cuda:0')
val batch 0 label: tensor([[ 1.4184,  0.0000],
        [ 0.0000, -1.5504],
        [ 0.7092,  0.3876],
        [-0.7092,  1.1628],
        [-0.7092, -0.7752]])
Epoch 83 val loss: 0.8161841630935669
train batch 0 pred: tensor([[-0.0282, -0.0225],
        [ 0.0998,  0.0799],
        [ 0.0275, -0.0534],
        [ 0.1715,  0.1480],
        [ 0.2434, -0.0061]], device='cuda:0', grad_fn=<SliceBackward0>)
train batch 0 label: tensor([[-1.4184,  0.0000],
        [ 1.4184,  0.3876],
        [ 0.0000,  0.0000],
        [ 1.4184, -0.3876],
        [ 1.4184,  1.1628]])
batch 0 loss: 0.9956241250038147
step 0
Loaded 2 validation batches, batch size 16
val batch 0 pred: tensor([[ 0.3484, -0.2599],
        [ 0.6545, -0.2292],
        [ 0.2089, -0.1609],
        [-0.0817, -0.1820],
        [ 0.3590, -0.2192]], device='cuda:0')
val batch 0 label: tensor([[ 1.4184,  0.0000],
        [ 0.0000, -1.5504],
        [ 0.7092,  0.3876],
        [-0.7092,  1.1628],
        [-0.7092, -0.7752]])
Epoch 84 val loss: 0.8161841630935669
train batch 0 pred: tensor([[ 0.0168, -0.0133],
        [ 0.0043,  0.0852],
        [ 0.1761,  0.0054],
        [-0.0282, -0.0225],
        [-0.0518,  0.0736]], device='cuda:0', grad_fn=<SliceBackward0>)
train batch 0 label: tensor([[ 0.0000,  0.3876],
        [-1.4184,  1.5504],
        [ 0.7092,  1.1628],
        [-1.4184,  0.0000],
        [ 0.0000, -0.7752]])
batch 0 loss: 1.0396603345870972
step 0
Loaded 2 validation batches, batch size 16
val batch 0 pred: tensor([[ 0.3484, -0.2599],
        [ 0.6545, -0.2292],
        [ 0.2089, -0.1609],
        [-0.0817, -0.1820],
        [ 0.3590, -0.2192]], device='cuda:0')
val batch 0 label: tensor([[ 1.4184,  0.0000],
        [ 0.0000, -1.5504],
        [ 0.7092,  0.3876],
        [-0.7092,  1.1628],
        [-0.7092, -0.7752]])
Epoch 85 val loss: 0.8161841630935669
train batch 0 pred: tensor([[-0.2205, -0.0559],
        [ 0.0651,  0.0436],
        [-0.0728,  0.0880],
        [-0.0937,  0.0418],
        [-0.0124,  0.0953]], device='cuda:0', grad_fn=<SliceBackward0>)
train batch 0 label: tensor([[-1.4184, -0.3876],
        [ 0.7092,  1.1628],
        [-1.4184, -0.7752],
        [-0.7092,  0.3876],
        [-0.7092,  0.0000]])
batch 0 loss: 0.9315241575241089
step 0
Loaded 2 validation batches, batch size 16
val batch 0 pred: tensor([[ 0.3484, -0.2599],
        [ 0.6545, -0.2292],
        [ 0.2089, -0.1609],
        [-0.0817, -0.1820],
        [ 0.3590, -0.2192]], device='cuda:0')
val batch 0 label: tensor([[ 1.4184,  0.0000],
        [ 0.0000, -1.5504],
        [ 0.7092,  0.3876],
        [-0.7092,  1.1628],
        [-0.7092, -0.7752]])
Epoch 86 val loss: 0.8161841630935669
train batch 0 pred: tensor([[-0.1680,  0.0975],
        [-0.0744, -0.0185],
        [-0.1621,  0.0652],
        [-0.0124,  0.0953],
        [-0.1553, -0.1015]], device='cuda:0', grad_fn=<SliceBackward0>)
train batch 0 label: tensor([[-1.4184,  0.0000],
        [-0.7092, -1.1628],
        [-1.4184, -0.3876],
        [-0.7092,  0.0000],
        [-0.7092, -0.3876]])
batch 0 loss: 0.7333267331123352
step 0
Loaded 2 validation batches, batch size 16
val batch 0 pred: tensor([[ 0.3484, -0.2599],
        [ 0.6545, -0.2292],
        [ 0.2089, -0.1609],
        [-0.0817, -0.1820],
        [ 0.3590, -0.2192]], device='cuda:0')
val batch 0 label: tensor([[ 1.4184,  0.0000],
        [ 0.0000, -1.5504],
        [ 0.7092,  0.3876],
        [-0.7092,  1.1628],
        [-0.7092, -0.7752]])
Epoch 87 val loss: 0.8161841630935669
train batch 0 pred: tensor([[-0.1777,  0.0064],
        [-0.1354,  0.0105],
        [-0.0667, -0.0372],
        [-0.0131, -0.0012],
        [ 0.1466,  0.0122]], device='cuda:0', grad_fn=<SliceBackward0>)
train batch 0 label: tensor([[-1.4184,  0.3876],
        [-1.4184,  1.1628],
        [-1.4184,  0.7752],
        [ 0.7092, -1.1628],
        [ 0.7092,  1.5504]])
batch 0 loss: 0.8387083411216736
step 0
Loaded 2 validation batches, batch size 16
val batch 0 pred: tensor([[ 0.3484, -0.2599],
        [ 0.6545, -0.2292],
        [ 0.2089, -0.1609],
        [-0.0817, -0.1820],
        [ 0.3590, -0.2192]], device='cuda:0')
val batch 0 label: tensor([[ 1.4184,  0.0000],
        [ 0.0000, -1.5504],
        [ 0.7092,  0.3876],
        [-0.7092,  1.1628],
        [-0.7092, -0.7752]])
Epoch 88 val loss: 0.8161841630935669
train batch 0 pred: tensor([[-0.0977,  0.0626],
        [ 0.2946,  0.0167],
        [-0.2926,  0.0283],
        [-0.1843,  0.0125],
        [-0.3141,  0.0170]], device='cuda:0', grad_fn=<SliceBackward0>)
train batch 0 label: tensor([[-0.7092, -0.7752],
        [ 1.4184, -0.3876],
        [-1.4184, -1.1628],
        [-1.4184,  0.3876],
        [-1.4184, -1.1628]])
batch 0 loss: 0.8974515199661255
step 0
Loaded 2 validation batches, batch size 16
val batch 0 pred: tensor([[ 0.3484, -0.2599],
        [ 0.6545, -0.2292],
        [ 0.2089, -0.1609],
        [-0.0817, -0.1820],
        [ 0.3590, -0.2192]], device='cuda:0')
val batch 0 label: tensor([[ 1.4184,  0.0000],
        [ 0.0000, -1.5504],
        [ 0.7092,  0.3876],
        [-0.7092,  1.1628],
        [-0.7092, -0.7752]])
Epoch 89 val loss: 0.8161841630935669
pred shape: torch.Size([16, 2])
label: tensor([[ 1.4184, -1.5504],
        [ 0.7092,  0.3876],
        [ 1.4184, -1.1628],
        [-1.4184,  1.5504],
        [ 0.0000,  1.1628],
        [-0.7092, -1.1628],
        [ 0.7092, -1.5504],
        [-1.4184,  0.3876],
        [ 0.0000,  0.0000],
        [ 1.4184, -0.7752],
        [-1.4184, -0.7752],
        [ 0.7092, -1.5504],
        [-1.4184, -1.5504],
        [-1.4184,  1.5504],
        [ 0.0000,  0.0000],
        [ 1.4184, -0.7752]])
train batch 0 pred: tensor([[ 0.6850, -0.2316],
        [ 0.1052, -0.0032],
        [ 0.1118, -0.0376],
        [-0.1083,  0.0941],
        [ 0.0473,  0.0334]], device='cuda:0', grad_fn=<SliceBackward0>)
train batch 0 label: tensor([[ 1.4184, -1.5504],
        [ 0.7092,  0.3876],
        [ 1.4184, -1.1628],
        [-1.4184,  1.5504],
        [ 0.0000,  1.1628]])
batch 0 loss: 1.0266326665878296
step 0
Loaded 2 validation batches, batch size 16
val batch 0 pred: tensor([[ 0.3484, -0.2599],
        [ 0.6545, -0.2292],
        [ 0.2089, -0.1609],
        [-0.0817, -0.1820],
        [ 0.3590, -0.2192]], device='cuda:0')
val batch 0 label: tensor([[ 1.4184,  0.0000],
        [ 0.0000, -1.5504],
        [ 0.7092,  0.3876],
        [-0.7092,  1.1628],
        [-0.7092, -0.7752]])
Epoch 90 val loss: 0.8161841630935669
train batch 0 pred: tensor([[-0.0907,  0.0833],
        [-0.1907, -0.0601],
        [ 0.0377, -0.0057],
        [ 0.0651,  0.0436],
        [-0.0131, -0.0012]], device='cuda:0', grad_fn=<SliceBackward0>)
train batch 0 label: tensor([[ 0.7092, -1.5504],
        [-1.4184, -0.7752],
        [ 0.0000,  1.5504],
        [ 0.7092,  1.1628],
        [ 0.7092, -1.1628]])
batch 0 loss: 0.8121650218963623
step 0
Loaded 2 validation batches, batch size 16
val batch 0 pred: tensor([[ 0.3484, -0.2599],
        [ 0.6545, -0.2292],
        [ 0.2089, -0.1609],
        [-0.0817, -0.1820],
        [ 0.3590, -0.2192]], device='cuda:0')
val batch 0 label: tensor([[ 1.4184,  0.0000],
        [ 0.0000, -1.5504],
        [ 0.7092,  0.3876],
        [-0.7092,  1.1628],
        [-0.7092, -0.7752]])
Epoch 91 val loss: 0.8161841630935669
train batch 0 pred: tensor([[-0.0634,  0.0247],
        [ 0.0275, -0.0534],
        [ 0.0275, -0.0534],
        [ 0.2726, -0.0173],
        [ 0.0291, -0.0019]], device='cuda:0', grad_fn=<SliceBackward0>)
train batch 0 label: tensor([[-1.4184,  1.5504],
        [ 0.0000,  0.0000],
        [ 0.0000,  0.0000],
        [ 1.4184,  1.5504],
        [ 0.7092,  0.7752]])
batch 0 loss: 0.8796930313110352
step 0
Loaded 2 validation batches, batch size 16
val batch 0 pred: tensor([[ 0.3484, -0.2599],
        [ 0.6545, -0.2292],
        [ 0.2089, -0.1609],
        [-0.0817, -0.1820],
        [ 0.3590, -0.2192]], device='cuda:0')
val batch 0 label: tensor([[ 1.4184,  0.0000],
        [ 0.0000, -1.5504],
        [ 0.7092,  0.3876],
        [-0.7092,  1.1628],
        [-0.7092, -0.7752]])
Epoch 92 val loss: 0.8161841630935669
train batch 0 pred: tensor([[-0.0937,  0.0418],
        [ 0.0275, -0.0534],
        [-0.1268,  0.0183],
        [-0.1447, -0.0163],
        [ 0.0275, -0.0534]], device='cuda:0', grad_fn=<SliceBackward0>)
train batch 0 label: tensor([[-0.7092,  0.3876],
        [ 0.0000,  0.0000],
        [-1.4184, -0.3876],
        [-0.7092, -0.3876],
        [ 0.0000,  0.0000]])
batch 0 loss: 0.6745886206626892
step 0
Loaded 2 validation batches, batch size 16
val batch 0 pred: tensor([[ 0.3484, -0.2599],
        [ 0.6545, -0.2292],
        [ 0.2089, -0.1609],
        [-0.0817, -0.1820],
        [ 0.3590, -0.2192]], device='cuda:0')
val batch 0 label: tensor([[ 1.4184,  0.0000],
        [ 0.0000, -1.5504],
        [ 0.7092,  0.3876],
        [-0.7092,  1.1628],
        [-0.7092, -0.7752]])
Epoch 93 val loss: 0.8161841630935669
train batch 0 pred: tensor([[ 0.0770, -0.0354],
        [ 0.0043,  0.0852],
        [-0.0326, -0.0861],
        [-0.1269,  0.0113],
        [-0.0131, -0.0012]], device='cuda:0', grad_fn=<SliceBackward0>)
train batch 0 label: tensor([[ 0.7092, -1.1628],
        [-1.4184,  1.5504],
        [ 0.7092, -1.5504],
        [-1.4184,  0.0000],
        [ 0.7092, -1.1628]])
batch 0 loss: 0.9915598630905151
step 0
Loaded 2 validation batches, batch size 16
val batch 0 pred: tensor([[ 0.3484, -0.2599],
        [ 0.6545, -0.2292],
        [ 0.2089, -0.1609],
        [-0.0817, -0.1820],
        [ 0.3590, -0.2192]], device='cuda:0')
val batch 0 label: tensor([[ 1.4184,  0.0000],
        [ 0.0000, -1.5504],
        [ 0.7092,  0.3876],
        [-0.7092,  1.1628],
        [-0.7092, -0.7752]])
Epoch 94 val loss: 0.8161841630935669
train batch 0 pred: tensor([[-0.0268,  0.0003],
        [ 0.2778,  0.0492],
        [ 0.0275, -0.0534],
        [-0.0613,  0.0132],
        [-0.0829,  0.0797]], device='cuda:0', grad_fn=<SliceBackward0>)
train batch 0 label: tensor([[ 0.0000,  1.1628],
        [ 1.4184, -1.1628],
        [ 0.0000,  0.0000],
        [ 0.0000,  0.0000],
        [-0.7092,  1.1628]])
batch 0 loss: 1.0194052457809448
step 0
Loaded 2 validation batches, batch size 16
val batch 0 pred: tensor([[ 0.3484, -0.2599],
        [ 0.6545, -0.2292],
        [ 0.2089, -0.1609],
        [-0.0817, -0.1820],
        [ 0.3590, -0.2192]], device='cuda:0')
val batch 0 label: tensor([[ 1.4184,  0.0000],
        [ 0.0000, -1.5504],
        [ 0.7092,  0.3876],
        [-0.7092,  1.1628],
        [-0.7092, -0.7752]])
Epoch 95 val loss: 0.8161841630935669
train batch 0 pred: tensor([[ 0.0275, -0.0534],
        [-0.0908,  0.0362],
        [ 0.0274, -0.0075],
        [ 0.1416,  0.0965],
        [ 0.2946,  0.0167]], device='cuda:0', grad_fn=<SliceBackward0>)
train batch 0 label: tensor([[ 0.0000,  0.0000],
        [-0.7092,  0.7752],
        [ 0.0000,  0.3876],
        [ 0.0000, -0.7752],
        [ 1.4184, -0.3876]])
batch 0 loss: 0.6664443612098694
step 0
Loaded 2 validation batches, batch size 16
val batch 0 pred: tensor([[ 0.3484, -0.2599],
        [ 0.6545, -0.2292],
        [ 0.2089, -0.1609],
        [-0.0817, -0.1820],
        [ 0.3590, -0.2192]], device='cuda:0')
val batch 0 label: tensor([[ 1.4184,  0.0000],
        [ 0.0000, -1.5504],
        [ 0.7092,  0.3876],
        [-0.7092,  1.1628],
        [-0.7092, -0.7752]])
Epoch 96 val loss: 0.8161841630935669
train batch 0 pred: tensor([[ 0.0204,  0.0496],
        [-0.0895,  0.0227],
        [-0.3141,  0.0170],
        [ 0.0026,  0.0567],
        [-0.0273,  0.0227]], device='cuda:0', grad_fn=<SliceBackward0>)
train batch 0 label: tensor([[ 0.7092, -0.7752],
        [ 0.0000, -0.3876],
        [-1.4184, -1.1628],
        [ 0.7092,  1.5504],
        [-0.7092,  1.5504]])
batch 0 loss: 0.8748975992202759
step 0
Loaded 2 validation batches, batch size 16
val batch 0 pred: tensor([[ 0.3484, -0.2599],
        [ 0.6545, -0.2292],
        [ 0.2089, -0.1609],
        [-0.0817, -0.1820],
        [ 0.3590, -0.2192]], device='cuda:0')
val batch 0 label: tensor([[ 1.4184,  0.0000],
        [ 0.0000, -1.5504],
        [ 0.7092,  0.3876],
        [-0.7092,  1.1628],
        [-0.7092, -0.7752]])
Epoch 97 val loss: 0.8161841630935669
train batch 0 pred: tensor([[-0.0273,  0.0073],
        [-0.0690,  0.0818],
        [ 0.0784, -0.0482],
        [ 0.1747, -0.2265],
        [-0.1522, -0.0962]], device='cuda:0', grad_fn=<SliceBackward0>)
train batch 0 label: tensor([[-0.7092,  0.7752],
        [-0.7092, -0.3876],
        [ 0.7092,  0.7752],
        [-0.7092, -1.1628],
        [-1.4184, -1.5504]])
batch 0 loss: 0.9587467908859253
step 0
Loaded 2 validation batches, batch size 16
val batch 0 pred: tensor([[ 0.3484, -0.2599],
        [ 0.6545, -0.2292],
        [ 0.2089, -0.1609],
        [-0.0817, -0.1820],
        [ 0.3590, -0.2192]], device='cuda:0')
val batch 0 label: tensor([[ 1.4184,  0.0000],
        [ 0.0000, -1.5504],
        [ 0.7092,  0.3876],
        [-0.7092,  1.1628],
        [-0.7092, -0.7752]])
Epoch 98 val loss: 0.8161841630935669
train batch 0 pred: tensor([[ 0.0048,  0.0116],
        [ 0.0275, -0.0534],
        [-0.1520,  0.0559],
        [ 0.3984,  0.0005],
        [ 0.3397,  0.0128]], device='cuda:0', grad_fn=<SliceBackward0>)
train batch 0 label: tensor([[ 0.0000,  0.7752],
        [ 0.0000,  0.0000],
        [-1.4184,  0.7752],
        [ 1.4184,  0.7752],
        [ 1.4184,  1.1628]])
batch 0 loss: 0.7291772365570068
step 0
Loaded 2 validation batches, batch size 16
val batch 0 pred: tensor([[ 0.3484, -0.2599],
        [ 0.6545, -0.2292],
        [ 0.2089, -0.1609],
        [-0.0817, -0.1820],
        [ 0.3590, -0.2192]], device='cuda:0')
val batch 0 label: tensor([[ 1.4184,  0.0000],
        [ 0.0000, -1.5504],
        [ 0.7092,  0.3876],
        [-0.7092,  1.1628],
        [-0.7092, -0.7752]])
Epoch 99 val loss: 0.8161841630935669
all checkpoints saved to checkpoints/upgraded-linear-probe/full-linear-178387_2026-04-29_17-38-29
[1;34mwandb[0m: 
[1;34mwandb[0m: 🚀 View run [33mfull-linear-178387[0m at: [34mhttps://wandb.ai/aditirai2020-new-york-university/physics-jepa/runs/rh5v713h[0m
[1;34mwandb[0m: Find logs at: [1;35mwandb/run-20260429_173825-rh5v713h/logs[0m
