/scratch/ar9598/miniconda3/envs/active_matter/lib/python3.10/site-packages/requests/__init__.py:86: RequestsDependencyWarning: Unable to find acceptable character detection dependency (chardet or charset_normalizer).
  warnings.warn(
/scratch/ar9598/miniconda3/envs/active_matter/lib/python3.10/site-packages/timm/models/layers/__init__.py:49: FutureWarning: Importing from timm.models.layers is deprecated, please import via timm.layers
  warnings.warn(f"Importing from {__name__} is deprecated, please import via timm.layers", FutureWarning)
wandb: [wandb.login()] Loaded credentials for https://api.wandb.ai from /home/ar9598/.netrc.
wandb: Currently logged in as: aditirai2020 (aditirai2020-new-york-university) to https://api.wandb.ai. Use `wandb login --relogin` to force relogin
wandb: Tracking run with wandb version 0.26.1
wandb: Run data is saved locally in /scratch/ar9598/active-matter-representation/wandb/run-20260430_140221-m0p1t3a3
wandb: Run `wandb offline` to turn off syncing.
wandb: Syncing run active_matter-8frames-cnn-jepa-upgraded-jepa
wandb: ⭐️ View project at https://wandb.ai/aditirai2020-new-york-university/physics-jepa
wandb: 🚀 View run at https://wandb.ai/aditirai2020-new-york-university/physics-jepa/runs/m0p1t3a3
  0%|                                                                                                                         | 0/30 [00:00<?, ?it/s]/scratch/ar9598/miniconda3/envs/active_matter/lib/python3.10/site-packages/torch/nn/modules/conv.py:720: UserWarning: Using padding='same' with even kernel lengths and odd dilation may require a zero-padded copy of the input be created (Triggered internally at /pytorch/aten/src/ATen/native/Convolution.cpp:1036.)
  return F.conv3d(
  0%|                                                                                                                         | 0/30 [00:10<?, ?it/s]
Traceback (most recent call last):
  File "/scratch/ar9598/miniconda3/envs/active_matter/lib/python3.10/runpy.py", line 196, in _run_module_as_main
    return _run_code(code, main_globals, None,
  File "/scratch/ar9598/miniconda3/envs/active_matter/lib/python3.10/runpy.py", line 86, in _run_code
    exec(code, run_globals)
  File "/scratch/ar9598/active-matter-representation/physics_jepa/train_jepa.py", line 145, in <module>
    trainer.train()
  File "/scratch/ar9598/active-matter-representation/physics_jepa/train.py", line 78, in train
    self.training_loop(model_components, loss_fn, optimizer, run_name)
  File "/scratch/ar9598/active-matter-representation/physics_jepa/train.py", line 148, in training_loop
    pred, loss_dict = self.step(batch, model_components, loss_fn, self.rank, log=(i == 0 and epoch % 10 == 0))
  File "/scratch/ar9598/active-matter-representation/physics_jepa/train.py", line 253, in step
    pred, loss_dict = self.pred_fn(batch, model_components, loss_fn)
  File "/scratch/ar9598/active-matter-representation/physics_jepa/train_jepa.py", line 104, in pred_fn
    pred = predictor(ctx_embed)
  File "/scratch/ar9598/miniconda3/envs/active_matter/lib/python3.10/site-packages/torch/nn/modules/module.py", line 1751, in _wrapped_call_impl
    return self._call_impl(*args, **kwargs)
  File "/scratch/ar9598/miniconda3/envs/active_matter/lib/python3.10/site-packages/torch/nn/modules/module.py", line 1762, in _call_impl
    return forward_call(*args, **kwargs)
  File "/scratch/ar9598/active-matter-representation/physics_jepa/utils/model_utils.py", line 446, in forward
    x = self.conv(x)
  File "/scratch/ar9598/miniconda3/envs/active_matter/lib/python3.10/site-packages/torch/nn/modules/module.py", line 1751, in _wrapped_call_impl
    return self._call_impl(*args, **kwargs)
  File "/scratch/ar9598/miniconda3/envs/active_matter/lib/python3.10/site-packages/torch/nn/modules/module.py", line 1762, in _call_impl
    return forward_call(*args, **kwargs)
  File "/scratch/ar9598/miniconda3/envs/active_matter/lib/python3.10/site-packages/torch/nn/modules/container.py", line 240, in forward
    input = module(input)
  File "/scratch/ar9598/miniconda3/envs/active_matter/lib/python3.10/site-packages/torch/nn/modules/module.py", line 1751, in _wrapped_call_impl
    return self._call_impl(*args, **kwargs)
  File "/scratch/ar9598/miniconda3/envs/active_matter/lib/python3.10/site-packages/torch/nn/modules/module.py", line 1762, in _call_impl
    return forward_call(*args, **kwargs)
  File "/scratch/ar9598/miniconda3/envs/active_matter/lib/python3.10/site-packages/torch/nn/modules/conv.py", line 725, in forward
    return self._conv_forward(input, self.weight, self.bias)
  File "/scratch/ar9598/miniconda3/envs/active_matter/lib/python3.10/site-packages/torch/nn/modules/conv.py", line 720, in _conv_forward
    return F.conv3d(
RuntimeError: Given groups=1, weight of size [768, 256, 2, 2, 2], expected input[1, 8, 256, 14, 14] to have 256 channels, but got 8 channels instead
Traceback (most recent call last):
  File "/scratch/ar9598/miniconda3/envs/active_matter/lib/python3.10/runpy.py", line 196, in _run_module_as_main
    return _run_code(code, main_globals, None,
  File "/scratch/ar9598/miniconda3/envs/active_matter/lib/python3.10/runpy.py", line 86, in _run_code
    exec(code, run_globals)
  File "/scratch/ar9598/active-matter-representation/physics_jepa/train_jepa.py", line 145, in <module>
    trainer.train()
  File "/scratch/ar9598/active-matter-representation/physics_jepa/train.py", line 78, in train
    self.training_loop(model_components, loss_fn, optimizer, run_name)
  File "/scratch/ar9598/active-matter-representation/physics_jepa/train.py", line 148, in training_loop
    pred, loss_dict = self.step(batch, model_components, loss_fn, self.rank, log=(i == 0 and epoch % 10 == 0))
  File "/scratch/ar9598/active-matter-representation/physics_jepa/train.py", line 253, in step
    pred, loss_dict = self.pred_fn(batch, model_components, loss_fn)
  File "/scratch/ar9598/active-matter-representation/physics_jepa/train_jepa.py", line 104, in pred_fn
    pred = predictor(ctx_embed)
  File "/scratch/ar9598/miniconda3/envs/active_matter/lib/python3.10/site-packages/torch/nn/modules/module.py", line 1751, in _wrapped_call_impl
    return self._call_impl(*args, **kwargs)
  File "/scratch/ar9598/miniconda3/envs/active_matter/lib/python3.10/site-packages/torch/nn/modules/module.py", line 1762, in _call_impl
    return forward_call(*args, **kwargs)
  File "/scratch/ar9598/active-matter-representation/physics_jepa/utils/model_utils.py", line 446, in forward
    x = self.conv(x)
  File "/scratch/ar9598/miniconda3/envs/active_matter/lib/python3.10/site-packages/torch/nn/modules/module.py", line 1751, in _wrapped_call_impl
    return self._call_impl(*args, **kwargs)
  File "/scratch/ar9598/miniconda3/envs/active_matter/lib/python3.10/site-packages/torch/nn/modules/module.py", line 1762, in _call_impl
    return forward_call(*args, **kwargs)
  File "/scratch/ar9598/miniconda3/envs/active_matter/lib/python3.10/site-packages/torch/nn/modules/container.py", line 240, in forward
    input = module(input)
  File "/scratch/ar9598/miniconda3/envs/active_matter/lib/python3.10/site-packages/torch/nn/modules/module.py", line 1751, in _wrapped_call_impl
    return self._call_impl(*args, **kwargs)
  File "/scratch/ar9598/miniconda3/envs/active_matter/lib/python3.10/site-packages/torch/nn/modules/module.py", line 1762, in _call_impl
    return forward_call(*args, **kwargs)
  File "/scratch/ar9598/miniconda3/envs/active_matter/lib/python3.10/site-packages/torch/nn/modules/conv.py", line 725, in forward
    return self._conv_forward(input, self.weight, self.bias)
  File "/scratch/ar9598/miniconda3/envs/active_matter/lib/python3.10/site-packages/torch/nn/modules/conv.py", line 720, in _conv_forward
    return F.conv3d(
RuntimeError: Given groups=1, weight of size [768, 256, 2, 2, 2], expected input[1, 8, 256, 14, 14] to have 256 channels, but got 8 channels instead
