CUDA: True
GPUs: 1
NVIDIA A100-SXM4-40GB
No checkpoint directory found — starting fresh
dataset:
  name: active_matter
  num_frames: 16
  num_frames_per_patch: 2
  num_chans: 11
  resolution: 224
  offset: 1
  gap_frames: 8
model:
  dims:
  - 32
  - 64
  - 128
  - 256
  - 256
  num_res_blocks:
  - 3
  - 3
  - 3
  - 9
  - 3
  name: cnn
  objective: jepa
  use_channel_stem: true
  use_temporal_mixer: true
  predictor_scale_factor: 3
  predictor_depth: 2
  preserve_temporal: true
ft:
  num_epochs: 100
  lr: 0.001
  batch_size: 32
  report_every: 100
  save_every: 10
  head_type: linear
  embeddings_dir: ./embeddings
  task: regression
  lr_scheduler: cosine
  lr_scheduler_warmup_epochs: 2
  min_lr: 0
  weight_decay: 0.01
  noise_std: 1.0
  run_name: upgraded-jepa-FT
  distributed: false
train:
  num_epochs: 30
  batch_size: 8
  report_every: 100
  save_every: 2
  include_labels: false
  sim_coeff: 10
  std_coeff: 10
  cov_coeff: 1
  predict_n_steps: false
  lr_scheduler: cosine
  lr_scheduler_warmup_epochs: 2
  min_lr: 1.0e-06
  lr: 0.001
  weight_decay: 0.05
  noise_std: 1.0
  run_name: upgraded-jepa
  distributed: true
out_path: ./checkpoints/upgraded-jepa
cache_path: ./dataset_cache
dry_run: false

dataset:
  name: active_matter
  num_frames: 16
  num_frames_per_patch: 2
  num_chans: 11
  resolution: 224
  offset: 1
  gap_frames: 8
model:
  dims:
  - 32
  - 64
  - 128
  - 256
  - 256
  num_res_blocks:
  - 3
  - 3
  - 3
  - 9
  - 3
  name: cnn
  objective: jepa
  use_channel_stem: true
  use_temporal_mixer: true
  predictor_scale_factor: 3
  predictor_depth: 2
  preserve_temporal: true
ft:
  num_epochs: 100
  lr: 0.001
  batch_size: 32
  report_every: 100
  save_every: 10
  head_type: linear
  embeddings_dir: ./embeddings
  task: regression
  lr_scheduler: cosine
  lr_scheduler_warmup_epochs: 2
  min_lr: 0
  weight_decay: 0.01
  noise_std: 1.0
  run_name: upgraded-jepa-FT
  distributed: false
train:
  num_epochs: 30
  batch_size: 8
  report_every: 100
  save_every: 2
  include_labels: false
  sim_coeff: 10
  std_coeff: 10
  cov_coeff: 1
  predict_n_steps: false
  lr_scheduler: cosine
  lr_scheduler_warmup_epochs: 2
  min_lr: 1.0e-06
  lr: 0.001
  weight_decay: 0.05
  noise_std: 1.0
  run_name: upgraded-jepa
  distributed: true
out_path: ./checkpoints/upgraded-jepa
cache_path: ./dataset_cache
dry_run: false

total number of block pairs in train dataset: 175
Loaded 21 training batches per device on 1 devices, batch size 8
num encoder parameters: 9969377
num predictor parameters: 13124608
name                                  type              in→out      kernel        stride        pad           dil         groups    bias    depthwise  params        out_shape           
-----------------------------------------------------------------------------------------------------------------------------------------------------------------------------------------
channel_stem.0                        Conv3d            11→64       (1, 1, 1)     (1, 1, 1)     (0, 0, 0)     (1, 1, 1)   1         ✓                  768                               
channel_stem.3                        Conv3d            64→11       (1, 1, 1)     (1, 1, 1)     (0, 0, 0)     (1, 1, 1)   1         ✓                  715                               
temporal_mixers.0.temporal_conv       Conv3d            32→32       (3, 1, 1)     (1, 1, 1)     (1, 0, 0)     (1, 1, 1)   32        ✓       ✓          128                               
temporal_mixers.0.channel_mlp.0       Conv3d            32→128      (1, 1, 1)     (1, 1, 1)     (0, 0, 0)     (1, 1, 1)   1         ✓                  4224                              
temporal_mixers.0.channel_mlp.2       Conv3d            128→32      (1, 1, 1)     (1, 1, 1)     (0, 0, 0)     (1, 1, 1)   1         ✓                  4128                              
temporal_mixers.1.temporal_conv       Conv3d            64→64       (3, 1, 1)     (1, 1, 1)     (1, 0, 0)     (1, 1, 1)   64        ✓       ✓          256                               
temporal_mixers.1.channel_mlp.0       Conv3d            64→256      (1, 1, 1)     (1, 1, 1)     (0, 0, 0)     (1, 1, 1)   1         ✓                  16640                             
temporal_mixers.1.channel_mlp.2       Conv3d            256→64      (1, 1, 1)     (1, 1, 1)     (0, 0, 0)     (1, 1, 1)   1         ✓                  16448                             
temporal_mixers.2.temporal_conv       Conv3d            128→128     (3, 1, 1)     (1, 1, 1)     (1, 0, 0)     (1, 1, 1)   128       ✓       ✓          512                               
temporal_mixers.2.channel_mlp.0       Conv3d            128→512     (1, 1, 1)     (1, 1, 1)     (0, 0, 0)     (1, 1, 1)   1         ✓                  66048                             
temporal_mixers.2.channel_mlp.2       Conv3d            512→128     (1, 1, 1)     (1, 1, 1)     (0, 0, 0)     (1, 1, 1)   1         ✓                  65664                             
temporal_mixers.3.temporal_conv       Conv3d            256→256     (3, 1, 1)     (1, 1, 1)     (1, 0, 0)     (1, 1, 1)   256       ✓       ✓          1024                              
temporal_mixers.3.channel_mlp.0       Conv3d            256→1024    (1, 1, 1)     (1, 1, 1)     (0, 0, 0)     (1, 1, 1)   1         ✓                  263168                            
temporal_mixers.3.channel_mlp.2       Conv3d            1024→256    (1, 1, 1)     (1, 1, 1)     (0, 0, 0)     (1, 1, 1)   1         ✓                  262400                            
temporal_mixers.4.temporal_conv       Conv3d            256→256     (3, 1, 1)     (1, 1, 1)     (1, 0, 0)     (1, 1, 1)   256       ✓       ✓          1024                              
temporal_mixers.4.channel_mlp.0       Conv3d            256→1024    (1, 1, 1)     (1, 1, 1)     (0, 0, 0)     (1, 1, 1)   1         ✓                  263168                            
temporal_mixers.4.channel_mlp.2       Conv3d            1024→256    (1, 1, 1)     (1, 1, 1)     (0, 0, 0)     (1, 1, 1)   1         ✓                  262400                            
downsample_layers.0.0                 Conv3d            11→32       (1, 4, 4)     (1, 1, 1)     same          (1, 1, 1)   1         ✓                  5664                              
downsample_layers.1.1                 Conv3d            32→64       (2, 2, 2)     (2, 2, 2)     (0, 0, 0)     (1, 1, 1)   1         ✓                  16448                             
downsample_layers.2.1                 Conv3d            64→128      (2, 2, 2)     (2, 2, 2)     (0, 0, 0)     (1, 1, 1)   1         ✓                  65664                             
downsample_layers.3.1                 Conv3d            128→256     (2, 2, 2)     (2, 2, 2)     (0, 0, 0)     (1, 1, 1)   1         ✓                  262400                            
downsample_layers.4.1                 Conv3d            256→256     (1, 2, 2)     (1, 2, 2)     (0, 0, 0)     (1, 1, 1)   1         ✓                  262400                            
res_blocks.0.0.conv                   Conv3d            32→32       (7, 7, 7)     (1, 1, 1)     (3, 3, 3)     (1, 1, 1)   32        ✓       ✓          11008                             
res_blocks.0.1.conv                   Conv3d            32→32       (7, 7, 7)     (1, 1, 1)     (3, 3, 3)     (1, 1, 1)   32        ✓       ✓          11008                             
res_blocks.0.2.conv                   Conv3d            32→32       (7, 7, 7)     (1, 1, 1)     (3, 3, 3)     (1, 1, 1)   32        ✓       ✓          11008                             
res_blocks.1.0.conv                   Conv3d            64→64       (7, 7, 7)     (1, 1, 1)     (3, 3, 3)     (1, 1, 1)   64        ✓       ✓          22016                             
res_blocks.1.1.conv                   Conv3d            64→64       (7, 7, 7)     (1, 1, 1)     (3, 3, 3)     (1, 1, 1)   64        ✓       ✓          22016                             
res_blocks.1.2.conv                   Conv3d            64→64       (7, 7, 7)     (1, 1, 1)     (3, 3, 3)     (1, 1, 1)   64        ✓       ✓          22016                             
res_blocks.2.0.conv                   Conv3d            128→128     (7, 7, 7)     (1, 1, 1)     (3, 3, 3)     (1, 1, 1)   128       ✓       ✓          44032                             
res_blocks.2.1.conv                   Conv3d            128→128     (7, 7, 7)     (1, 1, 1)     (3, 3, 3)     (1, 1, 1)   128       ✓       ✓          44032                             
res_blocks.2.2.conv                   Conv3d            128→128     (7, 7, 7)     (1, 1, 1)     (3, 3, 3)     (1, 1, 1)   128       ✓       ✓          44032                             
res_blocks.3.0.conv                   Conv3d            256→256     (7, 7, 7)     (1, 1, 1)     (3, 3, 3)     (1, 1, 1)   256       ✓       ✓          88064                             
res_blocks.3.1.conv                   Conv3d            256→256     (7, 7, 7)     (1, 1, 1)     (3, 3, 3)     (1, 1, 1)   256       ✓       ✓          88064                             
res_blocks.3.2.conv                   Conv3d            256→256     (7, 7, 7)     (1, 1, 1)     (3, 3, 3)     (1, 1, 1)   256       ✓       ✓          88064                             
res_blocks.3.3.conv                   Conv3d            256→256     (7, 7, 7)     (1, 1, 1)     (3, 3, 3)     (1, 1, 1)   256       ✓       ✓          88064                             
res_blocks.3.4.conv                   Conv3d            256→256     (7, 7, 7)     (1, 1, 1)     (3, 3, 3)     (1, 1, 1)   256       ✓       ✓          88064                             
res_blocks.3.5.conv                   Conv3d            256→256     (7, 7, 7)     (1, 1, 1)     (3, 3, 3)     (1, 1, 1)   256       ✓       ✓          88064                             
res_blocks.3.6.conv                   Conv3d            256→256     (7, 7, 7)     (1, 1, 1)     (3, 3, 3)     (1, 1, 1)   256       ✓       ✓          88064                             
res_blocks.3.7.conv                   Conv3d            256→256     (7, 7, 7)     (1, 1, 1)     (3, 3, 3)     (1, 1, 1)   256       ✓       ✓          88064                             
res_blocks.3.8.conv                   Conv3d            256→256     (7, 7, 7)     (1, 1, 1)     (3, 3, 3)     (1, 1, 1)   256       ✓       ✓          88064                             
res_blocks.4.0.conv                   Conv3d            256→256     (7, 7, 7)     (1, 1, 1)     (3, 3, 3)     (1, 1, 1)   256       ✓       ✓          88064                             
res_blocks.4.1.conv                   Conv3d            256→256     (7, 7, 7)     (1, 1, 1)     (3, 3, 3)     (1, 1, 1)   256       ✓       ✓          88064                             
res_blocks.4.2.conv                   Conv3d            256→256     (7, 7, 7)     (1, 1, 1)     (3, 3, 3)     (1, 1, 1)   256       ✓       ✓          88064                             
using gradient accumulation with 32 steps
using cosine scheduler with max_lr 0.001, min_lr 1e-06, warmup_steps 0, total_updates 20
starting to train w/ 21 batches per device
EMA target encoder: tau 0.9960 -> 1.0000 over 20 updates
ctx shape before pad (b c t h w): torch.Size([8, 11, 16, 224, 224])
[1;34mwandb[0m: 
[1;34mwandb[0m: 🚀 View run [33mactive_matter-16frames-cnn-jepa-upgraded-jepa[0m at: [34mhttps://wandb.ai/aditirai2020-new-york-university/physics-jepa/runs/4lmudaht[0m
[1;34mwandb[0m: Find logs at: [1;35mwandb/run-20260502_080839-4lmudaht/logs[0m
