/scratch/ar9598/miniconda3/envs/active_matter/lib/python3.10/site-packages/requests/__init__.py:86: RequestsDependencyWarning: Unable to find acceptable character detection dependency (chardet or charset_normalizer).
  warnings.warn(
/scratch/ar9598/miniconda3/envs/active_matter/lib/python3.10/site-packages/timm/models/layers/__init__.py:49: FutureWarning: Importing from timm.models.layers is deprecated, please import via timm.layers
  warnings.warn(f"Importing from {__name__} is deprecated, please import via timm.layers", FutureWarning)
wandb: [wandb.login()] Loaded credentials for https://api.wandb.ai from /home/ar9598/.netrc.
wandb: Currently logged in as: aditirai2020 (aditirai2020-new-york-university) to https://api.wandb.ai. Use `wandb login --relogin` to force relogin
wandb: Tracking run with wandb version 0.26.1
wandb: Run data is saved locally in /scratch/ar9598/active-matter-representation/wandb/run-20260502_080839-4lmudaht
wandb: Run `wandb offline` to turn off syncing.
wandb: Syncing run active_matter-16frames-cnn-jepa-upgraded-jepa
wandb: ⭐️ View project at https://wandb.ai/aditirai2020-new-york-university/physics-jepa
wandb: 🚀 View run at https://wandb.ai/aditirai2020-new-york-university/physics-jepa/runs/4lmudaht
  0%|                                                                                                    | 0/30 [00:00<?, ?it/s]/scratch/ar9598/miniconda3/envs/active_matter/lib/python3.10/site-packages/torch/nn/modules/conv.py:720: UserWarning: Using padding='same' with even kernel lengths and odd dilation may require a zero-padded copy of the input be created (Triggered internally at /pytorch/aten/src/ATen/native/Convolution.cpp:1036.)
  return F.conv3d(
  0%|                                                                                                    | 0/30 [00:21<?, ?it/s]
Traceback (most recent call last):
  File "/scratch/ar9598/miniconda3/envs/active_matter/lib/python3.10/runpy.py", line 196, in _run_module_as_main
    return _run_code(code, main_globals, None,
  File "/scratch/ar9598/miniconda3/envs/active_matter/lib/python3.10/runpy.py", line 86, in _run_code
    exec(code, run_globals)
  File "/scratch/ar9598/active-matter-representation/physics_jepa/train_jepa.py", line 145, in <module>
    trainer.train()
  File "/scratch/ar9598/active-matter-representation/physics_jepa/train.py", line 78, in train
    self.training_loop(model_components, loss_fn, optimizer, run_name)
  File "/scratch/ar9598/active-matter-representation/physics_jepa/train.py", line 148, in training_loop
    pred, loss_dict = self.step(batch, model_components, loss_fn, self.rank, log=(i == 0 and epoch % 10 == 0))
  File "/scratch/ar9598/active-matter-representation/physics_jepa/train.py", line 253, in step
    pred, loss_dict = self.pred_fn(batch, model_components, loss_fn)
  File "/scratch/ar9598/active-matter-representation/physics_jepa/train_jepa.py", line 94, in pred_fn
    ctx_embed = encoder(batch['context'])
  File "/scratch/ar9598/miniconda3/envs/active_matter/lib/python3.10/site-packages/torch/nn/modules/module.py", line 1751, in _wrapped_call_impl
    return self._call_impl(*args, **kwargs)
  File "/scratch/ar9598/miniconda3/envs/active_matter/lib/python3.10/site-packages/torch/nn/modules/module.py", line 1762, in _call_impl
    return forward_call(*args, **kwargs)
  File "/scratch/ar9598/active-matter-representation/physics_jepa/utils/model_utils.py", line 296, in forward
    x = self.res_blocks[i](x)
  File "/scratch/ar9598/miniconda3/envs/active_matter/lib/python3.10/site-packages/torch/nn/modules/module.py", line 1751, in _wrapped_call_impl
    return self._call_impl(*args, **kwargs)
  File "/scratch/ar9598/miniconda3/envs/active_matter/lib/python3.10/site-packages/torch/nn/modules/module.py", line 1762, in _call_impl
    return forward_call(*args, **kwargs)
  File "/scratch/ar9598/miniconda3/envs/active_matter/lib/python3.10/site-packages/torch/nn/modules/container.py", line 240, in forward
    input = module(input)
  File "/scratch/ar9598/miniconda3/envs/active_matter/lib/python3.10/site-packages/torch/nn/modules/module.py", line 1751, in _wrapped_call_impl
    return self._call_impl(*args, **kwargs)
  File "/scratch/ar9598/miniconda3/envs/active_matter/lib/python3.10/site-packages/torch/nn/modules/module.py", line 1762, in _call_impl
    return forward_call(*args, **kwargs)
  File "/scratch/ar9598/active-matter-representation/physics_jepa/utils/model_utils.py", line 81, in forward
    x = self.act(x)
  File "/scratch/ar9598/miniconda3/envs/active_matter/lib/python3.10/site-packages/torch/nn/modules/module.py", line 1751, in _wrapped_call_impl
    return self._call_impl(*args, **kwargs)
  File "/scratch/ar9598/miniconda3/envs/active_matter/lib/python3.10/site-packages/torch/nn/modules/module.py", line 1762, in _call_impl
    return forward_call(*args, **kwargs)
  File "/scratch/ar9598/miniconda3/envs/active_matter/lib/python3.10/site-packages/torch/nn/modules/activation.py", line 734, in forward
    return F.gelu(input, approximate=self.approximate)
torch.OutOfMemoryError: CUDA out of memory. Tried to allocate 3.06 GiB. GPU 0 has a total capacity of 39.49 GiB of which 2.47 GiB is free. Including non-PyTorch memory, this process has 37.00 GiB memory in use. Of the allocated memory 35.88 GiB is allocated by PyTorch, and 646.80 MiB is reserved by PyTorch but unallocated. If reserved but unallocated memory is large try setting PYTORCH_CUDA_ALLOC_CONF=expandable_segments:True to avoid fragmentation.  See documentation for Memory Management  (https://pytorch.org/docs/stable/notes/cuda.html#environment-variables)
Traceback (most recent call last):
  File "/scratch/ar9598/miniconda3/envs/active_matter/lib/python3.10/runpy.py", line 196, in _run_module_as_main
    return _run_code(code, main_globals, None,
  File "/scratch/ar9598/miniconda3/envs/active_matter/lib/python3.10/runpy.py", line 86, in _run_code
    exec(code, run_globals)
  File "/scratch/ar9598/active-matter-representation/physics_jepa/train_jepa.py", line 145, in <module>
    trainer.train()
  File "/scratch/ar9598/active-matter-representation/physics_jepa/train.py", line 78, in train
    self.training_loop(model_components, loss_fn, optimizer, run_name)
  File "/scratch/ar9598/active-matter-representation/physics_jepa/train.py", line 148, in training_loop
    pred, loss_dict = self.step(batch, model_components, loss_fn, self.rank, log=(i == 0 and epoch % 10 == 0))
  File "/scratch/ar9598/active-matter-representation/physics_jepa/train.py", line 253, in step
    pred, loss_dict = self.pred_fn(batch, model_components, loss_fn)
  File "/scratch/ar9598/active-matter-representation/physics_jepa/train_jepa.py", line 94, in pred_fn
    ctx_embed = encoder(batch['context'])
  File "/scratch/ar9598/miniconda3/envs/active_matter/lib/python3.10/site-packages/torch/nn/modules/module.py", line 1751, in _wrapped_call_impl
    return self._call_impl(*args, **kwargs)
  File "/scratch/ar9598/miniconda3/envs/active_matter/lib/python3.10/site-packages/torch/nn/modules/module.py", line 1762, in _call_impl
    return forward_call(*args, **kwargs)
  File "/scratch/ar9598/active-matter-representation/physics_jepa/utils/model_utils.py", line 296, in forward
    x = self.res_blocks[i](x)
  File "/scratch/ar9598/miniconda3/envs/active_matter/lib/python3.10/site-packages/torch/nn/modules/module.py", line 1751, in _wrapped_call_impl
    return self._call_impl(*args, **kwargs)
  File "/scratch/ar9598/miniconda3/envs/active_matter/lib/python3.10/site-packages/torch/nn/modules/module.py", line 1762, in _call_impl
    return forward_call(*args, **kwargs)
  File "/scratch/ar9598/miniconda3/envs/active_matter/lib/python3.10/site-packages/torch/nn/modules/container.py", line 240, in forward
    input = module(input)
  File "/scratch/ar9598/miniconda3/envs/active_matter/lib/python3.10/site-packages/torch/nn/modules/module.py", line 1751, in _wrapped_call_impl
    return self._call_impl(*args, **kwargs)
  File "/scratch/ar9598/miniconda3/envs/active_matter/lib/python3.10/site-packages/torch/nn/modules/module.py", line 1762, in _call_impl
    return forward_call(*args, **kwargs)
  File "/scratch/ar9598/active-matter-representation/physics_jepa/utils/model_utils.py", line 81, in forward
    x = self.act(x)
  File "/scratch/ar9598/miniconda3/envs/active_matter/lib/python3.10/site-packages/torch/nn/modules/module.py", line 1751, in _wrapped_call_impl
    return self._call_impl(*args, **kwargs)
  File "/scratch/ar9598/miniconda3/envs/active_matter/lib/python3.10/site-packages/torch/nn/modules/module.py", line 1762, in _call_impl
    return forward_call(*args, **kwargs)
  File "/scratch/ar9598/miniconda3/envs/active_matter/lib/python3.10/site-packages/torch/nn/modules/activation.py", line 734, in forward
    return F.gelu(input, approximate=self.approximate)
torch.OutOfMemoryError: CUDA out of memory. Tried to allocate 3.06 GiB. GPU 0 has a total capacity of 39.49 GiB of which 2.47 GiB is free. Including non-PyTorch memory, this process has 37.00 GiB memory in use. Of the allocated memory 35.88 GiB is allocated by PyTorch, and 646.80 MiB is reserved by PyTorch but unallocated. If reserved but unallocated memory is large try setting PYTORCH_CUDA_ALLOC_CONF=expandable_segments:True to avoid fragmentation.  See documentation for Memory Management  (https://pytorch.org/docs/stable/notes/cuda.html#environment-variables)
