/scratch/ar9598/miniconda3/envs/active_matter/lib/python3.10/site-packages/requests/__init__.py:86: RequestsDependencyWarning: Unable to find acceptable character detection dependency (chardet or charset_normalizer).
  warnings.warn(
/scratch/ar9598/miniconda3/envs/active_matter/lib/python3.10/site-packages/timm/models/layers/__init__.py:49: FutureWarning: Importing from timm.models.layers is deprecated, please import via timm.layers
  warnings.warn(f"Importing from {__name__} is deprecated, please import via timm.layers", FutureWarning)
Traceback (most recent call last):
  File "/scratch/ar9598/miniconda3/envs/active_matter/lib/python3.10/site-packages/hydra/_internal/config_loader_impl.py", line 390, in _apply_overrides_to_config
    OmegaConf.update(cfg, key, value, merge=True)
  File "/scratch/ar9598/miniconda3/envs/active_matter/lib/python3.10/site-packages/omegaconf/omegaconf.py", line 741, in update
    root.__setattr__(last_key, value)
  File "/scratch/ar9598/miniconda3/envs/active_matter/lib/python3.10/site-packages/omegaconf/dictconfig.py", line 337, in __setattr__
    raise e
  File "/scratch/ar9598/miniconda3/envs/active_matter/lib/python3.10/site-packages/omegaconf/dictconfig.py", line 334, in __setattr__
    self.__set_impl(key, value)
  File "/scratch/ar9598/miniconda3/envs/active_matter/lib/python3.10/site-packages/omegaconf/dictconfig.py", line 318, in __set_impl
    self._set_item_impl(key, value)
  File "/scratch/ar9598/miniconda3/envs/active_matter/lib/python3.10/site-packages/omegaconf/basecontainer.py", line 549, in _set_item_impl
    self._validate_set(key, value)
  File "/scratch/ar9598/miniconda3/envs/active_matter/lib/python3.10/site-packages/omegaconf/dictconfig.py", line 180, in _validate_set
    target = self._get_node(key) if key is not None else self
  File "/scratch/ar9598/miniconda3/envs/active_matter/lib/python3.10/site-packages/omegaconf/dictconfig.py", line 475, in _get_node
    self._validate_get(key)
  File "/scratch/ar9598/miniconda3/envs/active_matter/lib/python3.10/site-packages/omegaconf/dictconfig.py", line 164, in _validate_get
    self._format_and_raise(
  File "/scratch/ar9598/miniconda3/envs/active_matter/lib/python3.10/site-packages/omegaconf/base.py", line 231, in _format_and_raise
    format_and_raise(
  File "/scratch/ar9598/miniconda3/envs/active_matter/lib/python3.10/site-packages/omegaconf/_utils.py", line 899, in format_and_raise
    _raise(ex, cause)
  File "/scratch/ar9598/miniconda3/envs/active_matter/lib/python3.10/site-packages/omegaconf/_utils.py", line 797, in _raise
    raise ex.with_traceback(sys.exc_info()[2])  # set env var OC_CAUSE=1 for full trace
omegaconf.errors.ConfigAttributeError: Key 'encoder_path' is not in struct
    full_key: train.encoder_path
    object_type=dict

The above exception was the direct cause of the following exception:

Traceback (most recent call last):
  File "/scratch/ar9598/miniconda3/envs/active_matter/lib/python3.10/runpy.py", line 196, in _run_module_as_main
    return _run_code(code, main_globals, None,
  File "/scratch/ar9598/miniconda3/envs/active_matter/lib/python3.10/runpy.py", line 86, in _run_code
    exec(code, run_globals)
  File "/scratch/ar9598/active-matter-representation/physics_jepa/train_jepa.py", line 136, in <module>
    cfg = compose(args.config, args.overrides)
  File "/scratch/ar9598/active-matter-representation/physics_jepa/utils/hydra.py", line 35, in compose
    cfg = hydra.compose(config_name=config_name, overrides=overrides)
  File "/scratch/ar9598/miniconda3/envs/active_matter/lib/python3.10/site-packages/hydra/compose.py", line 38, in compose
    cfg = gh.hydra.compose_config(
  File "/scratch/ar9598/miniconda3/envs/active_matter/lib/python3.10/site-packages/hydra/_internal/hydra.py", line 594, in compose_config
    cfg = self.config_loader.load_configuration(
  File "/scratch/ar9598/miniconda3/envs/active_matter/lib/python3.10/site-packages/hydra/_internal/config_loader_impl.py", line 142, in load_configuration
    return self._load_configuration_impl(
  File "/scratch/ar9598/miniconda3/envs/active_matter/lib/python3.10/site-packages/hydra/_internal/config_loader_impl.py", line 276, in _load_configuration_impl
    ConfigLoaderImpl._apply_overrides_to_config(config_overrides, cfg)
  File "/scratch/ar9598/miniconda3/envs/active_matter/lib/python3.10/site-packages/hydra/_internal/config_loader_impl.py", line 392, in _apply_overrides_to_config
    raise ConfigCompositionException(
hydra.errors.ConfigCompositionException: Could not override 'train.encoder_path'.
To append to your config use +train.encoder_path=checkpoints/upgraded-jepa/active_matter-16frames-cnn-jepa-upgraded-jepa_2026-05-02_08-21-17/ConvEncoder_29.pth
