dataset:
  name: active_matter
  num_frames: 16
  num_frames_per_patch: 2
  num_chans: 11
  resolution: 224
  offset: 1
  gap_frames: 8
model:
  dims:
  - 32
  - 64
  - 128
  - 256
  - 256
  num_res_blocks:
  - 3
  - 3
  - 3
  - 9
  - 3
  name: cnn
  objective: jepa
  use_channel_stem: true
  use_temporal_mixer: true
  predictor_scale_factor: 3
  predictor_depth: 2
  preserve_temporal: true
ft:
  num_epochs: 100
  lr: 0.001
  batch_size: 32
  report_every: 100
  save_every: 10
  head_type: linear
  embeddings_dir: ./embeddings
  task: regression
  lr_scheduler: cosine
  lr_scheduler_warmup_epochs: 2
  min_lr: 0
  weight_decay: 0.01
  noise_std: 1.0
  run_name: upgraded-jepa-FT
  distributed: false
train:
  start_epoch: 0
  num_epochs: 30
  batch_size: 2
  report_every: 100
  save_every: 2
  include_labels: false
  sim_coeff: 10
  std_coeff: 10
  cov_coeff: 1
  predict_n_steps: false
  lr_scheduler: cosine
  lr_scheduler_warmup_epochs: 2
  min_lr: 1.0e-06
  lr: 0.001
  weight_decay: 0.05
  noise_std: 1.0
  run_name: upgraded-jepa
  distributed: true
  target_global_batch_size: 8
out_path: ./checkpoints/upgraded-jepa
cache_path: ./dataset_cache
seed: 42
dry_run: false

Using seed: 42
dataset:
  name: active_matter
  num_frames: 16
  num_frames_per_patch: 2
  num_chans: 11
  resolution: 224
  offset: 1
  gap_frames: 8
model:
  dims:
  - 32
  - 64
  - 128
  - 256
  - 256
  num_res_blocks:
  - 3
  - 3
  - 3
  - 9
  - 3
  name: cnn
  objective: jepa
  use_channel_stem: true
  use_temporal_mixer: true
  predictor_scale_factor: 3
  predictor_depth: 2
  preserve_temporal: true
ft:
  num_epochs: 100
  lr: 0.001
  batch_size: 32
  report_every: 100
  save_every: 10
  head_type: linear
  embeddings_dir: ./embeddings
  task: regression
  lr_scheduler: cosine
  lr_scheduler_warmup_epochs: 2
  min_lr: 0
  weight_decay: 0.01
  noise_std: 1.0
  run_name: upgraded-jepa-FT
  distributed: false
train:
  start_epoch: 0
  num_epochs: 30
  batch_size: 2
  report_every: 100
  save_every: 2
  include_labels: false
  sim_coeff: 10
  std_coeff: 10
  cov_coeff: 1
  predict_n_steps: false
  lr_scheduler: cosine
  lr_scheduler_warmup_epochs: 2
  min_lr: 1.0e-06
  lr: 0.001
  weight_decay: 0.05
  noise_std: 1.0
  run_name: upgraded-jepa
  distributed: true
  target_global_batch_size: 8
out_path: ./checkpoints/upgraded-jepa
cache_path: ./dataset_cache
seed: 42
dry_run: false

total number of block pairs in train dataset: 175
Loaded 87 training batches per device on 1 devices, batch size 2
num encoder parameters: 9969377
num predictor parameters: 13124608
name                                  type              in→out      kernel        stride        pad           dil         groups    bias    depthwise  params        out_shape           
-----------------------------------------------------------------------------------------------------------------------------------------------------------------------------------------
channel_stem.0                        Conv3d            11→64       (1, 1, 1)     (1, 1, 1)     (0, 0, 0)     (1, 1, 1)   1         ✓                  768                               
channel_stem.3                        Conv3d            64→11       (1, 1, 1)     (1, 1, 1)     (0, 0, 0)     (1, 1, 1)   1         ✓                  715                               
temporal_mixers.0.temporal_conv       Conv3d            32→32       (3, 1, 1)     (1, 1, 1)     (1, 0, 0)     (1, 1, 1)   32        ✓       ✓          128                               
temporal_mixers.0.channel_mlp.0       Conv3d            32→128      (1, 1, 1)     (1, 1, 1)     (0, 0, 0)     (1, 1, 1)   1         ✓                  4224                              
temporal_mixers.0.channel_mlp.2       Conv3d            128→32      (1, 1, 1)     (1, 1, 1)     (0, 0, 0)     (1, 1, 1)   1         ✓                  4128                              
temporal_mixers.1.temporal_conv       Conv3d            64→64       (3, 1, 1)     (1, 1, 1)     (1, 0, 0)     (1, 1, 1)   64        ✓       ✓          256                               
temporal_mixers.1.channel_mlp.0       Conv3d            64→256      (1, 1, 1)     (1, 1, 1)     (0, 0, 0)     (1, 1, 1)   1         ✓                  16640                             
temporal_mixers.1.channel_mlp.2       Conv3d            256→64      (1, 1, 1)     (1, 1, 1)     (0, 0, 0)     (1, 1, 1)   1         ✓                  16448                             
temporal_mixers.2.temporal_conv       Conv3d            128→128     (3, 1, 1)     (1, 1, 1)     (1, 0, 0)     (1, 1, 1)   128       ✓       ✓          512                               
temporal_mixers.2.channel_mlp.0       Conv3d            128→512     (1, 1, 1)     (1, 1, 1)     (0, 0, 0)     (1, 1, 1)   1         ✓                  66048                             
temporal_mixers.2.channel_mlp.2       Conv3d            512→128     (1, 1, 1)     (1, 1, 1)     (0, 0, 0)     (1, 1, 1)   1         ✓                  65664                             
temporal_mixers.3.temporal_conv       Conv3d            256→256     (3, 1, 1)     (1, 1, 1)     (1, 0, 0)     (1, 1, 1)   256       ✓       ✓          1024                              
temporal_mixers.3.channel_mlp.0       Conv3d            256→1024    (1, 1, 1)     (1, 1, 1)     (0, 0, 0)     (1, 1, 1)   1         ✓                  263168                            
temporal_mixers.3.channel_mlp.2       Conv3d            1024→256    (1, 1, 1)     (1, 1, 1)     (0, 0, 0)     (1, 1, 1)   1         ✓                  262400                            
temporal_mixers.4.temporal_conv       Conv3d            256→256     (3, 1, 1)     (1, 1, 1)     (1, 0, 0)     (1, 1, 1)   256       ✓       ✓          1024                              
temporal_mixers.4.channel_mlp.0       Conv3d            256→1024    (1, 1, 1)     (1, 1, 1)     (0, 0, 0)     (1, 1, 1)   1         ✓                  263168                            
temporal_mixers.4.channel_mlp.2       Conv3d            1024→256    (1, 1, 1)     (1, 1, 1)     (0, 0, 0)     (1, 1, 1)   1         ✓                  262400                            
downsample_layers.0.0                 Conv3d            11→32       (1, 4, 4)     (1, 1, 1)     same          (1, 1, 1)   1         ✓                  5664                              
downsample_layers.1.1                 Conv3d            32→64       (2, 2, 2)     (2, 2, 2)     (0, 0, 0)     (1, 1, 1)   1         ✓                  16448                             
downsample_layers.2.1                 Conv3d            64→128      (2, 2, 2)     (2, 2, 2)     (0, 0, 0)     (1, 1, 1)   1         ✓                  65664                             
downsample_layers.3.1                 Conv3d            128→256     (2, 2, 2)     (2, 2, 2)     (0, 0, 0)     (1, 1, 1)   1         ✓                  262400                            
downsample_layers.4.1                 Conv3d            256→256     (1, 2, 2)     (1, 2, 2)     (0, 0, 0)     (1, 1, 1)   1         ✓                  262400                            
res_blocks.0.0.conv                   Conv3d            32→32       (7, 7, 7)     (1, 1, 1)     (3, 3, 3)     (1, 1, 1)   32        ✓       ✓          11008                             
res_blocks.0.1.conv                   Conv3d            32→32       (7, 7, 7)     (1, 1, 1)     (3, 3, 3)     (1, 1, 1)   32        ✓       ✓          11008                             
res_blocks.0.2.conv                   Conv3d            32→32       (7, 7, 7)     (1, 1, 1)     (3, 3, 3)     (1, 1, 1)   32        ✓       ✓          11008                             
res_blocks.1.0.conv                   Conv3d            64→64       (7, 7, 7)     (1, 1, 1)     (3, 3, 3)     (1, 1, 1)   64        ✓       ✓          22016                             
res_blocks.1.1.conv                   Conv3d            64→64       (7, 7, 7)     (1, 1, 1)     (3, 3, 3)     (1, 1, 1)   64        ✓       ✓          22016                             
res_blocks.1.2.conv                   Conv3d            64→64       (7, 7, 7)     (1, 1, 1)     (3, 3, 3)     (1, 1, 1)   64        ✓       ✓          22016                             
res_blocks.2.0.conv                   Conv3d            128→128     (7, 7, 7)     (1, 1, 1)     (3, 3, 3)     (1, 1, 1)   128       ✓       ✓          44032                             
res_blocks.2.1.conv                   Conv3d            128→128     (7, 7, 7)     (1, 1, 1)     (3, 3, 3)     (1, 1, 1)   128       ✓       ✓          44032                             
res_blocks.2.2.conv                   Conv3d            128→128     (7, 7, 7)     (1, 1, 1)     (3, 3, 3)     (1, 1, 1)   128       ✓       ✓          44032                             
res_blocks.3.0.conv                   Conv3d            256→256     (7, 7, 7)     (1, 1, 1)     (3, 3, 3)     (1, 1, 1)   256       ✓       ✓          88064                             
res_blocks.3.1.conv                   Conv3d            256→256     (7, 7, 7)     (1, 1, 1)     (3, 3, 3)     (1, 1, 1)   256       ✓       ✓          88064                             
res_blocks.3.2.conv                   Conv3d            256→256     (7, 7, 7)     (1, 1, 1)     (3, 3, 3)     (1, 1, 1)   256       ✓       ✓          88064                             
res_blocks.3.3.conv                   Conv3d            256→256     (7, 7, 7)     (1, 1, 1)     (3, 3, 3)     (1, 1, 1)   256       ✓       ✓          88064                             
res_blocks.3.4.conv                   Conv3d            256→256     (7, 7, 7)     (1, 1, 1)     (3, 3, 3)     (1, 1, 1)   256       ✓       ✓          88064                             
res_blocks.3.5.conv                   Conv3d            256→256     (7, 7, 7)     (1, 1, 1)     (3, 3, 3)     (1, 1, 1)   256       ✓       ✓          88064                             
res_blocks.3.6.conv                   Conv3d            256→256     (7, 7, 7)     (1, 1, 1)     (3, 3, 3)     (1, 1, 1)   256       ✓       ✓          88064                             
res_blocks.3.7.conv                   Conv3d            256→256     (7, 7, 7)     (1, 1, 1)     (3, 3, 3)     (1, 1, 1)   256       ✓       ✓          88064                             
res_blocks.3.8.conv                   Conv3d            256→256     (7, 7, 7)     (1, 1, 1)     (3, 3, 3)     (1, 1, 1)   256       ✓       ✓          88064                             
res_blocks.4.0.conv                   Conv3d            256→256     (7, 7, 7)     (1, 1, 1)     (3, 3, 3)     (1, 1, 1)   256       ✓       ✓          88064                             
res_blocks.4.1.conv                   Conv3d            256→256     (7, 7, 7)     (1, 1, 1)     (3, 3, 3)     (1, 1, 1)   256       ✓       ✓          88064                             
res_blocks.4.2.conv                   Conv3d            256→256     (7, 7, 7)     (1, 1, 1)     (3, 3, 3)     (1, 1, 1)   256       ✓       ✓          88064                             
using gradient accumulation with 4 steps
using cosine scheduler with max_lr 0.001, min_lr 1e-06, warmup_steps 0, total_updates 653
starting to train w/ 87 batches per device
EMA target encoder: tau 0.9960 -> 1.0000 over 653 updates
ctx shape before pad (b c t h w): torch.Size([2, 11, 16, 224, 224])
pred shape: torch.Size([2, 256, 2, 14, 14])
train batch 0 pred: tensor([[[[[ 1.3686e-01,  2.9149e-01,  3.4365e-01,  ...,  3.1003e-01,
             2.0977e-01,  2.1117e-01],
           [ 2.3739e-01,  4.2185e-01,  4.5013e-01,  ...,  4.0607e-01,
             3.6996e-01,  1.4606e-01],
           [ 3.3929e-01,  4.6011e-01,  5.3299e-01,  ...,  4.0996e-01,
             4.6370e-01,  1.7416e-01],
           ...,
           [ 1.2735e-01,  3.7214e-01,  4.0575e-01,  ...,  2.4916e-01,
             6.2160e-02,  3.6864e-02],
           [ 2.5278e-01,  4.0536e-01,  4.6886e-01,  ...,  2.8538e-01,
             2.1820e-01,  1.5655e-01],
           [ 4.6887e-01,  5.3950e-01,  5.2516e-01,  ...,  4.0413e-01,
             3.3322e-01,  1.9996e-01]],

          [[ 9.7639e-02,  8.6357e-02,  1.4367e-01,  ...,  3.4473e-01,
             2.3879e-01,  1.7659e-01],
           [ 6.3561e-02,  2.0215e-01,  1.4423e-01,  ...,  3.6438e-01,
             2.3255e-01,  9.8448e-02],
           [ 9.8426e-02,  2.4017e-01,  2.0001e-01,  ...,  4.7906e-01,
             4.3388e-01,  1.6748e-01],
           ...,
           [ 7.3894e-02,  1.2988e-01,  1.2544e-01,  ...,  1.0345e-01,
             1.8417e-01, -1.7870e-02],
           [ 9.1968e-02,  2.0355e-01,  1.3326e-01,  ...,  3.9090e-01,
             4.3764e-01,  2.0607e-01],
           [ 1.9721e-01,  2.1920e-01,  9.8827e-02,  ...,  4.1027e-01,
             4.4580e-01,  2.1171e-01]]],


         [[[-2.0698e-03, -3.4562e-02, -4.2572e-02,  ...,  5.1849e-02,
             2.2137e-02, -5.8479e-02],
           [ 1.0063e-01,  4.4684e-03,  4.1372e-02,  ...,  3.6778e-02,
             2.5665e-02, -6.6475e-02],
           [ 1.5959e-01,  1.1473e-01, -5.3409e-03,  ...,  3.4118e-02,
            -1.5015e-02, -7.5060e-02],
           ...,
           [ 8.6908e-02,  2.6905e-02,  3.3838e-02,  ...,  3.9292e-02,
            -7.0977e-02, -4.5964e-02],
           [ 9.4265e-02, -1.5117e-01, -7.7076e-02,  ...,  7.5154e-02,
             2.6013e-02, -6.5892e-03],
           [ 1.3584e-01, -5.9118e-02, -1.5436e-01,  ..., -1.7280e-02,
            -3.4734e-02, -2.8839e-02]],

          [[-1.4266e-01, -6.5549e-02, -1.4136e-01,  ...,  1.8993e-02,
             1.6234e-02,  4.7417e-02],
           [-4.6721e-02, -6.0698e-02, -1.3741e-01,  ..., -2.9390e-02,
            -1.2236e-02,  1.1650e-01],
           [-2.5672e-02, -1.7284e-01, -7.8020e-02,  ..., -1.1489e-01,
            -1.1731e-01,  7.9127e-02],
           ...,
           [-7.8803e-02, -2.0988e-01, -2.6672e-01,  ..., -2.0869e-01,
            -2.1945e-01, -1.3459e-01],
           [-1.2532e-01, -2.1148e-01, -3.0607e-01,  ..., -1.5705e-01,
            -1.6512e-01, -1.0184e-01],
           [-3.2778e-02, -1.1599e-01, -1.0618e-01,  ..., -1.4903e-01,
            -1.4949e-01, -2.3154e-01]]],


         [[[ 3.2186e-01,  1.9856e-01,  1.5871e-01,  ...,  6.4962e-02,
            -7.9145e-03, -1.1050e-01],
           [ 2.7091e-01,  2.4512e-01,  2.4352e-01,  ...,  1.5267e-01,
             2.9360e-02,  8.4634e-03],
           [ 2.8066e-01,  2.4662e-01,  2.9235e-01,  ...,  2.4141e-01,
             1.1235e-01,  8.4589e-03],
           ...,
           [ 1.8976e-01,  5.4563e-02,  9.6631e-02,  ...,  4.5802e-02,
             2.1949e-02, -6.0940e-02],
           [ 3.3793e-01,  2.3057e-01,  1.6776e-01,  ...,  1.4558e-01,
             1.7103e-01,  6.8574e-02],
           [ 1.2297e-01,  1.3436e-03, -1.7102e-02,  ...,  7.4280e-02,
             3.3566e-02,  3.1819e-02]],

          [[ 1.8878e-01,  1.7095e-01,  1.8072e-01,  ...,  2.4077e-01,
             3.8582e-01,  2.6035e-01],
           [ 1.6902e-01,  1.9921e-01,  2.9404e-01,  ...,  3.7316e-01,
             4.2445e-01,  2.5675e-01],
           [ 1.9950e-01,  1.9923e-01,  2.7071e-01,  ...,  3.6536e-01,
             2.7544e-01,  1.3508e-01],
           ...,
           [ 2.1257e-01,  3.2678e-01,  3.8731e-01,  ...,  1.4219e-01,
             1.0977e-01,  2.3519e-02],
           [ 2.1598e-01,  2.4506e-01,  2.8533e-01,  ...,  2.2562e-01,
             1.1351e-01,  2.2622e-02],
           [ 1.6047e-01, -3.9320e-02, -1.6557e-02,  ..., -8.4419e-02,
            -1.4602e-01, -2.1245e-01]]],


         ...,


         [[[-2.0473e-01, -1.7020e-02, -3.7247e-02,  ...,  1.3203e-01,
            -8.6506e-02,  1.8066e-01],
           [-2.5281e-01, -1.1300e-01, -1.6305e-01,  ...,  2.2473e-01,
             1.2827e-01,  3.7175e-01],
           [-3.2480e-01, -9.0487e-02, -9.5873e-02,  ...,  2.2131e-01,
             1.8203e-01,  3.6867e-01],
           ...,
           [-9.3133e-02,  2.1302e-01,  1.7968e-01,  ...,  1.8010e-01,
             1.3195e-01,  2.6672e-01],
           [-1.6668e-01,  1.1515e-01,  5.4765e-02,  ...,  2.4718e-01,
             1.3363e-01,  3.3164e-01],
           [-1.3916e-01, -7.0361e-02,  1.0531e-02,  ...,  7.1949e-02,
             2.1559e-02,  2.2101e-01]],

          [[-3.0573e-01, -5.1321e-01, -4.9119e-01,  ..., -3.1915e-01,
            -3.8607e-01, -2.3389e-01],
           [-3.9002e-01, -4.7508e-01, -6.1518e-01,  ..., -2.4349e-01,
            -3.1076e-01, -3.8719e-01],
           [-4.4084e-01, -5.0259e-01, -5.5339e-01,  ..., -3.8171e-01,
            -4.5040e-01, -3.1374e-01],
           ...,
           [-3.9734e-01, -4.3018e-01, -5.2687e-01,  ..., -2.7703e-01,
            -3.7832e-01, -2.6362e-01],
           [-4.6320e-01, -4.1593e-01, -5.4008e-01,  ..., -2.3145e-01,
            -3.3907e-01, -2.5617e-01],
           [-2.5298e-01, -2.5925e-01, -2.4503e-01,  ..., -2.7554e-01,
            -3.5257e-01, -2.8997e-01]]],


         [[[-1.8075e-01, -2.1370e-01, -1.8539e-01,  ..., -1.4183e-01,
            -1.6529e-01, -5.5707e-02],
           [-2.2249e-01, -2.4752e-01, -3.2109e-01,  ..., -1.9627e-01,
            -2.0555e-01, -2.2793e-01],
           [-2.0088e-01, -3.9020e-01, -4.1367e-01,  ..., -2.0120e-01,
            -1.7607e-01, -1.9443e-01],
           ...,
           [-1.1164e-01, -2.0523e-01, -2.5911e-01,  ..., -1.7411e-01,
            -2.5026e-01, -1.3379e-01],
           [-1.4638e-01, -3.0844e-01, -2.4902e-01,  ..., -3.3805e-02,
            -1.0947e-01, -2.0693e-01],
           [-1.0117e-01, -1.6145e-01, -8.8621e-02,  ..., -4.6420e-03,
             6.4404e-02,  3.5002e-02]],

          [[-6.7880e-02, -8.8762e-02, -4.3881e-02,  ...,  1.5254e-01,
             3.1254e-03, -8.4850e-02],
           [-1.5141e-01, -1.9321e-02,  5.0171e-02,  ...,  4.9487e-02,
            -3.9428e-02, -6.2062e-02],
           [-5.8903e-02, -1.1730e-01, -1.5445e-01,  ..., -4.1636e-02,
            -1.7415e-01, -1.2751e-01],
           ...,
           [-9.2472e-02, -6.2057e-02,  2.7657e-02,  ...,  9.0802e-03,
            -9.7812e-02, -2.3547e-01],
           [-2.1096e-01, -1.8650e-01, -4.2579e-02,  ..., -4.9130e-02,
            -3.3115e-02, -1.2878e-01],
           [ 5.1585e-02,  1.6372e-01,  2.0307e-01,  ...,  1.5548e-01,
             1.4243e-01,  7.5068e-03]]],


         [[[-3.8532e-01, -3.5177e-01, -2.1627e-01,  ..., -2.0604e-01,
            -2.0538e-01, -1.9852e-01],
           [-3.6901e-01, -2.6927e-01, -2.5519e-01,  ..., -4.7514e-01,
            -4.6414e-01, -3.3681e-01],
           [-3.6130e-01, -3.5726e-01, -2.4475e-01,  ..., -4.0427e-01,
            -4.5378e-01, -4.4658e-01],
           ...,
           [-1.1461e-01, -8.8134e-02, -1.5044e-01,  ..., -2.5862e-01,
            -2.4951e-01, -1.0369e-01],
           [-2.5660e-01, -2.6432e-01, -3.1287e-01,  ..., -2.4369e-01,
            -2.7917e-01, -1.9278e-01],
           [-1.5919e-01, -1.9466e-01, -1.6913e-01,  ..., -1.4860e-01,
            -1.4985e-01, -2.0261e-01]],

          [[-4.2480e-01, -4.3166e-01, -3.9417e-01,  ..., -1.8462e-01,
            -3.1383e-01, -3.5669e-01],
           [-4.0475e-01, -5.0243e-01, -3.9277e-01,  ..., -1.0790e-01,
            -3.0478e-01, -2.2005e-01],
           [-5.0900e-01, -4.2033e-01, -3.5500e-01,  ..., -1.9065e-01,
            -2.5102e-01, -1.2940e-01],
           ...,
           [-3.4605e-01, -3.5081e-01, -4.1879e-01,  ..., -5.0826e-01,
            -3.6819e-01, -3.8205e-01],
           [-4.0585e-01, -4.1592e-01, -4.5013e-01,  ..., -5.1046e-01,
            -3.1359e-01, -2.7901e-01],
           [-3.1816e-01, -2.9833e-01, -2.8757e-01,  ..., -2.0412e-01,
            -1.5887e-01, -1.7059e-01]]]],



        [[[[ 1.9857e-01,  3.4591e-01,  3.8194e-01,  ...,  4.4656e-01,
             3.9947e-01,  3.4810e-01],
           [ 3.3563e-01,  3.7901e-01,  3.2405e-01,  ...,  5.4118e-01,
             4.3734e-01,  3.2767e-01],
           [ 2.3690e-01,  4.8863e-01,  4.8647e-01,  ...,  4.1543e-01,
             4.9217e-01,  3.0089e-01],
           ...,
           [ 3.2503e-01,  4.2351e-01,  6.1917e-01,  ...,  3.6212e-01,
             3.5152e-01,  2.7836e-01],
           [ 3.3187e-01,  4.2731e-01,  4.0219e-01,  ...,  4.2347e-01,
             4.7656e-01,  3.3198e-01],
           [ 2.8788e-01,  3.6905e-01,  3.5554e-01,  ...,  4.6503e-01,
             4.5024e-01,  2.8314e-01]],

          [[ 2.7830e-01,  5.2096e-01,  4.8328e-01,  ...,  3.8713e-01,
             2.0483e-01,  1.3013e-01],
           [ 1.3681e-01,  5.7218e-02,  6.8853e-02,  ...,  1.1769e-01,
             2.4658e-02,  2.1361e-01],
           [ 2.4179e-02,  1.7349e-01,  1.1775e-01,  ...,  2.5286e-01,
             2.0560e-01,  9.7979e-02],
           ...,
           [-8.1954e-04,  1.5376e-01,  1.7887e-01,  ...,  1.7823e-01,
             1.7063e-01,  6.6740e-02],
           [ 1.3619e-02,  2.9531e-01,  1.5025e-01,  ...,  1.3209e-01,
             2.2111e-01,  2.1064e-01],
           [ 6.5948e-02,  4.8983e-02,  1.2492e-01,  ...,  8.1727e-02,
             1.0673e-01,  1.3687e-01]]],


         [[[ 4.4520e-02,  1.1490e-01,  6.0682e-02,  ...,  1.2633e-03,
            -1.2464e-01, -6.1139e-02],
           [ 5.8254e-02,  4.4574e-02,  7.3983e-02,  ...,  7.0543e-02,
            -4.8160e-02, -8.1696e-02],
           [ 1.9270e-02, -5.3644e-03,  2.4164e-02,  ...,  1.1320e-01,
            -1.5259e-02, -6.9690e-02],
           ...,
           [ 7.3084e-02,  1.2973e-01,  1.0558e-01,  ...,  1.9285e-03,
            -3.6143e-02, -6.2372e-02],
           [ 1.3178e-01,  6.8807e-02,  7.3831e-02,  ..., -8.8525e-02,
            -6.5423e-02, -5.5064e-02],
           [-1.0799e-02, -1.6153e-01, -9.5435e-02,  ...,  3.0071e-02,
            -9.7428e-02, -1.3529e-01]],

          [[-7.5112e-02, -3.8663e-02,  2.7945e-02,  ..., -1.4101e-01,
            -9.1389e-02, -8.6193e-02],
           [-3.4241e-03, -1.6644e-02, -5.3972e-02,  ..., -1.4148e-02,
            -3.9092e-02, -6.4096e-02],
           [ 9.4510e-04, -1.3721e-01, -8.5670e-02,  ..., -2.5795e-01,
            -2.4527e-01, -1.3319e-01],
           ...,
           [ 1.9509e-02, -2.0530e-01, -1.9936e-01,  ...,  7.6609e-02,
            -6.0144e-02, -8.6490e-02],
           [-9.0627e-02, -1.8469e-01, -6.1432e-02,  ...,  3.4658e-02,
             1.7943e-02, -1.0693e-01],
           [-1.2504e-01, -7.5224e-02, -1.0580e-01,  ...,  1.1512e-02,
             8.6485e-03, -3.1270e-02]]],


         [[[ 1.9577e-01,  1.8718e-01,  2.4248e-01,  ...,  1.9133e-01,
             1.5606e-01, -4.1403e-02],
           [ 3.8486e-01,  1.0295e-01,  1.4710e-01,  ...,  2.4860e-01,
             3.0111e-01,  2.0774e-01],
           [ 2.4000e-01,  2.3908e-01,  3.3714e-01,  ...,  2.8863e-01,
             1.2779e-01,  1.5689e-01],
           ...,
           [ 3.1993e-01,  1.0104e-01,  8.8466e-03,  ...,  3.1090e-01,
             2.1882e-01,  1.1184e-01],
           [ 1.6146e-01,  1.4609e-01, -1.7911e-02,  ...,  2.7158e-01,
             1.4662e-01,  1.8562e-01],
           [ 1.2486e-01, -8.1148e-02, -8.8838e-02,  ...,  3.5259e-02,
            -8.1655e-02,  4.3311e-02]],

          [[ 4.4159e-01,  2.6279e-01,  2.3767e-01,  ...,  3.4294e-01,
             3.1822e-01,  8.6072e-02],
           [ 2.3213e-02,  1.6225e-01,  1.3161e-01,  ...,  2.7211e-01,
             3.1645e-01,  7.3113e-02],
           [ 2.2630e-01,  3.1824e-01,  3.0088e-01,  ...,  2.5061e-01,
             2.6784e-01,  1.2022e-01],
           ...,
           [ 2.1846e-01,  2.9106e-01,  1.4594e-01,  ...,  2.5613e-01,
             1.9378e-01, -4.0662e-02],
           [ 2.0075e-01,  2.6093e-01,  2.4857e-01,  ...,  4.3132e-01,
             4.1830e-01,  1.5943e-01],
           [ 1.2611e-01, -8.0863e-02, -4.6136e-03,  ...,  1.5095e-01,
             1.5893e-01,  1.1083e-01]]],


         ...,


         [[[-1.6619e-01, -5.3547e-02,  1.0062e-01,  ...,  4.2165e-02,
             1.5695e-01,  1.3566e-01],
           [-4.7264e-02,  1.9578e-01,  1.1286e-01,  ..., -4.1985e-02,
             1.4254e-01,  1.8319e-01],
           [-4.2373e-02, -2.8218e-02, -4.6383e-03,  ...,  3.5157e-02,
             7.7493e-02,  1.7816e-01],
           ...,
           [-1.1230e-01, -2.2476e-02, -1.0100e-01,  ...,  2.0609e-02,
             3.5070e-03,  2.7563e-01],
           [ 3.2027e-02, -3.0260e-02, -7.4231e-02,  ..., -1.0344e-01,
             1.8783e-03,  2.0484e-01],
           [ 5.1792e-02,  3.7593e-02, -1.9567e-03,  ..., -1.1415e-02,
             3.8200e-02,  1.6019e-01]],

          [[-2.5903e-01, -3.6835e-01, -4.0686e-01,  ..., -4.8464e-01,
            -3.7353e-01, -2.4807e-01],
           [-4.8837e-01, -5.3447e-01, -6.0864e-01,  ..., -5.4234e-01,
            -4.3020e-01, -2.3724e-01],
           [-4.5088e-01, -5.1194e-01, -4.8832e-01,  ..., -4.3393e-01,
            -5.6603e-01, -1.9789e-01],
           ...,
           [-3.6779e-01, -4.4229e-01, -4.3415e-01,  ..., -4.5013e-01,
            -3.9735e-01, -2.9487e-01],
           [-3.5688e-01, -5.1980e-01, -4.7386e-01,  ..., -4.6503e-01,
            -3.9228e-01, -1.7451e-01],
           [-1.0900e-01, -1.4645e-01, -2.3179e-01,  ..., -3.1152e-01,
            -2.5832e-01, -9.3033e-02]]],


         [[[ 3.1375e-02, -6.9889e-02, -5.4819e-02,  ..., -2.8628e-01,
            -1.8557e-01,  3.4486e-04],
           [-2.0182e-01, -3.0522e-01, -1.5730e-01,  ..., -2.6822e-01,
            -2.3848e-01, -3.3931e-01],
           [-2.2706e-01, -3.1371e-01, -2.6717e-01,  ..., -3.0406e-01,
            -2.7006e-01, -2.6438e-01],
           ...,
           [-1.4117e-01, -3.8397e-01, -1.8187e-01,  ..., -2.2278e-01,
            -1.6580e-01, -2.2874e-01],
           [-5.9152e-02, -2.9305e-01, -2.9492e-01,  ..., -2.9413e-01,
            -2.5700e-01, -2.5697e-01],
           [-8.8941e-02, -8.0333e-02, -5.2928e-02,  ..., -1.2928e-01,
            -1.4698e-01, -6.4837e-02]],

          [[ 1.0795e-01,  9.3110e-03,  1.6673e-02,  ...,  1.1018e-01,
             7.8020e-02, -1.4348e-01],
           [-2.4576e-01, -3.2448e-01, -1.7548e-01,  ..., -1.2671e-01,
            -1.9214e-03,  3.8130e-02],
           [-1.2767e-01, -1.1450e-01, -1.1277e-02,  ...,  3.5682e-02,
            -8.7226e-02, -1.0937e-01],
           ...,
           [-1.1389e-01,  3.2818e-02,  3.6039e-02,  ...,  8.9662e-03,
            -5.2199e-02, -1.7567e-01],
           [-1.2639e-01, -3.8943e-02,  4.2944e-02,  ...,  1.5736e-02,
            -2.0902e-02, -2.1661e-01],
           [ 1.4061e-01,  1.8001e-01,  2.3835e-01,  ...,  1.5124e-01,
             2.0412e-01,  3.5963e-02]]],


         [[[-3.8467e-01, -2.6068e-01, -2.9592e-01,  ..., -3.0163e-01,
            -2.1663e-01, -2.1627e-01],
           [-4.8689e-01, -4.6309e-01, -4.2753e-01,  ..., -3.5500e-01,
            -1.7489e-01, -3.0156e-01],
           [-4.6515e-01, -3.8713e-01, -3.2187e-01,  ..., -3.0311e-01,
            -1.6633e-01, -3.3240e-01],
           ...,
           [-4.7035e-01, -2.8773e-01, -3.2969e-01,  ..., -3.9379e-01,
            -3.0818e-01, -2.4861e-01],
           [-2.3068e-01, -2.0541e-01, -2.6751e-01,  ..., -2.8798e-01,
            -2.4663e-01, -2.7867e-01],
           [-2.3037e-01, -1.6779e-01, -1.8953e-01,  ..., -2.9087e-01,
            -2.1067e-01, -1.1217e-01]],

          [[-3.7359e-01, -3.5103e-01, -4.4576e-01,  ..., -4.6394e-01,
            -4.3414e-01, -1.8089e-01],
           [-2.6395e-01, -3.8756e-01, -5.3409e-01,  ..., -4.7523e-01,
            -5.3652e-01, -1.4052e-01],
           [-3.9721e-01, -3.3998e-01, -5.0715e-01,  ..., -2.9325e-01,
            -3.0552e-01, -1.9011e-01],
           ...,
           [-4.2171e-01, -2.5155e-01, -2.1829e-01,  ..., -4.9409e-01,
            -5.0065e-01, -3.0884e-01],
           [-4.0726e-01, -3.4845e-01, -2.3291e-01,  ..., -6.2258e-01,
            -4.3695e-01, -3.2352e-01],
           [-2.3089e-01, -2.2657e-01, -1.5875e-01,  ..., -3.1471e-01,
            -2.9773e-01, -1.7594e-01]]]]], device='cuda:0',
       grad_fn=<SliceBackward0>)
batch 0 loss: 13.990922927856445
step 0
